179691 tcriss    20   0 12.362g  51660  11208 S  55.6  0.2   0:00.12 java
179691 tcriss    20   0 12.362g  51660  11208 S   9.1  0.2   0:00.13 java
179691 tcriss    20   0 12.362g  51660  11208 S   9.1  0.2   0:00.14 java
179691 tcriss    20   0 12.362g  54460  11364 S   9.1  0.2   0:00.15 java
179691 tcriss    20   0 12.362g  54460  11364 S  18.2  0.2   0:00.17 java
179691 tcriss    20   0 12.362g  54460  11364 S   9.1  0.2   0:00.18 java
179691 tcriss    20   0 12.362g  54460  11364 S  18.2  0.2   0:00.20 java
179691 tcriss    20   0 12.362g  54460  11364 S  18.2  0.2   0:00.22 java
179691 tcriss    20   0 12.362g  54460  11364 S   9.1  0.2   0:00.23 java
179691 tcriss    20   0 12.362g  54460  11364 S   9.1  0.2   0:00.24 java
179691 tcriss    20   0 12.362g  54460  11364 S   9.1  0.2   0:00.25 java
179691 tcriss    20   0 12.362g  56508  11364 S  18.2  0.2   0:00.27 java
179691 tcriss    20   0 12.362g  56508  11364 S   9.1  0.2   0:00.28 java
179691 tcriss    20   0 12.362g  56508  11364 S   9.1  0.2   0:00.29 java
179691 tcriss    20   0 12.362g  56508  11364 S   9.1  0.2   0:00.30 java
179691 tcriss    20   0 12.362g  56508  11364 S  18.2  0.2   0:00.32 java
179691 tcriss    20   0 12.362g  56508  11364 S   9.1  0.2   0:00.33 java
179691 tcriss    20   0 12.362g  56508  11364 S   9.1  0.2   0:00.34 java
179691 tcriss    20   0 12.362g  56508  11364 S  18.2  0.2   0:00.36 java
179691 tcriss    20   0 12.362g  56508  11364 S  18.2  0.2   0:00.38 java
179691 tcriss    20   0 12.362g  56508  11364 S   9.1  0.2   0:00.39 java
179691 tcriss    20   0 12.362g  56508  11364 S   9.1  0.2   0:00.40 java
179691 tcriss    20   0 12.362g  56508  11364 S  18.2  0.2   0:00.42 java
179691 tcriss    20   0 12.362g  56508  11364 S   9.1  0.2   0:00.43 java
179691 tcriss    20   0 12.362g  56508  11364 S   9.1  0.2   0:00.44 java
179691 tcriss    20   0 12.362g  58556  11364 S  18.2  0.2   0:00.46 java
179691 tcriss    20   0 12.362g  58556  11364 S   9.1  0.2   0:00.47 java
179691 tcriss    20   0 12.362g  58556  11364 S   9.1  0.2   0:00.48 java
179691 tcriss    20   0 12.362g  58556  11364 S  18.2  0.2   0:00.50 java
179691 tcriss    20   0 12.362g  58556  11364 S   9.1  0.2   0:00.51 java
179691 tcriss    20   0 12.362g  58556  11364 S   9.1  0.2   0:00.52 java
179691 tcriss    20   0 12.362g  58556  11364 S  18.2  0.2   0:00.54 java
179691 tcriss    20   0 12.362g  58556  11364 S   9.1  0.2   0:00.55 java
179691 tcriss    20   0 12.362g  58556  11364 S   9.1  0.2   0:00.56 java
179691 tcriss    20   0 12.362g  58556  11364 S  27.3  0.2   0:00.59 java
179691 tcriss    20   0 12.362g  58556  11364 S   9.1  0.2   0:00.60 java
179691 tcriss    20   0 12.362g  58556  11364 S  18.2  0.2   0:00.62 java
179691 tcriss    20   0 12.362g  58556  11364 S   9.1  0.2   0:00.63 java
179691 tcriss    20   0 12.362g  58556  11364 S   9.1  0.2   0:00.64 java
179691 tcriss    20   0 12.362g  60604  11364 S  18.2  0.2   0:00.66 java
179691 tcriss    20   0 12.362g  60604  11364 S   9.1  0.2   0:00.67 java
179691 tcriss    20   0 12.362g  60604  11364 S   9.1  0.2   0:00.68 java
179691 tcriss    20   0 12.362g  60604  11364 S  18.2  0.2   0:00.70 java
179691 tcriss    20   0 12.362g  60604  11364 S   7.7  0.2   0:00.71 java
179691 tcriss    20   0 12.362g  60604  11364 S  18.2  0.2   0:00.73 java
179691 tcriss    20   0 12.362g  60604  11364 S   9.1  0.2   0:00.74 java
179691 tcriss    20   0 12.362g  60604  11364 S   9.1  0.2   0:00.75 java
179691 tcriss    20   0 12.362g  60604  11364 S  18.2  0.2   0:00.77 java
179691 tcriss    20   0 12.362g  60604  11364 S   9.1  0.2   0:00.78 java
179691 tcriss    20   0 12.362g  60604  11364 S  18.2  0.2   0:00.80 java
179691 tcriss    20   0 12.362g  60604  11364 S   9.1  0.2   0:00.81 java
179691 tcriss    20   0 12.362g  60604  11364 S   9.1  0.2   0:00.82 java
179691 tcriss    20   0 12.362g  60604  11364 S  18.2  0.2   0:00.84 java
179691 tcriss    20   0 12.362g  62652  11364 S   9.1  0.2   0:00.85 java
179691 tcriss    20   0 12.362g  62652  11364 S   9.1  0.2   0:00.86 java
179691 tcriss    20   0 12.362g  62652  11364 S  18.2  0.2   0:00.88 java
179691 tcriss    20   0 12.362g  62652  11364 S   9.1  0.2   0:00.89 java
179691 tcriss    20   0 12.362g  62652  11364 S  18.2  0.2   0:00.91 java
179691 tcriss    20   0 12.362g  62652  11364 S  18.2  0.2   0:00.93 java
179691 tcriss    20   0 12.362g  62652  11364 S  18.2  0.2   0:00.95 java
179691 tcriss    20   0 12.362g  62652  11364 S   9.1  0.2   0:00.96 java
179691 tcriss    20   0 12.362g  62652  11364 S  18.2  0.2   0:00.98 java
179691 tcriss    20   0 12.362g  62652  11364 S   9.1  0.2   0:00.99 java
179691 tcriss    20   0 12.362g  62652  11364 S  18.2  0.2   0:01.01 java
179691 tcriss    20   0 12.362g  62652  11364 S   9.1  0.2   0:01.02 java
179691 tcriss    20   0 12.362g  62652  11364 S   9.1  0.2   0:01.03 java
179691 tcriss    20   0 12.362g  62652  11364 S  18.2  0.2   0:01.05 java
179691 tcriss    20   0 12.362g  64700  11364 S   9.1  0.2   0:01.06 java
179691 tcriss    20   0 12.362g  64700  11364 S  18.2  0.2   0:01.08 java
179691 tcriss    20   0 12.362g  64700  11364 S   9.1  0.2   0:01.09 java
179691 tcriss    20   0 12.362g  64700  11364 S  18.2  0.2   0:01.11 java
179691 tcriss    20   0 12.362g  64700  11364 S   9.1  0.2   0:01.12 java
179691 tcriss    20   0 12.362g  64700  11364 S   9.1  0.2   0:01.13 java
179691 tcriss    20   0 12.362g  64700  11364 S  18.2  0.2   0:01.15 java
179691 tcriss    20   0 12.362g  64700  11364 S   9.1  0.2   0:01.16 java
179691 tcriss    20   0 12.362g  64700  11364 S  27.3  0.2   0:01.19 java
179691 tcriss    20   0 12.362g  64700  11364 S   9.1  0.2   0:01.20 java
179691 tcriss    20   0 12.362g  64700  11364 S  18.2  0.2   0:01.22 java
179691 tcriss    20   0 12.362g  64700  11364 S   9.1  0.2   0:01.23 java
179691 tcriss    20   0 12.362g  64700  11364 S  18.2  0.2   0:01.25 java
179691 tcriss    20   0 12.362g  64700  11364 S   9.1  0.2   0:01.26 java
179691 tcriss    20   0 12.362g  64700  11364 S  18.2  0.2   0:01.28 java
179691 tcriss    20   0 12.362g  66748  11364 S   9.1  0.2   0:01.29 java
179691 tcriss    20   0 12.362g  66748  11364 S  18.2  0.2   0:01.31 java
179691 tcriss    20   0 12.362g  66748  11364 S   9.1  0.2   0:01.32 java
179691 tcriss    20   0 12.362g  66748  11364 S  18.2  0.2   0:01.34 java
179691 tcriss    20   0 12.362g  66748  11364 S   9.1  0.2   0:01.35 java
179691 tcriss    20   0 12.362g  66748  11364 S  18.2  0.2   0:01.37 java
179691 tcriss    20   0 12.362g  66748  11364 S   9.1  0.2   0:01.38 java
179691 tcriss    20   0 12.362g  66748  11364 S  18.2  0.2   0:01.40 java
179691 tcriss    20   0 12.362g  66748  11364 S   9.1  0.2   0:01.41 java
179691 tcriss    20   0 12.362g  66748  11364 S  18.2  0.2   0:01.43 java
179691 tcriss    20   0 12.362g  66748  11364 S   9.1  0.2   0:01.44 java
179691 tcriss    20   0 12.362g  66748  11364 S  18.2  0.2   0:01.46 java
179691 tcriss    20   0 12.362g  66748  11364 S   9.1  0.2   0:01.47 java
179691 tcriss    20   0 12.362g  66748  11364 S  18.2  0.2   0:01.49 java
179691 tcriss    20   0 12.362g  68796  11364 S   9.1  0.2   0:01.50 java
179691 tcriss    20   0 12.362g  68796  11364 S  18.2  0.2   0:01.52 java
179691 tcriss    20   0 12.362g  68796  11364 S   9.1  0.2   0:01.53 java
179691 tcriss    20   0 12.362g  68796  11364 S  27.3  0.2   0:01.56 java
179691 tcriss    20   0 12.362g  68796  11364 S   9.1  0.2   0:01.57 java
179691 tcriss    20   0 12.362g  68796  11364 S  18.2  0.2   0:01.59 java
179691 tcriss    20   0 12.362g  68796  11364 S   9.1  0.2   0:01.60 java
179691 tcriss    20   0 12.362g  68796  11364 S  18.2  0.2   0:01.62 java
179691 tcriss    20   0 12.362g  68796  11364 S  18.2  0.2   0:01.64 java
179691 tcriss    20   0 12.362g  68796  11364 S   9.1  0.2   0:01.65 java
179691 tcriss    20   0 12.362g  68796  11364 S   9.1  0.2   0:01.66 java
179691 tcriss    20   0 12.362g  68796  11364 S  18.2  0.2   0:01.68 java
179691 tcriss    20   0 12.362g  68796  11364 S   9.1  0.2   0:01.69 java
179691 tcriss    20   0 12.362g  68796  11364 S  20.0  0.2   0:01.71 java
179691 tcriss    20   0 12.362g  68796  11364 S   9.1  0.2   0:01.72 java
179691 tcriss    20   0 12.362g  70844  11364 S  18.2  0.2   0:01.74 java
179691 tcriss    20   0 12.362g  70844  11364 S  18.2  0.2   0:01.76 java
179691 tcriss    20   0 12.362g  70844  11364 S   9.1  0.2   0:01.77 java
179691 tcriss    20   0 12.362g  70844  11364 S  18.2  0.2   0:01.79 java
179691 tcriss    20   0 12.362g  70844  11364 S   8.3  0.2   0:01.80 java
179691 tcriss    20   0 12.362g  70844  11364 S   9.1  0.2   0:01.81 java
179691 tcriss    20   0 12.362g  70844  11364 S   9.1  0.2   0:01.82 java
179691 tcriss    20   0 12.362g  70844  11364 S   9.1  0.2   0:01.83 java
179691 tcriss    20   0 12.362g  70844  11364 S  18.2  0.2   0:01.85 java
179691 tcriss    20   0 12.362g  70844  11364 S   9.1  0.2   0:01.86 java
179691 tcriss    20   0 12.362g  70844  11364 S   9.1  0.2   0:01.87 java
179691 tcriss    20   0 12.362g  70844  11364 S  18.2  0.2   0:01.89 java
179691 tcriss    20   0 12.362g  70844  11364 S  18.2  0.2   0:01.91 java
179691 tcriss    20   0 12.362g  70844  11364 S   9.1  0.2   0:01.92 java
179691 tcriss    20   0 12.362g  72892  11364 S  18.2  0.2   0:01.94 java
179691 tcriss    20   0 12.362g  72892  11364 S   9.1  0.2   0:01.95 java
179691 tcriss    20   0 12.362g  72892  11364 S  18.2  0.2   0:01.97 java
179691 tcriss    20   0 12.362g  72892  11364 S  18.2  0.2   0:01.99 java
179691 tcriss    20   0 12.362g  72892  11364 S   9.1  0.2   0:02.00 java
179691 tcriss    20   0 12.362g  72892  11364 S  18.2  0.2   0:02.02 java
179691 tcriss    20   0 12.362g  72892  11364 S   9.1  0.2   0:02.03 java
179691 tcriss    20   0 12.362g  72892  11364 S   9.1  0.2   0:02.04 java
179691 tcriss    20   0 12.362g  72892  11364 S   9.1  0.2   0:02.05 java
179691 tcriss    20   0 12.362g  72892  11364 S  18.2  0.2   0:02.07 java
179691 tcriss    20   0 12.362g  72892  11364 S   9.1  0.2   0:02.08 java
179691 tcriss    20   0 12.362g  72892  11364 S   9.1  0.2   0:02.09 java
179691 tcriss    20   0 12.362g  72892  11364 S   9.1  0.2   0:02.10 java
179691 tcriss    20   0 12.362g  72892  11364 S  18.2  0.2   0:02.12 java
179691 tcriss    20   0 12.362g  74940  11364 S   9.1  0.2   0:02.13 java
179691 tcriss    20   0 12.362g  74940  11364 S   9.1  0.2   0:02.14 java
179691 tcriss    20   0 12.362g  74940  11364 S  18.2  0.2   0:02.16 java
179691 tcriss    20   0 12.362g  74940  11364 S  18.2  0.2   0:02.18 java
179691 tcriss    20   0 12.362g  74940  11364 S   9.1  0.2   0:02.19 java
179691 tcriss    20   0 12.362g  74940  11364 S   9.1  0.2   0:02.20 java
179691 tcriss    20   0 12.362g  74940  11364 S  18.2  0.2   0:02.22 java
179691 tcriss    20   0 12.362g  74940  11364 S   9.1  0.2   0:02.23 java
179691 tcriss    20   0 12.362g  74940  11364 S   9.1  0.2   0:02.24 java
179691 tcriss    20   0 12.362g  74940  11364 S   9.1  0.2   0:02.25 java
179691 tcriss    20   0 12.362g  74940  11364 S  18.2  0.2   0:02.27 java
179691 tcriss    20   0 12.362g  74940  11364 S   9.1  0.2   0:02.28 java
179691 tcriss    20   0 12.362g  74940  11364 S   9.1  0.2   0:02.29 java
179691 tcriss    20   0 12.362g  74940  11364 S  18.2  0.2   0:02.31 java
179691 tcriss    20   0 12.362g  76988  11364 S   9.1  0.2   0:02.32 java
179691 tcriss    20   0 12.362g  76988  11364 S   8.3  0.2   0:02.33 java
179691 tcriss    20   0 12.362g  76988  11364 S   9.1  0.2   0:02.34 java
179691 tcriss    20   0 12.362g  76988  11364 S  18.2  0.2   0:02.36 java
179691 tcriss    20   0 12.362g  76988  11364 S   9.1  0.2   0:02.37 java
179691 tcriss    20   0 12.362g  76988  11364 S   9.1  0.2   0:02.38 java
179691 tcriss    20   0 12.362g  76988  11364 S  18.2  0.2   0:02.40 java
179691 tcriss    20   0 12.362g  76988  11364 S   9.1  0.2   0:02.41 java
179691 tcriss    20   0 12.362g  76988  11364 S   9.1  0.2   0:02.42 java
179691 tcriss    20   0 12.362g  76988  11364 S  18.2  0.2   0:02.44 java
179691 tcriss    20   0 12.362g  76988  11364 S   9.1  0.2   0:02.45 java
179691 tcriss    20   0 12.362g  76988  11364 S   9.1  0.2   0:02.46 java
179691 tcriss    20   0 12.362g  76988  11364 S  18.2  0.2   0:02.48 java
179691 tcriss    20   0 12.362g  76988  11364 S   8.3  0.2   0:02.49 java
179691 tcriss    20   0 12.362g  79036  11364 S   9.1  0.2   0:02.50 java
179691 tcriss    20   0 12.362g  79036  11364 S  18.2  0.2   0:02.52 java
179691 tcriss    20   0 12.362g  79036  11364 S   9.1  0.2   0:02.53 java
179691 tcriss    20   0 12.362g  79036  11364 S   9.1  0.2   0:02.54 java
179691 tcriss    20   0 12.362g  79036  11364 S  18.2  0.2   0:02.56 java
179691 tcriss    20   0 12.362g  79036  11364 S   9.1  0.2   0:02.57 java
179691 tcriss    20   0 12.362g  79036  11364 S  18.2  0.2   0:02.59 java
179691 tcriss    20   0 12.362g  79036  11364 S  18.2  0.2   0:02.61 java
179691 tcriss    20   0 12.362g  79036  11364 S   9.1  0.2   0:02.62 java
179691 tcriss    20   0 12.362g  79036  11364 S   9.1  0.2   0:02.63 java
179691 tcriss    20   0 12.362g  79036  11364 S  18.2  0.2   0:02.65 java
179691 tcriss    20   0 12.362g  79036  11364 S   9.1  0.2   0:02.66 java
179691 tcriss    20   0 12.362g  79036  11364 S   9.1  0.2   0:02.67 java
179691 tcriss    20   0 12.362g  79076  11364 S  18.2  0.2   0:02.69 java
179691 tcriss    20   0 12.362g  81124  11364 S   9.1  0.2   0:02.70 java
179691 tcriss    20   0 12.362g  81124  11364 S  18.2  0.2   0:02.72 java
179691 tcriss    20   0 12.362g  81124  11364 S   9.1  0.2   0:02.73 java
179691 tcriss    20   0 12.362g  81124  11364 S   9.1  0.2   0:02.74 java
179691 tcriss    20   0 12.362g  81124  11364 S  18.2  0.2   0:02.76 java
179691 tcriss    20   0 12.362g  81124  11364 S   9.1  0.2   0:02.77 java
179691 tcriss    20   0 12.362g  81124  11364 S   9.1  0.2   0:02.78 java
179691 tcriss    20   0 12.362g  81124  11364 S  18.2  0.2   0:02.80 java
179691 tcriss    20   0 12.362g  81124  11364 S   9.1  0.2   0:02.81 java
179691 tcriss    20   0 12.362g  81124  11364 S  16.7  0.2   0:02.83 java
179691 tcriss    20   0 12.362g  81124  11364 S   9.1  0.2   0:02.84 java
179691 tcriss    20   0 12.362g  81124  11364 S   9.1  0.2   0:02.85 java
179691 tcriss    20   0 12.362g  81124  11364 S  18.2  0.2   0:02.87 java
179691 tcriss    20   0 12.362g  81124  11364 S   9.1  0.2   0:02.88 java
179691 tcriss    20   0 12.362g  83172  11364 S  18.2  0.3   0:02.90 java
179691 tcriss    20   0 12.362g  83172  11364 S   9.1  0.3   0:02.91 java
179691 tcriss    20   0 12.362g  83172  11364 S   9.1  0.3   0:02.92 java
179691 tcriss    20   0 12.362g  83172  11364 S  18.2  0.3   0:02.94 java
179691 tcriss    20   0 12.362g  83172  11364 S   9.1  0.3   0:02.95 java
179691 tcriss    20   0 12.362g  83172  11364 S  18.2  0.3   0:02.97 java
179691 tcriss    20   0 12.362g  83172  11364 S   9.1  0.3   0:02.98 java
179691 tcriss    20   0 12.362g  83172  11364 S  18.2  0.3   0:03.00 java
179691 tcriss    20   0 12.362g  83172  11364 S   9.1  0.3   0:03.01 java
179691 tcriss    20   0 12.362g  83172  11364 S   9.1  0.3   0:03.02 java
179691 tcriss    20   0 12.362g  83172  11364 S  18.2  0.3   0:03.04 java
179691 tcriss    20   0 12.362g  83172  11364 S   9.1  0.3   0:03.05 java
179691 tcriss    20   0 12.362g  83172  11364 S  18.2  0.3   0:03.07 java
179691 tcriss    20   0 12.362g  83172  11364 S   9.1  0.3   0:03.08 java
179691 tcriss    20   0 12.362g  83172  11364 S  18.2  0.3   0:03.10 java
179691 tcriss    20   0 12.362g  83256  11364 S   9.1  0.3   0:03.11 java
179691 tcriss    20   0 12.362g  83256  11364 S  18.2  0.3   0:03.13 java
179691 tcriss    20   0 12.362g  83520  11364 S   9.1  0.3   0:03.14 java
179691 tcriss    20   0 12.362g  83520  11364 S  18.2  0.3   0:03.16 java
179691 tcriss    20   0 12.362g  83784  11364 S   9.1  0.3   0:03.17 java
179691 tcriss    20   0 12.362g  83784  11364 S  18.2  0.3   0:03.19 java
179691 tcriss    20   0 12.362g  84152  11364 S   8.3  0.3   0:03.20 java
179691 tcriss    20   0 12.362g  84152  11364 S  18.2  0.3   0:03.22 java
179691 tcriss    20   0 12.362g  84416  11364 S   9.1  0.3   0:03.23 java
179691 tcriss    20   0 12.362g  84416  11364 S   9.1  0.3   0:03.24 java
179691 tcriss    20   0 12.362g  84640  11364 S  18.2  0.3   0:03.26 java
179691 tcriss    20   0 12.362g  84872  11364 S  18.2  0.3   0:03.28 java
179691 tcriss    20   0 12.362g  84872  11364 S  18.2  0.3   0:03.30 java
179691 tcriss    20   0 12.362g  85136  11364 S   9.1  0.3   0:03.31 java
179691 tcriss    20   0 12.362g  85136  11364 S   9.1  0.3   0:03.32 java
179691 tcriss    20   0 12.362g  85396  11364 S  18.2  0.3   0:03.34 java
179691 tcriss    20   0 12.362g  85396  11364 S   9.1  0.3   0:03.35 java
179691 tcriss    20   0 12.362g  85660  11364 S  18.2  0.3   0:03.37 java
179691 tcriss    20   0 12.362g  85660  11364 S   9.1  0.3   0:03.38 java
179691 tcriss    20   0 12.362g  85924  11364 S  18.2  0.3   0:03.40 java
179691 tcriss    20   0 12.362g  86164  11364 S   8.3  0.3   0:03.41 java
179691 tcriss    20   0 12.362g  86276  11364 S  18.2  0.3   0:03.43 java
179691 tcriss    20   0 12.362g  86276  11364 S  18.2  0.3   0:03.45 java
179691 tcriss    20   0 12.362g  86540  11364 S   9.1  0.3   0:03.46 java
179691 tcriss    20   0 12.362g  86540  11364 S  18.2  0.3   0:03.48 java
179691 tcriss    20   0 12.362g  86804  11364 S   9.1  0.3   0:03.49 java
179691 tcriss    20   0 12.362g  86804  11364 S  18.2  0.3   0:03.51 java
179691 tcriss    20   0 12.362g  87068  11364 S   9.1  0.3   0:03.52 java
179691 tcriss    20   0 12.362g  87296  11364 S  18.2  0.3   0:03.54 java
179691 tcriss    20   0 12.362g  87296  11364 S   9.1  0.3   0:03.55 java
179691 tcriss    20   0 12.362g  87560  11364 S  18.2  0.3   0:03.57 java
179691 tcriss    20   0 12.362g  87624  11364 S  18.2  0.3   0:03.59 java
179691 tcriss    20   0 12.362g  87832  11364 S  18.2  0.3   0:03.61 java
179691 tcriss    20   0 12.362g  87832  11364 S   9.1  0.3   0:03.62 java
179691 tcriss    20   0 12.362g  88044  11364 S  18.2  0.3   0:03.64 java
179691 tcriss    20   0 12.362g  88308  11364 S   9.1  0.3   0:03.65 java
179691 tcriss    20   0 12.362g  88308  11364 S  18.2  0.3   0:03.67 java
179691 tcriss    20   0 12.362g  88572  11364 S  18.2  0.3   0:03.69 java
179691 tcriss    20   0 12.362g  88572  11364 S   9.1  0.3   0:03.70 java
179691 tcriss    20   0 12.362g  88836  11364 S  18.2  0.3   0:03.72 java
179691 tcriss    20   0 12.362g  88924  11364 S   9.1  0.3   0:03.73 java
179691 tcriss    20   0 12.362g  89128  11364 S  18.2  0.3   0:03.75 java
179691 tcriss    20   0 12.362g  89128  11364 S  16.7  0.3   0:03.77 java
179691 tcriss    20   0 12.362g  91176  11364 S   9.1  0.3   0:03.78 java
179691 tcriss    20   0 12.362g  91176  11364 S  18.2  0.3   0:03.80 java
179691 tcriss    20   0 12.362g  91176  11364 S   9.1  0.3   0:03.81 java
179691 tcriss    20   0 12.362g  91368  11364 S  18.2  0.3   0:03.83 java
179691 tcriss    20   0 12.362g  91368  11364 S   9.1  0.3   0:03.84 java
179691 tcriss    20   0 12.362g  91368  11364 S  18.2  0.3   0:03.86 java
179691 tcriss    20   0 12.362g  91368  11364 S   9.1  0.3   0:03.87 java
179691 tcriss    20   0 12.362g  91368  11364 S  18.2  0.3   0:03.89 java
179691 tcriss    20   0 12.362g  91368  11364 S   9.1  0.3   0:03.90 java
179691 tcriss    20   0 12.362g  91368  11364 S  18.2  0.3   0:03.92 java
179691 tcriss    20   0 12.362g  91368  11364 S  18.2  0.3   0:03.94 java
179691 tcriss    20   0 12.362g  91368  11364 S   9.1  0.3   0:03.95 java
179691 tcriss    20   0 12.362g  91368  11364 S  27.3  0.3   0:03.98 java
179691 tcriss    20   0 12.362g  91368  11364 S   9.1  0.3   0:03.99 java
179691 tcriss    20   0 12.362g  91368  11364 S  18.2  0.3   0:04.01 java
179691 tcriss    20   0 12.362g  91500  11364 S  18.2  0.3   0:04.03 java
179691 tcriss    20   0 12.362g  91500  11364 S   9.1  0.3   0:04.04 java
179691 tcriss    20   0 12.362g  91780  11364 S  18.2  0.3   0:04.06 java
179691 tcriss    20   0 12.362g  91780  11364 S   9.1  0.3   0:04.07 java
179691 tcriss    20   0 12.362g  92060  11376 S  18.2  0.3   0:04.09 java
179691 tcriss    20   0 12.362g  92060  11376 S  18.2  0.3   0:04.11 java
179691 tcriss    20   0 12.362g  92324  11376 S   9.1  0.3   0:04.12 java
179691 tcriss    20   0 12.362g  92552  11376 S  18.2  0.3   0:04.14 java
179691 tcriss    20   0 12.362g  92552  11376 S   9.1  0.3   0:04.15 java
179691 tcriss    20   0 12.362g  92836  11376 S  18.2  0.3   0:04.17 java
179691 tcriss    20   0 12.362g  92836  11376 S  16.7  0.3   0:04.19 java
179691 tcriss    20   0 12.362g  93100  11376 S   9.1  0.3   0:04.20 java
179691 tcriss    20   0 12.362g  93100  11376 S  18.2  0.3   0:04.22 java
179691 tcriss    20   0 12.362g  93364  11376 S  18.2  0.3   0:04.24 java
179691 tcriss    20   0 12.362g  93364  11376 S   9.1  0.3   0:04.25 java
179691 tcriss    20   0 12.362g  93624  11376 S  18.2  0.3   0:04.27 java
179691 tcriss    20   0 12.362g  93624  11376 S  18.2  0.3   0:04.29 java
179691 tcriss    20   0 12.362g  93888  11376 S  18.2  0.3   0:04.31 java
179691 tcriss    20   0 12.362g  94084  11376 S  18.2  0.3   0:04.33 java
179691 tcriss    20   0 12.362g  94268  11376 S   9.1  0.3   0:04.34 java
179691 tcriss    20   0 12.362g  94268  11376 S  18.2  0.3   0:04.36 java
179691 tcriss    20   0 12.362g  94480  11376 S  18.2  0.3   0:04.38 java
179691 tcriss    20   0 12.362g  94480  11376 S   9.1  0.3   0:04.39 java
179691 tcriss    20   0 12.362g  94744  11376 S  18.2  0.3   0:04.41 java
179691 tcriss    20   0 12.362g  94992  11376 S  18.2  0.3   0:04.43 java
179691 tcriss    20   0 12.362g  94992  11376 S   9.1  0.3   0:04.44 java
179691 tcriss    20   0 12.362g  95240  11376 S  18.2  0.3   0:04.46 java
179691 tcriss    20   0 12.362g  95408  11376 S  18.2  0.3   0:04.48 java
179691 tcriss    20   0 12.362g  95408  11376 S   9.1  0.3   0:04.49 java
179691 tcriss    20   0 12.362g  95668  11376 S  18.2  0.3   0:04.51 java
179691 tcriss    20   0 12.362g  95668  11376 S  18.2  0.3   0:04.53 java
179691 tcriss    20   0 12.362g  95932  11376 S   9.1  0.3   0:04.54 java
179691 tcriss    20   0 12.362g  95932  11376 S  27.3  0.3   0:04.57 java
179691 tcriss    20   0 12.362g  96156  11376 S  18.2  0.3   0:04.59 java
179691 tcriss    20   0 12.362g  96156  11376 S   9.1  0.3   0:04.60 java
179691 tcriss    20   0 12.362g  96420  11376 S  18.2  0.3   0:04.62 java
179691 tcriss    20   0 12.362g  96640  11376 S  16.7  0.3   0:04.64 java
179691 tcriss    20   0 12.362g  96640  11376 S  18.2  0.3   0:04.66 java
179691 tcriss    20   0 12.362g  96904  11376 S   9.1  0.3   0:04.67 java
179691 tcriss    20   0 12.362g  96904  11376 S  18.2  0.3   0:04.69 java
179691 tcriss    20   0 12.362g  97168  11376 S  18.2  0.3   0:04.71 java
179691 tcriss    20   0 12.362g  97168  11376 S  18.2  0.3   0:04.73 java
179691 tcriss    20   0 12.362g  97432  11376 S   9.1  0.3   0:04.74 java
179691 tcriss    20   0 12.362g  97432  11376 S  18.2  0.3   0:04.76 java
179691 tcriss    20   0 12.362g  97656  11376 S  18.2  0.3   0:04.78 java
179691 tcriss    20   0 12.362g  97900  11376 S  18.2  0.3   0:04.80 java
179691 tcriss    20   0 12.362g  97900  11376 S   9.1  0.3   0:04.81 java
179691 tcriss    20   0 12.362g  98452  11472 S  18.2  0.3   0:04.83 java
179691 tcriss    20   0 12.362g  98452  11472 S  18.2  0.3   0:04.85 java
179691 tcriss    20   0 12.362g  98716  11472 S  18.2  0.3   0:04.87 java
179691 tcriss    20   0 12.362g  98716  11472 S   9.1  0.3   0:04.88 java
179691 tcriss    20   0 12.362g  98980  11472 S  18.2  0.3   0:04.90 java
179691 tcriss    20   0 12.362g  98980  11472 S  27.3  0.3   0:04.93 java
179691 tcriss    20   0 12.362g  99244  11472 S  18.2  0.3   0:04.95 java
179691 tcriss    20   0 12.362g  99420  11472 S  18.2  0.3   0:04.97 java
179691 tcriss    20   0 12.362g  99420  11472 S  27.3  0.3   0:05.00 java
179691 tcriss    20   0 12.362g  99608  11472 S  18.2  0.3   0:05.02 java
179691 tcriss    20   0 12.362g  99820  11472 S  18.2  0.3   0:05.04 java
179691 tcriss    20   0 12.362g  99820  11472 S  18.2  0.3   0:05.06 java
179691 tcriss    20   0 12.362g 100080  11472 S  18.2  0.3   0:05.08 java
179691 tcriss    20   0 12.362g 100080  11472 S  27.3  0.3   0:05.11 java
179691 tcriss    20   0 12.362g 100344  11472 S  18.2  0.3   0:05.13 java
179691 tcriss    20   0 12.362g 100344  11472 S  18.2  0.3   0:05.15 java
179691 tcriss    20   0 12.362g 100612  11472 S  27.3  0.3   0:05.18 java
179691 tcriss    20   0 12.362g 100616  11472 S  27.3  0.3   0:05.21 java
179691 tcriss    20   0 12.362g 100860  11472 S  18.2  0.3   0:05.23 java
179691 tcriss    20   0 12.362g 100860  11472 S  18.2  0.3   0:05.25 java
179691 tcriss    20   0 12.362g 100860  11472 S  18.2  0.3   0:05.27 java
179691 tcriss    20   0 12.362g 101124  11472 S  27.3  0.3   0:05.30 java
179691 tcriss    20   0 12.362g 101348  11472 S  18.2  0.3   0:05.32 java
183346 tcriss    20   0 12.362g  53000  11252 S  47.1  0.2   0:00.12 java
183346 tcriss    20   0 12.362g  53000  11252 S   8.3  0.2   0:00.13 java
183346 tcriss    20   0 12.362g  55796  11408 S  18.2  0.2   0:00.15 java
183346 tcriss    20   0 12.362g  55796  11408 S   9.1  0.2   0:00.16 java
183346 tcriss    20   0 12.362g  55796  11408 S  18.2  0.2   0:00.18 java
183346 tcriss    20   0 12.362g  55796  11408 S   9.1  0.2   0:00.19 java
183346 tcriss    20   0 12.362g  55796  11408 S   9.1  0.2   0:00.20 java
183346 tcriss    20   0 12.362g  55796  11408 S  18.2  0.2   0:00.22 java
183346 tcriss    20   0 12.362g  55796  11408 S   9.1  0.2   0:00.23 java
183346 tcriss    20   0 12.362g  55796  11408 S   9.1  0.2   0:00.24 java
183346 tcriss    20   0 12.362g  57844  11408 S  18.2  0.2   0:00.26 java
183346 tcriss    20   0 12.362g  57844  11408 S   9.1  0.2   0:00.27 java
183346 tcriss    20   0 12.362g  57844  11408 S   9.1  0.2   0:00.28 java
183346 tcriss    20   0 12.362g  57844  11408 S   8.3  0.2   0:00.29 java
183346 tcriss    20   0 12.362g  57844  11408 S   9.1  0.2   0:00.30 java
183346 tcriss    20   0 12.362g  57844  11408 S   8.3  0.2   0:00.31 java
183346 tcriss    20   0 12.362g  57844  11408 S   9.1  0.2   0:00.32 java
183346 tcriss    20   0 12.362g  57844  11408 S   9.1  0.2   0:00.33 java
183346 tcriss    20   0 12.362g  57844  11408 S   9.1  0.2   0:00.34 java
183346 tcriss    20   0 12.362g  57844  11408 S  18.2  0.2   0:00.36 java
183346 tcriss    20   0 12.362g  57844  11408 S   9.1  0.2   0:00.37 java
183346 tcriss    20   0 12.362g  57844  11408 S   9.1  0.2   0:00.38 java
183346 tcriss    20   0 12.362g  57844  11408 S   9.1  0.2   0:00.39 java
183346 tcriss    20   0 12.362g  57844  11408 S   9.1  0.2   0:00.40 java
183346 tcriss    20   0 12.362g  59892  11408 S   9.1  0.2   0:00.41 java
183346 tcriss    20   0 12.362g  59892  11408 S   9.1  0.2   0:00.42 java
183346 tcriss    20   0 12.362g  59892  11408 S   9.1  0.2   0:00.43 java
183346 tcriss    20   0 12.362g  59892  11408 S   9.1  0.2   0:00.44 java
183346 tcriss    20   0 12.362g  59892  11408 S   8.3  0.2   0:00.45 java
183346 tcriss    20   0 12.362g  59892  11408 S   9.1  0.2   0:00.46 java
183346 tcriss    20   0 12.362g  59892  11408 S  18.2  0.2   0:00.48 java
183346 tcriss    20   0 12.362g  59892  11408 S   9.1  0.2   0:00.49 java
183346 tcriss    20   0 12.362g  59892  11408 S   9.1  0.2   0:00.50 java
183346 tcriss    20   0 12.362g  59892  11408 S   9.1  0.2   0:00.51 java
183346 tcriss    20   0 12.362g  59892  11408 S   9.1  0.2   0:00.52 java
183346 tcriss    20   0 12.362g  59892  11408 S   9.1  0.2   0:00.53 java
183346 tcriss    20   0 12.362g  59892  11408 S   9.1  0.2   0:00.54 java
183346 tcriss    20   0 12.362g  61940  11408 S   9.1  0.2   0:00.55 java
183346 tcriss    20   0 12.362g  61940  11408 S   9.1  0.2   0:00.56 java
183346 tcriss    20   0 12.362g  61940  11408 S   9.1  0.2   0:00.57 java
183346 tcriss    20   0 12.362g  61940  11408 S   9.1  0.2   0:00.58 java
183346 tcriss    20   0 12.362g  61940  11408 S   9.1  0.2   0:00.59 java
183346 tcriss    20   0 12.362g  61940  11408 S   8.3  0.2   0:00.60 java
183346 tcriss    20   0 12.362g  61940  11408 S   9.1  0.2   0:00.61 java
183346 tcriss    20   0 12.362g  61940  11408 S   9.1  0.2   0:00.62 java
183346 tcriss    20   0 12.362g  61940  11408 S   9.1  0.2   0:00.63 java
183346 tcriss    20   0 12.362g  61940  11408 S  18.2  0.2   0:00.65 java
183346 tcriss    20   0 12.362g  61940  11408 S   9.1  0.2   0:00.66 java
183346 tcriss    20   0 12.362g  61940  11408 S   9.1  0.2   0:00.67 java
183346 tcriss    20   0 12.362g  61940  11408 S   9.1  0.2   0:00.68 java
183346 tcriss    20   0 12.362g  61940  11408 S  27.3  0.2   0:00.71 java
183346 tcriss    20   0 12.362g  63988  11408 S   9.1  0.2   0:00.72 java
183346 tcriss    20   0 12.362g  63988  11408 S   9.1  0.2   0:00.73 java
183346 tcriss    20   0 12.362g  63988  11408 S  18.2  0.2   0:00.75 java
183346 tcriss    20   0 12.362g  63988  11408 S   9.1  0.2   0:00.76 java
183346 tcriss    20   0 12.362g  63988  11408 S   9.1  0.2   0:00.77 java
183346 tcriss    20   0 12.362g  63988  11408 S  18.2  0.2   0:00.79 java
183346 tcriss    20   0 12.362g  63988  11408 S   9.1  0.2   0:00.80 java
183346 tcriss    20   0 12.362g  63988  11408 S  18.2  0.2   0:00.82 java
183346 tcriss    20   0 12.362g  63988  11408 S   9.1  0.2   0:00.83 java
183346 tcriss    20   0 12.362g  63988  11408 S  16.7  0.2   0:00.85 java
183346 tcriss    20   0 12.362g  63988  11408 S   9.1  0.2   0:00.86 java
183346 tcriss    20   0 12.362g  63988  11408 S  18.2  0.2   0:00.88 java
183346 tcriss    20   0 12.362g  63988  11408 S   9.1  0.2   0:00.89 java
183346 tcriss    20   0 12.362g  63988  11408 S  18.2  0.2   0:00.91 java
183346 tcriss    20   0 12.362g  66036  11408 S  18.2  0.2   0:00.93 java
183346 tcriss    20   0 12.362g  66036  11408 S  18.2  0.2   0:00.95 java
183346 tcriss    20   0 12.362g  66036  11408 S   9.1  0.2   0:00.96 java
183346 tcriss    20   0 12.362g  66036  11408 S   9.1  0.2   0:00.97 java
183346 tcriss    20   0 12.362g  66036  11408 S  18.2  0.2   0:00.99 java
183346 tcriss    20   0 12.362g  66036  11408 S   9.1  0.2   0:01.00 java
183346 tcriss    20   0 12.362g  66036  11408 S  18.2  0.2   0:01.02 java
183346 tcriss    20   0 12.362g  66036  11408 S   9.1  0.2   0:01.03 java
183346 tcriss    20   0 12.362g  66036  11408 S  18.2  0.2   0:01.05 java
183346 tcriss    20   0 12.362g  66036  11408 S   9.1  0.2   0:01.06 java
183346 tcriss    20   0 12.362g  66036  11408 S  18.2  0.2   0:01.08 java
183346 tcriss    20   0 12.362g  66036  11408 S  18.2  0.2   0:01.10 java
183346 tcriss    20   0 12.362g  66036  11408 S   9.1  0.2   0:01.11 java
183346 tcriss    20   0 12.362g  66036  11408 S  18.2  0.2   0:01.13 java
183346 tcriss    20   0 12.362g  66036  11408 S   9.1  0.2   0:01.14 java
183346 tcriss    20   0 12.362g  68084  11408 S  18.2  0.2   0:01.16 java
183346 tcriss    20   0 12.362g  68084  11408 S   9.1  0.2   0:01.17 java
183346 tcriss    20   0 12.362g  68084  11408 S  18.2  0.2   0:01.19 java
183346 tcriss    20   0 12.362g  68084  11408 S   9.1  0.2   0:01.20 java
183346 tcriss    20   0 12.362g  68084  11408 S  18.2  0.2   0:01.22 java
183346 tcriss    20   0 12.362g  68084  11408 S   9.1  0.2   0:01.23 java
183346 tcriss    20   0 12.362g  68084  11408 S  18.2  0.2   0:01.25 java
183346 tcriss    20   0 12.362g  68084  11408 S   9.1  0.2   0:01.26 java
183346 tcriss    20   0 12.362g  68084  11408 S   9.1  0.2   0:01.27 java
183346 tcriss    20   0 12.362g  68084  11408 S  18.2  0.2   0:01.29 java
183346 tcriss    20   0 12.362g  68084  11408 S  18.2  0.2   0:01.31 java
183346 tcriss    20   0 12.362g  68084  11408 S  18.2  0.2   0:01.33 java
183346 tcriss    20   0 12.362g  68084  11408 S   9.1  0.2   0:01.34 java
183346 tcriss    20   0 12.362g  68084  11408 S  18.2  0.2   0:01.36 java
183346 tcriss    20   0 12.362g  70132  11408 S   9.1  0.2   0:01.37 java
183346 tcriss    20   0 12.362g  70132  11408 S  18.2  0.2   0:01.39 java
183346 tcriss    20   0 12.362g  70132  11408 S   9.1  0.2   0:01.40 java
183346 tcriss    20   0 12.362g  70132  11408 S  18.2  0.2   0:01.42 java
183346 tcriss    20   0 12.362g  70132  11408 S   9.1  0.2   0:01.43 java
183346 tcriss    20   0 12.362g  70132  11408 S  18.2  0.2   0:01.45 java
183346 tcriss    20   0 12.362g  70132  11408 S   9.1  0.2   0:01.46 java
183346 tcriss    20   0 12.362g  70132  11408 S  18.2  0.2   0:01.48 java
183346 tcriss    20   0 12.362g  70132  11408 S  18.2  0.2   0:01.50 java
183346 tcriss    20   0 12.362g  70132  11408 S   9.1  0.2   0:01.51 java
183346 tcriss    20   0 12.362g  70132  11408 S  18.2  0.2   0:01.53 java
183346 tcriss    20   0 12.362g  70132  11408 S  18.2  0.2   0:01.55 java
183346 tcriss    20   0 12.362g  70132  11408 S  18.2  0.2   0:01.57 java
183346 tcriss    20   0 12.362g  70132  11408 S   9.1  0.2   0:01.58 java
183346 tcriss    20   0 12.362g  70132  11408 S  18.2  0.2   0:01.60 java
183346 tcriss    20   0 12.362g  72180  11408 S  18.2  0.2   0:01.62 java
183346 tcriss    20   0 12.362g  72180  11408 S   9.1  0.2   0:01.63 java
183346 tcriss    20   0 12.362g  72180  11408 S   9.1  0.2   0:01.64 java
183346 tcriss    20   0 12.362g  72180  11408 S  18.2  0.2   0:01.66 java
183346 tcriss    20   0 12.362g  72180  11408 S  18.2  0.2   0:01.68 java
183346 tcriss    20   0 12.362g  72180  11408 S   9.1  0.2   0:01.69 java
183346 tcriss    20   0 12.362g  72180  11408 S  18.2  0.2   0:01.71 java
183346 tcriss    20   0 12.362g  72180  11408 S  18.2  0.2   0:01.73 java
183346 tcriss    20   0 12.362g  72180  11408 S   9.1  0.2   0:01.74 java
183346 tcriss    20   0 12.362g  72180  11408 S  18.2  0.2   0:01.76 java
183346 tcriss    20   0 12.362g  72180  11408 S   9.1  0.2   0:01.77 java
183346 tcriss    20   0 12.362g  72180  11408 S  18.2  0.2   0:01.79 java
183346 tcriss    20   0 12.362g  72180  11408 S   8.3  0.2   0:01.80 java
183346 tcriss    20   0 12.362g  72180  11408 S  18.2  0.2   0:01.82 java
183346 tcriss    20   0 12.362g  72180  11408 S  18.2  0.2   0:01.84 java
183346 tcriss    20   0 12.362g  72320  11408 S   9.1  0.2   0:01.85 java
183346 tcriss    20   0 12.362g  72320  11408 S  27.3  0.2   0:01.88 java
183346 tcriss    20   0 12.362g  72584  11408 S   9.1  0.2   0:01.89 java
183346 tcriss    20   0 12.362g  72584  11408 S  18.2  0.2   0:01.91 java
183346 tcriss    20   0 12.362g  72848  11408 S   9.1  0.2   0:01.92 java
183346 tcriss    20   0 12.362g  72848  11408 S  18.2  0.2   0:01.94 java
183346 tcriss    20   0 12.362g  73112  11408 S  18.2  0.2   0:01.96 java
183346 tcriss    20   0 12.362g  73112  11408 S   9.1  0.2   0:01.97 java
183346 tcriss    20   0 12.362g  73376  11408 S  18.2  0.2   0:01.99 java
183346 tcriss    20   0 12.362g  73376  11408 S  18.2  0.2   0:02.01 java
183346 tcriss    20   0 12.362g  73640  11408 S  18.2  0.2   0:02.03 java
183346 tcriss    20   0 12.362g  73900  11408 S  18.2  0.2   0:02.05 java
183346 tcriss    20   0 12.362g  74000  11408 S   9.1  0.2   0:02.06 java
183346 tcriss    20   0 12.362g  74000  11408 S  18.2  0.2   0:02.08 java
183346 tcriss    20   0 12.362g  74260  11408 S  18.2  0.2   0:02.10 java
183346 tcriss    20   0 12.362g  74260  11408 S   9.1  0.2   0:02.11 java
183346 tcriss    20   0 12.362g  74480  11408 S  18.2  0.2   0:02.13 java
183346 tcriss    20   0 12.362g  74480  11408 S   9.1  0.2   0:02.14 java
183346 tcriss    20   0 12.362g  74744  11408 S  18.2  0.2   0:02.16 java
183346 tcriss    20   0 12.362g  75008  11408 S  18.2  0.2   0:02.18 java
183346 tcriss    20   0 12.362g  75008  11408 S  18.2  0.2   0:02.20 java
183346 tcriss    20   0 12.362g  75212  11408 S  18.2  0.2   0:02.22 java
183346 tcriss    20   0 12.362g  75424  11408 S  18.2  0.2   0:02.24 java
183346 tcriss    20   0 12.362g  75424  11408 S  18.2  0.2   0:02.26 java
183346 tcriss    20   0 12.362g  75688  11408 S   9.1  0.2   0:02.27 java
183346 tcriss    20   0 12.362g  75688  11408 S  18.2  0.2   0:02.29 java
183346 tcriss    20   0 12.362g  75912  11408 S  18.2  0.2   0:02.31 java
183346 tcriss    20   0 12.362g  75912  11408 S   9.1  0.2   0:02.32 java
183346 tcriss    20   0 12.362g  76168  11408 S  18.2  0.2   0:02.34 java
183346 tcriss    20   0 12.362g  78216  11408 S  18.2  0.2   0:02.36 java
183346 tcriss    20   0 12.362g  78216  11408 S  18.2  0.2   0:02.38 java
183346 tcriss    20   0 12.362g  78216  11408 S  18.2  0.2   0:02.40 java
183346 tcriss    20   0 12.362g  78216  11408 S  18.2  0.2   0:02.42 java
183346 tcriss    20   0 12.362g  78216  11408 S   9.1  0.2   0:02.43 java
183346 tcriss    20   0 12.362g  78216  11408 S  18.2  0.2   0:02.45 java
183346 tcriss    20   0 12.362g  78216  11408 S  18.2  0.2   0:02.47 java
183346 tcriss    20   0 12.362g  78216  11408 S   9.1  0.2   0:02.48 java
183346 tcriss    20   0 12.362g  78216  11408 S  18.2  0.2   0:02.50 java
183346 tcriss    20   0 12.362g  78216  11408 S  18.2  0.2   0:02.52 java
183346 tcriss    20   0 12.362g  78216  11408 S  18.2  0.2   0:02.54 java
183346 tcriss    20   0 12.362g  78216  11408 S   9.1  0.2   0:02.55 java
183346 tcriss    20   0 12.362g  78216  11408 S  18.2  0.2   0:02.57 java
183346 tcriss    20   0 12.362g  78216  11408 S  27.3  0.2   0:02.60 java
183346 tcriss    20   0 12.362g  78328  11408 S  18.2  0.2   0:02.62 java
183346 tcriss    20   0 12.362g  78328  11408 S   9.1  0.2   0:02.63 java
183346 tcriss    20   0 12.362g  78568  11408 S  18.2  0.2   0:02.65 java
183346 tcriss    20   0 12.362g  78568  11408 S  18.2  0.2   0:02.67 java
183346 tcriss    20   0 12.362g  78832  11408 S  18.2  0.2   0:02.69 java
183346 tcriss    20   0 12.362g  78832  11408 S   8.3  0.2   0:02.70 java
183346 tcriss    20   0 12.362g  79096  11408 S  18.2  0.2   0:02.72 java
183346 tcriss    20   0 12.362g  79096  11408 S  27.3  0.2   0:02.75 java
183346 tcriss    20   0 12.362g  79328  11408 S  18.2  0.2   0:02.77 java
183346 tcriss    20   0 12.362g  79328  11408 S   9.1  0.2   0:02.78 java
183346 tcriss    20   0 12.362g  79592  11408 S  18.2  0.2   0:02.80 java
183346 tcriss    20   0 12.362g  79592  11408 S  18.2  0.2   0:02.82 java
183346 tcriss    20   0 12.362g  79856  11408 S  18.2  0.2   0:02.84 java
183346 tcriss    20   0 12.362g  79856  11408 S  18.2  0.2   0:02.86 java
183346 tcriss    20   0 12.362g  80256  11408 S  18.2  0.2   0:02.88 java
183346 tcriss    20   0 12.362g  80440  11408 S   9.1  0.2   0:02.89 java
183346 tcriss    20   0 12.362g  80440  11408 S  18.2  0.2   0:02.91 java
183346 tcriss    20   0 12.362g  80700  11408 S  18.2  0.2   0:02.93 java
183346 tcriss    20   0 12.362g  80700  11408 S  18.2  0.2   0:02.95 java
183346 tcriss    20   0 12.362g  80952  11408 S  18.2  0.2   0:02.97 java
183346 tcriss    20   0 12.362g  80952  11408 S  18.2  0.2   0:02.99 java
183346 tcriss    20   0 12.362g  81148  11408 S  18.2  0.2   0:03.01 java
183346 tcriss    20   0 12.362g  81148  11408 S  18.2  0.2   0:03.03 java
183346 tcriss    20   0 12.362g  81412  11408 S  18.2  0.3   0:03.05 java
183346 tcriss    20   0 12.362g  81412  11408 S  18.2  0.3   0:03.07 java
183346 tcriss    20   0 12.362g  81676  11408 S   9.1  0.3   0:03.08 java
183346 tcriss    20   0 12.362g  81940  11408 S  18.2  0.3   0:03.10 java
183346 tcriss    20   0 12.362g  81940  11408 S  18.2  0.3   0:03.12 java
183346 tcriss    20   0 12.362g  82204  11408 S  27.3  0.3   0:03.15 java
183346 tcriss    20   0 12.362g  82204  11408 S  18.2  0.3   0:03.17 java
183346 tcriss    20   0 12.362g  82468  11408 S  18.2  0.3   0:03.19 java
183346 tcriss    20   0 12.362g  82468  11408 S   9.1  0.3   0:03.20 java
183346 tcriss    20   0 12.362g  82728  11408 S  18.2  0.3   0:03.22 java
183346 tcriss    20   0 12.362g  82728  11408 S  18.2  0.3   0:03.24 java
183346 tcriss    20   0 12.362g  82992  11408 S  18.2  0.3   0:03.26 java
183346 tcriss    20   0 12.362g  82992  11408 S  18.2  0.3   0:03.28 java
183346 tcriss    20   0 12.362g  83256  11408 S  18.2  0.3   0:03.30 java
183346 tcriss    20   0 12.362g  83420  11408 S  18.2  0.3   0:03.32 java
183346 tcriss    20   0 12.362g  83420  11408 S  18.2  0.3   0:03.34 java
183346 tcriss    20   0 12.362g  83616  11408 S  27.3  0.3   0:03.37 java
183346 tcriss    20   0 12.362g  83616  11408 S   9.1  0.3   0:03.38 java
183346 tcriss    20   0 12.362g  83880  11408 S  18.2  0.3   0:03.40 java
183346 tcriss    20   0 12.362g  83880  11408 S  18.2  0.3   0:03.42 java
183346 tcriss    20   0 12.362g  84144  11408 S  18.2  0.3   0:03.44 java
183346 tcriss    20   0 12.362g  84376  11408 S  18.2  0.3   0:03.46 java
183346 tcriss    20   0 12.362g  84376  11408 S  18.2  0.3   0:03.48 java
183346 tcriss    20   0 12.362g  84636  11408 S  18.2  0.3   0:03.50 java
183346 tcriss    20   0 12.362g  84636  11408 S  18.2  0.3   0:03.52 java
183346 tcriss    20   0 12.362g  84900  11408 S  16.7  0.3   0:03.54 java
183346 tcriss    20   0 12.362g  84900  11408 S  18.2  0.3   0:03.56 java
183346 tcriss    20   0 12.362g  85164  11408 S  18.2  0.3   0:03.58 java
183346 tcriss    20   0 12.362g  85164  11408 S  18.2  0.3   0:03.60 java
183346 tcriss    20   0 12.362g  85428  11408 S  18.2  0.3   0:03.62 java
183346 tcriss    20   0 12.362g  85428  11408 S  18.2  0.3   0:03.64 java
183346 tcriss    20   0 12.362g  85692  11408 S  18.2  0.3   0:03.66 java
183346 tcriss    20   0 12.362g  85692  11408 S  18.2  0.3   0:03.68 java
183346 tcriss    20   0 12.362g  85956  11408 S  18.2  0.3   0:03.70 java
183346 tcriss    20   0 12.362g  85956  11408 S  18.2  0.3   0:03.72 java
183346 tcriss    20   0 12.362g  86220  11408 S  18.2  0.3   0:03.74 java
183346 tcriss    20   0 12.362g  86220  11408 S  18.2  0.3   0:03.76 java
183346 tcriss    20   0 12.362g  86484  11408 S  18.2  0.3   0:03.78 java
183346 tcriss    20   0 12.362g  86484  11408 S  18.2  0.3   0:03.80 java
183346 tcriss    20   0 12.362g  86744  11408 S  18.2  0.3   0:03.82 java
183346 tcriss    20   0 12.362g  86744  11408 S  18.2  0.3   0:03.84 java
183346 tcriss    20   0 12.362g  87008  11408 S  18.2  0.3   0:03.86 java
183346 tcriss    20   0 12.362g  87008  11408 S  18.2  0.3   0:03.88 java
183346 tcriss    20   0 12.362g  87272  11408 S  27.3  0.3   0:03.91 java
183346 tcriss    20   0 12.362g  87272  11408 S  18.2  0.3   0:03.93 java
183346 tcriss    20   0 12.362g  87536  11408 S   9.1  0.3   0:03.94 java
183346 tcriss    20   0 12.362g  87536  11408 S  27.3  0.3   0:03.97 java
183346 tcriss    20   0 12.362g  87800  11408 S  18.2  0.3   0:03.99 java
183346 tcriss    20   0 12.362g  87800  11408 S  18.2  0.3   0:04.01 java
183346 tcriss    20   0 12.362g  88064  11408 S  18.2  0.3   0:04.03 java
183346 tcriss    20   0 12.362g  88064  11408 S  18.2  0.3   0:04.05 java
183346 tcriss    20   0 12.362g  88440  11408 S   9.1  0.3   0:04.06 java
183346 tcriss    20   0 12.362g  88468  11408 S  18.2  0.3   0:04.08 java
183346 tcriss    20   0 12.362g  88684  11408 S  27.3  0.3   0:04.11 java
183346 tcriss    20   0 12.362g  88684  11408 S  18.2  0.3   0:04.13 java
183346 tcriss    20   0 12.362g  88948  11408 S  16.7  0.3   0:04.15 java
183346 tcriss    20   0 12.362g  88948  11408 S  18.2  0.3   0:04.17 java
183346 tcriss    20   0 12.362g  89212  11408 S  27.3  0.3   0:04.20 java
183346 tcriss    20   0 12.362g  89212  11408 S   9.1  0.3   0:04.21 java
183346 tcriss    20   0 12.362g  89444  11408 S  27.3  0.3   0:04.24 java
183346 tcriss    20   0 12.362g  89444  11408 S  18.2  0.3   0:04.26 java
183346 tcriss    20   0 12.362g  89708  11408 S  18.2  0.3   0:04.28 java
183346 tcriss    20   0 12.362g  89708  11408 S  18.2  0.3   0:04.30 java
183346 tcriss    20   0 12.362g  89972  11408 S  18.2  0.3   0:04.32 java
183346 tcriss    20   0 12.362g  89972  11408 S  18.2  0.3   0:04.34 java
183346 tcriss    20   0 12.362g  90236  11408 S  18.2  0.3   0:04.36 java
183346 tcriss    20   0 12.362g  90236  11408 S  18.2  0.3   0:04.38 java
183346 tcriss    20   0 12.362g  90500  11408 S  18.2  0.3   0:04.40 java
183346 tcriss    20   0 12.362g  90500  11408 S  18.2  0.3   0:04.42 java
183346 tcriss    20   0 12.362g  90760  11408 S  18.2  0.3   0:04.44 java
183346 tcriss    20   0 12.362g  90760  11408 S  27.3  0.3   0:04.47 java
183346 tcriss    20   0 12.362g  91024  11408 S  18.2  0.3   0:04.49 java
183346 tcriss    20   0 12.362g  91024  11408 S  18.2  0.3   0:04.51 java
183346 tcriss    20   0 12.362g  91288  11408 S  18.2  0.3   0:04.53 java
183346 tcriss    20   0 12.362g  91288  11408 S  18.2  0.3   0:04.55 java
183346 tcriss    20   0 12.362g  91552  11408 S  18.2  0.3   0:04.57 java
183346 tcriss    20   0 12.362g  91552  11408 S  18.2  0.3   0:04.59 java
183346 tcriss    20   0 12.362g  91816  11408 S  18.2  0.3   0:04.61 java
183346 tcriss    20   0 12.362g  91816  11408 S  27.3  0.3   0:04.64 java
183346 tcriss    20   0 12.362g  92080  11408 S  18.2  0.3   0:04.66 java
183346 tcriss    20   0 12.362g  92080  11408 S  18.2  0.3   0:04.68 java
183346 tcriss    20   0 12.362g  92656  11536 S  18.2  0.3   0:04.70 java
183346 tcriss    20   0 12.362g  92656  11536 S  18.2  0.3   0:04.72 java
183346 tcriss    20   0 12.362g  92920  11536 S  18.2  0.3   0:04.74 java
183346 tcriss    20   0 12.362g  92920  11536 S  18.2  0.3   0:04.76 java
183346 tcriss    20   0 12.362g  93180  11536 S  18.2  0.3   0:04.78 java
183346 tcriss    20   0 12.362g  93180  11536 S  27.3  0.3   0:04.81 java
183346 tcriss    20   0 12.362g  93444  11536 S  18.2  0.3   0:04.83 java
183346 tcriss    20   0 12.362g  93444  11536 S  18.2  0.3   0:04.85 java
183346 tcriss    20   0 12.362g  93708  11536 S  18.2  0.3   0:04.87 java
183346 tcriss    20   0 12.362g  93708  11536 S  18.2  0.3   0:04.89 java
183346 tcriss    20   0 12.362g  93972  11536 S  16.7  0.3   0:04.91 java
183346 tcriss    20   0 12.362g  93972  11536 S  18.2  0.3   0:04.93 java
183346 tcriss    20   0 12.362g  94236  11536 S  27.3  0.3   0:04.96 java
183346 tcriss    20   0 12.362g  94236  11536 S  18.2  0.3   0:04.98 java
183346 tcriss    20   0 12.362g  94500  11536 S  18.2  0.3   0:05.00 java
183346 tcriss    20   0 12.362g  94500  11536 S  18.2  0.3   0:05.02 java
183346 tcriss    20   0 12.362g  94764  11536 S  27.3  0.3   0:05.05 java
183346 tcriss    20   0 12.362g  94764  11536 S  18.2  0.3   0:05.07 java
183346 tcriss    20   0 12.362g  95028  11536 S  18.2  0.3   0:05.09 java
183346 tcriss    20   0 12.362g  95028  11536 S  18.2  0.3   0:05.11 java
183346 tcriss    20   0 12.362g  95288  11536 S  27.3  0.3   0:05.14 java
183346 tcriss    20   0 12.362g  95288  11536 S  18.2  0.3   0:05.16 java
183346 tcriss    20   0 12.362g  95552  11536 S  18.2  0.3   0:05.18 java
183346 tcriss    20   0 12.362g  95552  11536 S  18.2  0.3   0:05.20 java
183346 tcriss    20   0 12.362g  95816  11536 S  18.2  0.3   0:05.22 java
183346 tcriss    20   0 12.362g  95816  11536 S  18.2  0.3   0:05.24 java
183346 tcriss    20   0 12.362g  96080  11536 S  27.3  0.3   0:05.27 java
183346 tcriss    20   0 12.362g  96080  11536 S  18.2  0.3   0:05.29 java
183346 tcriss    20   0 12.362g  96344  11536 S  18.2  0.3   0:05.31 java
183346 tcriss    20   0 12.362g  96344  11536 S  27.3  0.3   0:05.34 java
183346 tcriss    20   0 12.362g  96656  11536 S  18.2  0.3   0:05.36 java
183346 tcriss    20   0 12.362g  96792  11536 S  18.2  0.3   0:05.38 java
183346 tcriss    20   0 12.362g  96792  11536 S  18.2  0.3   0:05.40 java
183346 tcriss    20   0 12.362g  97056  11536 S  27.3  0.3   0:05.43 java
183346 tcriss    20   0 12.362g  97056  11536 S  18.2  0.3   0:05.45 java
183346 tcriss    20   0 12.362g  97316  11536 S  18.2  0.3   0:05.47 java
183346 tcriss    20   0 12.362g  97316  11536 S  18.2  0.3   0:05.49 java
183346 tcriss    20   0 12.362g  97580  11536 S  18.2  0.3   0:05.51 java
183346 tcriss    20   0 12.362g  97580  11536 S  27.3  0.3   0:05.54 java
183346 tcriss    20   0 12.362g  97808  11536 S  27.3  0.3   0:05.57 java
183346 tcriss    20   0 12.362g  97808  11536 S  18.2  0.3   0:05.59 java
183346 tcriss    20   0 12.362g  98072  11536 S  18.2  0.3   0:05.61 java
183346 tcriss    20   0 12.362g  98072  11536 S  18.2  0.3   0:05.63 java
183346 tcriss    20   0 12.362g  98336  11536 S  18.2  0.3   0:05.65 java
183346 tcriss    20   0 12.362g  98336  11536 S  18.2  0.3   0:05.67 java
183346 tcriss    20   0 12.362g  98600  11536 S  27.3  0.3   0:05.70 java
183346 tcriss    20   0 12.362g  98600  11536 S  18.2  0.3   0:05.72 java
183346 tcriss    20   0 12.362g  98864  11536 S  27.3  0.3   0:05.75 java
183346 tcriss    20   0 12.362g  98864  11536 S  18.2  0.3   0:05.77 java
183346 tcriss    20   0 12.362g  99128  11536 S   9.1  0.3   0:05.78 java
183346 tcriss    20   0 12.362g  99360  11536 S  18.2  0.3   0:05.80 java
183346 tcriss    20   0 12.362g  99360  11536 S  18.2  0.3   0:05.82 java
183346 tcriss    20   0 12.362g  99624  11536 S  18.2  0.3   0:05.84 java
183346 tcriss    20   0 12.362g  99624  11536 S  16.7  0.3   0:05.86 java
183346 tcriss    20   0 12.362g  99888  11536 S  18.2  0.3   0:05.88 java
183346 tcriss    20   0 12.362g  99888  11536 S  18.2  0.3   0:05.90 java
183346 tcriss    20   0 12.362g 100152  11536 S   9.1  0.3   0:05.91 java
183346 tcriss    20   0 12.362g 100152  11536 S  20.0  0.3   0:05.93 java
183346 tcriss    20   0 12.362g 100416  11536 S  18.2  0.3   0:05.95 java
183346 tcriss    20   0 12.362g 100416  11536 S  18.2  0.3   0:05.97 java
183346 tcriss    20   0 12.362g 100680  11536 S  18.2  0.3   0:05.99 java
183346 tcriss    20   0 12.362g 100680  11536 S  18.2  0.3   0:06.01 java
183346 tcriss    20   0 12.362g 100944  11536 S  16.7  0.3   0:06.03 java
183346 tcriss    20   0 12.362g 100944  11536 S  18.2  0.3   0:06.05 java
183346 tcriss    20   0 12.362g 101208  11536 S   9.1  0.3   0:06.06 java
183346 tcriss    20   0 12.362g 101208  11536 S  18.2  0.3   0:06.08 java
183346 tcriss    20   0 12.362g 101468  11536 S  18.2  0.3   0:06.10 java
183346 tcriss    20   0 12.362g 101468  11536 S  18.2  0.3   0:06.12 java
183346 tcriss    20   0 12.362g 101732  11536 S  18.2  0.3   0:06.14 java
183346 tcriss    20   0 12.362g 101732  11536 S  18.2  0.3   0:06.16 java
183346 tcriss    20   0 12.362g 101996  11536 S   9.1  0.3   0:06.17 java
183346 tcriss    20   0 12.362g 101996  11536 S  18.2  0.3   0:06.19 java
183346 tcriss    20   0 12.362g 102260  11536 S  18.2  0.3   0:06.21 java
183346 tcriss    20   0 12.362g 102260  11536 S  18.2  0.3   0:06.23 java
183346 tcriss    20   0 12.362g 102524  11536 S  18.2  0.3   0:06.25 java
