180022 tcriss    20   0 12.362g  51988  11412 S  58.8  0.2   0:00.12 java
180022 tcriss    20   0 12.362g  51988  11412 S   8.3  0.2   0:00.13 java
180022 tcriss    20   0 12.362g  51988  11412 S   9.1  0.2   0:00.14 java
180022 tcriss    20   0 12.362g  54800  11568 S   9.1  0.2   0:00.15 java
180022 tcriss    20   0 12.362g  54800  11568 S   9.1  0.2   0:00.16 java
180022 tcriss    20   0 12.362g  54800  11568 S   9.1  0.2   0:00.17 java
180022 tcriss    20   0 12.362g  54800  11568 S   9.1  0.2   0:00.18 java
180022 tcriss    20   0 12.362g  54800  11568 S   8.3  0.2   0:00.19 java
180022 tcriss    20   0 12.362g  54800  11568 S   0.0  0.2   0:00.19 java
180022 tcriss    20   0 12.362g  54800  11568 S  18.2  0.2   0:00.21 java
180022 tcriss    20   0 12.362g  56848  11568 S   9.1  0.2   0:00.22 java
180022 tcriss    20   0 12.362g  56848  11568 S   9.1  0.2   0:00.23 java
180022 tcriss    20   0 12.362g  56848  11568 S   9.1  0.2   0:00.24 java
180022 tcriss    20   0 12.362g  56848  11568 S   9.1  0.2   0:00.25 java
180022 tcriss    20   0 12.362g  56848  11568 S   9.1  0.2   0:00.26 java
180022 tcriss    20   0 12.362g  56848  11568 S   9.1  0.2   0:00.27 java
180022 tcriss    20   0 12.362g  56848  11568 S   9.1  0.2   0:00.28 java
180022 tcriss    20   0 12.362g  56848  11568 S   9.1  0.2   0:00.29 java
180022 tcriss    20   0 12.362g  56848  11568 S   9.1  0.2   0:00.30 java
180022 tcriss    20   0 12.362g  56848  11568 S   9.1  0.2   0:00.31 java
180022 tcriss    20   0 12.362g  56848  11568 S   9.1  0.2   0:00.32 java
180022 tcriss    20   0 12.362g  56848  11568 S   9.1  0.2   0:00.33 java
180022 tcriss    20   0 12.362g  56848  11568 S   9.1  0.2   0:00.34 java
180022 tcriss    20   0 12.362g  56848  11568 S   9.1  0.2   0:00.35 java
180022 tcriss    20   0 12.362g  58896  11568 S   9.1  0.2   0:00.36 java
180022 tcriss    20   0 12.362g  58896  11568 S   9.1  0.2   0:00.37 java
180022 tcriss    20   0 12.362g  58896  11568 S   9.1  0.2   0:00.38 java
180022 tcriss    20   0 12.362g  58896  11568 S   9.1  0.2   0:00.39 java
180022 tcriss    20   0 12.362g  58896  11568 S   9.1  0.2   0:00.40 java
180022 tcriss    20   0 12.362g  58896  11568 S   9.1  0.2   0:00.41 java
180022 tcriss    20   0 12.362g  58896  11568 S   9.1  0.2   0:00.42 java
180022 tcriss    20   0 12.362g  58896  11568 S   9.1  0.2   0:00.43 java
180022 tcriss    20   0 12.362g  58896  11568 S   8.3  0.2   0:00.44 java
180022 tcriss    20   0 12.362g  58896  11568 S   9.1  0.2   0:00.45 java
180022 tcriss    20   0 12.362g  58896  11568 S   9.1  0.2   0:00.46 java
180022 tcriss    20   0 12.362g  58896  11568 S  18.2  0.2   0:00.48 java
180022 tcriss    20   0 12.362g  58896  11568 S   9.1  0.2   0:00.49 java
180022 tcriss    20   0 12.362g  60944  11568 S   9.1  0.2   0:00.50 java
180022 tcriss    20   0 12.362g  60944  11568 S  18.2  0.2   0:00.52 java
180022 tcriss    20   0 12.362g  60944  11568 S   9.1  0.2   0:00.53 java
180022 tcriss    20   0 12.362g  60944  11568 S   9.1  0.2   0:00.54 java
180022 tcriss    20   0 12.362g  60944  11568 S   9.1  0.2   0:00.55 java
180022 tcriss    20   0 12.362g  60944  11568 S   9.1  0.2   0:00.56 java
180022 tcriss    20   0 12.362g  60944  11568 S   9.1  0.2   0:00.57 java
180022 tcriss    20   0 12.362g  60944  11568 S   9.1  0.2   0:00.58 java
180022 tcriss    20   0 12.362g  60944  11568 S   9.1  0.2   0:00.59 java
180022 tcriss    20   0 12.362g  60944  11568 S   9.1  0.2   0:00.60 java
180022 tcriss    20   0 12.362g  60944  11568 S   9.1  0.2   0:00.61 java
180022 tcriss    20   0 12.362g  60944  11568 S   9.1  0.2   0:00.62 java
180022 tcriss    20   0 12.362g  60944  11568 S   9.1  0.2   0:00.63 java
180022 tcriss    20   0 12.362g  60944  11568 S   9.1  0.2   0:00.64 java
180022 tcriss    20   0 12.362g  62992  11568 S   9.1  0.2   0:00.65 java
180022 tcriss    20   0 12.362g  62992  11568 S   9.1  0.2   0:00.66 java
180022 tcriss    20   0 12.362g  62992  11568 S   9.1  0.2   0:00.67 java
180022 tcriss    20   0 12.362g  62992  11568 S   9.1  0.2   0:00.68 java
180022 tcriss    20   0 12.362g  62992  11568 S   9.1  0.2   0:00.69 java
180022 tcriss    20   0 12.362g  62992  11568 S  18.2  0.2   0:00.71 java
180022 tcriss    20   0 12.362g  62992  11568 S   9.1  0.2   0:00.72 java
180022 tcriss    20   0 12.362g  62992  11568 S  16.7  0.2   0:00.74 java
180022 tcriss    20   0 12.362g  62992  11568 S   9.1  0.2   0:00.75 java
180022 tcriss    20   0 12.362g  62992  11568 S   9.1  0.2   0:00.76 java
180022 tcriss    20   0 12.362g  62992  11568 S   9.1  0.2   0:00.77 java
180022 tcriss    20   0 12.362g  62992  11568 S   9.1  0.2   0:00.78 java
180022 tcriss    20   0 12.362g  62992  11568 S   9.1  0.2   0:00.79 java
180022 tcriss    20   0 12.362g  62992  11568 S   9.1  0.2   0:00.80 java
180022 tcriss    20   0 12.362g  65040  11568 S  18.2  0.2   0:00.82 java
180022 tcriss    20   0 12.362g  65040  11568 S   9.1  0.2   0:00.83 java
180022 tcriss    20   0 12.362g  65040  11568 S   9.1  0.2   0:00.84 java
180022 tcriss    20   0 12.362g  65040  11568 S   8.3  0.2   0:00.85 java
180022 tcriss    20   0 12.362g  65040  11568 S   9.1  0.2   0:00.86 java
180022 tcriss    20   0 12.362g  65040  11568 S   9.1  0.2   0:00.87 java
180022 tcriss    20   0 12.362g  65040  11568 S   9.1  0.2   0:00.88 java
180022 tcriss    20   0 12.362g  65040  11568 S   9.1  0.2   0:00.89 java
180022 tcriss    20   0 12.362g  65040  11568 S   9.1  0.2   0:00.90 java
180022 tcriss    20   0 12.362g  65040  11568 S  18.2  0.2   0:00.92 java
180022 tcriss    20   0 12.362g  65040  11568 S   9.1  0.2   0:00.93 java
180022 tcriss    20   0 12.362g  65040  11568 S   9.1  0.2   0:00.94 java
180022 tcriss    20   0 12.362g  65040  11568 S   9.1  0.2   0:00.95 java
180022 tcriss    20   0 12.362g  67088  11568 S   9.1  0.2   0:00.96 java
180022 tcriss    20   0 12.362g  67088  11568 S   9.1  0.2   0:00.97 java
180022 tcriss    20   0 12.362g  67088  11568 S  18.2  0.2   0:00.99 java
180022 tcriss    20   0 12.362g  67088  11568 S   9.1  0.2   0:01.00 java
180022 tcriss    20   0 12.362g  67088  11568 S   9.1  0.2   0:01.01 java
180022 tcriss    20   0 12.362g  67088  11568 S   9.1  0.2   0:01.02 java
180022 tcriss    20   0 12.362g  67088  11568 S   9.1  0.2   0:01.03 java
180022 tcriss    20   0 12.362g  67088  11568 S   9.1  0.2   0:01.04 java
180022 tcriss    20   0 12.362g  67088  11568 S  18.2  0.2   0:01.06 java
180022 tcriss    20   0 12.362g  67088  11568 S   9.1  0.2   0:01.07 java
180022 tcriss    20   0 12.362g  67088  11568 S   9.1  0.2   0:01.08 java
180022 tcriss    20   0 12.362g  67088  11568 S   9.1  0.2   0:01.09 java
180022 tcriss    20   0 12.362g  67088  11568 S   9.1  0.2   0:01.10 java
180022 tcriss    20   0 12.362g  67088  11568 S  18.2  0.2   0:01.12 java
180022 tcriss    20   0 12.362g  69136  11568 S   9.1  0.2   0:01.13 java
180022 tcriss    20   0 12.362g  69136  11568 S   9.1  0.2   0:01.14 java
180022 tcriss    20   0 12.362g  69136  11568 S   8.3  0.2   0:01.15 java
180022 tcriss    20   0 12.362g  69136  11568 S   9.1  0.2   0:01.16 java
180022 tcriss    20   0 12.362g  69136  11568 S  18.2  0.2   0:01.18 java
180022 tcriss    20   0 12.362g  69136  11568 S   9.1  0.2   0:01.19 java
180022 tcriss    20   0 12.362g  69136  11568 S   9.1  0.2   0:01.20 java
180022 tcriss    20   0 12.362g  69136  11568 S  18.2  0.2   0:01.22 java
180022 tcriss    20   0 12.362g  69136  11568 S   9.1  0.2   0:01.23 java
180022 tcriss    20   0 12.362g  69136  11568 S   9.1  0.2   0:01.24 java
180022 tcriss    20   0 12.362g  69136  11568 S   9.1  0.2   0:01.25 java
180022 tcriss    20   0 12.362g  69136  11568 S   9.1  0.2   0:01.26 java
180022 tcriss    20   0 12.362g  69136  11568 S  18.2  0.2   0:01.28 java
180022 tcriss    20   0 12.362g  69136  11568 S   9.1  0.2   0:01.29 java
180022 tcriss    20   0 12.362g  71184  11568 S   9.1  0.2   0:01.30 java
180022 tcriss    20   0 12.362g  71184  11568 S   9.1  0.2   0:01.31 java
180022 tcriss    20   0 12.362g  71184  11568 S  18.2  0.2   0:01.33 java
180022 tcriss    20   0 12.362g  71184  11568 S   9.1  0.2   0:01.34 java
180022 tcriss    20   0 12.362g  71184  11568 S   9.1  0.2   0:01.35 java
180022 tcriss    20   0 12.362g  71184  11568 S   9.1  0.2   0:01.36 java
180022 tcriss    20   0 12.362g  71184  11568 S  18.2  0.2   0:01.38 java
180022 tcriss    20   0 12.362g  71184  11568 S   9.1  0.2   0:01.39 java
180022 tcriss    20   0 12.362g  71184  11568 S   9.1  0.2   0:01.40 java
180022 tcriss    20   0 12.362g  71184  11568 S   9.1  0.2   0:01.41 java
180022 tcriss    20   0 12.362g  71184  11568 S   9.1  0.2   0:01.42 java
180022 tcriss    20   0 12.362g  71184  11568 S  16.7  0.2   0:01.44 java
180022 tcriss    20   0 12.362g  71184  11568 S   9.1  0.2   0:01.45 java
180022 tcriss    20   0 12.362g  71184  11568 S   9.1  0.2   0:01.46 java
180022 tcriss    20   0 12.362g  73232  11568 S  18.2  0.2   0:01.48 java
180022 tcriss    20   0 12.362g  73232  11568 S  18.2  0.2   0:01.50 java
180022 tcriss    20   0 12.362g  73232  11568 S   9.1  0.2   0:01.51 java
180022 tcriss    20   0 12.362g  73232  11568 S   9.1  0.2   0:01.52 java
180022 tcriss    20   0 12.362g  73232  11568 S   9.1  0.2   0:01.53 java
180022 tcriss    20   0 12.362g  73232  11568 S  18.2  0.2   0:01.55 java
180022 tcriss    20   0 12.362g  73232  11568 S   9.1  0.2   0:01.56 java
180022 tcriss    20   0 12.362g  73232  11568 S   9.1  0.2   0:01.57 java
180022 tcriss    20   0 12.362g  73232  11568 S   9.1  0.2   0:01.58 java
180022 tcriss    20   0 12.362g  73232  11568 S  18.2  0.2   0:01.60 java
180022 tcriss    20   0 12.362g  73232  11568 S   9.1  0.2   0:01.61 java
180022 tcriss    20   0 12.362g  73232  11568 S   9.1  0.2   0:01.62 java
180022 tcriss    20   0 12.362g  73232  11568 S   9.1  0.2   0:01.63 java
180022 tcriss    20   0 12.362g  73232  11568 S  18.2  0.2   0:01.65 java
180022 tcriss    20   0 12.362g  75280  11568 S   9.1  0.2   0:01.66 java
180022 tcriss    20   0 12.362g  75280  11568 S   9.1  0.2   0:01.67 java
180022 tcriss    20   0 12.362g  75280  11568 S  18.2  0.2   0:01.69 java
180022 tcriss    20   0 12.362g  75280  11568 S   9.1  0.2   0:01.70 java
180022 tcriss    20   0 12.362g  75280  11568 S  18.2  0.2   0:01.72 java
180022 tcriss    20   0 12.362g  75284  11568 S   9.1  0.2   0:01.73 java
180022 tcriss    20   0 12.362g  75284  11568 S   9.1  0.2   0:01.74 java
180022 tcriss    20   0 12.362g  75284  11568 S   9.1  0.2   0:01.75 java
180022 tcriss    20   0 12.362g  75284  11568 S  16.7  0.2   0:01.77 java
180022 tcriss    20   0 12.362g  75284  11568 S   9.1  0.2   0:01.78 java
180022 tcriss    20   0 12.362g  75284  11568 S   9.1  0.2   0:01.79 java
180022 tcriss    20   0 12.362g  75284  11568 S   9.1  0.2   0:01.80 java
180022 tcriss    20   0 12.362g  75284  11568 S  18.2  0.2   0:01.82 java
180022 tcriss    20   0 12.362g  75284  11568 S   9.1  0.2   0:01.83 java
180022 tcriss    20   0 12.362g  77332  11568 S   9.1  0.2   0:01.84 java
180022 tcriss    20   0 12.362g  77332  11568 S   9.1  0.2   0:01.85 java
180022 tcriss    20   0 12.362g  77332  11568 S  18.2  0.2   0:01.87 java
180022 tcriss    20   0 12.362g  77332  11568 S   9.1  0.2   0:01.88 java
180022 tcriss    20   0 12.362g  77332  11568 S  18.2  0.2   0:01.90 java
180022 tcriss    20   0 12.362g  77332  11568 S  18.2  0.2   0:01.92 java
180022 tcriss    20   0 12.362g  77332  11568 S   9.1  0.2   0:01.93 java
180022 tcriss    20   0 12.362g  77332  11568 S   9.1  0.2   0:01.94 java
180022 tcriss    20   0 12.362g  77332  11568 S  18.2  0.2   0:01.96 java
180022 tcriss    20   0 12.362g  77332  11568 S   8.3  0.2   0:01.97 java
180022 tcriss    20   0 12.362g  77332  11568 S   9.1  0.2   0:01.98 java
180022 tcriss    20   0 12.362g  77332  11568 S  18.2  0.2   0:02.00 java
180022 tcriss    20   0 12.362g  77332  11568 S   9.1  0.2   0:02.01 java
180022 tcriss    20   0 12.362g  77332  11568 S   8.3  0.2   0:02.02 java
180022 tcriss    20   0 12.362g  79380  11568 S   9.1  0.2   0:02.03 java
180022 tcriss    20   0 12.362g  79380  11568 S  18.2  0.2   0:02.05 java
180022 tcriss    20   0 12.362g  79380  11568 S   9.1  0.2   0:02.06 java
180022 tcriss    20   0 12.362g  79380  11568 S   9.1  0.2   0:02.07 java
180022 tcriss    20   0 12.362g  79380  11568 S  18.2  0.2   0:02.09 java
180022 tcriss    20   0 12.362g  79380  11568 S  18.2  0.2   0:02.11 java
180022 tcriss    20   0 12.362g  79380  11568 S   9.1  0.2   0:02.12 java
180022 tcriss    20   0 12.362g  79380  11568 S   9.1  0.2   0:02.13 java
180022 tcriss    20   0 12.362g  79380  11568 S  18.2  0.2   0:02.15 java
180022 tcriss    20   0 12.362g  79380  11568 S   9.1  0.2   0:02.16 java
180022 tcriss    20   0 12.362g  79380  11568 S  18.2  0.2   0:02.18 java
180022 tcriss    20   0 12.362g  79380  11568 S   9.1  0.2   0:02.19 java
180022 tcriss    20   0 12.362g  79380  11568 S  18.2  0.2   0:02.21 java
180022 tcriss    20   0 12.362g  79440  11568 S  18.2  0.2   0:02.23 java
180022 tcriss    20   0 12.362g  81488  11568 S  18.2  0.3   0:02.25 java
180022 tcriss    20   0 12.362g  81488  11568 S  18.2  0.3   0:02.27 java
180022 tcriss    20   0 12.362g  81488  11568 S  18.2  0.3   0:02.29 java
180022 tcriss    20   0 12.362g  81488  11568 S   9.1  0.3   0:02.30 java
180022 tcriss    20   0 12.362g  81488  11568 S  18.2  0.3   0:02.32 java
180022 tcriss    20   0 12.362g  81488  11568 S  18.2  0.3   0:02.34 java
180022 tcriss    20   0 12.362g  81488  11568 S  18.2  0.3   0:02.36 java
180022 tcriss    20   0 12.362g  81488  11568 S  18.2  0.3   0:02.38 java
180022 tcriss    20   0 12.362g  81488  11568 S  18.2  0.3   0:02.40 java
180022 tcriss    20   0 12.362g  81488  11568 S   9.1  0.3   0:02.41 java
180022 tcriss    20   0 12.362g  81488  11568 S  18.2  0.3   0:02.43 java
180022 tcriss    20   0 12.362g  81488  11568 S  18.2  0.3   0:02.45 java
180022 tcriss    20   0 12.362g  81488  11568 S  27.3  0.3   0:02.48 java
180022 tcriss    20   0 12.362g  81488  11568 S  18.2  0.3   0:02.50 java
180022 tcriss    20   0 12.362g  81488  11568 S  18.2  0.3   0:02.52 java
180022 tcriss    20   0 12.362g  81488  11568 S   9.1  0.3   0:02.53 java
180022 tcriss    20   0 12.362g  81596  11568 S  18.2  0.3   0:02.55 java
180022 tcriss    20   0 12.362g  81756  11568 S  18.2  0.3   0:02.57 java
180022 tcriss    20   0 12.362g  81824  11568 S  18.2  0.3   0:02.59 java
180022 tcriss    20   0 12.362g  81824  11568 S  18.2  0.3   0:02.61 java
180022 tcriss    20   0 12.362g  82088  11568 S   9.1  0.3   0:02.62 java
180022 tcriss    20   0 12.362g  82088  11568 S  18.2  0.3   0:02.64 java
180022 tcriss    20   0 12.362g  82352  11568 S  18.2  0.3   0:02.66 java
180022 tcriss    20   0 12.362g  82568  11568 S  18.2  0.3   0:02.68 java
180022 tcriss    20   0 12.362g  82568  11568 S  18.2  0.3   0:02.70 java
180022 tcriss    20   0 12.362g  82832  11568 S  18.2  0.3   0:02.72 java
180022 tcriss    20   0 12.362g  82996  11568 S  18.2  0.3   0:02.74 java
180022 tcriss    20   0 12.362g  82996  11568 S  18.2  0.3   0:02.76 java
180022 tcriss    20   0 12.362g  83180  11568 S  18.2  0.3   0:02.78 java
180022 tcriss    20   0 12.362g  83396  11568 S  18.2  0.3   0:02.80 java
180022 tcriss    20   0 12.362g  83396  11568 S  18.2  0.3   0:02.82 java
180022 tcriss    20   0 12.362g  83656  11568 S  18.2  0.3   0:02.84 java
180022 tcriss    20   0 12.362g  83656  11568 S  18.2  0.3   0:02.86 java
180022 tcriss    20   0 12.362g  83920  11568 S   9.1  0.3   0:02.87 java
180022 tcriss    20   0 12.362g  83920  11568 S  18.2  0.3   0:02.89 java
180022 tcriss    20   0 12.362g  84184  11568 S  18.2  0.3   0:02.91 java
180022 tcriss    20   0 12.362g  84184  11568 S  27.3  0.3   0:02.94 java
180022 tcriss    20   0 12.362g  84448  11568 S  18.2  0.3   0:02.96 java
180022 tcriss    20   0 12.362g  84448  11568 S  18.2  0.3   0:02.98 java
180022 tcriss    20   0 12.362g  84712  11568 S   9.1  0.3   0:02.99 java
180022 tcriss    20   0 12.362g  84712  11568 S  18.2  0.3   0:03.01 java
180022 tcriss    20   0 12.362g  85000  11568 S  18.2  0.3   0:03.03 java
180022 tcriss    20   0 12.362g  85000  11568 S  20.0  0.3   0:03.05 java
180022 tcriss    20   0 12.362g  85228  11568 S  18.2  0.3   0:03.07 java
180022 tcriss    20   0 12.362g  85228  11568 S  18.2  0.3   0:03.09 java
180022 tcriss    20   0 12.362g  85492  11568 S  18.2  0.3   0:03.11 java
180022 tcriss    20   0 12.362g  85492  11568 S  18.2  0.3   0:03.13 java
180022 tcriss    20   0 12.362g  85752  11568 S  18.2  0.3   0:03.15 java
180022 tcriss    20   0 12.362g  85752  11568 S  18.2  0.3   0:03.17 java
180022 tcriss    20   0 12.362g  86016  11568 S  18.2  0.3   0:03.19 java
180022 tcriss    20   0 12.362g  86016  11568 S  27.3  0.3   0:03.22 java
180022 tcriss    20   0 12.362g  86280  11568 S   9.1  0.3   0:03.23 java
180022 tcriss    20   0 12.362g  86280  11568 S  18.2  0.3   0:03.25 java
180022 tcriss    20   0 12.362g  86544  11568 S  18.2  0.3   0:03.27 java
180022 tcriss    20   0 12.362g  86780  11568 S  18.2  0.3   0:03.29 java
180022 tcriss    20   0 12.362g  86780  11568 S  18.2  0.3   0:03.31 java
180022 tcriss    20   0 12.362g  87044  11568 S  18.2  0.3   0:03.33 java
180022 tcriss    20   0 12.362g  87044  11568 S  18.2  0.3   0:03.35 java
180022 tcriss    20   0 12.362g  87308  11568 S  18.2  0.3   0:03.37 java
180022 tcriss    20   0 12.362g  87308  11568 S  18.2  0.3   0:03.39 java
180022 tcriss    20   0 12.362g  87572  11568 S  27.3  0.3   0:03.42 java
180022 tcriss    20   0 12.362g  89620  11568 S  18.2  0.3   0:03.44 java
180022 tcriss    20   0 12.362g  89620  11568 S  18.2  0.3   0:03.46 java
180022 tcriss    20   0 12.362g  89620  11568 S  18.2  0.3   0:03.48 java
180022 tcriss    20   0 12.362g  89680  11568 S  18.2  0.3   0:03.50 java
180022 tcriss    20   0 12.362g  89680  11568 S  18.2  0.3   0:03.52 java
180022 tcriss    20   0 12.362g  89680  11568 S  18.2  0.3   0:03.54 java
180022 tcriss    20   0 12.362g  89680  11568 S  18.2  0.3   0:03.56 java
180022 tcriss    20   0 12.362g  89696  11580 S  18.2  0.3   0:03.58 java
180022 tcriss    20   0 12.362g  89696  11580 S  18.2  0.3   0:03.60 java
180022 tcriss    20   0 12.362g  89696  11580 S  18.2  0.3   0:03.62 java
180022 tcriss    20   0 12.362g  89696  11580 S  18.2  0.3   0:03.64 java
180022 tcriss    20   0 12.362g  89696  11580 S  18.2  0.3   0:03.66 java
180022 tcriss    20   0 12.362g  89696  11580 S  18.2  0.3   0:03.68 java
180022 tcriss    20   0 12.362g  89696  11580 S  18.2  0.3   0:03.70 java
180022 tcriss    20   0 12.362g  89696  11580 S  18.2  0.3   0:03.72 java
180022 tcriss    20   0 12.362g  89696  11580 S  18.2  0.3   0:03.74 java
180022 tcriss    20   0 12.362g  89776  11580 S  18.2  0.3   0:03.76 java
180022 tcriss    20   0 12.362g  89776  11580 S  18.2  0.3   0:03.78 java
180022 tcriss    20   0 12.362g  90040  11580 S  27.3  0.3   0:03.81 java
180022 tcriss    20   0 12.362g  90272  11580 S  18.2  0.3   0:03.83 java
180022 tcriss    20   0 12.362g  90272  11580 S  18.2  0.3   0:03.85 java
180022 tcriss    20   0 12.362g  90536  11580 S  18.2  0.3   0:03.87 java
180022 tcriss    20   0 12.362g  90536  11580 S  18.2  0.3   0:03.89 java
180022 tcriss    20   0 12.362g  90800  11580 S  18.2  0.3   0:03.91 java
180022 tcriss    20   0 12.362g  90800  11580 S  18.2  0.3   0:03.93 java
180022 tcriss    20   0 12.362g  91064  11580 S  18.2  0.3   0:03.95 java
180022 tcriss    20   0 12.362g  91064  11580 S  18.2  0.3   0:03.97 java
180022 tcriss    20   0 12.362g  91328  11580 S  18.2  0.3   0:03.99 java
180022 tcriss    20   0 12.362g  91328  11580 S  18.2  0.3   0:04.01 java
180022 tcriss    20   0 12.362g  91884  11756 S  18.2  0.3   0:04.03 java
180022 tcriss    20   0 12.362g  91884  11756 S  18.2  0.3   0:04.05 java
180022 tcriss    20   0 12.362g  92144  11756 S  18.2  0.3   0:04.07 java
180022 tcriss    20   0 12.362g  92144  11756 S  18.2  0.3   0:04.09 java
180022 tcriss    20   0 12.362g  92408  11756 S  18.2  0.3   0:04.11 java
180022 tcriss    20   0 12.362g  92408  11756 S  18.2  0.3   0:04.13 java
180022 tcriss    20   0 12.362g  92672  11756 S  27.3  0.3   0:04.16 java
180022 tcriss    20   0 12.362g  92672  11756 S  18.2  0.3   0:04.18 java
180022 tcriss    20   0 12.362g  92936  11756 S  18.2  0.3   0:04.20 java
180022 tcriss    20   0 12.362g  92936  11756 S  18.2  0.3   0:04.22 java
180022 tcriss    20   0 12.362g  93200  11756 S  18.2  0.3   0:04.24 java
180022 tcriss    20   0 12.362g  93396  11756 S  18.2  0.3   0:04.26 java
180022 tcriss    20   0 12.362g  93428  11756 S  18.2  0.3   0:04.28 java
180022 tcriss    20   0 12.362g  93644  11756 S  18.2  0.3   0:04.30 java
180022 tcriss    20   0 12.362g  93644  11756 S  18.2  0.3   0:04.32 java
180022 tcriss    20   0 12.362g  93908  11756 S  18.2  0.3   0:04.34 java
180022 tcriss    20   0 12.362g  93908  11756 S  27.3  0.3   0:04.37 java
180022 tcriss    20   0 12.362g  94168  11756 S  27.3  0.3   0:04.40 java
180022 tcriss    20   0 12.362g  94168  11756 S  18.2  0.3   0:04.42 java
180022 tcriss    20   0 12.362g  94432  11756 S  18.2  0.3   0:04.44 java
180022 tcriss    20   0 12.362g  94432  11756 S  18.2  0.3   0:04.46 java
180022 tcriss    20   0 12.362g  94696  11756 S  18.2  0.3   0:04.48 java
180022 tcriss    20   0 12.362g  94696  11756 S  18.2  0.3   0:04.50 java
180022 tcriss    20   0 12.362g  94960  11756 S  18.2  0.3   0:04.52 java
180022 tcriss    20   0 12.362g  94960  11756 S  18.2  0.3   0:04.54 java
180022 tcriss    20   0 12.362g  95224  11756 S  18.2  0.3   0:04.56 java
180022 tcriss    20   0 12.362g  95224  11756 S  18.2  0.3   0:04.58 java
180022 tcriss    20   0 12.362g  95488  11756 S  27.3  0.3   0:04.61 java
180022 tcriss    20   0 12.362g  95488  11756 S  18.2  0.3   0:04.63 java
180022 tcriss    20   0 12.362g  95720  11756 S  27.3  0.3   0:04.66 java
180022 tcriss    20   0 12.362g  95720  11756 S  18.2  0.3   0:04.68 java
180022 tcriss    20   0 12.362g  95984  11756 S  18.2  0.3   0:04.70 java
180022 tcriss    20   0 12.362g  95984  11756 S  18.2  0.3   0:04.72 java
180022 tcriss    20   0 12.362g  96244  11756 S  18.2  0.3   0:04.74 java
180022 tcriss    20   0 12.362g  96244  11756 S  18.2  0.3   0:04.76 java
180022 tcriss    20   0 12.362g  96508  11756 S  18.2  0.3   0:04.78 java
180022 tcriss    20   0 12.362g  96508  11756 S  18.2  0.3   0:04.80 java
180022 tcriss    20   0 12.362g  96772  11756 S  27.3  0.3   0:04.83 java
180022 tcriss    20   0 12.362g  96772  11756 S  18.2  0.3   0:04.85 java
180022 tcriss    20   0 12.362g  97036  11756 S  18.2  0.3   0:04.87 java
180022 tcriss    20   0 12.362g  97036  11756 S  18.2  0.3   0:04.89 java
180022 tcriss    20   0 12.362g  97300  11756 S  27.3  0.3   0:04.92 java
180022 tcriss    20   0 12.362g  97300  11756 S   9.1  0.3   0:04.93 java
180022 tcriss    20   0 12.362g  97564  11756 S  18.2  0.3   0:04.95 java
180022 tcriss    20   0 12.362g  97564  11756 S  18.2  0.3   0:04.97 java
180022 tcriss    20   0 12.362g  97828  11756 S  18.2  0.3   0:04.99 java
180022 tcriss    20   0 12.362g  97828  11756 S  27.3  0.3   0:05.02 java
180022 tcriss    20   0 12.362g  98092  11756 S  18.2  0.3   0:05.04 java
180022 tcriss    20   0 12.362g  98092  11756 S  18.2  0.3   0:05.06 java
180022 tcriss    20   0 12.362g  98352  11756 S  18.2  0.3   0:05.08 java
180022 tcriss    20   0 12.362g  98352  11756 S  18.2  0.3   0:05.10 java
180022 tcriss    20   0 12.362g  98616  11756 S  18.2  0.3   0:05.12 java
180022 tcriss    20   0 12.362g  98616  11756 S  18.2  0.3   0:05.14 java
180022 tcriss    20   0 12.362g  98880  11756 S  27.3  0.3   0:05.17 java
180022 tcriss    20   0 12.362g  98880  11756 S  18.2  0.3   0:05.19 java
180022 tcriss    20   0 12.362g  99144  11756 S  27.3  0.3   0:05.22 java
180022 tcriss    20   0 12.362g  99144  11756 S  18.2  0.3   0:05.24 java
180022 tcriss    20   0 12.362g  99408  11756 S  18.2  0.3   0:05.26 java
180022 tcriss    20   0 12.362g  99408  11756 S  18.2  0.3   0:05.28 java
180022 tcriss    20   0 12.362g  99672  11756 S  27.3  0.3   0:05.31 java
180022 tcriss    20   0 12.362g  99672  11756 S  18.2  0.3   0:05.33 java
180022 tcriss    20   0 12.362g  99936  11756 S  18.2  0.3   0:05.35 java
180022 tcriss    20   0 12.362g  99936  11756 S  27.3  0.3   0:05.38 java
180022 tcriss    20   0 12.362g 100200  11756 S  27.3  0.3   0:05.41 java
180022 tcriss    20   0 12.362g 100200  11756 S  72.7  0.3   0:05.49 java
180022 tcriss    20   0 12.362g 100200  11756 S  18.2  0.3   0:05.51 java
180022 tcriss    20   0 12.362g 100460  11756 S  27.3  0.3   0:05.54 java
180022 tcriss    20   0 12.362g 100460  11756 S  20.0  0.3   0:05.56 java
180022 tcriss    20   0 12.362g 100724  11756 S  18.2  0.3   0:05.58 java
180022 tcriss    20   0 12.362g 100724  11756 S  18.2  0.3   0:05.60 java
180022 tcriss    20   0 12.362g 100988  11756 S  36.4  0.3   0:05.64 java
180022 tcriss    20   0 12.362g 101140  11756 S  18.2  0.3   0:05.66 java
180022 tcriss    20   0 12.362g 101308  11756 S  18.2  0.3   0:05.68 java
180022 tcriss    20   0 12.362g 101308  11756 S  18.2  0.3   0:05.70 java
180022 tcriss    20   0 12.362g 101572  11756 S  18.2  0.3   0:05.72 java
180022 tcriss    20   0 12.362g 101572  11756 S  18.2  0.3   0:05.74 java
183637 tcriss    20   0 12.362g  53396  11088 S  50.0  0.2   0:00.11 java
183637 tcriss    20   0 12.362g  53396  11088 S  27.3  0.2   0:00.14 java
183637 tcriss    20   0 12.362g  53396  11088 S   9.1  0.2   0:00.15 java
183637 tcriss    20   0 12.362g  56196  11244 S   9.1  0.2   0:00.16 java
183637 tcriss    20   0 12.362g  56196  11244 S  16.7  0.2   0:00.18 java
183637 tcriss    20   0 12.362g  56196  11244 S   9.1  0.2   0:00.19 java
183637 tcriss    20   0 12.362g  56196  11244 S   9.1  0.2   0:00.20 java
183637 tcriss    20   0 12.362g  56196  11244 S  18.2  0.2   0:00.22 java
183637 tcriss    20   0 12.362g  56196  11244 S   9.1  0.2   0:00.23 java
183637 tcriss    20   0 12.362g  56196  11244 S   9.1  0.2   0:00.24 java
183637 tcriss    20   0 12.362g  58244  11244 S  18.2  0.2   0:00.26 java
183637 tcriss    20   0 12.362g  58244  11244 S   9.1  0.2   0:00.27 java
183637 tcriss    20   0 12.362g  58244  11244 S   9.1  0.2   0:00.28 java
183637 tcriss    20   0 12.362g  58244  11244 S  18.2  0.2   0:00.30 java
183637 tcriss    20   0 12.362g  58244  11244 S   9.1  0.2   0:00.31 java
183637 tcriss    20   0 12.362g  58244  11244 S  18.2  0.2   0:00.33 java
183637 tcriss    20   0 12.362g  58244  11244 S   9.1  0.2   0:00.34 java
183637 tcriss    20   0 12.362g  58244  11244 S  18.2  0.2   0:00.36 java
183637 tcriss    20   0 12.362g  58244  11244 S   9.1  0.2   0:00.37 java
183637 tcriss    20   0 12.362g  58244  11244 S   9.1  0.2   0:00.38 java
183637 tcriss    20   0 12.362g  58244  11244 S  18.2  0.2   0:00.40 java
183637 tcriss    20   0 12.362g  58244  11244 S   9.1  0.2   0:00.41 java
183637 tcriss    20   0 12.362g  58244  11244 S   9.1  0.2   0:00.42 java
183637 tcriss    20   0 12.362g  58244  11244 S  18.2  0.2   0:00.44 java
183637 tcriss    20   0 12.362g  58244  11244 S   9.1  0.2   0:00.45 java
183637 tcriss    20   0 12.362g  60292  11244 S   9.1  0.2   0:00.46 java
183637 tcriss    20   0 12.362g  60292  11244 S   9.1  0.2   0:00.47 java
183637 tcriss    20   0 12.362g  60292  11244 S  18.2  0.2   0:00.49 java
183637 tcriss    20   0 12.362g  60292  11244 S   9.1  0.2   0:00.50 java
183637 tcriss    20   0 12.362g  60292  11244 S  18.2  0.2   0:00.52 java
183637 tcriss    20   0 12.362g  60292  11244 S  18.2  0.2   0:00.54 java
183637 tcriss    20   0 12.362g  60292  11244 S   9.1  0.2   0:00.55 java
183637 tcriss    20   0 12.362g  60292  11244 S  18.2  0.2   0:00.57 java
183637 tcriss    20   0 12.362g  60292  11244 S   9.1  0.2   0:00.58 java
183637 tcriss    20   0 12.362g  60292  11244 S   9.1  0.2   0:00.59 java
183637 tcriss    20   0 12.362g  60292  11244 S  18.2  0.2   0:00.61 java
183637 tcriss    20   0 12.362g  60292  11244 S   9.1  0.2   0:00.62 java
183637 tcriss    20   0 12.362g  60292  11244 S  18.2  0.2   0:00.64 java
183637 tcriss    20   0 12.362g  60292  11244 S   9.1  0.2   0:00.65 java
183637 tcriss    20   0 12.362g  62340  11244 S  18.2  0.2   0:00.67 java
183637 tcriss    20   0 12.362g  62340  11244 S   9.1  0.2   0:00.68 java
183637 tcriss    20   0 12.362g  62340  11244 S   9.1  0.2   0:00.69 java
183637 tcriss    20   0 12.362g  62340  11244 S  18.2  0.2   0:00.71 java
183637 tcriss    20   0 12.362g  62340  11244 S  16.7  0.2   0:00.73 java
183637 tcriss    20   0 12.362g  62340  11244 S   9.1  0.2   0:00.74 java
183637 tcriss    20   0 12.362g  62340  11244 S  18.2  0.2   0:00.76 java
183637 tcriss    20   0 12.362g  62340  11244 S   9.1  0.2   0:00.77 java
183637 tcriss    20   0 12.362g  62340  11244 S   9.1  0.2   0:00.78 java
183637 tcriss    20   0 12.362g  62340  11244 S  18.2  0.2   0:00.80 java
183637 tcriss    20   0 12.362g  62340  11244 S   9.1  0.2   0:00.81 java
183637 tcriss    20   0 12.362g  62340  11244 S  18.2  0.2   0:00.83 java
183637 tcriss    20   0 12.362g  62340  11244 S   8.3  0.2   0:00.84 java
183637 tcriss    20   0 12.362g  62340  11244 S   9.1  0.2   0:00.85 java
183637 tcriss    20   0 12.362g  64388  11244 S  18.2  0.2   0:00.87 java
183637 tcriss    20   0 12.362g  64388  11244 S   9.1  0.2   0:00.88 java
183637 tcriss    20   0 12.362g  64388  11244 S  18.2  0.2   0:00.90 java
183637 tcriss    20   0 12.362g  64388  11244 S   9.1  0.2   0:00.91 java
183637 tcriss    20   0 12.362g  64388  11244 S  18.2  0.2   0:00.93 java
183637 tcriss    20   0 12.362g  64388  11244 S   9.1  0.2   0:00.94 java
183637 tcriss    20   0 12.362g  64388  11244 S  18.2  0.2   0:00.96 java
183637 tcriss    20   0 12.362g  64388  11244 S   9.1  0.2   0:00.97 java
183637 tcriss    20   0 12.362g  64388  11244 S  18.2  0.2   0:00.99 java
183637 tcriss    20   0 12.362g  64388  11244 S   9.1  0.2   0:01.00 java
183637 tcriss    20   0 12.362g  64388  11244 S  18.2  0.2   0:01.02 java
183637 tcriss    20   0 12.362g  64388  11244 S   9.1  0.2   0:01.03 java
183637 tcriss    20   0 12.362g  64388  11244 S   9.1  0.2   0:01.04 java
183637 tcriss    20   0 12.362g  64388  11244 S  18.2  0.2   0:01.06 java
183637 tcriss    20   0 12.362g  66436  11244 S  18.2  0.2   0:01.08 java
183637 tcriss    20   0 12.362g  66436  11244 S  18.2  0.2   0:01.10 java
183637 tcriss    20   0 12.362g  66436  11244 S   9.1  0.2   0:01.11 java
183637 tcriss    20   0 12.362g  66436  11244 S  18.2  0.2   0:01.13 java
183637 tcriss    20   0 12.362g  66436  11244 S   9.1  0.2   0:01.14 java
183637 tcriss    20   0 12.362g  66436  11244 S  18.2  0.2   0:01.16 java
183637 tcriss    20   0 12.362g  66436  11244 S   9.1  0.2   0:01.17 java
183637 tcriss    20   0 12.362g  66436  11244 S  18.2  0.2   0:01.19 java
183637 tcriss    20   0 12.362g  66436  11244 S   9.1  0.2   0:01.20 java
183637 tcriss    20   0 12.362g  66436  11244 S  18.2  0.2   0:01.22 java
183637 tcriss    20   0 12.362g  66436  11244 S   9.1  0.2   0:01.23 java
183637 tcriss    20   0 12.362g  66436  11244 S  18.2  0.2   0:01.25 java
183637 tcriss    20   0 12.362g  66436  11244 S   9.1  0.2   0:01.26 java
183637 tcriss    20   0 12.362g  66436  11244 S  18.2  0.2   0:01.28 java
183637 tcriss    20   0 12.362g  66436  11244 S   8.3  0.2   0:01.29 java
183637 tcriss    20   0 12.362g  66436  11244 S  18.2  0.2   0:01.31 java
183637 tcriss    20   0 12.362g  66648  11244 S   9.1  0.2   0:01.32 java
183637 tcriss    20   0 12.362g  66648  11244 S  18.2  0.2   0:01.34 java
183637 tcriss    20   0 12.362g  66912  11244 S  18.2  0.2   0:01.36 java
183637 tcriss    20   0 12.362g  66912  11244 S  18.2  0.2   0:01.38 java
183637 tcriss    20   0 12.362g  67176  11244 S   9.1  0.2   0:01.39 java
183637 tcriss    20   0 12.362g  67176  11244 S  18.2  0.2   0:01.41 java
183637 tcriss    20   0 12.362g  67440  11244 S   9.1  0.2   0:01.42 java
183637 tcriss    20   0 12.362g  67440  11244 S  18.2  0.2   0:01.44 java
183637 tcriss    20   0 12.362g  67704  11244 S   9.1  0.2   0:01.45 java
183637 tcriss    20   0 12.362g  67940  11244 S  18.2  0.2   0:01.47 java
183637 tcriss    20   0 12.362g  67940  11244 S   9.1  0.2   0:01.48 java
183637 tcriss    20   0 12.362g  68204  11244 S  18.2  0.2   0:01.50 java
183637 tcriss    20   0 12.362g  68204  11244 S   9.1  0.2   0:01.51 java
183637 tcriss    20   0 12.362g  68432  11244 S  18.2  0.2   0:01.53 java
183637 tcriss    20   0 12.362g  68660  11244 S  18.2  0.2   0:01.55 java
183637 tcriss    20   0 12.362g  68660  11244 S  18.2  0.2   0:01.57 java
183637 tcriss    20   0 12.362g  68924  11244 S  18.2  0.2   0:01.59 java
183637 tcriss    20   0 12.362g  68924  11244 S   9.1  0.2   0:01.60 java
183637 tcriss    20   0 12.362g  69168  11244 S  18.2  0.2   0:01.62 java
183637 tcriss    20   0 12.362g  69168  11244 S   9.1  0.2   0:01.63 java
183637 tcriss    20   0 12.362g  69416  11244 S  18.2  0.2   0:01.65 java
183637 tcriss    20   0 12.362g  69416  11244 S   9.1  0.2   0:01.66 java
183637 tcriss    20   0 12.362g  69680  11244 S  18.2  0.2   0:01.68 java
183637 tcriss    20   0 12.362g  69908  11244 S   9.1  0.2   0:01.69 java
183637 tcriss    20   0 12.362g  69908  11244 S  18.2  0.2   0:01.71 java
183637 tcriss    20   0 12.362g  70172  11244 S  18.2  0.2   0:01.73 java
183637 tcriss    20   0 12.362g  70172  11244 S  18.2  0.2   0:01.75 java
183637 tcriss    20   0 12.362g  70436  11244 S   9.1  0.2   0:01.76 java
183637 tcriss    20   0 12.362g  72484  11244 S  18.2  0.2   0:01.78 java
183637 tcriss    20   0 12.362g  72484  11244 S  18.2  0.2   0:01.80 java
183637 tcriss    20   0 12.362g  72484  11244 S   9.1  0.2   0:01.81 java
183637 tcriss    20   0 12.362g  72484  11244 S  18.2  0.2   0:01.83 java
183637 tcriss    20   0 12.362g  72484  11244 S  18.2  0.2   0:01.85 java
183637 tcriss    20   0 12.362g  72484  11244 S  18.2  0.2   0:01.87 java
183637 tcriss    20   0 12.362g  72484  11244 S   9.1  0.2   0:01.88 java
183637 tcriss    20   0 12.362g  72484  11244 S  18.2  0.2   0:01.90 java
183637 tcriss    20   0 12.362g  72484  11244 S   9.1  0.2   0:01.91 java
183637 tcriss    20   0 12.362g  72484  11244 S  18.2  0.2   0:01.93 java
183637 tcriss    20   0 12.362g  72484  11244 S  18.2  0.2   0:01.95 java
183637 tcriss    20   0 12.362g  72484  11244 S   9.1  0.2   0:01.96 java
183637 tcriss    20   0 12.362g  72484  11244 S  18.2  0.2   0:01.98 java
183637 tcriss    20   0 12.362g  72484  11244 S  18.2  0.2   0:02.00 java
183637 tcriss    20   0 12.362g  72484  11244 S   9.1  0.2   0:02.01 java
183637 tcriss    20   0 12.362g  72620  11244 S  18.2  0.2   0:02.03 java
183637 tcriss    20   0 12.362g  72620  11244 S  18.2  0.2   0:02.05 java
183637 tcriss    20   0 12.362g  72884  11244 S  18.2  0.2   0:02.07 java
183637 tcriss    20   0 12.362g  73140  11244 S  18.2  0.2   0:02.09 java
183637 tcriss    20   0 12.362g  73140  11244 S  18.2  0.2   0:02.11 java
183637 tcriss    20   0 12.362g  73400  11244 S   9.1  0.2   0:02.12 java
183637 tcriss    20   0 12.362g  73400  11244 S  18.2  0.2   0:02.14 java
183637 tcriss    20   0 12.362g  73656  11244 S  18.2  0.2   0:02.16 java
183637 tcriss    20   0 12.362g  73656  11244 S   8.3  0.2   0:02.17 java
183637 tcriss    20   0 12.362g  73920  11244 S  18.2  0.2   0:02.19 java
183637 tcriss    20   0 12.362g  73920  11244 S  18.2  0.2   0:02.21 java
183637 tcriss    20   0 12.362g  74184  11244 S  18.2  0.2   0:02.23 java
183637 tcriss    20   0 12.362g  74296  11244 S  18.2  0.2   0:02.25 java
183637 tcriss    20   0 12.362g  74428  11244 S  18.2  0.2   0:02.27 java
183637 tcriss    20   0 12.362g  74428  11244 S   9.1  0.2   0:02.28 java
183637 tcriss    20   0 12.362g  74688  11244 S  18.2  0.2   0:02.30 java
183637 tcriss    20   0 12.362g  74900  11244 S  18.2  0.2   0:02.32 java
183637 tcriss    20   0 12.362g  74900  11244 S  18.2  0.2   0:02.34 java
183637 tcriss    20   0 12.362g  75164  11244 S   9.1  0.2   0:02.35 java
183637 tcriss    20   0 12.362g  75164  11244 S  18.2  0.2   0:02.37 java
183637 tcriss    20   0 12.362g  75428  11244 S   9.1  0.2   0:02.38 java
183637 tcriss    20   0 12.362g  75428  11244 S  18.2  0.2   0:02.40 java
183637 tcriss    20   0 12.362g  75668  11244 S   9.1  0.2   0:02.41 java
183637 tcriss    20   0 12.362g  75932  11244 S  18.2  0.2   0:02.43 java
183637 tcriss    20   0 12.362g  76172  11300 S   9.1  0.2   0:02.44 java
183637 tcriss    20   0 12.362g  76412  11300 S   9.1  0.2   0:02.45 java
183637 tcriss    20   0 12.362g  76412  11300 S  18.2  0.2   0:02.47 java
183637 tcriss    20   0 12.362g  76668  11300 S  18.2  0.2   0:02.49 java
183637 tcriss    20   0 12.362g  76668  11300 S  16.7  0.2   0:02.51 java
183637 tcriss    20   0 12.362g  76928  11300 S   9.1  0.2   0:02.52 java
183637 tcriss    20   0 12.362g  76928  11300 S  18.2  0.2   0:02.54 java
183637 tcriss    20   0 12.362g  77192  11300 S  27.3  0.2   0:02.57 java
183637 tcriss    20   0 12.362g  77192  11300 S   9.1  0.2   0:02.58 java
183637 tcriss    20   0 12.362g  77456  11300 S  18.2  0.2   0:02.60 java
183637 tcriss    20   0 12.362g  77720  11300 S  18.2  0.2   0:02.62 java
183637 tcriss    20   0 12.362g  77720  11300 S  18.2  0.2   0:02.64 java
183637 tcriss    20   0 12.362g  77984  11300 S  18.2  0.2   0:02.66 java
183637 tcriss    20   0 12.362g  77984  11300 S   9.1  0.2   0:02.67 java
183637 tcriss    20   0 12.362g  78248  11300 S  18.2  0.2   0:02.69 java
183637 tcriss    20   0 12.362g  78248  11300 S  18.2  0.2   0:02.71 java
183637 tcriss    20   0 12.362g  78512  11300 S  18.2  0.2   0:02.73 java
183637 tcriss    20   0 12.362g  78512  11300 S  18.2  0.2   0:02.75 java
183637 tcriss    20   0 12.362g  78776  11300 S   9.1  0.2   0:02.76 java
183637 tcriss    20   0 12.362g  78776  11300 S  18.2  0.2   0:02.78 java
183637 tcriss    20   0 12.362g  79036  11300 S  18.2  0.2   0:02.80 java
183637 tcriss    20   0 12.362g  79036  11300 S  18.2  0.2   0:02.82 java
183637 tcriss    20   0 12.362g  79300  11300 S  27.3  0.2   0:02.85 java
183637 tcriss    20   0 12.362g  79300  11300 S   9.1  0.2   0:02.86 java
183637 tcriss    20   0 12.362g  79564  11300 S  18.2  0.2   0:02.88 java
183637 tcriss    20   0 12.362g  79564  11300 S  18.2  0.2   0:02.90 java
183637 tcriss    20   0 12.362g  79828  11300 S  18.2  0.2   0:02.92 java
183637 tcriss    20   0 12.362g  79828  11300 S  18.2  0.2   0:02.94 java
183637 tcriss    20   0 12.362g  80092  11300 S  18.2  0.2   0:02.96 java
183637 tcriss    20   0 12.362g  80092  11300 S  18.2  0.2   0:02.98 java
183637 tcriss    20   0 12.362g  80356  11300 S  18.2  0.2   0:03.00 java
183637 tcriss    20   0 12.362g  80356  11300 S   9.1  0.2   0:03.01 java
183637 tcriss    20   0 12.362g  80620  11300 S  18.2  0.2   0:03.03 java
183637 tcriss    20   0 12.362g  80900  11300 S  18.2  0.2   0:03.05 java
183637 tcriss    20   0 12.362g  80900  11300 S  18.2  0.2   0:03.07 java
183637 tcriss    20   0 12.362g  81160  11300 S  18.2  0.2   0:03.09 java
183637 tcriss    20   0 12.362g  81160  11300 S  18.2  0.2   0:03.11 java
183637 tcriss    20   0 12.362g  81376  11300 S  18.2  0.3   0:03.13 java
183637 tcriss    20   0 12.362g  81516  11300 S  27.3  0.3   0:03.16 java
183637 tcriss    20   0 12.362g  81692  11300 S  18.2  0.3   0:03.18 java
183637 tcriss    20   0 12.362g  81692  11300 S  18.2  0.3   0:03.20 java
183637 tcriss    20   0 12.362g  81956  11300 S  18.2  0.3   0:03.22 java
183637 tcriss    20   0 12.362g  81956  11300 S   9.1  0.3   0:03.23 java
183637 tcriss    20   0 12.362g  82220  11300 S  18.2  0.3   0:03.25 java
183637 tcriss    20   0 12.362g  82220  11300 S  18.2  0.3   0:03.27 java
183637 tcriss    20   0 12.362g  82484  11300 S  18.2  0.3   0:03.29 java
183637 tcriss    20   0 12.362g  82484  11300 S  18.2  0.3   0:03.31 java
183637 tcriss    20   0 12.362g  82748  11300 S  18.2  0.3   0:03.33 java
183637 tcriss    20   0 12.362g  82748  11300 S  18.2  0.3   0:03.35 java
183637 tcriss    20   0 12.362g  83012  11300 S  18.2  0.3   0:03.37 java
183637 tcriss    20   0 12.362g  83012  11300 S  18.2  0.3   0:03.39 java
183637 tcriss    20   0 12.362g  83272  11300 S   9.1  0.3   0:03.40 java
183637 tcriss    20   0 12.362g  83272  11300 S  18.2  0.3   0:03.42 java
183637 tcriss    20   0 12.362g  83536  11300 S  18.2  0.3   0:03.44 java
183637 tcriss    20   0 12.362g  83536  11300 S  18.2  0.3   0:03.46 java
183637 tcriss    20   0 12.362g  83800  11300 S  27.3  0.3   0:03.49 java
183637 tcriss    20   0 12.362g  83800  11300 S  18.2  0.3   0:03.51 java
183637 tcriss    20   0 12.362g  84064  11300 S  25.0  0.3   0:03.54 java
183637 tcriss    20   0 12.362g  84328  11300 S  18.2  0.3   0:03.56 java
183637 tcriss    20   0 12.362g  84328  11300 S  18.2  0.3   0:03.58 java
183637 tcriss    20   0 12.362g  84592  11300 S   9.1  0.3   0:03.59 java
183637 tcriss    20   0 12.362g  84592  11300 S  18.2  0.3   0:03.61 java
183637 tcriss    20   0 12.362g  84856  11300 S  18.2  0.3   0:03.63 java
183637 tcriss    20   0 12.362g  84856  11300 S  18.2  0.3   0:03.65 java
183637 tcriss    20   0 12.362g  85120  11300 S  18.2  0.3   0:03.67 java
183637 tcriss    20   0 12.362g  85120  11300 S  18.2  0.3   0:03.69 java
183637 tcriss    20   0 12.362g  85380  11300 S  18.2  0.3   0:03.71 java
183637 tcriss    20   0 12.362g  85380  11300 S  18.2  0.3   0:03.73 java
183637 tcriss    20   0 12.362g  85644  11300 S  18.2  0.3   0:03.75 java
183637 tcriss    20   0 12.362g  85644  11300 S  18.2  0.3   0:03.77 java
183637 tcriss    20   0 12.362g  85908  11300 S  27.3  0.3   0:03.80 java
183637 tcriss    20   0 12.362g  85908  11300 S  18.2  0.3   0:03.82 java
183637 tcriss    20   0 12.362g  86172  11300 S  18.2  0.3   0:03.84 java
183637 tcriss    20   0 12.362g  86172  11300 S  18.2  0.3   0:03.86 java
183637 tcriss    20   0 12.362g  86400  11300 S  18.2  0.3   0:03.88 java
183637 tcriss    20   0 12.362g  86556  11300 S   9.1  0.3   0:03.89 java
183637 tcriss    20   0 12.362g  86736  11300 S  27.3  0.3   0:03.92 java
183637 tcriss    20   0 12.362g  86736  11300 S  18.2  0.3   0:03.94 java
183637 tcriss    20   0 12.362g  87000  11300 S   9.1  0.3   0:03.95 java
183637 tcriss    20   0 12.362g  87000  11300 S  27.3  0.3   0:03.98 java
183637 tcriss    20   0 12.362g  87260  11300 S  18.2  0.3   0:04.00 java
183637 tcriss    20   0 12.362g  87260  11300 S  27.3  0.3   0:04.03 java
183637 tcriss    20   0 12.362g  87524  11300 S  18.2  0.3   0:04.05 java
183637 tcriss    20   0 12.362g  87524  11300 S  18.2  0.3   0:04.07 java
183637 tcriss    20   0 12.362g  87788  11300 S  18.2  0.3   0:04.09 java
183637 tcriss    20   0 12.362g  87788  11300 S  18.2  0.3   0:04.11 java
183637 tcriss    20   0 12.362g  88052  11300 S  18.2  0.3   0:04.13 java
183637 tcriss    20   0 12.362g  88052  11300 S  18.2  0.3   0:04.15 java
183637 tcriss    20   0 12.362g  88316  11300 S  18.2  0.3   0:04.17 java
183637 tcriss    20   0 12.362g  88316  11300 S  18.2  0.3   0:04.19 java
183637 tcriss    20   0 12.362g  88580  11300 S  27.3  0.3   0:04.22 java
183637 tcriss    20   0 12.362g  88580  11300 S  18.2  0.3   0:04.24 java
183637 tcriss    20   0 12.362g  88844  11300 S  18.2  0.3   0:04.26 java
183637 tcriss    20   0 12.362g  88844  11300 S  18.2  0.3   0:04.28 java
183637 tcriss    20   0 12.362g  89108  11300 S  18.2  0.3   0:04.30 java
183637 tcriss    20   0 12.362g  89108  11300 S  18.2  0.3   0:04.32 java
183637 tcriss    20   0 12.362g  89368  11300 S  18.2  0.3   0:04.34 java
183637 tcriss    20   0 12.362g  89368  11300 S  18.2  0.3   0:04.36 java
183637 tcriss    20   0 12.362g  89632  11300 S  18.2  0.3   0:04.38 java
183637 tcriss    20   0 12.362g  89632  11300 S  18.2  0.3   0:04.40 java
183637 tcriss    20   0 12.362g  89896  11300 S  27.3  0.3   0:04.43 java
183637 tcriss    20   0 12.362g  89896  11300 S  18.2  0.3   0:04.45 java
183637 tcriss    20   0 12.362g  90160  11300 S  18.2  0.3   0:04.47 java
183637 tcriss    20   0 12.362g  90160  11300 S  18.2  0.3   0:04.49 java
183637 tcriss    20   0 12.362g  90424  11300 S  18.2  0.3   0:04.51 java
183637 tcriss    20   0 12.362g  90424  11300 S  18.2  0.3   0:04.53 java
183637 tcriss    20   0 12.362g  90688  11300 S  18.2  0.3   0:04.55 java
183637 tcriss    20   0 12.362g  90688  11300 S  18.2  0.3   0:04.57 java
183637 tcriss    20   0 12.362g  90952  11300 S  18.2  0.3   0:04.59 java
183637 tcriss    20   0 12.362g  90952  11300 S  18.2  0.3   0:04.61 java
183637 tcriss    20   0 12.362g  91216  11300 S  18.2  0.3   0:04.63 java
183637 tcriss    20   0 12.362g  91216  11300 S  27.3  0.3   0:04.66 java
183637 tcriss    20   0 12.362g  91476  11300 S  16.7  0.3   0:04.68 java
183637 tcriss    20   0 12.362g  91476  11300 S  18.2  0.3   0:04.70 java
183637 tcriss    20   0 12.362g  91740  11300 S  27.3  0.3   0:04.73 java
183637 tcriss    20   0 12.362g  91740  11300 S  18.2  0.3   0:04.75 java
183637 tcriss    20   0 12.362g  92004  11300 S  18.2  0.3   0:04.77 java
183637 tcriss    20   0 12.362g  92004  11300 S  18.2  0.3   0:04.79 java
183637 tcriss    20   0 12.362g  92268  11300 S  18.2  0.3   0:04.81 java
183637 tcriss    20   0 12.362g  92268  11300 S  18.2  0.3   0:04.83 java
183637 tcriss    20   0 12.362g  92532  11300 S  27.3  0.3   0:04.86 java
183637 tcriss    20   0 12.362g  92532  11300 S  18.2  0.3   0:04.88 java
183637 tcriss    20   0 12.362g  92796  11300 S  18.2  0.3   0:04.90 java
183637 tcriss    20   0 12.362g  92796  11300 S  18.2  0.3   0:04.92 java
183637 tcriss    20   0 12.362g  93060  11300 S  18.2  0.3   0:04.94 java
183637 tcriss    20   0 12.362g  93060  11300 S  18.2  0.3   0:04.96 java
183637 tcriss    20   0 12.362g  93324  11300 S  27.3  0.3   0:04.99 java
183637 tcriss    20   0 12.362g  93324  11300 S   9.1  0.3   0:05.00 java
183637 tcriss    20   0 12.362g  93584  11300 S  18.2  0.3   0:05.02 java
183637 tcriss    20   0 12.362g  93584  11300 S  36.4  0.3   0:05.06 java
183637 tcriss    20   0 12.362g  93848  11300 S  18.2  0.3   0:05.08 java
183637 tcriss    20   0 12.362g  93848  11300 S  18.2  0.3   0:05.10 java
183637 tcriss    20   0 12.362g  94112  11300 S  18.2  0.3   0:05.12 java
183637 tcriss    20   0 12.362g  94112  11300 S  18.2  0.3   0:05.14 java
183637 tcriss    20   0 12.362g  94348  11300 S  18.2  0.3   0:05.16 java
183637 tcriss    20   0 12.362g  94348  11300 S  18.2  0.3   0:05.18 java
183637 tcriss    20   0 12.362g  94612  11300 S  18.2  0.3   0:05.20 java
183637 tcriss    20   0 12.362g  94612  11300 S  27.3  0.3   0:05.23 java
183637 tcriss    20   0 12.362g  94876  11300 S  18.2  0.3   0:05.25 java
183637 tcriss    20   0 12.362g  94876  11300 S  18.2  0.3   0:05.27 java
183637 tcriss    20   0 12.362g  95140  11300 S  18.2  0.3   0:05.29 java
183637 tcriss    20   0 12.362g  95140  11300 S  18.2  0.3   0:05.31 java
183637 tcriss    20   0 12.362g  95404  11300 S  27.3  0.3   0:05.34 java
183637 tcriss    20   0 12.362g  95404  11300 S  18.2  0.3   0:05.36 java
183637 tcriss    20   0 12.362g  95664  11300 S  18.2  0.3   0:05.38 java
183637 tcriss    20   0 12.362g  95664  11300 S  18.2  0.3   0:05.40 java
183637 tcriss    20   0 12.362g  95928  11300 S  27.3  0.3   0:05.43 java
183637 tcriss    20   0 12.362g  95928  11300 S  18.2  0.3   0:05.45 java
183637 tcriss    20   0 12.362g  96192  11300 S  18.2  0.3   0:05.47 java
183637 tcriss    20   0 12.362g  96192  11300 S  27.3  0.3   0:05.50 java
183637 tcriss    20   0 12.362g  96456  11300 S  27.3  0.3   0:05.53 java
183637 tcriss    20   0 12.362g  96456  11300 S  18.2  0.3   0:05.55 java
183637 tcriss    20   0 12.362g  96720  11300 S  18.2  0.3   0:05.57 java
183637 tcriss    20   0 12.362g  96720  11300 S  18.2  0.3   0:05.59 java
183637 tcriss    20   0 12.362g  96984  11300 S  18.2  0.3   0:05.61 java
183637 tcriss    20   0 12.362g  96984  11300 S  27.3  0.3   0:05.64 java
183637 tcriss    20   0 12.362g  97248  11300 S  18.2  0.3   0:05.66 java
183637 tcriss    20   0 12.362g  97248  11300 S  18.2  0.3   0:05.68 java
183637 tcriss    20   0 12.362g  97508  11300 S  18.2  0.3   0:05.70 java
183637 tcriss    20   0 12.362g  97508  11300 S  27.3  0.3   0:05.73 java
183637 tcriss    20   0 12.362g  97772  11300 S  18.2  0.3   0:05.75 java
183637 tcriss    20   0 12.362g  97772  11300 S  18.2  0.3   0:05.77 java
183637 tcriss    20   0 12.362g  98036  11300 S  18.2  0.3   0:05.79 java
183637 tcriss    20   0 12.362g  98036  11300 S  27.3  0.3   0:05.82 java
183637 tcriss    20   0 12.362g  98300  11300 S  27.3  0.3   0:05.85 java
183637 tcriss    20   0 12.362g  98300  11300 S  18.2  0.3   0:05.87 java
183637 tcriss    20   0 12.362g  98564  11300 S  18.2  0.3   0:05.89 java
183637 tcriss    20   0 12.362g  98564  11300 S  27.3  0.3   0:05.92 java
183637 tcriss    20   0 12.362g  98828  11300 S  18.2  0.3   0:05.94 java
183637 tcriss    20   0 12.362g  98828  11300 S  18.2  0.3   0:05.96 java
183637 tcriss    20   0 12.362g  99092  11300 S  18.2  0.3   0:05.98 java
183637 tcriss    20   0 12.362g  99092  11300 S  27.3  0.3   0:06.01 java
183637 tcriss    20   0 12.362g  99356  11300 S  18.2  0.3   0:06.03 java
183637 tcriss    20   0 12.362g  99356  11300 S  18.2  0.3   0:06.05 java
183637 tcriss    20   0 12.362g  99616  11300 S  18.2  0.3   0:06.07 java
183637 tcriss    20   0 12.362g  99616  11300 S  25.0  0.3   0:06.10 java
183637 tcriss    20   0 12.362g  99880  11300 S  27.3  0.3   0:06.13 java
183637 tcriss    20   0 12.362g  99880  11300 S  18.2  0.3   0:06.15 java
183637 tcriss    20   0 12.362g 100144  11300 S  18.2  0.3   0:06.17 java
183637 tcriss    20   0 12.362g 100144  11300 S  27.3  0.3   0:06.20 java
183637 tcriss    20   0 12.362g 100408  11300 S  18.2  0.3   0:06.22 java
183637 tcriss    20   0 12.362g 100408  11300 S  18.2  0.3   0:06.24 java
183637 tcriss    20   0 12.362g 100672  11300 S  27.3  0.3   0:06.27 java
183637 tcriss    20   0 12.362g 100672  11300 S  18.2  0.3   0:06.29 java
183637 tcriss    20   0 12.362g 100936  11300 S  18.2  0.3   0:06.31 java
183637 tcriss    20   0 12.362g 100936  11300 S  27.3  0.3   0:06.34 java
183637 tcriss    20   0 12.362g 101200  11300 S  18.2  0.3   0:06.36 java
183637 tcriss    20   0 12.362g 101200  11300 S  18.2  0.3   0:06.38 java
183637 tcriss    20   0 12.362g 101464  11300 S  18.2  0.3   0:06.40 java
183637 tcriss    20   0 12.362g 101464  11300 S  18.2  0.3   0:06.42 java
183637 tcriss    20   0 12.362g 101724  11300 S  27.3  0.3   0:06.45 java
183637 tcriss    20   0 12.362g 101724  11300 S  18.2  0.3   0:06.47 java
183637 tcriss    20   0 12.362g 101988  11300 S  36.4  0.3   0:06.51 java
183637 tcriss    20   0 12.362g 102068  11300 S  18.2  0.3   0:06.53 java
183637 tcriss    20   0 12.362g 102068  11300 S  18.2  0.3   0:06.55 java
183637 tcriss    20   0 12.362g 102284  11300 S  18.2  0.3   0:06.57 java
183637 tcriss    20   0 12.362g 102284  11300 S  27.3  0.3   0:06.60 java
183637 tcriss    20   0 12.362g 102548  11300 S  18.2  0.3   0:06.62 java
183637 tcriss    20   0 12.362g 102548  11300 S  27.3  0.3   0:06.65 java
183637 tcriss    20   0 12.362g 102812  11300 S  18.2  0.3   0:06.67 java
183637 tcriss    20   0 12.362g 102812  11300 S  18.2  0.3   0:06.69 java
