179853 tcriss    20   0 12.299g  25000  10368 S   0.0  0.1   0:00.04 java
179853 tcriss    20   0 12.299g  25000  10368 S   0.0  0.1   0:00.04 java
179853 tcriss    20   0 12.299g  25000  10368 S   0.0  0.1   0:00.04 java
179853 tcriss    20   0 12.362g  52640  10992 S  72.7  0.2   0:00.12 java
179853 tcriss    20   0 12.362g  52640  10992 S   9.1  0.2   0:00.13 java
179853 tcriss    20   0 12.362g  52640  10992 S   9.1  0.2   0:00.14 java
179853 tcriss    20   0 12.362g  55428  11148 S  18.2  0.2   0:00.16 java
179853 tcriss    20   0 12.362g  55428  11148 S   9.1  0.2   0:00.17 java
179853 tcriss    20   0 12.362g  55428  11148 S   9.1  0.2   0:00.18 java
179853 tcriss    20   0 12.362g  55428  11148 S  18.2  0.2   0:00.20 java
179853 tcriss    20   0 12.362g  55428  11148 S   9.1  0.2   0:00.21 java
179853 tcriss    20   0 12.362g  55428  11148 S   9.1  0.2   0:00.22 java
179853 tcriss    20   0 12.362g  55428  11148 S   8.3  0.2   0:00.23 java
179853 tcriss    20   0 12.362g  57476  11148 S  18.2  0.2   0:00.25 java
179853 tcriss    20   0 12.362g  57476  11148 S  18.2  0.2   0:00.27 java
179853 tcriss    20   0 12.362g  57476  11148 S   9.1  0.2   0:00.28 java
179853 tcriss    20   0 12.362g  57476  11148 S  18.2  0.2   0:00.30 java
179853 tcriss    20   0 12.362g  57476  11148 S   9.1  0.2   0:00.31 java
179853 tcriss    20   0 12.362g  57476  11148 S   9.1  0.2   0:00.32 java
179853 tcriss    20   0 12.362g  57476  11148 S  18.2  0.2   0:00.34 java
179853 tcriss    20   0 12.362g  57476  11148 S   9.1  0.2   0:00.35 java
179853 tcriss    20   0 12.362g  57476  11148 S   9.1  0.2   0:00.36 java
179853 tcriss    20   0 12.362g  57476  11148 S   9.1  0.2   0:00.37 java
179853 tcriss    20   0 12.362g  57476  11148 S  18.2  0.2   0:00.39 java
179853 tcriss    20   0 12.362g  57476  11148 S   9.1  0.2   0:00.40 java
179853 tcriss    20   0 12.362g  57476  11148 S   9.1  0.2   0:00.41 java
179853 tcriss    20   0 12.362g  57476  11148 S   9.1  0.2   0:00.42 java
179853 tcriss    20   0 12.362g  57476  11148 S  18.2  0.2   0:00.44 java
179853 tcriss    20   0 12.362g  59524  11148 S   9.1  0.2   0:00.45 java
179853 tcriss    20   0 12.362g  59524  11148 S  18.2  0.2   0:00.47 java
179853 tcriss    20   0 12.362g  59524  11148 S   9.1  0.2   0:00.48 java
179853 tcriss    20   0 12.362g  59524  11148 S   9.1  0.2   0:00.49 java
179853 tcriss    20   0 12.362g  59524  11148 S  18.2  0.2   0:00.51 java
179853 tcriss    20   0 12.362g  59524  11148 S   9.1  0.2   0:00.52 java
179853 tcriss    20   0 12.362g  59524  11148 S   9.1  0.2   0:00.53 java
179853 tcriss    20   0 12.362g  59524  11148 S  27.3  0.2   0:00.56 java
179853 tcriss    20   0 12.362g  59524  11148 S   9.1  0.2   0:00.57 java
179853 tcriss    20   0 12.362g  59524  11148 S   9.1  0.2   0:00.58 java
179853 tcriss    20   0 12.362g  59524  11148 S  18.2  0.2   0:00.60 java
179853 tcriss    20   0 12.362g  59524  11148 S   9.1  0.2   0:00.61 java
179853 tcriss    20   0 12.362g  59524  11148 S   9.1  0.2   0:00.62 java
179853 tcriss    20   0 12.362g  59524  11148 S   9.1  0.2   0:00.63 java
179853 tcriss    20   0 12.362g  61572  11148 S  27.3  0.2   0:00.66 java
179853 tcriss    20   0 12.362g  61572  11148 S   9.1  0.2   0:00.67 java
179853 tcriss    20   0 12.362g  61572  11148 S   9.1  0.2   0:00.68 java
179853 tcriss    20   0 12.362g  61572  11148 S   9.1  0.2   0:00.69 java
179853 tcriss    20   0 12.362g  61572  11148 S  18.2  0.2   0:00.71 java
179853 tcriss    20   0 12.362g  61572  11148 S   9.1  0.2   0:00.72 java
179853 tcriss    20   0 12.362g  61572  11148 S   9.1  0.2   0:00.73 java
179853 tcriss    20   0 12.362g  61572  11148 S  18.2  0.2   0:00.75 java
179853 tcriss    20   0 12.362g  61572  11148 S   9.1  0.2   0:00.76 java
179853 tcriss    20   0 12.362g  61572  11148 S   8.3  0.2   0:00.77 java
179853 tcriss    20   0 12.362g  61572  11148 S  18.2  0.2   0:00.79 java
179853 tcriss    20   0 12.362g  61572  11148 S   9.1  0.2   0:00.80 java
179853 tcriss    20   0 12.362g  61572  11148 S  18.2  0.2   0:00.82 java
179853 tcriss    20   0 12.362g  61572  11148 S  18.2  0.2   0:00.84 java
179853 tcriss    20   0 12.362g  63620  11148 S   9.1  0.2   0:00.85 java
179853 tcriss    20   0 12.362g  63620  11148 S  18.2  0.2   0:00.87 java
179853 tcriss    20   0 12.362g  63620  11148 S   9.1  0.2   0:00.88 java
179853 tcriss    20   0 12.362g  63620  11148 S   9.1  0.2   0:00.89 java
179853 tcriss    20   0 12.362g  63620  11148 S  18.2  0.2   0:00.91 java
179853 tcriss    20   0 12.362g  63620  11148 S   9.1  0.2   0:00.92 java
179853 tcriss    20   0 12.362g  63620  11148 S  18.2  0.2   0:00.94 java
179853 tcriss    20   0 12.362g  63620  11148 S  18.2  0.2   0:00.96 java
179853 tcriss    20   0 12.362g  63620  11148 S   9.1  0.2   0:00.97 java
179853 tcriss    20   0 12.362g  63620  11148 S  16.7  0.2   0:00.99 java
179853 tcriss    20   0 12.362g  63620  11148 S   9.1  0.2   0:01.00 java
179853 tcriss    20   0 12.362g  63620  11148 S  18.2  0.2   0:01.02 java
179853 tcriss    20   0 12.362g  63620  11148 S   9.1  0.2   0:01.03 java
179853 tcriss    20   0 12.362g  63620  11148 S  18.2  0.2   0:01.05 java
179853 tcriss    20   0 12.362g  65668  11148 S   9.1  0.2   0:01.06 java
179853 tcriss    20   0 12.362g  65668  11148 S   9.1  0.2   0:01.07 java
179853 tcriss    20   0 12.362g  65668  11148 S  18.2  0.2   0:01.09 java
179853 tcriss    20   0 12.362g  65668  11148 S   9.1  0.2   0:01.10 java
179853 tcriss    20   0 12.362g  65668  11148 S  18.2  0.2   0:01.12 java
179853 tcriss    20   0 12.362g  65668  11148 S   9.1  0.2   0:01.13 java
179853 tcriss    20   0 12.362g  65668  11148 S  18.2  0.2   0:01.15 java
179853 tcriss    20   0 12.362g  65668  11148 S   9.1  0.2   0:01.16 java
179853 tcriss    20   0 12.362g  65668  11148 S  18.2  0.2   0:01.18 java
179853 tcriss    20   0 12.362g  65668  11148 S   9.1  0.2   0:01.19 java
179853 tcriss    20   0 12.362g  65668  11148 S  18.2  0.2   0:01.21 java
179853 tcriss    20   0 12.362g  65668  11148 S   9.1  0.2   0:01.22 java
179853 tcriss    20   0 12.362g  65668  11148 S   9.1  0.2   0:01.23 java
179853 tcriss    20   0 12.362g  65668  11148 S  18.2  0.2   0:01.25 java
179853 tcriss    20   0 12.362g  65668  11148 S   9.1  0.2   0:01.26 java
179853 tcriss    20   0 12.362g  67716  11148 S  18.2  0.2   0:01.28 java
179853 tcriss    20   0 12.362g  67716  11148 S   9.1  0.2   0:01.29 java
179853 tcriss    20   0 12.362g  67716  11148 S  18.2  0.2   0:01.31 java
179853 tcriss    20   0 12.362g  67716  11148 S   9.1  0.2   0:01.32 java
179853 tcriss    20   0 12.362g  67716  11148 S  18.2  0.2   0:01.34 java
179853 tcriss    20   0 12.362g  67716  11148 S  18.2  0.2   0:01.36 java
179853 tcriss    20   0 12.362g  67716  11148 S  18.2  0.2   0:01.38 java
179853 tcriss    20   0 12.362g  67716  11148 S   9.1  0.2   0:01.39 java
179853 tcriss    20   0 12.362g  67716  11148 S  18.2  0.2   0:01.41 java
179853 tcriss    20   0 12.362g  67716  11148 S   9.1  0.2   0:01.42 java
179853 tcriss    20   0 12.362g  67716  11148 S  18.2  0.2   0:01.44 java
179853 tcriss    20   0 12.362g  67716  11148 S   9.1  0.2   0:01.45 java
179853 tcriss    20   0 12.362g  67716  11148 S   9.1  0.2   0:01.46 java
179853 tcriss    20   0 12.362g  67716  11148 S  18.2  0.2   0:01.48 java
179853 tcriss    20   0 12.362g  69764  11148 S   9.1  0.2   0:01.49 java
179853 tcriss    20   0 12.362g  69764  11148 S  18.2  0.2   0:01.51 java
179853 tcriss    20   0 12.362g  69764  11148 S   9.1  0.2   0:01.52 java
179853 tcriss    20   0 12.362g  69764  11148 S  18.2  0.2   0:01.54 java
179853 tcriss    20   0 12.362g  69764  11148 S   9.1  0.2   0:01.55 java
179853 tcriss    20   0 12.362g  69764  11148 S  27.3  0.2   0:01.58 java
179853 tcriss    20   0 12.362g  69764  11148 S   9.1  0.2   0:01.59 java
179853 tcriss    20   0 12.362g  69764  11148 S  18.2  0.2   0:01.61 java
179853 tcriss    20   0 12.362g  69764  11148 S   9.1  0.2   0:01.62 java
179853 tcriss    20   0 12.362g  70020  11324 S  18.2  0.2   0:01.64 java
179853 tcriss    20   0 12.362g  70020  11324 S   9.1  0.2   0:01.65 java
179853 tcriss    20   0 12.362g  70020  11324 S  18.2  0.2   0:01.67 java
179853 tcriss    20   0 12.362g  70020  11324 S   9.1  0.2   0:01.68 java
179853 tcriss    20   0 12.362g  70020  11324 S  18.2  0.2   0:01.70 java
179853 tcriss    20   0 12.362g  70020  11324 S   9.1  0.2   0:01.71 java
179853 tcriss    20   0 12.362g  72068  11324 S  18.2  0.2   0:01.73 java
179853 tcriss    20   0 12.362g  72068  11324 S   9.1  0.2   0:01.74 java
179853 tcriss    20   0 12.362g  72068  11324 S  18.2  0.2   0:01.76 java
179853 tcriss    20   0 12.362g  72068  11324 S   9.1  0.2   0:01.77 java
179853 tcriss    20   0 12.362g  72068  11324 S  27.3  0.2   0:01.80 java
179853 tcriss    20   0 12.362g  72068  11324 S   9.1  0.2   0:01.81 java
179853 tcriss    20   0 12.362g  72068  11324 S  18.2  0.2   0:01.83 java
179853 tcriss    20   0 12.362g  72068  11324 S   9.1  0.2   0:01.84 java
179853 tcriss    20   0 12.362g  72068  11324 S  18.2  0.2   0:01.86 java
179853 tcriss    20   0 12.362g  72068  11324 S  18.2  0.2   0:01.88 java
179853 tcriss    20   0 12.362g  72068  11324 S   9.1  0.2   0:01.89 java
179853 tcriss    20   0 12.362g  72068  11324 S  18.2  0.2   0:01.91 java
179853 tcriss    20   0 12.362g  72068  11324 S   9.1  0.2   0:01.92 java
179853 tcriss    20   0 12.362g  72068  11324 S  18.2  0.2   0:01.94 java
179853 tcriss    20   0 12.362g  74116  11324 S   9.1  0.2   0:01.95 java
179853 tcriss    20   0 12.362g  74116  11324 S  18.2  0.2   0:01.97 java
179853 tcriss    20   0 12.362g  74116  11324 S   9.1  0.2   0:01.98 java
179853 tcriss    20   0 12.362g  74116  11324 S  18.2  0.2   0:02.00 java
179853 tcriss    20   0 12.362g  74116  11324 S   9.1  0.2   0:02.01 java
179853 tcriss    20   0 12.362g  74116  11324 S  27.3  0.2   0:02.04 java
179853 tcriss    20   0 12.362g  74116  11324 S   9.1  0.2   0:02.05 java
179853 tcriss    20   0 12.362g  74116  11324 S  18.2  0.2   0:02.07 java
179853 tcriss    20   0 12.362g  74116  11324 S   9.1  0.2   0:02.08 java
179853 tcriss    20   0 12.362g  74116  11324 S  18.2  0.2   0:02.10 java
179853 tcriss    20   0 12.362g  74116  11324 S  18.2  0.2   0:02.12 java
179853 tcriss    20   0 12.362g  74116  11324 S   9.1  0.2   0:02.13 java
179853 tcriss    20   0 12.362g  74116  11324 S  18.2  0.2   0:02.15 java
179853 tcriss    20   0 12.362g  74116  11324 S  18.2  0.2   0:02.17 java
179853 tcriss    20   0 12.362g  74116  11324 S   9.1  0.2   0:02.18 java
179853 tcriss    20   0 12.362g  76164  11324 S  18.2  0.2   0:02.20 java
179853 tcriss    20   0 12.362g  76164  11324 S   9.1  0.2   0:02.21 java
179853 tcriss    20   0 12.362g  76164  11324 S  18.2  0.2   0:02.23 java
179853 tcriss    20   0 12.362g  76164  11324 S  18.2  0.2   0:02.25 java
179853 tcriss    20   0 12.362g  76164  11324 S  18.2  0.2   0:02.27 java
179853 tcriss    20   0 12.362g  76164  11324 S  18.2  0.2   0:02.29 java
179853 tcriss    20   0 12.362g  76164  11324 S   9.1  0.2   0:02.30 java
179853 tcriss    20   0 12.362g  76164  11324 S  18.2  0.2   0:02.32 java
179853 tcriss    20   0 12.362g  76164  11324 S  18.2  0.2   0:02.34 java
179853 tcriss    20   0 12.362g  76164  11324 S  18.2  0.2   0:02.36 java
179853 tcriss    20   0 12.362g  76352  11472 S   9.1  0.2   0:02.37 java
179853 tcriss    20   0 12.362g  76352  11472 S  18.2  0.2   0:02.39 java
179853 tcriss    20   0 12.362g  76352  11472 S  18.2  0.2   0:02.41 java
179853 tcriss    20   0 12.362g  76352  11472 S  18.2  0.2   0:02.43 java
179853 tcriss    20   0 12.362g  78400  11472 S  18.2  0.2   0:02.45 java
179853 tcriss    20   0 12.362g  78400  11472 S  18.2  0.2   0:02.47 java
179853 tcriss    20   0 12.362g  78400  11472 S   9.1  0.2   0:02.48 java
179853 tcriss    20   0 12.362g  78400  11472 S  18.2  0.2   0:02.50 java
179853 tcriss    20   0 12.362g  78400  11472 S  18.2  0.2   0:02.52 java
179853 tcriss    20   0 12.362g  78400  11472 S  18.2  0.2   0:02.54 java
179853 tcriss    20   0 12.362g  78400  11472 S   9.1  0.2   0:02.55 java
179853 tcriss    20   0 12.362g  78400  11472 S  18.2  0.2   0:02.57 java
179853 tcriss    20   0 12.362g  78400  11472 S  18.2  0.2   0:02.59 java
179853 tcriss    20   0 12.362g  78400  11472 S  18.2  0.2   0:02.61 java
179853 tcriss    20   0 12.362g  78400  11472 S   9.1  0.2   0:02.62 java
179853 tcriss    20   0 12.362g  78400  11472 S  18.2  0.2   0:02.64 java
179853 tcriss    20   0 12.362g  78400  11472 S  18.2  0.2   0:02.66 java
179853 tcriss    20   0 12.362g  78400  11472 S  18.2  0.2   0:02.68 java
179853 tcriss    20   0 12.362g  78400  11472 S   9.1  0.2   0:02.69 java
179853 tcriss    20   0 12.362g  80448  11472 S  18.2  0.2   0:02.71 java
179853 tcriss    20   0 12.362g  80448  11472 S  18.2  0.2   0:02.73 java
179853 tcriss    20   0 12.362g  80448  11472 S  18.2  0.2   0:02.75 java
179853 tcriss    20   0 12.362g  80448  11472 S   9.1  0.2   0:02.76 java
179853 tcriss    20   0 12.362g  80448  11472 S  18.2  0.2   0:02.78 java
179853 tcriss    20   0 12.362g  80448  11472 S  18.2  0.2   0:02.80 java
179853 tcriss    20   0 12.362g  80448  11472 S  18.2  0.2   0:02.82 java
179853 tcriss    20   0 12.362g  80448  11472 S  18.2  0.2   0:02.84 java
179853 tcriss    20   0 12.362g  80448  11472 S   9.1  0.2   0:02.85 java
179853 tcriss    20   0 12.362g  80448  11472 S  18.2  0.2   0:02.87 java
179853 tcriss    20   0 12.362g  80448  11472 S  18.2  0.2   0:02.89 java
179853 tcriss    20   0 12.362g  80448  11472 S   9.1  0.2   0:02.90 java
179853 tcriss    20   0 12.362g  80448  11472 S  27.3  0.2   0:02.93 java
179853 tcriss    20   0 12.362g  80484  11472 S  18.2  0.2   0:02.95 java
179853 tcriss    20   0 12.362g  80484  11472 S  18.2  0.2   0:02.97 java
179853 tcriss    20   0 12.362g  82532  11472 S  18.2  0.3   0:02.99 java
179853 tcriss    20   0 12.362g  82532  11472 S   9.1  0.3   0:03.00 java
179853 tcriss    20   0 12.362g  82532  11472 S  18.2  0.3   0:03.02 java
179853 tcriss    20   0 12.362g  82532  11472 S  18.2  0.3   0:03.04 java
179853 tcriss    20   0 12.362g  82532  11472 S  18.2  0.3   0:03.06 java
179853 tcriss    20   0 12.362g  82532  11472 S   9.1  0.3   0:03.07 java
179853 tcriss    20   0 12.362g  82532  11472 S  18.2  0.3   0:03.09 java
179853 tcriss    20   0 12.362g  82532  11472 S  18.2  0.3   0:03.11 java
179853 tcriss    20   0 12.362g  82532  11472 S  18.2  0.3   0:03.13 java
179853 tcriss    20   0 12.362g  82532  11472 S   9.1  0.3   0:03.14 java
179853 tcriss    20   0 12.362g  82532  11472 S  18.2  0.3   0:03.16 java
179853 tcriss    20   0 12.362g  82532  11472 S  27.3  0.3   0:03.19 java
179853 tcriss    20   0 12.362g  82532  11472 S   9.1  0.3   0:03.20 java
179853 tcriss    20   0 12.362g  82532  11472 S  18.2  0.3   0:03.22 java
179853 tcriss    20   0 12.362g  82532  11472 S  18.2  0.3   0:03.24 java
179853 tcriss    20   0 12.362g  84580  11472 S  18.2  0.3   0:03.26 java
179853 tcriss    20   0 12.362g  84580  11472 S  18.2  0.3   0:03.28 java
179853 tcriss    20   0 12.362g  84580  11472 S   9.1  0.3   0:03.29 java
179853 tcriss    20   0 12.362g  84580  11472 S  18.2  0.3   0:03.31 java
179853 tcriss    20   0 12.362g  84580  11472 S  27.3  0.3   0:03.34 java
179853 tcriss    20   0 12.362g  84580  11472 S  18.2  0.3   0:03.36 java
179853 tcriss    20   0 12.362g  84580  11472 S  18.2  0.3   0:03.38 java
179853 tcriss    20   0 12.362g  84580  11472 S  18.2  0.3   0:03.40 java
179853 tcriss    20   0 12.362g  84580  11472 S   9.1  0.3   0:03.41 java
179853 tcriss    20   0 12.362g  84580  11472 S  18.2  0.3   0:03.43 java
179853 tcriss    20   0 12.362g  84580  11472 S  18.2  0.3   0:03.45 java
179853 tcriss    20   0 12.362g  84580  11472 S  18.2  0.3   0:03.47 java
179853 tcriss    20   0 12.362g  84580  11472 S  18.2  0.3   0:03.49 java
179853 tcriss    20   0 12.362g  84580  11472 S  18.2  0.3   0:03.51 java
179853 tcriss    20   0 12.362g  84580  11472 S  18.2  0.3   0:03.53 java
179853 tcriss    20   0 12.362g  84584  11472 S   9.1  0.3   0:03.54 java
179853 tcriss    20   0 12.362g  84584  11472 S  18.2  0.3   0:03.56 java
179853 tcriss    20   0 12.362g  84848  11472 S  18.2  0.3   0:03.58 java
179853 tcriss    20   0 12.362g  84848  11472 S  18.2  0.3   0:03.60 java
179853 tcriss    20   0 12.362g  85112  11472 S  18.2  0.3   0:03.62 java
179853 tcriss    20   0 12.362g  85112  11472 S  20.0  0.3   0:03.64 java
179853 tcriss    20   0 12.362g  85376  11472 S  18.2  0.3   0:03.66 java
179853 tcriss    20   0 12.362g  85376  11472 S  18.2  0.3   0:03.68 java
179853 tcriss    20   0 12.362g  85640  11472 S  18.2  0.3   0:03.70 java
179853 tcriss    20   0 12.362g  85640  11472 S  18.2  0.3   0:03.72 java
179853 tcriss    20   0 12.362g  85904  11472 S  18.2  0.3   0:03.74 java
179853 tcriss    20   0 12.362g  85904  11472 S  18.2  0.3   0:03.76 java
179853 tcriss    20   0 12.362g  86168  11472 S  16.7  0.3   0:03.78 java
179853 tcriss    20   0 12.362g  86168  11472 S  18.2  0.3   0:03.80 java
179853 tcriss    20   0 12.362g  86660  11616 S  18.2  0.3   0:03.82 java
179853 tcriss    20   0 12.362g  88904  11616 S  18.2  0.3   0:03.84 java
179853 tcriss    20   0 12.362g  88904  11616 S   9.1  0.3   0:03.85 java
179853 tcriss    20   0 12.362g  88904  11616 S  18.2  0.3   0:03.87 java
179853 tcriss    20   0 12.362g  88904  11616 S  18.2  0.3   0:03.89 java
179853 tcriss    20   0 12.362g  88904  11616 S  27.3  0.3   0:03.92 java
179853 tcriss    20   0 12.362g  88904  11616 S  20.0  0.3   0:03.94 java
179853 tcriss    20   0 12.362g  88904  11616 S  18.2  0.3   0:03.96 java
179853 tcriss    20   0 12.362g  88904  11616 S  18.2  0.3   0:03.98 java
179853 tcriss    20   0 12.362g  88904  11616 S  18.2  0.3   0:04.00 java
179853 tcriss    20   0 12.362g  88904  11616 S  18.2  0.3   0:04.02 java
179853 tcriss    20   0 12.362g  88904  11616 S   9.1  0.3   0:04.03 java
179853 tcriss    20   0 12.362g  88904  11616 S  18.2  0.3   0:04.05 java
179853 tcriss    20   0 12.362g  88904  11616 S  18.2  0.3   0:04.07 java
179853 tcriss    20   0 12.362g  88904  11616 S  18.2  0.3   0:04.09 java
179853 tcriss    20   0 12.362g  88904  11616 S  18.2  0.3   0:04.11 java
179853 tcriss    20   0 12.362g  88904  11616 S  18.2  0.3   0:04.13 java
179853 tcriss    20   0 12.362g  88960  11616 S  18.2  0.3   0:04.15 java
179853 tcriss    20   0 12.362g  89224  11616 S  18.2  0.3   0:04.17 java
179853 tcriss    20   0 12.362g  89224  11616 S   9.1  0.3   0:04.18 java
179853 tcriss    20   0 12.362g  89488  11616 S  27.3  0.3   0:04.21 java
179853 tcriss    20   0 12.362g  89488  11616 S  18.2  0.3   0:04.23 java
179853 tcriss    20   0 12.362g  89752  11616 S  18.2  0.3   0:04.25 java
179853 tcriss    20   0 12.362g  89752  11616 S  18.2  0.3   0:04.27 java
179853 tcriss    20   0 12.362g  90016  11616 S  18.2  0.3   0:04.29 java
179853 tcriss    20   0 12.362g  90016  11616 S  18.2  0.3   0:04.31 java
179853 tcriss    20   0 12.362g  90280  11616 S  18.2  0.3   0:04.33 java
179853 tcriss    20   0 12.362g  90280  11616 S  18.2  0.3   0:04.35 java
179853 tcriss    20   0 12.362g  90544  11616 S  18.2  0.3   0:04.37 java
179853 tcriss    20   0 12.362g  90544  11616 S  18.2  0.3   0:04.39 java
179853 tcriss    20   0 12.362g  90808  11616 S  18.2  0.3   0:04.41 java
179853 tcriss    20   0 12.362g  90808  11616 S  18.2  0.3   0:04.43 java
179853 tcriss    20   0 12.362g  91068  11616 S  18.2  0.3   0:04.45 java
179853 tcriss    20   0 12.362g  91068  11616 S  18.2  0.3   0:04.47 java
179853 tcriss    20   0 12.362g  91332  11616 S  27.3  0.3   0:04.50 java
179853 tcriss    20   0 12.362g  91332  11616 S  18.2  0.3   0:04.52 java
179853 tcriss    20   0 12.362g  91596  11616 S  18.2  0.3   0:04.54 java
179853 tcriss    20   0 12.362g  91596  11616 S  18.2  0.3   0:04.56 java
179853 tcriss    20   0 12.362g  91860  11616 S   9.1  0.3   0:04.57 java
179853 tcriss    20   0 12.362g  91860  11616 S  27.3  0.3   0:04.60 java
179853 tcriss    20   0 12.362g  92124  11616 S   9.1  0.3   0:04.61 java
179853 tcriss    20   0 12.362g  92124  11616 S  27.3  0.3   0:04.64 java
179853 tcriss    20   0 12.362g  92388  11616 S  18.2  0.3   0:04.66 java
179853 tcriss    20   0 12.362g  92388  11616 S  18.2  0.3   0:04.68 java
179853 tcriss    20   0 12.362g  92652  11616 S  18.2  0.3   0:04.70 java
179853 tcriss    20   0 12.362g  92852  11672 S  18.2  0.3   0:04.72 java
179853 tcriss    20   0 12.362g  93116  11672 S  18.2  0.3   0:04.74 java
179853 tcriss    20   0 12.362g  93116  11672 S  27.3  0.3   0:04.77 java
179853 tcriss    20   0 12.362g  93376  11672 S  18.2  0.3   0:04.79 java
179853 tcriss    20   0 12.362g  93376  11672 S  18.2  0.3   0:04.81 java
179853 tcriss    20   0 12.362g  93640  11672 S  18.2  0.3   0:04.83 java
179853 tcriss    20   0 12.362g  93640  11672 S  18.2  0.3   0:04.85 java
179853 tcriss    20   0 12.362g  93904  11672 S  18.2  0.3   0:04.87 java
179853 tcriss    20   0 12.362g  93904  11672 S  18.2  0.3   0:04.89 java
179853 tcriss    20   0 12.362g  94168  11672 S  18.2  0.3   0:04.91 java
179853 tcriss    20   0 12.362g  94168  11672 S  18.2  0.3   0:04.93 java
179853 tcriss    20   0 12.362g  94432  11672 S  18.2  0.3   0:04.95 java
179853 tcriss    20   0 12.362g  94432  11672 S  18.2  0.3   0:04.97 java
179853 tcriss    20   0 12.362g  94696  11672 S  18.2  0.3   0:04.99 java
179853 tcriss    20   0 12.362g  94696  11672 S  27.3  0.3   0:05.02 java
179853 tcriss    20   0 12.362g  94960  11672 S  18.2  0.3   0:05.04 java
179853 tcriss    20   0 12.362g  95140  11672 S  18.2  0.3   0:05.06 java
179853 tcriss    20   0 12.362g  95140  11672 S  18.2  0.3   0:05.08 java
179853 tcriss    20   0 12.362g  95332  11672 S  27.3  0.3   0:05.11 java
179853 tcriss    20   0 12.362g  95332  11672 S  18.2  0.3   0:05.13 java
179853 tcriss    20   0 12.362g  95596  11672 S  18.2  0.3   0:05.15 java
179853 tcriss    20   0 12.362g  95596  11672 S  18.2  0.3   0:05.17 java
179853 tcriss    20   0 12.362g  95860  11672 S  18.2  0.3   0:05.19 java
179853 tcriss    20   0 12.362g  95860  11672 S  18.2  0.3   0:05.21 java
179853 tcriss    20   0 12.362g  96124  11672 S  18.2  0.3   0:05.23 java
179853 tcriss    20   0 12.362g  96352  11672 S  18.2  0.3   0:05.25 java
179853 tcriss    20   0 12.362g  96352  11672 S  18.2  0.3   0:05.27 java
179853 tcriss    20   0 12.362g  96616  11672 S  27.3  0.3   0:05.30 java
179853 tcriss    20   0 12.362g  96616  11672 S  18.2  0.3   0:05.32 java
179853 tcriss    20   0 12.362g  96848  11672 S  27.3  0.3   0:05.35 java
179853 tcriss    20   0 12.362g  96848  11672 S  18.2  0.3   0:05.37 java
179853 tcriss    20   0 12.362g  97112  11672 S  18.2  0.3   0:05.39 java
179853 tcriss    20   0 12.362g  97112  11672 S  18.2  0.3   0:05.41 java
179853 tcriss    20   0 12.362g  97372  11672 S  18.2  0.3   0:05.43 java
179853 tcriss    20   0 12.362g  97372  11672 S  18.2  0.3   0:05.45 java
179853 tcriss    20   0 12.362g  97636  11672 S  18.2  0.3   0:05.47 java
179853 tcriss    20   0 12.362g  97636  11672 S  18.2  0.3   0:05.49 java
179853 tcriss    20   0 12.362g  97900  11672 S  18.2  0.3   0:05.51 java
179853 tcriss    20   0 12.362g  97900  11672 S  27.3  0.3   0:05.54 java
179853 tcriss    20   0 12.362g  98164  11672 S  18.2  0.3   0:05.56 java
179853 tcriss    20   0 12.362g  98164  11672 S  27.3  0.3   0:05.59 java
179853 tcriss    20   0 12.362g  98428  11672 S  18.2  0.3   0:05.61 java
179853 tcriss    20   0 12.362g  98428  11672 S  18.2  0.3   0:05.63 java
179853 tcriss    20   0 12.362g  98692  11672 S  18.2  0.3   0:05.65 java
179853 tcriss    20   0 12.362g  98692  11672 S  18.2  0.3   0:05.67 java
179853 tcriss    20   0 12.362g  98956  11672 S  18.2  0.3   0:05.69 java
179853 tcriss    20   0 12.362g  98956  11672 S  27.3  0.3   0:05.72 java
179853 tcriss    20   0 12.362g  99220  11672 S  18.2  0.3   0:05.74 java
179853 tcriss    20   0 12.362g  99220  11672 S  27.3  0.3   0:05.77 java
179853 tcriss    20   0 12.362g  99480  11672 S  18.2  0.3   0:05.79 java
179853 tcriss    20   0 12.362g  99480  11672 S  18.2  0.3   0:05.81 java
179853 tcriss    20   0 12.362g  99744  11672 S  18.2  0.3   0:05.83 java
179853 tcriss    20   0 12.362g  99744  11672 S  27.3  0.3   0:05.86 java
179853 tcriss    20   0 12.362g 100008  11672 S  18.2  0.3   0:05.88 java
179853 tcriss    20   0 12.362g 100008  11672 S  18.2  0.3   0:05.90 java
179853 tcriss    20   0 12.362g 100272  11672 S  18.2  0.3   0:05.92 java
179853 tcriss    20   0 12.362g 100272  11672 S  18.2  0.3   0:05.94 java
179853 tcriss    20   0 12.362g 100536  11672 S  18.2  0.3   0:05.96 java
179853 tcriss    20   0 12.362g 100536  11672 S  27.3  0.3   0:05.99 java
179853 tcriss    20   0 12.362g 100800  11672 S  18.2  0.3   0:06.01 java
179853 tcriss    20   0 12.362g 100800  11672 S  27.3  0.3   0:06.04 java
179853 tcriss    20   0 12.362g 101064  11672 S  18.2  0.3   0:06.06 java
179853 tcriss    20   0 12.362g 101064  11672 S  18.2  0.3   0:06.08 java
179853 tcriss    20   0 12.362g 101328  11672 S  27.3  0.3   0:06.11 java
179853 tcriss    20   0 12.362g 101328  11672 S  18.2  0.3   0:06.13 java
179853 tcriss    20   0 12.362g 101588  11672 S  18.2  0.3   0:06.15 java
179853 tcriss    20   0 12.362g 101588  11672 S  18.2  0.3   0:06.17 java
179853 tcriss    20   0 12.362g 101852  11672 S  18.2  0.3   0:06.19 java
179853 tcriss    20   0 12.362g 101852  11672 S  27.3  0.3   0:06.22 java
179853 tcriss    20   0 12.362g 102116  11672 S  18.2  0.3   0:06.24 java
179853 tcriss    20   0 12.362g 102116  11672 S  18.2  0.3   0:06.26 java
179853 tcriss    20   0 12.362g 102380  11672 S  18.2  0.3   0:06.28 java
179853 tcriss    20   0 12.362g 102380  11672 S  18.2  0.3   0:06.30 java
179853 tcriss    20   0 12.362g 102644  11672 S  27.3  0.3   0:06.33 java
179853 tcriss    20   0 12.362g 102644  11672 S  18.2  0.3   0:06.35 java
183479 tcriss    20   0 12.362g  53564  11372 S  50.0  0.2   0:00.11 java
183479 tcriss    20   0 12.362g  53564  11372 S  18.2  0.2   0:00.13 java
183479 tcriss    20   0 12.362g  53564  11372 S  18.2  0.2   0:00.15 java
183479 tcriss    20   0 12.362g  56352  11528 S   9.1  0.2   0:00.16 java
183479 tcriss    20   0 12.362g  56352  11528 S   9.1  0.2   0:00.17 java
183479 tcriss    20   0 12.362g  56352  11528 S  18.2  0.2   0:00.19 java
183479 tcriss    20   0 12.362g  56352  11528 S   9.1  0.2   0:00.20 java
183479 tcriss    20   0 12.362g  56352  11528 S   9.1  0.2   0:00.21 java
183479 tcriss    20   0 12.362g  56352  11528 S   8.3  0.2   0:00.22 java
183479 tcriss    20   0 12.362g  56352  11528 S  18.2  0.2   0:00.24 java
183479 tcriss    20   0 12.362g  58400  11528 S   9.1  0.2   0:00.25 java
183479 tcriss    20   0 12.362g  58400  11528 S   9.1  0.2   0:00.26 java
183479 tcriss    20   0 12.362g  58400  11528 S  18.2  0.2   0:00.28 java
183479 tcriss    20   0 12.362g  58400  11528 S   9.1  0.2   0:00.29 java
183479 tcriss    20   0 12.362g  58400  11528 S  18.2  0.2   0:00.31 java
183479 tcriss    20   0 12.362g  58400  11528 S   9.1  0.2   0:00.32 java
183479 tcriss    20   0 12.362g  58400  11528 S  18.2  0.2   0:00.34 java
183479 tcriss    20   0 12.362g  58400  11528 S   9.1  0.2   0:00.35 java
183479 tcriss    20   0 12.362g  58400  11528 S   9.1  0.2   0:00.36 java
183479 tcriss    20   0 12.362g  58400  11528 S  18.2  0.2   0:00.38 java
183479 tcriss    20   0 12.362g  58400  11528 S   9.1  0.2   0:00.39 java
183479 tcriss    20   0 12.362g  58400  11528 S   9.1  0.2   0:00.40 java
183479 tcriss    20   0 12.362g  58400  11528 S  18.2  0.2   0:00.42 java
183479 tcriss    20   0 12.362g  58400  11528 S   9.1  0.2   0:00.43 java
183479 tcriss    20   0 12.362g  58400  11528 S   9.1  0.2   0:00.44 java
183479 tcriss    20   0 12.362g  60448  11528 S  18.2  0.2   0:00.46 java
183479 tcriss    20   0 12.362g  60448  11528 S   9.1  0.2   0:00.47 java
183479 tcriss    20   0 12.362g  60448  11528 S  18.2  0.2   0:00.49 java
183479 tcriss    20   0 12.362g  60448  11528 S   9.1  0.2   0:00.50 java
183479 tcriss    20   0 12.362g  60448  11528 S   9.1  0.2   0:00.51 java
183479 tcriss    20   0 12.362g  60448  11528 S  18.2  0.2   0:00.53 java
183479 tcriss    20   0 12.362g  60448  11528 S   9.1  0.2   0:00.54 java
183479 tcriss    20   0 12.362g  60448  11528 S   9.1  0.2   0:00.55 java
183479 tcriss    20   0 12.362g  60448  11528 S   9.1  0.2   0:00.56 java
183479 tcriss    20   0 12.362g  60448  11528 S  18.2  0.2   0:00.58 java
183479 tcriss    20   0 12.362g  60448  11528 S   8.3  0.2   0:00.59 java
183479 tcriss    20   0 12.362g  60448  11528 S  18.2  0.2   0:00.61 java
183479 tcriss    20   0 12.362g  60448  11528 S   9.1  0.2   0:00.62 java
183479 tcriss    20   0 12.362g  60448  11528 S  18.2  0.2   0:00.64 java
183479 tcriss    20   0 12.362g  62496  11528 S   9.1  0.2   0:00.65 java
183479 tcriss    20   0 12.362g  62496  11528 S  18.2  0.2   0:00.67 java
183479 tcriss    20   0 12.362g  62496  11528 S   9.1  0.2   0:00.68 java
183479 tcriss    20   0 12.362g  62496  11528 S  18.2  0.2   0:00.70 java
183479 tcriss    20   0 12.362g  62496  11528 S   9.1  0.2   0:00.71 java
183479 tcriss    20   0 12.362g  62496  11528 S   9.1  0.2   0:00.72 java
183479 tcriss    20   0 12.362g  62496  11528 S  18.2  0.2   0:00.74 java
183479 tcriss    20   0 12.362g  62496  11528 S   9.1  0.2   0:00.75 java
183479 tcriss    20   0 12.362g  62496  11528 S   9.1  0.2   0:00.76 java
183479 tcriss    20   0 12.362g  62496  11528 S  18.2  0.2   0:00.78 java
183479 tcriss    20   0 12.362g  62496  11528 S   9.1  0.2   0:00.79 java
183479 tcriss    20   0 12.362g  62496  11528 S  18.2  0.2   0:00.81 java
183479 tcriss    20   0 12.362g  62496  11528 S  18.2  0.2   0:00.83 java
183479 tcriss    20   0 12.362g  62496  11528 S   9.1  0.2   0:00.84 java
183479 tcriss    20   0 12.362g  64544  11528 S   9.1  0.2   0:00.85 java
183479 tcriss    20   0 12.362g  64544  11528 S  18.2  0.2   0:00.87 java
183479 tcriss    20   0 12.362g  64544  11528 S   9.1  0.2   0:00.88 java
183479 tcriss    20   0 12.362g  64544  11528 S  18.2  0.2   0:00.90 java
183479 tcriss    20   0 12.362g  64544  11528 S   9.1  0.2   0:00.91 java
183479 tcriss    20   0 12.362g  64544  11528 S   9.1  0.2   0:00.92 java
183479 tcriss    20   0 12.362g  64544  11528 S  18.2  0.2   0:00.94 java
183479 tcriss    20   0 12.362g  64544  11528 S   9.1  0.2   0:00.95 java
183479 tcriss    20   0 12.362g  64544  11528 S  27.3  0.2   0:00.98 java
183479 tcriss    20   0 12.362g  64544  11528 S   9.1  0.2   0:00.99 java
183479 tcriss    20   0 12.362g  64544  11528 S  18.2  0.2   0:01.01 java
183479 tcriss    20   0 12.362g  64544  11528 S   9.1  0.2   0:01.02 java
183479 tcriss    20   0 12.362g  64544  11528 S  18.2  0.2   0:01.04 java
183479 tcriss    20   0 12.362g  64544  11528 S   9.1  0.2   0:01.05 java
183479 tcriss    20   0 12.362g  66592  11528 S  18.2  0.2   0:01.07 java
183479 tcriss    20   0 12.362g  66592  11528 S   9.1  0.2   0:01.08 java
183479 tcriss    20   0 12.362g  66592  11528 S  18.2  0.2   0:01.10 java
183479 tcriss    20   0 12.362g  66592  11528 S   9.1  0.2   0:01.11 java
183479 tcriss    20   0 12.362g  66592  11528 S  18.2  0.2   0:01.13 java
183479 tcriss    20   0 12.362g  66592  11528 S   9.1  0.2   0:01.14 java
183479 tcriss    20   0 12.362g  66592  11528 S   9.1  0.2   0:01.15 java
183479 tcriss    20   0 12.362g  66592  11528 S  18.2  0.2   0:01.17 java
183479 tcriss    20   0 12.362g  66592  11528 S   9.1  0.2   0:01.18 java
183479 tcriss    20   0 12.362g  66592  11528 S   9.1  0.2   0:01.19 java
183479 tcriss    20   0 12.362g  66592  11528 S   9.1  0.2   0:01.20 java
183479 tcriss    20   0 12.362g  66592  11528 S   9.1  0.2   0:01.21 java
183479 tcriss    20   0 12.362g  66592  11528 S  18.2  0.2   0:01.23 java
183479 tcriss    20   0 12.362g  66592  11528 S   9.1  0.2   0:01.24 java
183479 tcriss    20   0 12.362g  66592  11528 S   9.1  0.2   0:01.25 java
183479 tcriss    20   0 12.362g  66592  11528 S  18.2  0.2   0:01.27 java
183479 tcriss    20   0 12.362g  66748  11528 S   9.1  0.2   0:01.28 java
183479 tcriss    20   0 12.362g  66956  11528 S  18.2  0.2   0:01.30 java
183479 tcriss    20   0 12.362g  67100  11528 S  18.2  0.2   0:01.32 java
183479 tcriss    20   0 12.362g  67100  11528 S  18.2  0.2   0:01.34 java
183479 tcriss    20   0 12.362g  67364  11528 S  18.2  0.2   0:01.36 java
183479 tcriss    20   0 12.362g  67364  11528 S   9.1  0.2   0:01.37 java
183479 tcriss    20   0 12.362g  67628  11528 S  18.2  0.2   0:01.39 java
183479 tcriss    20   0 12.362g  67892  11528 S   9.1  0.2   0:01.40 java
183479 tcriss    20   0 12.362g  67892  11528 S   7.7  0.2   0:01.41 java
183479 tcriss    20   0 12.362g  68156  11528 S   9.1  0.2   0:01.42 java
183479 tcriss    20   0 12.362g  68268  11528 S   9.1  0.2   0:01.43 java
183479 tcriss    20   0 12.362g  68468  11528 S  18.2  0.2   0:01.45 java
183479 tcriss    20   0 12.362g  68468  11528 S   9.1  0.2   0:01.46 java
183479 tcriss    20   0 12.362g  70516  11528 S   9.1  0.2   0:01.47 java
183479 tcriss    20   0 12.362g  70516  11528 S   9.1  0.2   0:01.48 java
183479 tcriss    20   0 12.362g  70516  11528 S  18.2  0.2   0:01.50 java
183479 tcriss    20   0 12.362g  70516  11528 S   9.1  0.2   0:01.51 java
183479 tcriss    20   0 12.362g  70516  11528 S   9.1  0.2   0:01.52 java
183479 tcriss    20   0 12.362g  70516  11528 S   9.1  0.2   0:01.53 java
183479 tcriss    20   0 12.362g  70688  11528 S   9.1  0.2   0:01.54 java
183479 tcriss    20   0 12.362g  70688  11528 S  18.2  0.2   0:01.56 java
183479 tcriss    20   0 12.362g  70688  11528 S   9.1  0.2   0:01.57 java
183479 tcriss    20   0 12.362g  70688  11528 S   9.1  0.2   0:01.58 java
183479 tcriss    20   0 12.362g  70688  11528 S   9.1  0.2   0:01.59 java
183479 tcriss    20   0 12.362g  70688  11528 S   9.1  0.2   0:01.60 java
183479 tcriss    20   0 12.362g  70688  11528 S  18.2  0.2   0:01.62 java
183479 tcriss    20   0 12.362g  70688  11528 S  10.0  0.2   0:01.63 java
183479 tcriss    20   0 12.362g  70716  11528 S   9.1  0.2   0:01.64 java
183479 tcriss    20   0 12.362g  70960  11528 S   9.1  0.2   0:01.65 java
183479 tcriss    20   0 12.362g  70960  11528 S  18.2  0.2   0:01.67 java
183479 tcriss    20   0 12.362g  71220  11528 S  18.2  0.2   0:01.69 java
183479 tcriss    20   0 12.362g  71220  11528 S   9.1  0.2   0:01.70 java
183479 tcriss    20   0 12.362g  71484  11528 S   9.1  0.2   0:01.71 java
183479 tcriss    20   0 12.362g  71484  11528 S   9.1  0.2   0:01.72 java
183479 tcriss    20   0 12.362g  71748  11528 S  18.2  0.2   0:01.74 java
183479 tcriss    20   0 12.362g  71748  11528 S   9.1  0.2   0:01.75 java
183479 tcriss    20   0 12.362g  72012  11528 S   9.1  0.2   0:01.76 java
183479 tcriss    20   0 12.362g  72276  11528 S   9.1  0.2   0:01.77 java
183479 tcriss    20   0 12.362g  72276  11528 S  18.2  0.2   0:01.79 java
183479 tcriss    20   0 12.362g  72540  11528 S   9.1  0.2   0:01.80 java
183479 tcriss    20   0 12.362g  72680  11528 S   9.1  0.2   0:01.81 java
183479 tcriss    20   0 12.362g  72684  11528 S   9.1  0.2   0:01.82 java
183479 tcriss    20   0 12.362g  72900  11528 S  18.2  0.2   0:01.84 java
183479 tcriss    20   0 12.362g  72900  11528 S   9.1  0.2   0:01.85 java
183479 tcriss    20   0 12.362g  73164  11528 S   9.1  0.2   0:01.86 java
183479 tcriss    20   0 12.362g  73396  11528 S  18.2  0.2   0:01.88 java
183479 tcriss    20   0 12.362g  73396  11528 S   9.1  0.2   0:01.89 java
183479 tcriss    20   0 12.362g  73660  11528 S   9.1  0.2   0:01.90 java
183479 tcriss    20   0 12.362g  73660  11528 S  18.2  0.2   0:01.92 java
183479 tcriss    20   0 12.362g  73896  11528 S   9.1  0.2   0:01.93 java
183479 tcriss    20   0 12.362g  74160  11528 S   9.1  0.2   0:01.94 java
183479 tcriss    20   0 12.362g  74160  11528 S  18.2  0.2   0:01.96 java
183479 tcriss    20   0 12.362g  74424  11528 S   9.1  0.2   0:01.97 java
183479 tcriss    20   0 12.362g  74424  11528 S   9.1  0.2   0:01.98 java
183479 tcriss    20   0 12.362g  74688  11528 S  18.2  0.2   0:02.00 java
183479 tcriss    20   0 12.362g  74824  11528 S   9.1  0.2   0:02.01 java
183479 tcriss    20   0 12.362g  75028  11528 S   9.1  0.2   0:02.02 java
183479 tcriss    20   0 12.362g  75028  11528 S  18.2  0.2   0:02.04 java
183479 tcriss    20   0 12.362g  75292  11528 S   9.1  0.2   0:02.05 java
183479 tcriss    20   0 12.362g  75292  11528 S   9.1  0.2   0:02.06 java
183479 tcriss    20   0 12.362g  75556  11528 S  18.2  0.2   0:02.08 java
183479 tcriss    20   0 12.362g  75556  11528 S   9.1  0.2   0:02.09 java
183479 tcriss    20   0 12.362g  75800  11528 S   9.1  0.2   0:02.10 java
183479 tcriss    20   0 12.362g  75800  11528 S  27.3  0.2   0:02.13 java
183479 tcriss    20   0 12.362g  76064  11528 S   9.1  0.2   0:02.14 java
183479 tcriss    20   0 12.362g  76328  11528 S  18.2  0.2   0:02.16 java
183479 tcriss    20   0 12.362g  76328  11528 S   9.1  0.2   0:02.17 java
183479 tcriss    20   0 12.362g  76588  11528 S   9.1  0.2   0:02.18 java
183479 tcriss    20   0 12.362g  76588  11528 S  18.2  0.2   0:02.20 java
183479 tcriss    20   0 12.362g  76848  11528 S  45.5  0.2   0:02.25 java
183479 tcriss    20   0 12.362g  76848  11528 S  18.2  0.2   0:02.27 java
183479 tcriss    20   0 12.362g  77112  11528 S   9.1  0.2   0:02.28 java
183479 tcriss    20   0 12.362g  77112  11528 S   9.1  0.2   0:02.29 java
183479 tcriss    20   0 12.362g  77376  11528 S  18.2  0.2   0:02.31 java
183479 tcriss    20   0 12.362g  77376  11528 S   9.1  0.2   0:02.32 java
183479 tcriss    20   0 12.362g  77640  11528 S  18.2  0.2   0:02.34 java
183479 tcriss    20   0 12.362g  77640  11528 S   9.1  0.2   0:02.35 java
183479 tcriss    20   0 12.362g  77904  11528 S  18.2  0.2   0:02.37 java
183479 tcriss    20   0 12.362g  77904  11528 S   9.1  0.2   0:02.38 java
183479 tcriss    20   0 12.362g  78168  11528 S  10.0  0.2   0:02.39 java
183479 tcriss    20   0 12.362g  78168  11528 S  18.2  0.2   0:02.41 java
183479 tcriss    20   0 12.362g  78432  11528 S   9.1  0.2   0:02.42 java
183479 tcriss    20   0 12.362g  78696  11528 S   9.1  0.2   0:02.43 java
183479 tcriss    20   0 12.362g  78696  11528 S  18.2  0.2   0:02.45 java
183479 tcriss    20   0 12.362g  78956  11528 S  27.3  0.2   0:02.48 java
183479 tcriss    20   0 12.362g  78956  11528 S  18.2  0.2   0:02.50 java
183479 tcriss    20   0 12.362g  79220  11528 S  18.2  0.2   0:02.52 java
183479 tcriss    20   0 12.362g  79220  11528 S   9.1  0.2   0:02.53 java
183479 tcriss    20   0 12.362g  79484  11528 S  18.2  0.2   0:02.55 java
183479 tcriss    20   0 12.362g  79484  11528 S  18.2  0.2   0:02.57 java
183479 tcriss    20   0 12.362g  79748  11528 S  18.2  0.2   0:02.59 java
183479 tcriss    20   0 12.362g  79748  11528 S  18.2  0.2   0:02.61 java
183479 tcriss    20   0 12.362g  80012  11528 S   9.1  0.2   0:02.62 java
183479 tcriss    20   0 12.362g  80012  11528 S  18.2  0.2   0:02.64 java
183479 tcriss    20   0 12.362g  80276  11528 S  18.2  0.2   0:02.66 java
183479 tcriss    20   0 12.362g  80276  11528 S  18.2  0.2   0:02.68 java
183479 tcriss    20   0 12.362g  80540  11528 S  18.2  0.2   0:02.70 java
183479 tcriss    20   0 12.362g  80800  11528 S  16.7  0.2   0:02.72 java
183479 tcriss    20   0 12.362g  80800  11528 S  27.3  0.2   0:02.75 java
183479 tcriss    20   0 12.362g  81060  11528 S   9.1  0.2   0:02.76 java
183479 tcriss    20   0 12.362g  81060  11528 S  18.2  0.2   0:02.78 java
183479 tcriss    20   0 12.362g  81324  11528 S  18.2  0.2   0:02.80 java
183479 tcriss    20   0 12.362g  81324  11528 S  18.2  0.2   0:02.82 java
183479 tcriss    20   0 12.362g  81588  11528 S  18.2  0.3   0:02.84 java
183479 tcriss    20   0 12.362g  81688  11528 S  18.2  0.3   0:02.86 java
183479 tcriss    20   0 12.362g  81688  11528 S  18.2  0.3   0:02.88 java
183479 tcriss    20   0 12.362g  81952  11528 S   9.1  0.3   0:02.89 java
183479 tcriss    20   0 12.362g  81952  11528 S  18.2  0.3   0:02.91 java
183479 tcriss    20   0 12.362g  82216  11528 S  18.2  0.3   0:02.93 java
183479 tcriss    20   0 12.362g  82216  11528 S  18.2  0.3   0:02.95 java
183479 tcriss    20   0 12.362g  82480  11528 S  18.2  0.3   0:02.97 java
183479 tcriss    20   0 12.362g  82480  11528 S  18.2  0.3   0:02.99 java
183479 tcriss    20   0 12.362g  82744  11528 S  18.2  0.3   0:03.01 java
183479 tcriss    20   0 12.362g  82744  11528 S  27.3  0.3   0:03.04 java
183479 tcriss    20   0 12.362g  83008  11528 S  18.2  0.3   0:03.06 java
183479 tcriss    20   0 12.362g  83236  11528 S  18.2  0.3   0:03.08 java
183479 tcriss    20   0 12.362g  83236  11528 S  18.2  0.3   0:03.10 java
183479 tcriss    20   0 12.362g  83500  11528 S  18.2  0.3   0:03.12 java
183479 tcriss    20   0 12.362g  83500  11528 S  18.2  0.3   0:03.14 java
183479 tcriss    20   0 12.362g  83764  11528 S   9.1  0.3   0:03.15 java
183479 tcriss    20   0 12.362g  83764  11528 S  18.2  0.3   0:03.17 java
183479 tcriss    20   0 12.362g  84028  11528 S  18.2  0.3   0:03.19 java
183479 tcriss    20   0 12.362g  84028  11528 S  18.2  0.3   0:03.21 java
183479 tcriss    20   0 12.362g  84264  11528 S  18.2  0.3   0:03.23 java
183479 tcriss    20   0 12.362g  84264  11528 S  18.2  0.3   0:03.25 java
183479 tcriss    20   0 12.362g  84528  11528 S  18.2  0.3   0:03.27 java
183479 tcriss    20   0 12.362g  84528  11528 S  18.2  0.3   0:03.29 java
183479 tcriss    20   0 12.362g  84832  11528 S  27.3  0.3   0:03.32 java
183479 tcriss    20   0 12.362g  84964  11528 S  18.2  0.3   0:03.34 java
183479 tcriss    20   0 12.362g  84964  11528 S  18.2  0.3   0:03.36 java
183479 tcriss    20   0 12.362g  85224  11528 S  18.2  0.3   0:03.38 java
183479 tcriss    20   0 12.362g  85224  11528 S  18.2  0.3   0:03.40 java
183479 tcriss    20   0 12.362g  85488  11528 S  18.2  0.3   0:03.42 java
183479 tcriss    20   0 12.362g  85488  11528 S  18.2  0.3   0:03.44 java
183479 tcriss    20   0 12.362g  85752  11528 S  18.2  0.3   0:03.46 java
183479 tcriss    20   0 12.362g  85752  11528 S  18.2  0.3   0:03.48 java
183479 tcriss    20   0 12.362g  86016  11528 S  18.2  0.3   0:03.50 java
183479 tcriss    20   0 12.362g  86016  11528 S  18.2  0.3   0:03.52 java
183479 tcriss    20   0 12.362g  86280  11528 S  18.2  0.3   0:03.54 java
183479 tcriss    20   0 12.362g  86280  11528 S  18.2  0.3   0:03.56 java
183479 tcriss    20   0 12.362g  86544  11528 S  27.3  0.3   0:03.59 java
183479 tcriss    20   0 12.362g  86544  11528 S  16.7  0.3   0:03.61 java
183479 tcriss    20   0 12.362g  86856  11544 S  18.2  0.3   0:03.63 java
183479 tcriss    20   0 12.362g  86856  11544 S   9.1  0.3   0:03.64 java
183479 tcriss    20   0 12.362g  87120  11544 S  16.7  0.3   0:03.66 java
183479 tcriss    20   0 12.362g  87380  11544 S  18.2  0.3   0:03.68 java
183479 tcriss    20   0 12.362g  87380  11544 S   8.3  0.3   0:03.69 java
183479 tcriss    20   0 12.362g  87644  11544 S  18.2  0.3   0:03.71 java
183479 tcriss    20   0 12.362g  87644  11544 S   9.1  0.3   0:03.72 java
183479 tcriss    20   0 12.362g  87908  11544 S  18.2  0.3   0:03.74 java
183479 tcriss    20   0 12.362g  87908  11544 S  18.2  0.3   0:03.76 java
183479 tcriss    20   0 12.362g  88172  11544 S   9.1  0.3   0:03.77 java
183479 tcriss    20   0 12.362g  88172  11544 S  18.2  0.3   0:03.79 java
183479 tcriss    20   0 12.362g  88436  11544 S  18.2  0.3   0:03.81 java
183479 tcriss    20   0 12.362g  88436  11544 S   9.1  0.3   0:03.82 java
183479 tcriss    20   0 12.362g  88700  11544 S  18.2  0.3   0:03.84 java
183479 tcriss    20   0 12.362g  88700  11544 S  18.2  0.3   0:03.86 java
183479 tcriss    20   0 12.362g  88964  11544 S   9.1  0.3   0:03.87 java
183479 tcriss    20   0 12.362g  88964  11544 S  18.2  0.3   0:03.89 java
183479 tcriss    20   0 12.362g  89228  11544 S  18.2  0.3   0:03.91 java
183479 tcriss    20   0 12.362g  89488  11544 S   9.1  0.3   0:03.92 java
183479 tcriss    20   0 12.362g  89488  11544 S  18.2  0.3   0:03.94 java
183479 tcriss    20   0 12.362g  89752  11544 S  18.2  0.3   0:03.96 java
183479 tcriss    20   0 12.362g  89752  11544 S   9.1  0.3   0:03.97 java
183479 tcriss    20   0 12.362g  90008  11544 S  18.2  0.3   0:03.99 java
183479 tcriss    20   0 12.362g  90116  11544 S  18.2  0.3   0:04.01 java
183479 tcriss    20   0 12.362g  90116  11544 S  18.2  0.3   0:04.03 java
183479 tcriss    20   0 12.362g  90380  11544 S  18.2  0.3   0:04.05 java
183479 tcriss    20   0 12.362g  90380  11544 S  18.2  0.3   0:04.07 java
183479 tcriss    20   0 12.362g  90644  11544 S   9.1  0.3   0:04.08 java
183479 tcriss    20   0 12.362g  90644  11544 S  20.0  0.3   0:04.10 java
183479 tcriss    20   0 12.362g  90908  11544 S  16.7  0.3   0:04.12 java
183479 tcriss    20   0 12.362g  91172  11544 S  10.0  0.3   0:04.13 java
183479 tcriss    20   0 12.362g  91172  11544 S  18.2  0.3   0:04.15 java
183479 tcriss    20   0 12.362g  91432  11544 S  18.2  0.3   0:04.17 java
183479 tcriss    20   0 12.362g  91432  11544 S   9.1  0.3   0:04.18 java
183479 tcriss    20   0 12.362g  91664  11544 S  18.2  0.3   0:04.20 java
183479 tcriss    20   0 12.362g  91664  11544 S  18.2  0.3   0:04.22 java
183479 tcriss    20   0 12.362g  91900  11544 S   9.1  0.3   0:04.23 java
183479 tcriss    20   0 12.362g  91900  11544 S  18.2  0.3   0:04.25 java
183479 tcriss    20   0 12.362g  92164  11544 S  18.2  0.3   0:04.27 java
183479 tcriss    20   0 12.362g  92164  11544 S  18.2  0.3   0:04.29 java
183479 tcriss    20   0 12.362g  92428  11544 S   9.1  0.3   0:04.30 java
183479 tcriss    20   0 12.362g  92692  11544 S  18.2  0.3   0:04.32 java
183479 tcriss    20   0 12.362g  92692  11544 S  18.2  0.3   0:04.34 java
183479 tcriss    20   0 12.362g  92956  11544 S  18.2  0.3   0:04.36 java
183479 tcriss    20   0 12.362g  92956  11544 S   9.1  0.3   0:04.37 java
183479 tcriss    20   0 12.362g  93220  11544 S  18.2  0.3   0:04.39 java
183479 tcriss    20   0 12.362g  93220  11544 S  18.2  0.3   0:04.41 java
183479 tcriss    20   0 12.362g  93480  11544 S   9.1  0.3   0:04.42 java
183479 tcriss    20   0 12.362g  93480  11544 S  27.3  0.3   0:04.45 java
183479 tcriss    20   0 12.362g  93744  11544 S  18.2  0.3   0:04.47 java
183479 tcriss    20   0 12.362g  93744  11544 S  18.2  0.3   0:04.49 java
183479 tcriss    20   0 12.362g  94008  11544 S   9.1  0.3   0:04.50 java
183479 tcriss    20   0 12.362g  94008  11544 S  18.2  0.3   0:04.52 java
183479 tcriss    20   0 12.362g  94272  11544 S  18.2  0.3   0:04.54 java
183479 tcriss    20   0 12.362g  94272  11544 S  18.2  0.3   0:04.56 java
183479 tcriss    20   0 12.362g  94536  11544 S  18.2  0.3   0:04.58 java
183479 tcriss    20   0 12.362g  94536  11544 S   9.1  0.3   0:04.59 java
183479 tcriss    20   0 12.362g  94800  11544 S  18.2  0.3   0:04.61 java
183479 tcriss    20   0 12.362g  94800  11544 S  18.2  0.3   0:04.63 java
183479 tcriss    20   0 12.362g  95192  11544 S  18.2  0.3   0:04.65 java
183479 tcriss    20   0 12.362g  95236  11544 S  18.2  0.3   0:04.67 java
183479 tcriss    20   0 12.362g  95236  11544 S   9.1  0.3   0:04.68 java
183479 tcriss    20   0 12.362g  95496  11544 S  18.2  0.3   0:04.70 java
183479 tcriss    20   0 12.362g  95496  11544 S  18.2  0.3   0:04.72 java
183479 tcriss    20   0 12.362g  95760  11544 S  18.2  0.3   0:04.74 java
183479 tcriss    20   0 12.362g  95760  11544 S   9.1  0.3   0:04.75 java
183479 tcriss    20   0 12.362g  96024  11544 S  18.2  0.3   0:04.77 java
183479 tcriss    20   0 12.362g  96288  11544 S  18.2  0.3   0:04.79 java
183479 tcriss    20   0 12.362g  96288  11544 S  18.2  0.3   0:04.81 java
183479 tcriss    20   0 12.362g  96548  11544 S   9.1  0.3   0:04.82 java
183479 tcriss    20   0 12.362g  96548  11544 S  18.2  0.3   0:04.84 java
183479 tcriss    20   0 12.362g  96812  11544 S  18.2  0.3   0:04.86 java
183479 tcriss    20   0 12.362g  96812  11544 S  27.3  0.3   0:04.89 java
183479 tcriss    20   0 12.362g  97072  11544 S  18.2  0.3   0:04.91 java
183479 tcriss    20   0 12.362g  97072  11544 S   9.1  0.3   0:04.92 java
183479 tcriss    20   0 12.362g  97336  11544 S  18.2  0.3   0:04.94 java
183479 tcriss    20   0 12.362g  97336  11544 S  18.2  0.3   0:04.96 java
183479 tcriss    20   0 12.362g  97596  11544 S  20.0  0.3   0:04.98 java
183479 tcriss    20   0 12.362g  97596  11544 S  18.2  0.3   0:05.00 java
183479 tcriss    20   0 12.362g  97860  11544 S  18.2  0.3   0:05.02 java
183479 tcriss    20   0 12.362g  97860  11544 S   9.1  0.3   0:05.03 java
183479 tcriss    20   0 12.362g  98124  11544 S  18.2  0.3   0:05.05 java
183479 tcriss    20   0 12.362g  98124  11544 S  18.2  0.3   0:05.07 java
183479 tcriss    20   0 12.362g  98388  11544 S  18.2  0.3   0:05.09 java
183479 tcriss    20   0 12.362g  98388  11544 S  18.2  0.3   0:05.11 java
183479 tcriss    20   0 12.362g  98652  11544 S   9.1  0.3   0:05.12 java
183479 tcriss    20   0 12.362g  98652  11544 S  18.2  0.3   0:05.14 java
183479 tcriss    20   0 12.362g  98916  11544 S  18.2  0.3   0:05.16 java
183479 tcriss    20   0 12.362g  98916  11544 S  18.2  0.3   0:05.18 java
183479 tcriss    20   0 12.362g  99180  11544 S  18.2  0.3   0:05.20 java
183479 tcriss    20   0 12.362g  99444  11544 S  18.2  0.3   0:05.22 java
183479 tcriss    20   0 12.362g  99444  11544 S   9.1  0.3   0:05.23 java
183479 tcriss    20   0 12.362g  99704  11544 S  18.2  0.3   0:05.25 java
183479 tcriss    20   0 12.362g  99704  11544 S  27.3  0.3   0:05.28 java
183479 tcriss    20   0 12.362g  99968  11544 S  18.2  0.3   0:05.30 java
183479 tcriss    20   0 12.362g  99968  11544 S  18.2  0.3   0:05.32 java
183479 tcriss    20   0 12.362g 100232  11544 S  18.2  0.3   0:05.34 java
183479 tcriss    20   0 12.362g 100232  11544 S  18.2  0.3   0:05.36 java
183479 tcriss    20   0 12.362g 100496  11544 S  18.2  0.3   0:05.38 java
183479 tcriss    20   0 12.362g 100496  11544 S  18.2  0.3   0:05.40 java
183479 tcriss    20   0 12.362g 100760  11544 S  18.2  0.3   0:05.42 java
183479 tcriss    20   0 12.362g 100760  11544 S   9.1  0.3   0:05.43 java
183479 tcriss    20   0 12.362g 101024  11544 S  18.2  0.3   0:05.45 java
183479 tcriss    20   0 12.362g 101024  11544 S  18.2  0.3   0:05.47 java
183479 tcriss    20   0 12.362g 101288  11544 S  18.2  0.3   0:05.49 java
183479 tcriss    20   0 12.362g 101288  11544 S  18.2  0.3   0:05.51 java
183479 tcriss    20   0 12.362g 101548  11544 S  18.2  0.3   0:05.53 java
183479 tcriss    20   0 12.362g 101548  11544 S  18.2  0.3   0:05.55 java
183479 tcriss    20   0 12.362g 101812  11544 S  18.2  0.3   0:05.57 java
183479 tcriss    20   0 12.362g 101812  11544 S  18.2  0.3   0:05.59 java
183479 tcriss    20   0 12.362g 102076  11544 S  18.2  0.3   0:05.61 java
183479 tcriss    20   0 12.362g 102076  11544 S  18.2  0.3   0:05.63 java
183479 tcriss    20   0 12.362g 102340  11544 S  18.2  0.3   0:05.65 java
183479 tcriss    20   0 12.362g 102340  11544 S   9.1  0.3   0:05.66 java
183479 tcriss    20   0 12.362g 102604  11544 S  18.2  0.3   0:05.68 java
183479 tcriss    20   0 12.362g 102604  11544 S  18.2  0.3   0:05.70 java
183479 tcriss    20   0 12.362g 102868  11544 S  18.2  0.3   0:05.72 java
