182220 tcriss    20   0 12.362g  26176  10408 S  11.1  0.1   0:00.05 java
182220 tcriss    20   0 12.362g  26176  10408 S   0.0  0.1   0:00.05 java
182220 tcriss    20   0 12.362g  28888  10504 S   9.1  0.1   0:00.06 java
182220 tcriss    20   0 12.362g  28888  10504 S   9.1  0.1   0:00.07 java
182220 tcriss    20   0 12.362g  28888  10504 S   0.0  0.1   0:00.07 java
182220 tcriss    20   0 12.362g  28888  10504 S   0.0  0.1   0:00.07 java
182220 tcriss    20   0 12.362g  28888  10504 S   0.0  0.1   0:00.07 java
182220 tcriss    20   0 12.362g  28888  10504 S   0.0  0.1   0:00.07 java
182220 tcriss    20   0 12.362g  28888  10504 S   0.0  0.1   0:00.07 java
182220 tcriss    20   0 12.362g  28888  10504 S   9.1  0.1   0:00.08 java
182220 tcriss    20   0 12.362g  28888  10504 S   0.0  0.1   0:00.08 java
182220 tcriss    20   0 12.362g  28888  10504 S   0.0  0.1   0:00.08 java
182220 tcriss    20   0 12.362g  28888  10504 S   0.0  0.1   0:00.08 java
182220 tcriss    20   0 12.362g  28888  10504 S   0.0  0.1   0:00.08 java
182220 tcriss    20   0 12.362g  28888  10504 S   0.0  0.1   0:00.08 java
182220 tcriss    20   0 12.362g  28888  10504 S   0.0  0.1   0:00.08 java
182220 tcriss    20   0 12.362g  28888  10504 S   9.1  0.1   0:00.09 java
182220 tcriss    20   0 12.362g  28888  10504 S   9.1  0.1   0:00.10 java
182220 tcriss    20   0 12.362g  28888  10504 S   0.0  0.1   0:00.10 java
182220 tcriss    20   0 12.362g  28888  10504 S   0.0  0.1   0:00.10 java
182220 tcriss    20   0 12.362g  28888  10504 S   0.0  0.1   0:00.10 java
182220 tcriss    20   0 12.362g  28888  10504 S   0.0  0.1   0:00.10 java
182220 tcriss    20   0 12.362g  28888  10504 S   0.0  0.1   0:00.10 java
182220 tcriss    20   0 12.362g  28888  10504 S   0.0  0.1   0:00.10 java
182220 tcriss    20   0 12.362g  28888  10504 S   0.0  0.1   0:00.10 java
182220 tcriss    20   0 12.362g  28888  10504 S   9.1  0.1   0:00.11 java
182220 tcriss    20   0 12.362g  28888  10504 S   0.0  0.1   0:00.11 java
182220 tcriss    20   0 12.362g  28888  10504 S   0.0  0.1   0:00.11 java
182220 tcriss    20   0 12.362g  28888  10504 S   0.0  0.1   0:00.11 java
182220 tcriss    20   0 12.362g  28888  10504 S   0.0  0.1   0:00.11 java
182220 tcriss    20   0 12.362g  28888  10504 S   0.0  0.1   0:00.11 java
182220 tcriss    20   0 12.362g  28888  10504 S   0.0  0.1   0:00.11 java
182220 tcriss    20   0 12.362g  28888  10504 S   9.1  0.1   0:00.12 java
182220 tcriss    20   0 12.362g  28888  10504 S   9.1  0.1   0:00.13 java
182220 tcriss    20   0 12.362g  28888  10504 S   0.0  0.1   0:00.13 java
182220 tcriss    20   0 12.362g  28888  10504 S   0.0  0.1   0:00.13 java
182220 tcriss    20   0 12.362g  28888  10504 S   0.0  0.1   0:00.13 java
182220 tcriss    20   0 12.362g  28888  10504 S   0.0  0.1   0:00.13 java
182220 tcriss    20   0 12.362g  28888  10504 S   0.0  0.1   0:00.13 java
182220 tcriss    20   0 12.362g  28888  10504 S   0.0  0.1   0:00.13 java
182220 tcriss    20   0 12.362g  28888  10504 S   0.0  0.1   0:00.13 java
182220 tcriss    20   0 12.362g  28888  10504 S   0.0  0.1   0:00.13 java
182220 tcriss    20   0 12.362g  28888  10504 S   9.1  0.1   0:00.14 java
182220 tcriss    20   0 12.362g  28888  10504 S   0.0  0.1   0:00.14 java
182220 tcriss    20   0 12.362g  28888  10504 S   9.1  0.1   0:00.15 java
182220 tcriss    20   0 12.362g  28888  10504 S   0.0  0.1   0:00.15 java
182220 tcriss    20   0 12.362g  28888  10504 S   0.0  0.1   0:00.15 java
182220 tcriss    20   0 12.362g  28888  10504 S   0.0  0.1   0:00.15 java
182220 tcriss    20   0 12.362g  28888  10504 S   0.0  0.1   0:00.15 java
182220 tcriss    20   0 12.362g  28888  10504 S   0.0  0.1   0:00.15 java
182220 tcriss    20   0 12.362g  28888  10504 S   0.0  0.1   0:00.15 java
182220 tcriss    20   0 12.362g  28888  10504 S   0.0  0.1   0:00.15 java
182220 tcriss    20   0 12.362g  28888  10504 S   0.0  0.1   0:00.15 java
182220 tcriss    20   0 12.362g  29412  10860 S   9.1  0.1   0:00.16 java
182220 tcriss    20   0 12.362g  29412  10860 S   0.0  0.1   0:00.16 java
182220 tcriss    20   0 12.362g  29412  10860 S   0.0  0.1   0:00.16 java
182220 tcriss    20   0 12.362g  29412  10860 S   0.0  0.1   0:00.16 java
182220 tcriss    20   0 12.362g  29412  10860 S   9.1  0.1   0:00.17 java
182220 tcriss    20   0 12.362g  29412  10860 S   0.0  0.1   0:00.17 java
182220 tcriss    20   0 12.362g  29412  10860 S   9.1  0.1   0:00.18 java
182220 tcriss    20   0 12.362g  29412  10860 S   0.0  0.1   0:00.18 java
182220 tcriss    20   0 12.362g  29412  10860 S   0.0  0.1   0:00.18 java
182220 tcriss    20   0 12.362g  29412  10860 S   0.0  0.1   0:00.18 java
182220 tcriss    20   0 12.362g  29412  10860 S   0.0  0.1   0:00.18 java
182220 tcriss    20   0 12.362g  29412  10860 S   0.0  0.1   0:00.18 java
182220 tcriss    20   0 12.362g  29412  10860 S   0.0  0.1   0:00.18 java
182220 tcriss    20   0 12.362g  29412  10860 S   0.0  0.1   0:00.18 java
182220 tcriss    20   0 12.362g  29412  10860 S   0.0  0.1   0:00.18 java
182220 tcriss    20   0 12.362g  29412  10860 S   9.1  0.1   0:00.19 java
182220 tcriss    20   0 12.362g  29412  10860 S   9.1  0.1   0:00.20 java
182220 tcriss    20   0 12.362g  29412  10860 S   0.0  0.1   0:00.20 java
182220 tcriss    20   0 12.362g  29412  10860 S   0.0  0.1   0:00.20 java
182220 tcriss    20   0 12.362g  29412  10860 S   0.0  0.1   0:00.20 java
182220 tcriss    20   0 12.362g  29412  10860 S   0.0  0.1   0:00.20 java
182220 tcriss    20   0 12.362g  29412  10860 S   0.0  0.1   0:00.20 java
182220 tcriss    20   0 12.362g  29412  10860 S   0.0  0.1   0:00.20 java
182220 tcriss    20   0 12.362g  29412  10860 S   0.0  0.1   0:00.20 java
182220 tcriss    20   0 12.362g  29412  10860 S   9.1  0.1   0:00.21 java
182220 tcriss    20   0 12.362g  29412  10860 S   0.0  0.1   0:00.21 java
182220 tcriss    20   0 12.362g  29412  10860 S   0.0  0.1   0:00.21 java
182220 tcriss    20   0 12.362g  29412  10860 S   9.1  0.1   0:00.22 java
182220 tcriss    20   0 12.362g  29412  10860 S   0.0  0.1   0:00.22 java
182220 tcriss    20   0 12.362g  29412  10860 S   0.0  0.1   0:00.22 java
182220 tcriss    20   0 12.362g  29412  10860 S   0.0  0.1   0:00.22 java
182220 tcriss    20   0 12.362g  29412  10860 S   0.0  0.1   0:00.22 java
182220 tcriss    20   0 12.362g  29412  10860 S   0.0  0.1   0:00.22 java
182220 tcriss    20   0 12.362g  29412  10860 S   0.0  0.1   0:00.22 java
182220 tcriss    20   0 12.362g  29412  10860 S   0.0  0.1   0:00.22 java
182220 tcriss    20   0 12.362g  29412  10860 S   0.0  0.1   0:00.22 java
182220 tcriss    20   0 12.362g  29412  10860 S   9.1  0.1   0:00.23 java
182220 tcriss    20   0 12.362g  29412  10860 S   0.0  0.1   0:00.23 java
182220 tcriss    20   0 12.362g  29412  10860 S   0.0  0.1   0:00.23 java
182220 tcriss    20   0 12.362g  29412  10860 S   0.0  0.1   0:00.23 java
182220 tcriss    20   0 12.362g  29412  10860 S   0.0  0.1   0:00.23 java
182220 tcriss    20   0 12.362g  29412  10860 S   9.1  0.1   0:00.24 java
182220 tcriss    20   0 12.362g  29412  10860 S   0.0  0.1   0:00.24 java
182220 tcriss    20   0 12.362g  29412  10860 S   0.0  0.1   0:00.24 java
182220 tcriss    20   0 12.362g  29412  10860 S   0.0  0.1   0:00.24 java
182220 tcriss    20   0 12.362g  29412  10860 S   0.0  0.1   0:00.24 java
