top - 00:08:20 up 74 days, 15:43, 13 users,  load average: 1.29, 1.12, 1.07
Tasks: 1132 total,   2 running, 1130 sleeping,   0 stopped,   0 zombie
%Cpu(s):  5.5 us,  2.6 sy,  0.0 ni, 91.7 id,  0.1 wa,  0.0 hi,  0.0 si,  0.0 st
KiB Mem : 32531136 total,   539116 free,  3922444 used, 28069576 buff/cache
KiB Swap: 16383996 total, 13667044 free,  2716952 used. 19845832 avail Mem 

   PID USER      PR  NI    VIRT    RES    SHR S  %CPU %MEM     TIME+ COMMAND
182044 tcriss    20   0 12.362g  26020  10484 S  16.7  0.1   0:00.06 java
182043 tcriss    20   0  162984   3244   1608 R  11.1  0.0   0:00.03 top
160222 tcriss    20   0  148320   2944   1176 S   0.0  0.0   0:00.48 sshd
160224 tcriss    20   0  121072   3840   1940 S   0.0  0.0   0:00.92 bash

top - 00:08:20 up 74 days, 15:43, 13 users,  load average: 1.29, 1.12, 1.07
Tasks: 1132 total,   2 running, 1130 sleeping,   0 stopped,   0 zombie
%Cpu(s):  0.8 us,  2.8 sy,  0.0 ni, 96.4 id,  0.0 wa,  0.0 hi,  0.0 si,  0.0 st
KiB Mem : 32531136 total,   539116 free,  3922444 used, 28069576 buff/cache
KiB Swap: 16383996 total, 13667044 free,  2716952 used. 19845832 avail Mem 

   PID USER      PR  NI    VIRT    RES    SHR S  %CPU %MEM     TIME+ COMMAND
182043 tcriss    20   0  164012   3392   1664 R   9.1  0.0   0:00.04 top
160222 tcriss    20   0  148320   2944   1176 S   0.0  0.0   0:00.48 sshd
160224 tcriss    20   0  121072   3840   1940 S   0.0  0.0   0:00.92 bash
182044 tcriss    20   0 12.362g  26020  10484 S   0.0  0.1   0:00.06 java

top - 00:08:20 up 74 days, 15:43, 13 users,  load average: 1.29, 1.12, 1.07
Tasks: 1132 total,   2 running, 1130 sleeping,   0 stopped,   0 zombie
%Cpu(s):  0.8 us,  3.0 sy,  0.0 ni, 96.1 id,  0.0 wa,  0.0 hi,  0.0 si,  0.0 st
KiB Mem : 32531136 total,   539116 free,  3922444 used, 28069576 buff/cache
KiB Swap: 16383996 total, 13667044 free,  2716952 used. 19845832 avail Mem 

   PID USER      PR  NI    VIRT    RES    SHR S  %CPU %MEM     TIME+ COMMAND
182043 tcriss    20   0  164012   3392   1664 R   8.3  0.0   0:00.05 top
160222 tcriss    20   0  148320   2944   1176 S   0.0  0.0   0:00.48 sshd
160224 tcriss    20   0  121072   3840   1940 S   0.0  0.0   0:00.92 bash
182044 tcriss    20   0 12.362g  28732  10580 S   0.0  0.1   0:00.06 java

top - 00:08:20 up 74 days, 15:43, 13 users,  load average: 1.29, 1.12, 1.07
Tasks: 1132 total,   2 running, 1130 sleeping,   0 stopped,   0 zombie
%Cpu(s):  0.6 us,  2.8 sy,  0.0 ni, 96.6 id,  0.0 wa,  0.0 hi,  0.0 si,  0.0 st
KiB Mem : 32531136 total,   539116 free,  3922444 used, 28069576 buff/cache
KiB Swap: 16383996 total, 13667044 free,  2716952 used. 19845832 avail Mem 

   PID USER      PR  NI    VIRT    RES    SHR S  %CPU %MEM     TIME+ COMMAND
182043 tcriss    20   0  164012   3392   1664 R   9.1  0.0   0:00.06 top
160222 tcriss    20   0  148320   2944   1176 S   0.0  0.0   0:00.48 sshd
160224 tcriss    20   0  121072   3840   1940 S   0.0  0.0   0:00.92 bash
182044 tcriss    20   0 12.362g  28732  10580 S   0.0  0.1   0:00.06 java

top - 00:08:20 up 74 days, 15:43, 13 users,  load average: 1.29, 1.12, 1.07
Tasks: 1132 total,   2 running, 1130 sleeping,   0 stopped,   0 zombie
%Cpu(s):  0.8 us,  2.8 sy,  0.0 ni, 96.4 id,  0.0 wa,  0.0 hi,  0.0 si,  0.0 st
KiB Mem : 32531136 total,   539116 free,  3922444 used, 28069576 buff/cache
KiB Swap: 16383996 total, 13667044 free,  2716952 used. 19845832 avail Mem 

   PID USER      PR  NI    VIRT    RES    SHR S  %CPU %MEM     TIME+ COMMAND
182043 tcriss    20   0  164012   3392   1664 R   9.1  0.0   0:00.07 top
160222 tcriss    20   0  148320   2944   1176 S   0.0  0.0   0:00.48 sshd
160224 tcriss    20   0  121072   3840   1940 S   0.0  0.0   0:00.92 bash
182044 tcriss    20   0 12.362g  28732  10580 S   0.0  0.1   0:00.06 java

top - 00:08:20 up 74 days, 15:43, 13 users,  load average: 1.29, 1.12, 1.07
Tasks: 1132 total,   2 running, 1130 sleeping,   0 stopped,   0 zombie
%Cpu(s):  0.3 us,  2.8 sy,  0.0 ni, 96.9 id,  0.0 wa,  0.0 hi,  0.0 si,  0.0 st
KiB Mem : 32531136 total,   539116 free,  3922444 used, 28069576 buff/cache
KiB Swap: 16383996 total, 13667044 free,  2716952 used. 19845832 avail Mem 

   PID USER      PR  NI    VIRT    RES    SHR S  %CPU %MEM     TIME+ COMMAND
182043 tcriss    20   0  164012   3392   1664 R   9.1  0.0   0:00.08 top
160222 tcriss    20   0  148320   2944   1176 S   0.0  0.0   0:00.48 sshd
160224 tcriss    20   0  121072   3840   1940 S   0.0  0.0   0:00.92 bash
182044 tcriss    20   0 12.362g  28732  10580 S   0.0  0.1   0:00.06 java

top - 00:08:20 up 74 days, 15:43, 13 users,  load average: 1.29, 1.12, 1.07
Tasks: 1132 total,   2 running, 1130 sleeping,   0 stopped,   0 zombie
%Cpu(s):  0.8 us,  2.8 sy,  0.0 ni, 96.4 id,  0.0 wa,  0.0 hi,  0.0 si,  0.0 st
KiB Mem : 32531136 total,   539116 free,  3922444 used, 28069576 buff/cache
KiB Swap: 16383996 total, 13667044 free,  2716952 used. 19845832 avail Mem 

   PID USER      PR  NI    VIRT    RES    SHR S  %CPU %MEM     TIME+ COMMAND
182043 tcriss    20   0  164012   3392   1664 R   9.1  0.0   0:00.09 top
160222 tcriss    20   0  148320   2944   1176 S   0.0  0.0   0:00.48 sshd
160224 tcriss    20   0  121072   3840   1940 S   0.0  0.0   0:00.92 bash
182044 tcriss    20   0 12.362g  28732  10580 S   0.0  0.1   0:00.06 java

top - 00:08:20 up 74 days, 15:43, 13 users,  load average: 1.29, 1.12, 1.07
Tasks: 1132 total,   2 running, 1130 sleeping,   0 stopped,   0 zombie
%Cpu(s):  0.8 us,  2.8 sy,  0.0 ni, 96.3 id,  0.0 wa,  0.0 hi,  0.0 si,  0.0 st
KiB Mem : 32531136 total,   539116 free,  3922444 used, 28069576 buff/cache
KiB Swap: 16383996 total, 13667044 free,  2716952 used. 19845832 avail Mem 

   PID USER      PR  NI    VIRT    RES    SHR S  %CPU %MEM     TIME+ COMMAND
182043 tcriss    20   0  164012   3392   1664 R  18.2  0.0   0:00.11 top
160222 tcriss    20   0  148320   2944   1176 S   0.0  0.0   0:00.48 sshd
160224 tcriss    20   0  121072   3840   1940 S   0.0  0.0   0:00.92 bash
182044 tcriss    20   0 12.362g  28732  10580 S   0.0  0.1   0:00.06 java

top - 00:08:20 up 74 days, 15:43, 13 users,  load average: 1.29, 1.12, 1.07
Tasks: 1132 total,   2 running, 1130 sleeping,   0 stopped,   0 zombie
%Cpu(s):  0.6 us,  2.8 sy,  0.0 ni, 96.6 id,  0.0 wa,  0.0 hi,  0.0 si,  0.0 st
KiB Mem : 32531136 total,   539116 free,  3922444 used, 28069576 buff/cache
KiB Swap: 16383996 total, 13667044 free,  2716952 used. 19845832 avail Mem 

   PID USER      PR  NI    VIRT    RES    SHR S  %CPU %MEM     TIME+ COMMAND
182043 tcriss    20   0  164012   3392   1664 R   8.3  0.0   0:00.12 top
160222 tcriss    20   0  148320   2944   1176 S   0.0  0.0   0:00.48 sshd
160224 tcriss    20   0  121072   3840   1940 S   0.0  0.0   0:00.92 bash
182044 tcriss    20   0 12.362g  28732  10580 S   0.0  0.1   0:00.06 java

top - 00:08:21 up 74 days, 15:43, 13 users,  load average: 1.29, 1.12, 1.07
Tasks: 1132 total,   2 running, 1130 sleeping,   0 stopped,   0 zombie
%Cpu(s):  0.8 us,  2.5 sy,  0.0 ni, 96.6 id,  0.0 wa,  0.0 hi,  0.0 si,  0.0 st
KiB Mem : 32531136 total,   539116 free,  3922444 used, 28069576 buff/cache
KiB Swap: 16383996 total, 13667044 free,  2716952 used. 19845832 avail Mem 

   PID USER      PR  NI    VIRT    RES    SHR S  %CPU %MEM     TIME+ COMMAND
182044 tcriss    20   0 12.362g  28732  10580 S   9.1  0.1   0:00.07 java
160222 tcriss    20   0  148320   2944   1176 S   0.0  0.0   0:00.48 sshd
160224 tcriss    20   0  121072   3840   1940 S   0.0  0.0   0:00.92 bash
182043 tcriss    20   0  164012   3392   1664 R   0.0  0.0   0:00.12 top

top - 00:08:21 up 74 days, 15:43, 13 users,  load average: 1.29, 1.12, 1.07
Tasks: 1132 total,   2 running, 1130 sleeping,   0 stopped,   0 zombie
%Cpu(s):  0.6 us,  3.1 sy,  0.0 ni, 96.4 id,  0.0 wa,  0.0 hi,  0.0 si,  0.0 st
KiB Mem : 32531136 total,   539116 free,  3922444 used, 28069576 buff/cache
KiB Swap: 16383996 total, 13667044 free,  2716952 used. 19845832 avail Mem 

   PID USER      PR  NI    VIRT    RES    SHR S  %CPU %MEM     TIME+ COMMAND
182043 tcriss    20   0  164012   3392   1664 R  18.2  0.0   0:00.14 top
182044 tcriss    20   0 12.362g  28732  10580 S   9.1  0.1   0:00.08 java
160222 tcriss    20   0  148320   2944   1176 S   0.0  0.0   0:00.48 sshd
160224 tcriss    20   0  121072   3840   1940 S   0.0  0.0   0:00.92 bash

top - 00:08:21 up 74 days, 15:43, 13 users,  load average: 1.29, 1.12, 1.07
Tasks: 1132 total,   2 running, 1130 sleeping,   0 stopped,   0 zombie
%Cpu(s):  0.6 us,  2.8 sy,  0.0 ni, 96.6 id,  0.0 wa,  0.0 hi,  0.0 si,  0.0 st
KiB Mem : 32531136 total,   539116 free,  3922444 used, 28069576 buff/cache
KiB Swap: 16383996 total, 13667044 free,  2716952 used. 19845832 avail Mem 

   PID USER      PR  NI    VIRT    RES    SHR S  %CPU %MEM     TIME+ COMMAND
182043 tcriss    20   0  164012   3392   1664 R   9.1  0.0   0:00.15 top
160222 tcriss    20   0  148320   2944   1176 S   0.0  0.0   0:00.48 sshd
160224 tcriss    20   0  121072   3840   1940 S   0.0  0.0   0:00.92 bash
182044 tcriss    20   0 12.362g  28732  10580 S   0.0  0.1   0:00.08 java

top - 00:08:21 up 74 days, 15:43, 13 users,  load average: 1.29, 1.12, 1.07
Tasks: 1132 total,   2 running, 1130 sleeping,   0 stopped,   0 zombie
%Cpu(s):  0.6 us,  2.8 sy,  0.0 ni, 96.6 id,  0.0 wa,  0.0 hi,  0.0 si,  0.0 st
KiB Mem : 32531136 total,   539116 free,  3922444 used, 28069576 buff/cache
KiB Swap: 16383996 total, 13667044 free,  2716952 used. 19845832 avail Mem 

   PID USER      PR  NI    VIRT    RES    SHR S  %CPU %MEM     TIME+ COMMAND
182043 tcriss    20   0  164012   3392   1664 R   9.1  0.0   0:00.16 top
160222 tcriss    20   0  148320   2944   1176 S   0.0  0.0   0:00.48 sshd
160224 tcriss    20   0  121072   3840   1940 S   0.0  0.0   0:00.92 bash
182044 tcriss    20   0 12.362g  28732  10580 S   0.0  0.1   0:00.08 java

top - 00:08:21 up 74 days, 15:43, 13 users,  load average: 1.29, 1.12, 1.07
Tasks: 1132 total,   2 running, 1130 sleeping,   0 stopped,   0 zombie
%Cpu(s):  0.6 us,  3.1 sy,  0.0 ni, 96.3 id,  0.0 wa,  0.0 hi,  0.0 si,  0.0 st
KiB Mem : 32531136 total,   539116 free,  3922444 used, 28069576 buff/cache
KiB Swap: 16383996 total, 13667044 free,  2716952 used. 19845832 avail Mem 

   PID USER      PR  NI    VIRT    RES    SHR S  %CPU %MEM     TIME+ COMMAND
182043 tcriss    20   0  164012   3392   1664 R   9.1  0.0   0:00.17 top
160222 tcriss    20   0  148320   2944   1176 S   0.0  0.0   0:00.48 sshd
160224 tcriss    20   0  121072   3840   1940 S   0.0  0.0   0:00.92 bash
182044 tcriss    20   0 12.362g  28732  10580 S   0.0  0.1   0:00.08 java

top - 00:08:21 up 74 days, 15:43, 13 users,  load average: 1.29, 1.12, 1.07
Tasks: 1132 total,   2 running, 1130 sleeping,   0 stopped,   0 zombie
%Cpu(s):  0.6 us,  2.8 sy,  0.0 ni, 96.6 id,  0.0 wa,  0.0 hi,  0.0 si,  0.0 st
KiB Mem : 32531136 total,   539116 free,  3922444 used, 28069576 buff/cache
KiB Swap: 16383996 total, 13667044 free,  2716952 used. 19845832 avail Mem 

   PID USER      PR  NI    VIRT    RES    SHR S  %CPU %MEM     TIME+ COMMAND
182043 tcriss    20   0  164012   3392   1664 R   9.1  0.0   0:00.18 top
160222 tcriss    20   0  148320   2944   1176 S   0.0  0.0   0:00.48 sshd
160224 tcriss    20   0  121072   3840   1940 S   0.0  0.0   0:00.92 bash
182044 tcriss    20   0 12.362g  28732  10580 S   0.0  0.1   0:00.08 java

top - 00:08:21 up 74 days, 15:43, 13 users,  load average: 1.29, 1.12, 1.07
Tasks: 1132 total,   2 running, 1130 sleeping,   0 stopped,   0 zombie
%Cpu(s):  0.6 us,  3.1 sy,  0.0 ni, 96.3 id,  0.0 wa,  0.0 hi,  0.0 si,  0.0 st
KiB Mem : 32531136 total,   539116 free,  3922444 used, 28069576 buff/cache
KiB Swap: 16383996 total, 13667044 free,  2716952 used. 19845832 avail Mem 

   PID USER      PR  NI    VIRT    RES    SHR S  %CPU %MEM     TIME+ COMMAND
182043 tcriss    20   0  164012   3392   1664 R   9.1  0.0   0:00.19 top
160222 tcriss    20   0  148320   2944   1176 S   0.0  0.0   0:00.48 sshd
160224 tcriss    20   0  121072   3840   1940 S   0.0  0.0   0:00.92 bash
182044 tcriss    20   0 12.362g  28732  10580 S   0.0  0.1   0:00.08 java

top - 00:08:21 up 74 days, 15:43, 13 users,  load average: 1.29, 1.12, 1.07
Tasks: 1132 total,   2 running, 1130 sleeping,   0 stopped,   0 zombie
%Cpu(s):  0.6 us,  2.8 sy,  0.0 ni, 96.6 id,  0.0 wa,  0.0 hi,  0.0 si,  0.0 st
KiB Mem : 32531136 total,   539116 free,  3922444 used, 28069576 buff/cache
KiB Swap: 16383996 total, 13667044 free,  2716952 used. 19845832 avail Mem 

   PID USER      PR  NI    VIRT    RES    SHR S  %CPU %MEM     TIME+ COMMAND
182043 tcriss    20   0  164012   3392   1664 R  16.7  0.0   0:00.21 top
160222 tcriss    20   0  148320   2944   1176 S   0.0  0.0   0:00.48 sshd
160224 tcriss    20   0  121072   3840   1940 S   0.0  0.0   0:00.92 bash
182044 tcriss    20   0 12.362g  28732  10580 S   0.0  0.1   0:00.08 java

top - 00:08:21 up 74 days, 15:43, 13 users,  load average: 1.27, 1.11, 1.07
Tasks: 1132 total,   2 running, 1130 sleeping,   0 stopped,   0 zombie
%Cpu(s):  0.6 us,  2.8 sy,  0.0 ni, 96.6 id,  0.0 wa,  0.0 hi,  0.0 si,  0.0 st
KiB Mem : 32531136 total,   539116 free,  3922444 used, 28069576 buff/cache
KiB Swap: 16383996 total, 13667044 free,  2716952 used. 19845832 avail Mem 

   PID USER      PR  NI    VIRT    RES    SHR S  %CPU %MEM     TIME+ COMMAND
160222 tcriss    20   0  148320   2944   1176 S   0.0  0.0   0:00.48 sshd
160224 tcriss    20   0  121072   3840   1940 S   0.0  0.0   0:00.92 bash
182043 tcriss    20   0  164012   3392   1664 R   0.0  0.0   0:00.21 top
182044 tcriss    20   0 12.362g  28732  10580 S   0.0  0.1   0:00.08 java

top - 00:08:22 up 74 days, 15:43, 13 users,  load average: 1.27, 1.11, 1.07
Tasks: 1132 total,   2 running, 1130 sleeping,   0 stopped,   0 zombie
%Cpu(s):  0.8 us,  2.8 sy,  0.0 ni, 96.4 id,  0.0 wa,  0.0 hi,  0.0 si,  0.0 st
KiB Mem : 32531136 total,   539116 free,  3922444 used, 28069576 buff/cache
KiB Swap: 16383996 total, 13667044 free,  2716952 used. 19845832 avail Mem 

   PID USER      PR  NI    VIRT    RES    SHR S  %CPU %MEM     TIME+ COMMAND
182043 tcriss    20   0  164012   3392   1664 R  18.2  0.0   0:00.23 top
160222 tcriss    20   0  148320   2944   1176 S   0.0  0.0   0:00.48 sshd
160224 tcriss    20   0  121072   3840   1940 S   0.0  0.0   0:00.92 bash
182044 tcriss    20   0 12.362g  28732  10580 S   0.0  0.1   0:00.08 java

top - 00:08:22 up 74 days, 15:43, 13 users,  load average: 1.27, 1.11, 1.07
Tasks: 1132 total,   2 running, 1130 sleeping,   0 stopped,   0 zombie
%Cpu(s):  0.6 us,  2.8 sy,  0.0 ni, 96.6 id,  0.0 wa,  0.0 hi,  0.0 si,  0.0 st
KiB Mem : 32531136 total,   539116 free,  3922444 used, 28069576 buff/cache
KiB Swap: 16383996 total, 13667044 free,  2716952 used. 19845832 avail Mem 

   PID USER      PR  NI    VIRT    RES    SHR S  %CPU %MEM     TIME+ COMMAND
182043 tcriss    20   0  164012   3392   1664 R   9.1  0.0   0:00.24 top
160222 tcriss    20   0  148320   2944   1176 S   0.0  0.0   0:00.48 sshd
160224 tcriss    20   0  121072   3840   1940 S   0.0  0.0   0:00.92 bash
182044 tcriss    20   0 12.362g  28732  10580 S   0.0  0.1   0:00.08 java

top - 00:08:22 up 74 days, 15:43, 13 users,  load average: 1.27, 1.11, 1.07
Tasks: 1133 total,   3 running, 1130 sleeping,   0 stopped,   0 zombie
%Cpu(s):  1.4 us,  4.4 sy,  0.0 ni, 94.2 id,  0.0 wa,  0.0 hi,  0.0 si,  0.0 st
KiB Mem : 32531136 total,   539116 free,  3922444 used, 28069576 buff/cache
KiB Swap: 16383996 total, 13667044 free,  2716952 used. 19845832 avail Mem 

   PID USER      PR  NI    VIRT    RES    SHR S  %CPU %MEM     TIME+ COMMAND
182043 tcriss    20   0  164012   3392   1664 R   9.1  0.0   0:00.25 top
160222 tcriss    20   0  148320   2944   1176 S   0.0  0.0   0:00.48 sshd
160224 tcriss    20   0  121072   3840   1940 S   0.0  0.0   0:00.92 bash
182044 tcriss    20   0 12.362g  28732  10580 S   0.0  0.1   0:00.08 java

top - 00:08:22 up 74 days, 15:43, 13 users,  load average: 1.27, 1.11, 1.07
Tasks: 1132 total,   2 running, 1130 sleeping,   0 stopped,   0 zombie
%Cpu(s):  0.8 us,  3.1 sy,  0.0 ni, 96.1 id,  0.0 wa,  0.0 hi,  0.0 si,  0.0 st
KiB Mem : 32531136 total,   539116 free,  3922444 used, 28069576 buff/cache
KiB Swap: 16383996 total, 13667044 free,  2716952 used. 19845832 avail Mem 

   PID USER      PR  NI    VIRT    RES    SHR S  %CPU %MEM     TIME+ COMMAND
182043 tcriss    20   0  164012   3392   1664 R   9.1  0.0   0:00.26 top
160222 tcriss    20   0  148320   2944   1176 S   0.0  0.0   0:00.48 sshd
160224 tcriss    20   0  121072   3840   1940 S   0.0  0.0   0:00.92 bash
182044 tcriss    20   0 12.362g  28732  10580 S   0.0  0.1   0:00.08 java

top - 00:08:22 up 74 days, 15:43, 13 users,  load average: 1.27, 1.11, 1.07
Tasks: 1132 total,   2 running, 1130 sleeping,   0 stopped,   0 zombie
%Cpu(s):  0.6 us,  2.8 sy,  0.0 ni, 96.6 id,  0.0 wa,  0.0 hi,  0.0 si,  0.0 st
KiB Mem : 32531136 total,   539116 free,  3922444 used, 28069576 buff/cache
KiB Swap: 16383996 total, 13667044 free,  2716952 used. 19845832 avail Mem 

   PID USER      PR  NI    VIRT    RES    SHR S  %CPU %MEM     TIME+ COMMAND
182043 tcriss    20   0  164012   3392   1664 R   9.1  0.0   0:00.27 top
160222 tcriss    20   0  148320   2944   1176 S   0.0  0.0   0:00.48 sshd
160224 tcriss    20   0  121072   3840   1940 S   0.0  0.0   0:00.92 bash
182044 tcriss    20   0 12.362g  28732  10580 S   0.0  0.1   0:00.08 java

top - 00:08:22 up 74 days, 15:43, 13 users,  load average: 1.27, 1.11, 1.07
Tasks: 1132 total,   2 running, 1130 sleeping,   0 stopped,   0 zombie
%Cpu(s):  1.1 us,  2.5 sy,  0.0 ni, 96.3 id,  0.0 wa,  0.0 hi,  0.0 si,  0.0 st
KiB Mem : 32531136 total,   539116 free,  3922444 used, 28069576 buff/cache
KiB Swap: 16383996 total, 13667044 free,  2716952 used. 19845832 avail Mem 

   PID USER      PR  NI    VIRT    RES    SHR S  %CPU %MEM     TIME+ COMMAND
182043 tcriss    20   0  164012   3392   1664 R  18.2  0.0   0:00.29 top
160222 tcriss    20   0  148320   2944   1176 S   0.0  0.0   0:00.48 sshd
160224 tcriss    20   0  121072   3840   1940 S   0.0  0.0   0:00.92 bash
182044 tcriss    20   0 12.362g  28732  10580 S   0.0  0.1   0:00.08 java

top - 00:08:22 up 74 days, 15:43, 13 users,  load average: 1.27, 1.11, 1.07
Tasks: 1132 total,   2 running, 1130 sleeping,   0 stopped,   0 zombie
%Cpu(s):  0.8 us,  2.5 sy,  0.0 ni, 96.6 id,  0.0 wa,  0.0 hi,  0.0 si,  0.0 st
KiB Mem : 32531136 total,   539116 free,  3922444 used, 28069576 buff/cache
KiB Swap: 16383996 total, 13667044 free,  2716952 used. 19845832 avail Mem 

   PID USER      PR  NI    VIRT    RES    SHR S  %CPU %MEM     TIME+ COMMAND
182044 tcriss    20   0 12.362g  28732  10580 S   8.3  0.1   0:00.09 java
160222 tcriss    20   0  148320   2944   1176 S   0.0  0.0   0:00.48 sshd
160224 tcriss    20   0  121072   3840   1940 S   0.0  0.0   0:00.92 bash
182043 tcriss    20   0  164012   3392   1664 R   0.0  0.0   0:00.29 top

top - 00:08:22 up 74 days, 15:43, 13 users,  load average: 1.27, 1.11, 1.07
Tasks: 1132 total,   2 running, 1130 sleeping,   0 stopped,   0 zombie
%Cpu(s):  0.8 us,  2.5 sy,  0.0 ni, 96.6 id,  0.0 wa,  0.0 hi,  0.0 si,  0.0 st
KiB Mem : 32531136 total,   539116 free,  3922444 used, 28069576 buff/cache
KiB Swap: 16383996 total, 13667044 free,  2716952 used. 19845832 avail Mem 

   PID USER      PR  NI    VIRT    RES    SHR S  %CPU %MEM     TIME+ COMMAND
182043 tcriss    20   0  164012   3392   1664 R  18.2  0.0   0:00.31 top
160222 tcriss    20   0  148320   2944   1176 S   0.0  0.0   0:00.48 sshd
160224 tcriss    20   0  121072   3840   1940 S   0.0  0.0   0:00.92 bash
182044 tcriss    20   0 12.362g  28732  10580 S   0.0  0.1   0:00.09 java

top - 00:08:22 up 74 days, 15:43, 13 users,  load average: 1.27, 1.11, 1.07
Tasks: 1132 total,   2 running, 1130 sleeping,   0 stopped,   0 zombie
%Cpu(s):  0.8 us,  2.8 sy,  0.0 ni, 96.3 id,  0.0 wa,  0.0 hi,  0.0 si,  0.0 st
KiB Mem : 32531136 total,   539116 free,  3922444 used, 28069576 buff/cache
KiB Swap: 16383996 total, 13667044 free,  2716952 used. 19845832 avail Mem 

   PID USER      PR  NI    VIRT    RES    SHR S  %CPU %MEM     TIME+ COMMAND
182044 tcriss    20   0 12.362g  28732  10580 S   9.1  0.1   0:00.10 java
160222 tcriss    20   0  148320   2944   1176 S   0.0  0.0   0:00.48 sshd
160224 tcriss    20   0  121072   3840   1940 S   0.0  0.0   0:00.92 bash
182043 tcriss    20   0  164012   3392   1664 R   0.0  0.0   0:00.31 top

top - 00:08:23 up 74 days, 15:43, 13 users,  load average: 1.27, 1.11, 1.07
Tasks: 1132 total,   2 running, 1130 sleeping,   0 stopped,   0 zombie
%Cpu(s):  0.6 us,  2.8 sy,  0.0 ni, 96.6 id,  0.0 wa,  0.0 hi,  0.0 si,  0.0 st
KiB Mem : 32531136 total,   536508 free,  3924996 used, 28069632 buff/cache
KiB Swap: 16383996 total, 13667044 free,  2716952 used. 19843272 avail Mem 

   PID USER      PR  NI    VIRT    RES    SHR S  %CPU %MEM     TIME+ COMMAND
182043 tcriss    20   0  164012   3392   1664 R   9.1  0.0   0:00.32 top
160222 tcriss    20   0  148320   2944   1176 S   0.0  0.0   0:00.48 sshd
160224 tcriss    20   0  121072   3840   1940 S   0.0  0.0   0:00.92 bash
182044 tcriss    20   0 12.362g  28732  10580 S   0.0  0.1   0:00.10 java

top - 00:08:23 up 74 days, 15:43, 13 users,  load average: 1.27, 1.11, 1.07
Tasks: 1132 total,   2 running, 1130 sleeping,   0 stopped,   0 zombie
%Cpu(s):  0.6 us,  2.8 sy,  0.0 ni, 96.6 id,  0.0 wa,  0.0 hi,  0.0 si,  0.0 st
KiB Mem : 32531136 total,   536508 free,  3924996 used, 28069632 buff/cache
KiB Swap: 16383996 total, 13667044 free,  2716952 used. 19843272 avail Mem 

   PID USER      PR  NI    VIRT    RES    SHR S  %CPU %MEM     TIME+ COMMAND
182043 tcriss    20   0  164012   3392   1664 R  18.2  0.0   0:00.34 top
160222 tcriss    20   0  148320   2944   1176 S   0.0  0.0   0:00.48 sshd
160224 tcriss    20   0  121072   3840   1940 S   0.0  0.0   0:00.92 bash
182044 tcriss    20   0 12.362g  28732  10580 S   0.0  0.1   0:00.10 java

top - 00:08:23 up 74 days, 15:43, 13 users,  load average: 1.27, 1.11, 1.07
Tasks: 1132 total,   2 running, 1130 sleeping,   0 stopped,   0 zombie
%Cpu(s):  1.1 us,  2.5 sy,  0.0 ni, 96.3 id,  0.0 wa,  0.0 hi,  0.0 si,  0.0 st
KiB Mem : 32531136 total,   536508 free,  3924996 used, 28069632 buff/cache
KiB Swap: 16383996 total, 13667044 free,  2716952 used. 19843272 avail Mem 

   PID USER      PR  NI    VIRT    RES    SHR S  %CPU %MEM     TIME+ COMMAND
160222 tcriss    20   0  148320   2944   1176 S   0.0  0.0   0:00.48 sshd
160224 tcriss    20   0  121072   3840   1940 S   0.0  0.0   0:00.92 bash
182043 tcriss    20   0  164012   3392   1664 R   0.0  0.0   0:00.34 top
182044 tcriss    20   0 12.362g  28732  10580 S   0.0  0.1   0:00.10 java

top - 00:08:23 up 74 days, 15:43, 13 users,  load average: 1.27, 1.11, 1.07
Tasks: 1132 total,   2 running, 1130 sleeping,   0 stopped,   0 zombie
%Cpu(s):  0.6 us,  2.8 sy,  0.0 ni, 96.6 id,  0.0 wa,  0.0 hi,  0.0 si,  0.0 st
KiB Mem : 32531136 total,   536508 free,  3924996 used, 28069632 buff/cache
KiB Swap: 16383996 total, 13667044 free,  2716952 used. 19843272 avail Mem 

   PID USER      PR  NI    VIRT    RES    SHR S  %CPU %MEM     TIME+ COMMAND
182043 tcriss    20   0  164012   3392   1664 R  18.2  0.0   0:00.36 top
160222 tcriss    20   0  148320   2944   1176 S   0.0  0.0   0:00.48 sshd
160224 tcriss    20   0  121072   3840   1940 S   0.0  0.0   0:00.92 bash
182044 tcriss    20   0 12.362g  28732  10580 S   0.0  0.1   0:00.10 java

top - 00:08:23 up 74 days, 15:43, 13 users,  load average: 1.27, 1.11, 1.07
Tasks: 1132 total,   2 running, 1130 sleeping,   0 stopped,   0 zombie
%Cpu(s):  1.1 us,  2.5 sy,  0.0 ni, 96.3 id,  0.0 wa,  0.0 hi,  0.0 si,  0.0 st
KiB Mem : 32531136 total,   536508 free,  3924996 used, 28069632 buff/cache
KiB Swap: 16383996 total, 13667044 free,  2716952 used. 19843272 avail Mem 

   PID USER      PR  NI    VIRT    RES    SHR S  %CPU %MEM     TIME+ COMMAND
182043 tcriss    20   0  164012   3392   1664 R   9.1  0.0   0:00.37 top
160222 tcriss    20   0  148320   2944   1176 S   0.0  0.0   0:00.48 sshd
160224 tcriss    20   0  121072   3840   1940 S   0.0  0.0   0:00.92 bash
182044 tcriss    20   0 12.362g  28732  10580 S   0.0  0.1   0:00.10 java

top - 00:08:23 up 74 days, 15:43, 13 users,  load average: 1.27, 1.11, 1.07
Tasks: 1132 total,   2 running, 1130 sleeping,   0 stopped,   0 zombie
%Cpu(s):  0.6 us,  2.8 sy,  0.0 ni, 96.3 id,  0.3 wa,  0.0 hi,  0.0 si,  0.0 st
KiB Mem : 32531136 total,   536508 free,  3924996 used, 28069632 buff/cache
KiB Swap: 16383996 total, 13667044 free,  2716952 used. 19843272 avail Mem 

   PID USER      PR  NI    VIRT    RES    SHR S  %CPU %MEM     TIME+ COMMAND
182043 tcriss    20   0  164012   3392   1664 R   9.1  0.0   0:00.38 top
160222 tcriss    20   0  148320   2944   1176 S   0.0  0.0   0:00.48 sshd
160224 tcriss    20   0  121072   3840   1940 S   0.0  0.0   0:00.92 bash
182044 tcriss    20   0 12.362g  28732  10580 S   0.0  0.1   0:00.10 java

top - 00:08:23 up 74 days, 15:43, 13 users,  load average: 1.27, 1.11, 1.07
Tasks: 1132 total,   2 running, 1130 sleeping,   0 stopped,   0 zombie
%Cpu(s):  0.3 us,  3.1 sy,  0.0 ni, 96.6 id,  0.0 wa,  0.0 hi,  0.0 si,  0.0 st
KiB Mem : 32531136 total,   536508 free,  3924996 used, 28069632 buff/cache
KiB Swap: 16383996 total, 13667044 free,  2716952 used. 19843272 avail Mem 

   PID USER      PR  NI    VIRT    RES    SHR S  %CPU %MEM     TIME+ COMMAND
182043 tcriss    20   0  164012   3392   1664 R   9.1  0.0   0:00.39 top
160222 tcriss    20   0  148320   2944   1176 S   0.0  0.0   0:00.48 sshd
160224 tcriss    20   0  121072   3840   1940 S   0.0  0.0   0:00.92 bash
182044 tcriss    20   0 12.362g  28732  10580 S   0.0  0.1   0:00.10 java

top - 00:08:23 up 74 days, 15:43, 13 users,  load average: 1.27, 1.11, 1.07
Tasks: 1132 total,   2 running, 1130 sleeping,   0 stopped,   0 zombie
%Cpu(s):  0.8 us,  2.8 sy,  0.0 ni, 96.3 id,  0.0 wa,  0.0 hi,  0.0 si,  0.0 st
KiB Mem : 32531136 total,   536508 free,  3924996 used, 28069632 buff/cache
KiB Swap: 16383996 total, 13667044 free,  2716952 used. 19843272 avail Mem 

   PID USER      PR  NI    VIRT    RES    SHR S  %CPU %MEM     TIME+ COMMAND
182043 tcriss    20   0  164012   3392   1664 R   9.1  0.0   0:00.40 top
182044 tcriss    20   0 12.362g  28732  10580 S   9.1  0.1   0:00.11 java
160222 tcriss    20   0  148320   2944   1176 S   0.0  0.0   0:00.48 sshd
160224 tcriss    20   0  121072   3840   1940 S   0.0  0.0   0:00.92 bash

top - 00:08:23 up 74 days, 15:43, 13 users,  load average: 1.27, 1.11, 1.07
Tasks: 1132 total,   2 running, 1130 sleeping,   0 stopped,   0 zombie
%Cpu(s):  0.6 us,  2.8 sy,  0.0 ni, 96.6 id,  0.0 wa,  0.0 hi,  0.0 si,  0.0 st
KiB Mem : 32531136 total,   536508 free,  3924996 used, 28069632 buff/cache
KiB Swap: 16383996 total, 13667044 free,  2716952 used. 19843272 avail Mem 

   PID USER      PR  NI    VIRT    RES    SHR S  %CPU %MEM     TIME+ COMMAND
182043 tcriss    20   0  164012   3392   1664 R   9.1  0.0   0:00.41 top
160222 tcriss    20   0  148320   2944   1176 S   0.0  0.0   0:00.48 sshd
160224 tcriss    20   0  121072   3840   1940 S   0.0  0.0   0:00.92 bash
182044 tcriss    20   0 12.362g  28732  10580 S   0.0  0.1   0:00.11 java

top - 00:08:24 up 74 days, 15:43, 13 users,  load average: 1.27, 1.11, 1.07
Tasks: 1132 total,   2 running, 1130 sleeping,   0 stopped,   0 zombie
%Cpu(s):  0.6 us,  2.8 sy,  0.0 ni, 96.6 id,  0.0 wa,  0.0 hi,  0.0 si,  0.0 st
KiB Mem : 32531136 total,   536508 free,  3924996 used, 28069632 buff/cache
KiB Swap: 16383996 total, 13667044 free,  2716952 used. 19843272 avail Mem 

   PID USER      PR  NI    VIRT    RES    SHR S  %CPU %MEM     TIME+ COMMAND
182043 tcriss    20   0  164012   3392   1664 R   9.1  0.0   0:00.42 top
160222 tcriss    20   0  148320   2944   1176 S   0.0  0.0   0:00.48 sshd
160224 tcriss    20   0  121072   3840   1940 S   0.0  0.0   0:00.92 bash
182044 tcriss    20   0 12.362g  28732  10580 S   0.0  0.1   0:00.11 java

top - 00:08:24 up 74 days, 15:43, 13 users,  load average: 1.27, 1.11, 1.07
Tasks: 1132 total,   2 running, 1130 sleeping,   0 stopped,   0 zombie
%Cpu(s):  0.6 us,  3.1 sy,  0.0 ni, 96.3 id,  0.0 wa,  0.0 hi,  0.0 si,  0.0 st
KiB Mem : 32531136 total,   536508 free,  3924996 used, 28069632 buff/cache
KiB Swap: 16383996 total, 13667044 free,  2716952 used. 19843272 avail Mem 

   PID USER      PR  NI    VIRT    RES    SHR S  %CPU %MEM     TIME+ COMMAND
182043 tcriss    20   0  164012   3392   1664 R  16.7  0.0   0:00.44 top
182044 tcriss    20   0 12.362g  28732  10580 S   8.3  0.1   0:00.12 java
160222 tcriss    20   0  148320   2944   1176 S   0.0  0.0   0:00.48 sshd
160224 tcriss    20   0  121072   3840   1940 S   0.0  0.0   0:00.92 bash

top - 00:08:24 up 74 days, 15:43, 13 users,  load average: 1.27, 1.11, 1.07
Tasks: 1132 total,   2 running, 1130 sleeping,   0 stopped,   0 zombie
%Cpu(s):  0.3 us,  2.8 sy,  0.0 ni, 96.9 id,  0.0 wa,  0.0 hi,  0.0 si,  0.0 st
KiB Mem : 32531136 total,   536508 free,  3924996 used, 28069632 buff/cache
KiB Swap: 16383996 total, 13667044 free,  2716952 used. 19843272 avail Mem 

   PID USER      PR  NI    VIRT    RES    SHR S  %CPU %MEM     TIME+ COMMAND
160222 tcriss    20   0  148320   2944   1176 S   0.0  0.0   0:00.48 sshd
160224 tcriss    20   0  121072   3840   1940 S   0.0  0.0   0:00.92 bash
182043 tcriss    20   0  164012   3392   1664 R   0.0  0.0   0:00.44 top
182044 tcriss    20   0 12.362g  28732  10580 S   0.0  0.1   0:00.12 java

top - 00:08:24 up 74 days, 15:43, 13 users,  load average: 1.27, 1.11, 1.07
Tasks: 1132 total,   2 running, 1130 sleeping,   0 stopped,   0 zombie
%Cpu(s):  0.8 us,  2.8 sy,  0.0 ni, 96.3 id,  0.0 wa,  0.0 hi,  0.0 si,  0.0 st
KiB Mem : 32531136 total,   536508 free,  3924996 used, 28069632 buff/cache
KiB Swap: 16383996 total, 13667044 free,  2716952 used. 19843272 avail Mem 

   PID USER      PR  NI    VIRT    RES    SHR S  %CPU %MEM     TIME+ COMMAND
182043 tcriss    20   0  164012   3392   1664 R   9.1  0.0   0:00.45 top
160222 tcriss    20   0  148320   2944   1176 S   0.0  0.0   0:00.48 sshd
160224 tcriss    20   0  121072   3840   1940 S   0.0  0.0   0:00.92 bash
182044 tcriss    20   0 12.362g  28732  10580 S   0.0  0.1   0:00.12 java

top - 00:08:24 up 74 days, 15:43, 13 users,  load average: 1.27, 1.11, 1.07
Tasks: 1132 total,   2 running, 1130 sleeping,   0 stopped,   0 zombie
%Cpu(s):  0.8 us,  2.8 sy,  0.0 ni, 96.3 id,  0.0 wa,  0.0 hi,  0.0 si,  0.0 st
KiB Mem : 32531136 total,   536508 free,  3924996 used, 28069632 buff/cache
KiB Swap: 16383996 total, 13667044 free,  2716952 used. 19843272 avail Mem 

   PID USER      PR  NI    VIRT    RES    SHR S  %CPU %MEM     TIME+ COMMAND
182043 tcriss    20   0  164012   3392   1664 R  18.2  0.0   0:00.47 top
160222 tcriss    20   0  148320   2944   1176 S   0.0  0.0   0:00.48 sshd
160224 tcriss    20   0  121072   3840   1940 S   0.0  0.0   0:00.92 bash
182044 tcriss    20   0 12.362g  28732  10580 S   0.0  0.1   0:00.12 java

top - 00:08:24 up 74 days, 15:43, 13 users,  load average: 1.27, 1.11, 1.07
Tasks: 1132 total,   2 running, 1130 sleeping,   0 stopped,   0 zombie
%Cpu(s):  0.8 us,  2.5 sy,  0.0 ni, 96.6 id,  0.0 wa,  0.0 hi,  0.0 si,  0.0 st
KiB Mem : 32531136 total,   536508 free,  3924996 used, 28069632 buff/cache
KiB Swap: 16383996 total, 13667044 free,  2716952 used. 19843272 avail Mem 

   PID USER      PR  NI    VIRT    RES    SHR S  %CPU %MEM     TIME+ COMMAND
160222 tcriss    20   0  148320   2944   1176 S   0.0  0.0   0:00.48 sshd
160224 tcriss    20   0  121072   3840   1940 S   0.0  0.0   0:00.92 bash
182043 tcriss    20   0  164012   3392   1664 R   0.0  0.0   0:00.47 top
182044 tcriss    20   0 12.362g  28732  10580 S   0.0  0.1   0:00.12 java

top - 00:08:24 up 74 days, 15:43, 13 users,  load average: 1.27, 1.11, 1.07
Tasks: 1132 total,   2 running, 1130 sleeping,   0 stopped,   0 zombie
%Cpu(s):  0.6 us,  2.8 sy,  0.0 ni, 96.6 id,  0.0 wa,  0.0 hi,  0.0 si,  0.0 st
KiB Mem : 32531136 total,   536508 free,  3924996 used, 28069632 buff/cache
KiB Swap: 16383996 total, 13667044 free,  2716952 used. 19843272 avail Mem 

   PID USER      PR  NI    VIRT    RES    SHR S  %CPU %MEM     TIME+ COMMAND
182043 tcriss    20   0  164012   3392   1664 R   9.1  0.0   0:00.48 top
160222 tcriss    20   0  148320   2944   1176 S   0.0  0.0   0:00.48 sshd
160224 tcriss    20   0  121072   3840   1940 S   0.0  0.0   0:00.92 bash
182044 tcriss    20   0 12.362g  28732  10580 S   0.0  0.1   0:00.12 java

top - 00:08:24 up 74 days, 15:43, 13 users,  load average: 1.27, 1.11, 1.07
Tasks: 1132 total,   2 running, 1130 sleeping,   0 stopped,   0 zombie
%Cpu(s):  0.6 us,  2.8 sy,  0.0 ni, 96.6 id,  0.0 wa,  0.0 hi,  0.0 si,  0.0 st
KiB Mem : 32531136 total,   536508 free,  3924996 used, 28069632 buff/cache
KiB Swap: 16383996 total, 13667044 free,  2716952 used. 19843272 avail Mem 

   PID USER      PR  NI    VIRT    RES    SHR S  %CPU %MEM     TIME+ COMMAND
182043 tcriss    20   0  164012   3392   1664 R   9.1  0.0   0:00.49 top
160222 tcriss    20   0  148320   2944   1176 S   0.0  0.0   0:00.48 sshd
160224 tcriss    20   0  121072   3840   1940 S   0.0  0.0   0:00.92 bash
182044 tcriss    20   0 12.362g  28732  10580 S   0.0  0.1   0:00.12 java

top - 00:08:24 up 74 days, 15:43, 13 users,  load average: 1.27, 1.11, 1.07
Tasks: 1132 total,   2 running, 1130 sleeping,   0 stopped,   0 zombie
%Cpu(s):  0.6 us,  2.8 sy,  0.0 ni, 96.6 id,  0.0 wa,  0.0 hi,  0.0 si,  0.0 st
KiB Mem : 32531136 total,   536508 free,  3924996 used, 28069632 buff/cache
KiB Swap: 16383996 total, 13667044 free,  2716952 used. 19843272 avail Mem 

   PID USER      PR  NI    VIRT    RES    SHR S  %CPU %MEM     TIME+ COMMAND
182043 tcriss    20   0  164012   3392   1664 R  18.2  0.0   0:00.51 top
160222 tcriss    20   0  148320   2944   1176 S   0.0  0.0   0:00.48 sshd
160224 tcriss    20   0  121072   3840   1940 S   0.0  0.0   0:00.92 bash
182044 tcriss    20   0 12.362g  28732  10580 S   0.0  0.1   0:00.12 java

top - 00:08:25 up 74 days, 15:43, 13 users,  load average: 1.27, 1.11, 1.07
Tasks: 1132 total,   2 running, 1130 sleeping,   0 stopped,   0 zombie
%Cpu(s):  1.1 us,  2.5 sy,  0.0 ni, 96.3 id,  0.0 wa,  0.0 hi,  0.0 si,  0.0 st
KiB Mem : 32531136 total,   536508 free,  3924996 used, 28069632 buff/cache
KiB Swap: 16383996 total, 13667044 free,  2716952 used. 19843272 avail Mem 

   PID USER      PR  NI    VIRT    RES    SHR S  %CPU %MEM     TIME+ COMMAND
182043 tcriss    20   0  164012   3392   1664 R   9.1  0.0   0:00.52 top
182044 tcriss    20   0 12.362g  28732  10580 S   9.1  0.1   0:00.13 java
160222 tcriss    20   0  148320   2944   1176 S   0.0  0.0   0:00.48 sshd
160224 tcriss    20   0  121072   3840   1940 S   0.0  0.0   0:00.92 bash

top - 00:08:25 up 74 days, 15:43, 13 users,  load average: 1.27, 1.11, 1.07
Tasks: 1132 total,   2 running, 1130 sleeping,   0 stopped,   0 zombie
%Cpu(s):  0.6 us,  3.1 sy,  0.0 ni, 96.3 id,  0.0 wa,  0.0 hi,  0.0 si,  0.0 st
KiB Mem : 32531136 total,   536508 free,  3924996 used, 28069632 buff/cache
KiB Swap: 16383996 total, 13667044 free,  2716952 used. 19843272 avail Mem 

   PID USER      PR  NI    VIRT    RES    SHR S  %CPU %MEM     TIME+ COMMAND
182043 tcriss    20   0  164012   3392   1664 R   9.1  0.0   0:00.53 top
160222 tcriss    20   0  148320   2944   1176 S   0.0  0.0   0:00.48 sshd
160224 tcriss    20   0  121072   3840   1940 S   0.0  0.0   0:00.92 bash
182044 tcriss    20   0 12.362g  28732  10580 S   0.0  0.1   0:00.13 java

top - 00:08:25 up 74 days, 15:43, 13 users,  load average: 1.27, 1.11, 1.07
Tasks: 1132 total,   2 running, 1130 sleeping,   0 stopped,   0 zombie
%Cpu(s):  0.8 us,  2.5 sy,  0.0 ni, 96.6 id,  0.0 wa,  0.0 hi,  0.0 si,  0.0 st
KiB Mem : 32531136 total,   536508 free,  3924996 used, 28069632 buff/cache
KiB Swap: 16383996 total, 13667044 free,  2716952 used. 19843272 avail Mem 

   PID USER      PR  NI    VIRT    RES    SHR S  %CPU %MEM     TIME+ COMMAND
182044 tcriss    20   0 12.362g  28732  10580 S   9.1  0.1   0:00.14 java
160222 tcriss    20   0  148320   2944   1176 S   0.0  0.0   0:00.48 sshd
160224 tcriss    20   0  121072   3840   1940 S   0.0  0.0   0:00.92 bash
182043 tcriss    20   0  164012   3392   1664 R   0.0  0.0   0:00.53 top

top - 00:08:25 up 74 days, 15:43, 13 users,  load average: 1.27, 1.11, 1.07
Tasks: 1132 total,   2 running, 1130 sleeping,   0 stopped,   0 zombie
%Cpu(s):  0.6 us,  2.8 sy,  0.0 ni, 96.6 id,  0.0 wa,  0.0 hi,  0.0 si,  0.0 st
KiB Mem : 32531136 total,   536508 free,  3924996 used, 28069632 buff/cache
KiB Swap: 16383996 total, 13667044 free,  2716952 used. 19843272 avail Mem 

   PID USER      PR  NI    VIRT    RES    SHR S  %CPU %MEM     TIME+ COMMAND
182043 tcriss    20   0  164012   3392   1664 R  18.2  0.0   0:00.55 top
160222 tcriss    20   0  148320   2944   1176 S   0.0  0.0   0:00.48 sshd
160224 tcriss    20   0  121072   3840   1940 S   0.0  0.0   0:00.92 bash
182044 tcriss    20   0 12.362g  28732  10580 S   0.0  0.1   0:00.14 java

top - 00:08:25 up 74 days, 15:43, 13 users,  load average: 1.27, 1.11, 1.07
Tasks: 1132 total,   2 running, 1130 sleeping,   0 stopped,   0 zombie
%Cpu(s):  0.6 us,  2.8 sy,  0.0 ni, 96.6 id,  0.0 wa,  0.0 hi,  0.0 si,  0.0 st
KiB Mem : 32531136 total,   536508 free,  3924996 used, 28069632 buff/cache
KiB Swap: 16383996 total, 13667044 free,  2716952 used. 19843272 avail Mem 

   PID USER      PR  NI    VIRT    RES    SHR S  %CPU %MEM     TIME+ COMMAND
160222 tcriss    20   0  148320   2944   1176 S   0.0  0.0   0:00.48 sshd
160224 tcriss    20   0  121072   3840   1940 S   0.0  0.0   0:00.92 bash
182043 tcriss    20   0  164012   3392   1664 R   0.0  0.0   0:00.55 top
182044 tcriss    20   0 12.362g  28732  10580 S   0.0  0.1   0:00.14 java

top - 00:08:25 up 74 days, 15:43, 13 users,  load average: 1.27, 1.11, 1.07
Tasks: 1132 total,   2 running, 1130 sleeping,   0 stopped,   0 zombie
%Cpu(s):  0.8 us,  2.8 sy,  0.0 ni, 96.3 id,  0.0 wa,  0.0 hi,  0.0 si,  0.0 st
KiB Mem : 32531136 total,   536508 free,  3924996 used, 28069632 buff/cache
KiB Swap: 16383996 total, 13667044 free,  2716952 used. 19843272 avail Mem 

   PID USER      PR  NI    VIRT    RES    SHR S  %CPU %MEM     TIME+ COMMAND
182043 tcriss    20   0  164012   3392   1664 R  18.2  0.0   0:00.57 top
160222 tcriss    20   0  148320   2944   1176 S   0.0  0.0   0:00.48 sshd
160224 tcriss    20   0  121072   3840   1940 S   0.0  0.0   0:00.92 bash
182044 tcriss    20   0 12.362g  28732  10580 S   0.0  0.1   0:00.14 java

top - 00:08:25 up 74 days, 15:43, 13 users,  load average: 1.27, 1.11, 1.07
Tasks: 1132 total,   2 running, 1130 sleeping,   0 stopped,   0 zombie
%Cpu(s):  0.8 us,  2.5 sy,  0.0 ni, 96.6 id,  0.0 wa,  0.0 hi,  0.0 si,  0.0 st
KiB Mem : 32531136 total,   536508 free,  3924996 used, 28069632 buff/cache
KiB Swap: 16383996 total, 13667044 free,  2716952 used. 19843272 avail Mem 

   PID USER      PR  NI    VIRT    RES    SHR S  %CPU %MEM     TIME+ COMMAND
182043 tcriss    20   0  164012   3392   1664 R   9.1  0.0   0:00.58 top
160222 tcriss    20   0  148320   2944   1176 S   0.0  0.0   0:00.48 sshd
160224 tcriss    20   0  121072   3840   1940 S   0.0  0.0   0:00.92 bash
182044 tcriss    20   0 12.362g  28732  10580 S   0.0  0.1   0:00.14 java

top - 00:08:25 up 74 days, 15:43, 13 users,  load average: 1.27, 1.11, 1.07
Tasks: 1132 total,   2 running, 1130 sleeping,   0 stopped,   0 zombie
%Cpu(s):  0.8 us,  2.8 sy,  0.0 ni, 96.3 id,  0.0 wa,  0.0 hi,  0.0 si,  0.0 st
KiB Mem : 32531136 total,   536508 free,  3924996 used, 28069632 buff/cache
KiB Swap: 16383996 total, 13667044 free,  2716952 used. 19843272 avail Mem 

   PID USER      PR  NI    VIRT    RES    SHR S  %CPU %MEM     TIME+ COMMAND
182044 tcriss    20   0 12.362g  29252  10968 S   9.1  0.1   0:00.15 java
160222 tcriss    20   0  148320   2944   1176 S   0.0  0.0   0:00.48 sshd
160224 tcriss    20   0  121072   3840   1940 S   0.0  0.0   0:00.92 bash
182043 tcriss    20   0  164012   3392   1664 R   0.0  0.0   0:00.58 top

top - 00:08:25 up 74 days, 15:43, 13 users,  load average: 1.27, 1.11, 1.07
Tasks: 1132 total,   2 running, 1130 sleeping,   0 stopped,   0 zombie
%Cpu(s):  0.8 us,  2.5 sy,  0.0 ni, 96.6 id,  0.0 wa,  0.0 hi,  0.0 si,  0.0 st
KiB Mem : 32531136 total,   536508 free,  3924996 used, 28069632 buff/cache
KiB Swap: 16383996 total, 13667044 free,  2716952 used. 19843272 avail Mem 

   PID USER      PR  NI    VIRT    RES    SHR S  %CPU %MEM     TIME+ COMMAND
182043 tcriss    20   0  164012   3392   1664 R  18.2  0.0   0:00.60 top
160222 tcriss    20   0  148320   2944   1176 S   0.0  0.0   0:00.48 sshd
160224 tcriss    20   0  121072   3840   1940 S   0.0  0.0   0:00.92 bash
182044 tcriss    20   0 12.362g  29252  10968 S   0.0  0.1   0:00.15 java

top - 00:08:26 up 74 days, 15:43, 13 users,  load average: 1.27, 1.11, 1.07
Tasks: 1132 total,   2 running, 1130 sleeping,   0 stopped,   0 zombie
%Cpu(s):  0.6 us,  2.8 sy,  0.0 ni, 96.6 id,  0.0 wa,  0.0 hi,  0.0 si,  0.0 st
KiB Mem : 32531136 total,   536900 free,  3924584 used, 28069652 buff/cache
KiB Swap: 16383996 total, 13667044 free,  2716952 used. 19843668 avail Mem 

   PID USER      PR  NI    VIRT    RES    SHR S  %CPU %MEM     TIME+ COMMAND
182043 tcriss    20   0  164012   3392   1664 R   9.1  0.0   0:00.61 top
160222 tcriss    20   0  148320   2944   1176 S   0.0  0.0   0:00.48 sshd
160224 tcriss    20   0  121072   3840   1940 S   0.0  0.0   0:00.92 bash
182044 tcriss    20   0 12.362g  29252  10968 S   0.0  0.1   0:00.15 java

top - 00:08:26 up 74 days, 15:43, 13 users,  load average: 1.27, 1.11, 1.07
Tasks: 1132 total,   3 running, 1129 sleeping,   0 stopped,   0 zombie
%Cpu(s):  1.1 us,  2.8 sy,  0.0 ni, 96.1 id,  0.0 wa,  0.0 hi,  0.0 si,  0.0 st
KiB Mem : 32531136 total,   536900 free,  3924584 used, 28069652 buff/cache
KiB Swap: 16383996 total, 13667044 free,  2716952 used. 19843668 avail Mem 

   PID USER      PR  NI    VIRT    RES    SHR S  %CPU %MEM     TIME+ COMMAND
182043 tcriss    20   0  164012   3392   1664 R   9.1  0.0   0:00.62 top
160222 tcriss    20   0  148320   2944   1176 S   0.0  0.0   0:00.48 sshd
160224 tcriss    20   0  121072   3840   1940 S   0.0  0.0   0:00.92 bash
182044 tcriss    20   0 12.362g  29252  10968 S   0.0  0.1   0:00.15 java

top - 00:08:26 up 74 days, 15:43, 13 users,  load average: 1.27, 1.11, 1.07
Tasks: 1132 total,   2 running, 1130 sleeping,   0 stopped,   0 zombie
%Cpu(s):  0.8 us,  2.5 sy,  0.0 ni, 96.6 id,  0.0 wa,  0.0 hi,  0.0 si,  0.0 st
KiB Mem : 32531136 total,   536900 free,  3924584 used, 28069652 buff/cache
KiB Swap: 16383996 total, 13667044 free,  2716952 used. 19843668 avail Mem 

   PID USER      PR  NI    VIRT    RES    SHR S  %CPU %MEM     TIME+ COMMAND
182043 tcriss    20   0  164012   3392   1664 R   8.3  0.0   0:00.63 top
160222 tcriss    20   0  148320   2944   1176 S   0.0  0.0   0:00.48 sshd
160224 tcriss    20   0  121072   3840   1940 S   0.0  0.0   0:00.92 bash
182044 tcriss    20   0 12.362g  29252  10968 S   0.0  0.1   0:00.15 java

top - 00:08:26 up 74 days, 15:43, 13 users,  load average: 1.27, 1.11, 1.07
Tasks: 1132 total,   2 running, 1130 sleeping,   0 stopped,   0 zombie
%Cpu(s):  0.8 us,  2.5 sy,  0.0 ni, 96.6 id,  0.0 wa,  0.0 hi,  0.0 si,  0.0 st
KiB Mem : 32531136 total,   536900 free,  3924584 used, 28069652 buff/cache
KiB Swap: 16383996 total, 13667044 free,  2716952 used. 19843668 avail Mem 

   PID USER      PR  NI    VIRT    RES    SHR S  %CPU %MEM     TIME+ COMMAND
182043 tcriss    20   0  164012   3392   1664 R   9.1  0.0   0:00.64 top
160222 tcriss    20   0  148320   2944   1176 S   0.0  0.0   0:00.48 sshd
160224 tcriss    20   0  121072   3840   1940 S   0.0  0.0   0:00.92 bash
182044 tcriss    20   0 12.362g  29252  10968 S   0.0  0.1   0:00.15 java

top - 00:08:26 up 74 days, 15:43, 13 users,  load average: 1.27, 1.11, 1.07
Tasks: 1132 total,   2 running, 1130 sleeping,   0 stopped,   0 zombie
%Cpu(s):  0.9 us,  2.6 sy,  0.0 ni, 96.6 id,  0.0 wa,  0.0 hi,  0.0 si,  0.0 st
KiB Mem : 32531136 total,   536900 free,  3924584 used, 28069652 buff/cache
KiB Swap: 16383996 total, 13667044 free,  2716952 used. 19843668 avail Mem 

   PID USER      PR  NI    VIRT    RES    SHR S  %CPU %MEM     TIME+ COMMAND
182043 tcriss    20   0  164012   3392   1664 R   9.1  0.0   0:00.65 top
182044 tcriss    20   0 12.362g  29252  10968 S   9.1  0.1   0:00.16 java
160222 tcriss    20   0  148320   2944   1176 S   0.0  0.0   0:00.48 sshd
160224 tcriss    20   0  121072   3840   1940 S   0.0  0.0   0:00.92 bash

top - 00:08:26 up 74 days, 15:43, 13 users,  load average: 1.27, 1.11, 1.07
Tasks: 1132 total,   2 running, 1130 sleeping,   0 stopped,   0 zombie
%Cpu(s):  0.8 us,  2.8 sy,  0.0 ni, 96.3 id,  0.0 wa,  0.0 hi,  0.0 si,  0.0 st
KiB Mem : 32531136 total,   536900 free,  3924584 used, 28069652 buff/cache
KiB Swap: 16383996 total, 13667044 free,  2716952 used. 19843668 avail Mem 

   PID USER      PR  NI    VIRT    RES    SHR S  %CPU %MEM     TIME+ COMMAND
182043 tcriss    20   0  164012   3392   1664 R   9.1  0.0   0:00.66 top
160222 tcriss    20   0  148320   2944   1176 S   0.0  0.0   0:00.48 sshd
160224 tcriss    20   0  121072   3840   1940 S   0.0  0.0   0:00.92 bash
182044 tcriss    20   0 12.362g  29252  10968 S   0.0  0.1   0:00.16 java

top - 00:08:26 up 74 days, 15:43, 13 users,  load average: 1.27, 1.11, 1.07
Tasks: 1132 total,   2 running, 1130 sleeping,   0 stopped,   0 zombie
%Cpu(s):  0.9 us,  2.6 sy,  0.0 ni, 96.6 id,  0.0 wa,  0.0 hi,  0.0 si,  0.0 st
KiB Mem : 32531136 total,   536900 free,  3924584 used, 28069652 buff/cache
KiB Swap: 16383996 total, 13667044 free,  2716952 used. 19843668 avail Mem 

   PID USER      PR  NI    VIRT    RES    SHR S  %CPU %MEM     TIME+ COMMAND
182043 tcriss    20   0  164012   3392   1664 R   9.1  0.0   0:00.67 top
160222 tcriss    20   0  148320   2944   1176 S   0.0  0.0   0:00.48 sshd
160224 tcriss    20   0  121072   3840   1940 S   0.0  0.0   0:00.92 bash
182044 tcriss    20   0 12.362g  29252  10968 S   0.0  0.1   0:00.16 java

top - 00:08:26 up 74 days, 15:43, 13 users,  load average: 1.27, 1.11, 1.07
Tasks: 1132 total,   2 running, 1130 sleeping,   0 stopped,   0 zombie
%Cpu(s):  0.8 us,  2.5 sy,  0.0 ni, 96.6 id,  0.0 wa,  0.0 hi,  0.0 si,  0.0 st
KiB Mem : 32531136 total,   536900 free,  3924584 used, 28069652 buff/cache
KiB Swap: 16383996 total, 13667044 free,  2716952 used. 19843668 avail Mem 

   PID USER      PR  NI    VIRT    RES    SHR S  %CPU %MEM     TIME+ COMMAND
182043 tcriss    20   0  164012   3392   1664 R   9.1  0.0   0:00.68 top
182044 tcriss    20   0 12.362g  29252  10968 S   9.1  0.1   0:00.17 java
160222 tcriss    20   0  148320   2944   1176 S   0.0  0.0   0:00.48 sshd
160224 tcriss    20   0  121072   3840   1940 S   0.0  0.0   0:00.92 bash

top - 00:08:26 up 74 days, 15:43, 13 users,  load average: 1.25, 1.11, 1.07
Tasks: 1132 total,   2 running, 1130 sleeping,   0 stopped,   0 zombie
%Cpu(s):  0.6 us,  3.1 sy,  0.0 ni, 96.3 id,  0.0 wa,  0.0 hi,  0.0 si,  0.0 st
KiB Mem : 32531136 total,   536900 free,  3924584 used, 28069652 buff/cache
KiB Swap: 16383996 total, 13667044 free,  2716952 used. 19843668 avail Mem 

   PID USER      PR  NI    VIRT    RES    SHR S  %CPU %MEM     TIME+ COMMAND
182043 tcriss    20   0  164012   3392   1664 R   9.1  0.0   0:00.69 top
160222 tcriss    20   0  148320   2944   1176 S   0.0  0.0   0:00.48 sshd
160224 tcriss    20   0  121072   3840   1940 S   0.0  0.0   0:00.92 bash
182044 tcriss    20   0 12.362g  29252  10968 S   0.0  0.1   0:00.17 java

top - 00:08:27 up 74 days, 15:43, 13 users,  load average: 1.25, 1.11, 1.07
Tasks: 1132 total,   2 running, 1130 sleeping,   0 stopped,   0 zombie
%Cpu(s):  0.8 us,  2.5 sy,  0.0 ni, 96.6 id,  0.0 wa,  0.0 hi,  0.0 si,  0.0 st
KiB Mem : 32531136 total,   536900 free,  3924584 used, 28069652 buff/cache
KiB Swap: 16383996 total, 13667044 free,  2716952 used. 19843668 avail Mem 

   PID USER      PR  NI    VIRT    RES    SHR S  %CPU %MEM     TIME+ COMMAND
182043 tcriss    20   0  164012   3392   1664 R   9.1  0.0   0:00.70 top
160222 tcriss    20   0  148320   2944   1176 S   0.0  0.0   0:00.48 sshd
160224 tcriss    20   0  121072   3840   1940 S   0.0  0.0   0:00.92 bash
182044 tcriss    20   0 12.362g  29252  10968 S   0.0  0.1   0:00.17 java

top - 00:08:27 up 74 days, 15:43, 13 users,  load average: 1.25, 1.11, 1.07
Tasks: 1132 total,   2 running, 1130 sleeping,   0 stopped,   0 zombie
%Cpu(s):  0.8 us,  2.8 sy,  0.0 ni, 96.3 id,  0.0 wa,  0.0 hi,  0.0 si,  0.0 st
KiB Mem : 32531136 total,   536900 free,  3924584 used, 28069652 buff/cache
KiB Swap: 16383996 total, 13667044 free,  2716952 used. 19843668 avail Mem 

   PID USER      PR  NI    VIRT    RES    SHR S  %CPU %MEM     TIME+ COMMAND
182043 tcriss    20   0  164012   3392   1664 R   9.1  0.0   0:00.71 top
160222 tcriss    20   0  148320   2944   1176 S   0.0  0.0   0:00.48 sshd
160224 tcriss    20   0  121072   3840   1940 S   0.0  0.0   0:00.92 bash
182044 tcriss    20   0 12.362g  29252  10968 S   0.0  0.1   0:00.17 java

top - 00:08:27 up 74 days, 15:43, 13 users,  load average: 1.25, 1.11, 1.07
Tasks: 1132 total,   2 running, 1130 sleeping,   0 stopped,   0 zombie
%Cpu(s):  0.8 us,  2.5 sy,  0.0 ni, 96.6 id,  0.0 wa,  0.0 hi,  0.0 si,  0.0 st
KiB Mem : 32531136 total,   536900 free,  3924584 used, 28069652 buff/cache
KiB Swap: 16383996 total, 13667044 free,  2716952 used. 19843668 avail Mem 

   PID USER      PR  NI    VIRT    RES    SHR S  %CPU %MEM     TIME+ COMMAND
182043 tcriss    20   0  164012   3392   1664 R   9.1  0.0   0:00.72 top
160222 tcriss    20   0  148320   2944   1176 S   0.0  0.0   0:00.48 sshd
160224 tcriss    20   0  121072   3840   1940 S   0.0  0.0   0:00.92 bash
182044 tcriss    20   0 12.362g  29252  10968 S   0.0  0.1   0:00.17 java

top - 00:08:27 up 74 days, 15:43, 13 users,  load average: 1.25, 1.11, 1.07
Tasks: 1132 total,   2 running, 1130 sleeping,   0 stopped,   0 zombie
%Cpu(s):  1.1 us,  2.5 sy,  0.0 ni, 96.3 id,  0.0 wa,  0.0 hi,  0.0 si,  0.0 st
KiB Mem : 32531136 total,   536900 free,  3924584 used, 28069652 buff/cache
KiB Swap: 16383996 total, 13667044 free,  2716952 used. 19843668 avail Mem 

   PID USER      PR  NI    VIRT    RES    SHR S  %CPU %MEM     TIME+ COMMAND
182043 tcriss    20   0  164012   3392   1664 R   9.1  0.0   0:00.73 top
160222 tcriss    20   0  148320   2944   1176 S   0.0  0.0   0:00.48 sshd
160224 tcriss    20   0  121072   3840   1940 S   0.0  0.0   0:00.92 bash
182044 tcriss    20   0 12.362g  29252  10968 S   0.0  0.1   0:00.17 java

top - 00:08:27 up 74 days, 15:43, 13 users,  load average: 1.25, 1.11, 1.07
Tasks: 1132 total,   2 running, 1130 sleeping,   0 stopped,   0 zombie
%Cpu(s):  0.8 us,  2.8 sy,  0.0 ni, 96.3 id,  0.0 wa,  0.0 hi,  0.0 si,  0.0 st
KiB Mem : 32531136 total,   536900 free,  3924584 used, 28069652 buff/cache
KiB Swap: 16383996 total, 13667044 free,  2716952 used. 19843668 avail Mem 

   PID USER      PR  NI    VIRT    RES    SHR S  %CPU %MEM     TIME+ COMMAND
182043 tcriss    20   0  164012   3392   1664 R   9.1  0.0   0:00.74 top
160222 tcriss    20   0  148320   2944   1176 S   0.0  0.0   0:00.48 sshd
160224 tcriss    20   0  121072   3840   1940 S   0.0  0.0   0:00.92 bash
182044 tcriss    20   0 12.362g  29252  10968 S   0.0  0.1   0:00.17 java

top - 00:08:27 up 74 days, 15:43, 13 users,  load average: 1.25, 1.11, 1.07
Tasks: 1132 total,   2 running, 1130 sleeping,   0 stopped,   0 zombie
%Cpu(s):  0.8 us,  2.5 sy,  0.0 ni, 96.6 id,  0.0 wa,  0.0 hi,  0.0 si,  0.0 st
KiB Mem : 32531136 total,   536900 free,  3924584 used, 28069652 buff/cache
KiB Swap: 16383996 total, 13667044 free,  2716952 used. 19843668 avail Mem 

   PID USER      PR  NI    VIRT    RES    SHR S  %CPU %MEM     TIME+ COMMAND
182043 tcriss    20   0  164012   3392   1664 R  18.2  0.0   0:00.76 top
182044 tcriss    20   0 12.362g  29252  10968 S   9.1  0.1   0:00.18 java
160222 tcriss    20   0  148320   2944   1176 S   0.0  0.0   0:00.48 sshd
160224 tcriss    20   0  121072   3840   1940 S   0.0  0.0   0:00.92 bash

top - 00:08:27 up 74 days, 15:43, 13 users,  load average: 1.25, 1.11, 1.07
Tasks: 1132 total,   2 running, 1130 sleeping,   0 stopped,   0 zombie
%Cpu(s):  0.6 us,  3.1 sy,  0.0 ni, 96.0 id,  0.3 wa,  0.0 hi,  0.0 si,  0.0 st
KiB Mem : 32531136 total,   536900 free,  3924584 used, 28069652 buff/cache
KiB Swap: 16383996 total, 13667044 free,  2716952 used. 19843668 avail Mem 

   PID USER      PR  NI    VIRT    RES    SHR S  %CPU %MEM     TIME+ COMMAND
160222 tcriss    20   0  148320   2944   1176 S   0.0  0.0   0:00.48 sshd
160224 tcriss    20   0  121072   3840   1940 S   0.0  0.0   0:00.92 bash
182043 tcriss    20   0  164012   3392   1664 R   0.0  0.0   0:00.76 top
182044 tcriss    20   0 12.362g  29252  10968 S   0.0  0.1   0:00.18 java

top - 00:08:27 up 74 days, 15:43, 13 users,  load average: 1.25, 1.11, 1.07
Tasks: 1132 total,   2 running, 1130 sleeping,   0 stopped,   0 zombie
%Cpu(s):  0.3 us,  2.8 sy,  0.0 ni, 96.9 id,  0.0 wa,  0.0 hi,  0.0 si,  0.0 st
KiB Mem : 32531136 total,   536900 free,  3924584 used, 28069652 buff/cache
KiB Swap: 16383996 total, 13667044 free,  2716952 used. 19843668 avail Mem 

   PID USER      PR  NI    VIRT    RES    SHR S  %CPU %MEM     TIME+ COMMAND
182043 tcriss    20   0  164012   3392   1664 R   9.1  0.0   0:00.77 top
160222 tcriss    20   0  148320   2944   1176 S   0.0  0.0   0:00.48 sshd
160224 tcriss    20   0  121072   3840   1940 S   0.0  0.0   0:00.92 bash
182044 tcriss    20   0 12.362g  29252  10968 S   0.0  0.1   0:00.18 java

top - 00:08:27 up 74 days, 15:43, 13 users,  load average: 1.25, 1.11, 1.07
Tasks: 1132 total,   2 running, 1130 sleeping,   0 stopped,   0 zombie
%Cpu(s):  0.8 us,  2.8 sy,  0.0 ni, 96.3 id,  0.0 wa,  0.0 hi,  0.0 si,  0.0 st
KiB Mem : 32531136 total,   536900 free,  3924584 used, 28069652 buff/cache
KiB Swap: 16383996 total, 13667044 free,  2716952 used. 19843668 avail Mem 

   PID USER      PR  NI    VIRT    RES    SHR S  %CPU %MEM     TIME+ COMMAND
182043 tcriss    20   0  164012   3392   1664 R  18.2  0.0   0:00.79 top
160222 tcriss    20   0  148320   2944   1176 S   0.0  0.0   0:00.48 sshd
160224 tcriss    20   0  121072   3840   1940 S   0.0  0.0   0:00.92 bash
182044 tcriss    20   0 12.362g  29252  10968 S   0.0  0.1   0:00.18 java

top - 00:08:28 up 74 days, 15:43, 13 users,  load average: 1.25, 1.11, 1.07
Tasks: 1132 total,   2 running, 1130 sleeping,   0 stopped,   0 zombie
%Cpu(s):  0.9 us,  2.6 sy,  0.0 ni, 96.6 id,  0.0 wa,  0.0 hi,  0.0 si,  0.0 st
KiB Mem : 32531136 total,   536900 free,  3924584 used, 28069652 buff/cache
KiB Swap: 16383996 total, 13667044 free,  2716952 used. 19843668 avail Mem 

   PID USER      PR  NI    VIRT    RES    SHR S  %CPU %MEM     TIME+ COMMAND
160222 tcriss    20   0  148320   2944   1176 S   0.0  0.0   0:00.48 sshd
160224 tcriss    20   0  121072   3840   1940 S   0.0  0.0   0:00.92 bash
182043 tcriss    20   0  164012   3392   1664 R   0.0  0.0   0:00.79 top
182044 tcriss    20   0 12.362g  29252  10968 S   0.0  0.1   0:00.18 java

top - 00:08:28 up 74 days, 15:43, 13 users,  load average: 1.25, 1.11, 1.07
Tasks: 1132 total,   2 running, 1130 sleeping,   0 stopped,   0 zombie
%Cpu(s):  0.8 us,  2.8 sy,  0.0 ni, 96.3 id,  0.0 wa,  0.0 hi,  0.0 si,  0.0 st
KiB Mem : 32531136 total,   536900 free,  3924584 used, 28069652 buff/cache
KiB Swap: 16383996 total, 13667044 free,  2716952 used. 19843668 avail Mem 

   PID USER      PR  NI    VIRT    RES    SHR S  %CPU %MEM     TIME+ COMMAND
182043 tcriss    20   0  164012   3392   1664 R   9.1  0.0   0:00.80 top
160222 tcriss    20   0  148320   2944   1176 S   0.0  0.0   0:00.48 sshd
160224 tcriss    20   0  121072   3840   1940 S   0.0  0.0   0:00.92 bash
182044 tcriss    20   0 12.362g  29252  10968 S   0.0  0.1   0:00.18 java

top - 00:08:28 up 74 days, 15:43, 13 users,  load average: 1.25, 1.11, 1.07
Tasks: 1133 total,   2 running, 1131 sleeping,   0 stopped,   0 zombie
%Cpu(s):  1.9 us,  3.6 sy,  0.0 ni, 92.8 id,  1.7 wa,  0.0 hi,  0.0 si,  0.0 st
KiB Mem : 32531136 total,   536900 free,  3924584 used, 28069652 buff/cache
KiB Swap: 16383996 total, 13667044 free,  2716952 used. 19843668 avail Mem 

   PID USER      PR  NI    VIRT    RES    SHR S  %CPU %MEM     TIME+ COMMAND
182043 tcriss    20   0  164012   3392   1664 R  18.2  0.0   0:00.82 top
160222 tcriss    20   0  148320   2944   1176 S   0.0  0.0   0:00.48 sshd
160224 tcriss    20   0  121072   3840   1940 S   0.0  0.0   0:00.92 bash
182044 tcriss    20   0 12.362g  29252  10968 S   0.0  0.1   0:00.18 java

top - 00:08:28 up 74 days, 15:43, 13 users,  load average: 1.25, 1.11, 1.07
Tasks: 1132 total,   2 running, 1130 sleeping,   0 stopped,   0 zombie
%Cpu(s):  0.6 us,  3.1 sy,  0.0 ni, 92.7 id,  3.6 wa,  0.0 hi,  0.0 si,  0.0 st
KiB Mem : 32531136 total,   536900 free,  3924584 used, 28069652 buff/cache
KiB Swap: 16383996 total, 13667044 free,  2716952 used. 19843668 avail Mem 

   PID USER      PR  NI    VIRT    RES    SHR S  %CPU %MEM     TIME+ COMMAND
182043 tcriss    20   0  164012   3392   1664 R   8.3  0.0   0:00.83 top
182044 tcriss    20   0 12.362g  29252  10968 S   8.3  0.1   0:00.19 java
160222 tcriss    20   0  148320   2944   1176 S   0.0  0.0   0:00.48 sshd
160224 tcriss    20   0  121072   3840   1940 S   0.0  0.0   0:00.92 bash

top - 00:08:28 up 74 days, 15:43, 13 users,  load average: 1.25, 1.11, 1.07
Tasks: 1132 total,   2 running, 1130 sleeping,   0 stopped,   0 zombie
%Cpu(s):  0.8 us,  2.8 sy,  0.0 ni, 96.3 id,  0.0 wa,  0.0 hi,  0.0 si,  0.0 st
KiB Mem : 32531136 total,   536900 free,  3924584 used, 28069652 buff/cache
KiB Swap: 16383996 total, 13667044 free,  2716952 used. 19843668 avail Mem 

   PID USER      PR  NI    VIRT    RES    SHR S  %CPU %MEM     TIME+ COMMAND
182043 tcriss    20   0  164012   3392   1664 R   9.1  0.0   0:00.84 top
160222 tcriss    20   0  148320   2944   1176 S   0.0  0.0   0:00.48 sshd
160224 tcriss    20   0  121072   3840   1940 S   0.0  0.0   0:00.92 bash
182044 tcriss    20   0 12.362g  29252  10968 S   0.0  0.1   0:00.19 java

top - 00:08:28 up 74 days, 15:43, 13 users,  load average: 1.25, 1.11, 1.07
Tasks: 1132 total,   2 running, 1130 sleeping,   0 stopped,   0 zombie
%Cpu(s):  0.9 us,  2.6 sy,  0.0 ni, 96.6 id,  0.0 wa,  0.0 hi,  0.0 si,  0.0 st
KiB Mem : 32531136 total,   536900 free,  3924584 used, 28069652 buff/cache
KiB Swap: 16383996 total, 13667044 free,  2716952 used. 19843668 avail Mem 

   PID USER      PR  NI    VIRT    RES    SHR S  %CPU %MEM     TIME+ COMMAND
182043 tcriss    20   0  164012   3392   1664 R   9.1  0.0   0:00.85 top
182044 tcriss    20   0 12.362g  29252  10968 S   9.1  0.1   0:00.20 java
160222 tcriss    20   0  148320   2944   1176 S   0.0  0.0   0:00.48 sshd
160224 tcriss    20   0  121072   3840   1940 S   0.0  0.0   0:00.92 bash

top - 00:08:28 up 74 days, 15:43, 13 users,  load average: 1.25, 1.11, 1.07
Tasks: 1132 total,   2 running, 1130 sleeping,   0 stopped,   0 zombie
%Cpu(s):  0.6 us,  2.8 sy,  0.0 ni, 96.6 id,  0.0 wa,  0.0 hi,  0.0 si,  0.0 st
KiB Mem : 32531136 total,   536900 free,  3924584 used, 28069652 buff/cache
KiB Swap: 16383996 total, 13667044 free,  2716952 used. 19843668 avail Mem 

   PID USER      PR  NI    VIRT    RES    SHR S  %CPU %MEM     TIME+ COMMAND
182043 tcriss    20   0  164012   3392   1664 R   9.1  0.0   0:00.86 top
160222 tcriss    20   0  148320   2944   1176 S   0.0  0.0   0:00.48 sshd
160224 tcriss    20   0  121072   3840   1940 S   0.0  0.0   0:00.92 bash
182044 tcriss    20   0 12.362g  29252  10968 S   0.0  0.1   0:00.20 java

top - 00:08:28 up 74 days, 15:43, 13 users,  load average: 1.25, 1.11, 1.07
Tasks: 1132 total,   2 running, 1130 sleeping,   0 stopped,   0 zombie
%Cpu(s):  0.6 us,  2.8 sy,  0.0 ni, 96.6 id,  0.0 wa,  0.0 hi,  0.0 si,  0.0 st
KiB Mem : 32531136 total,   536900 free,  3924584 used, 28069652 buff/cache
KiB Swap: 16383996 total, 13667044 free,  2716952 used. 19843668 avail Mem 

   PID USER      PR  NI    VIRT    RES    SHR S  %CPU %MEM     TIME+ COMMAND
182043 tcriss    20   0  164012   3392   1664 R   9.1  0.0   0:00.87 top
160222 tcriss    20   0  148320   2944   1176 S   0.0  0.0   0:00.48 sshd
160224 tcriss    20   0  121072   3840   1940 S   0.0  0.0   0:00.92 bash
182044 tcriss    20   0 12.362g  29252  10968 S   0.0  0.1   0:00.20 java

top - 00:08:28 up 74 days, 15:43, 13 users,  load average: 1.25, 1.11, 1.07
Tasks: 1132 total,   2 running, 1130 sleeping,   0 stopped,   0 zombie
%Cpu(s):  0.6 us,  3.1 sy,  0.0 ni, 96.3 id,  0.0 wa,  0.0 hi,  0.0 si,  0.0 st
KiB Mem : 32531136 total,   536900 free,  3924584 used, 28069652 buff/cache
KiB Swap: 16383996 total, 13667044 free,  2716952 used. 19843668 avail Mem 

   PID USER      PR  NI    VIRT    RES    SHR S  %CPU %MEM     TIME+ COMMAND
182043 tcriss    20   0  164012   3392   1664 R  18.2  0.0   0:00.89 top
160222 tcriss    20   0  148320   2944   1176 S   0.0  0.0   0:00.48 sshd
160224 tcriss    20   0  121072   3840   1940 S   0.0  0.0   0:00.92 bash
182044 tcriss    20   0 12.362g  29252  10968 S   0.0  0.1   0:00.20 java

top - 00:08:29 up 74 days, 15:43, 13 users,  load average: 1.25, 1.11, 1.07
Tasks: 1132 total,   2 running, 1130 sleeping,   0 stopped,   0 zombie
%Cpu(s):  0.8 us,  2.5 sy,  0.0 ni, 96.6 id,  0.0 wa,  0.0 hi,  0.0 si,  0.0 st
KiB Mem : 32531136 total,   536204 free,  3925252 used, 28069680 buff/cache
KiB Swap: 16383996 total, 13667044 free,  2716952 used. 19843008 avail Mem 

   PID USER      PR  NI    VIRT    RES    SHR S  %CPU %MEM     TIME+ COMMAND
160222 tcriss    20   0  148320   2944   1176 S   0.0  0.0   0:00.48 sshd
160224 tcriss    20   0  121072   3840   1940 S   0.0  0.0   0:00.92 bash
182043 tcriss    20   0  164012   3392   1664 R   0.0  0.0   0:00.89 top
182044 tcriss    20   0 12.362g  29252  10968 S   0.0  0.1   0:00.20 java

top - 00:08:29 up 74 days, 15:43, 13 users,  load average: 1.25, 1.11, 1.07
Tasks: 1132 total,   2 running, 1130 sleeping,   0 stopped,   0 zombie
%Cpu(s):  0.8 us,  2.8 sy,  0.0 ni, 96.3 id,  0.0 wa,  0.0 hi,  0.0 si,  0.0 st
KiB Mem : 32531136 total,   536204 free,  3925252 used, 28069680 buff/cache
KiB Swap: 16383996 total, 13667044 free,  2716952 used. 19843008 avail Mem 

   PID USER      PR  NI    VIRT    RES    SHR S  %CPU %MEM     TIME+ COMMAND
182043 tcriss    20   0  164012   3392   1664 R   9.1  0.0   0:00.90 top
160222 tcriss    20   0  148320   2944   1176 S   0.0  0.0   0:00.48 sshd
160224 tcriss    20   0  121072   3840   1940 S   0.0  0.0   0:00.92 bash
182044 tcriss    20   0 12.362g  29252  10968 S   0.0  0.1   0:00.20 java

top - 00:08:29 up 74 days, 15:43, 13 users,  load average: 1.25, 1.11, 1.07
Tasks: 1132 total,   2 running, 1130 sleeping,   0 stopped,   0 zombie
%Cpu(s):  0.6 us,  2.8 sy,  0.0 ni, 96.6 id,  0.0 wa,  0.0 hi,  0.0 si,  0.0 st
KiB Mem : 32531136 total,   536204 free,  3925252 used, 28069680 buff/cache
KiB Swap: 16383996 total, 13667044 free,  2716952 used. 19843008 avail Mem 

   PID USER      PR  NI    VIRT    RES    SHR S  %CPU %MEM     TIME+ COMMAND
182043 tcriss    20   0  164012   3392   1664 R   9.1  0.0   0:00.91 top
160222 tcriss    20   0  148320   2944   1176 S   0.0  0.0   0:00.48 sshd
160224 tcriss    20   0  121072   3840   1940 S   0.0  0.0   0:00.92 bash
182044 tcriss    20   0 12.362g  29252  10968 S   0.0  0.1   0:00.20 java

top - 00:08:29 up 74 days, 15:43, 13 users,  load average: 1.25, 1.11, 1.07
Tasks: 1132 total,   2 running, 1130 sleeping,   0 stopped,   0 zombie
%Cpu(s):  0.8 us,  2.8 sy,  0.0 ni, 96.3 id,  0.0 wa,  0.0 hi,  0.0 si,  0.0 st
KiB Mem : 32531136 total,   536204 free,  3925252 used, 28069680 buff/cache
KiB Swap: 16383996 total, 13667044 free,  2716952 used. 19843008 avail Mem 

   PID USER      PR  NI    VIRT    RES    SHR S  %CPU %MEM     TIME+ COMMAND
182043 tcriss    20   0  164012   3392   1664 R  18.2  0.0   0:00.93 top
160222 tcriss    20   0  148320   2944   1176 S   0.0  0.0   0:00.48 sshd
160224 tcriss    20   0  121072   3840   1940 S   0.0  0.0   0:00.92 bash
182044 tcriss    20   0 12.362g  29252  10968 S   0.0  0.1   0:00.20 java

top - 00:08:29 up 74 days, 15:43, 13 users,  load average: 1.25, 1.11, 1.07
Tasks: 1132 total,   2 running, 1130 sleeping,   0 stopped,   0 zombie
%Cpu(s):  0.6 us,  2.8 sy,  0.0 ni, 96.6 id,  0.0 wa,  0.0 hi,  0.0 si,  0.0 st
KiB Mem : 32531136 total,   536204 free,  3925252 used, 28069680 buff/cache
KiB Swap: 16383996 total, 13667044 free,  2716952 used. 19843008 avail Mem 

   PID USER      PR  NI    VIRT    RES    SHR S  %CPU %MEM     TIME+ COMMAND
160222 tcriss    20   0  148320   2944   1176 S   0.0  0.0   0:00.48 sshd
160224 tcriss    20   0  121072   3840   1940 S   0.0  0.0   0:00.92 bash
182043 tcriss    20   0  164012   3392   1664 R   0.0  0.0   0:00.93 top
182044 tcriss    20   0 12.362g  29252  10968 S   0.0  0.1   0:00.20 java

top - 00:08:29 up 74 days, 15:43, 13 users,  load average: 1.25, 1.11, 1.07
Tasks: 1132 total,   2 running, 1130 sleeping,   0 stopped,   0 zombie
%Cpu(s):  0.6 us,  2.8 sy,  0.0 ni, 96.6 id,  0.0 wa,  0.0 hi,  0.0 si,  0.0 st
KiB Mem : 32531136 total,   536204 free,  3925252 used, 28069680 buff/cache
KiB Swap: 16383996 total, 13667044 free,  2716952 used. 19843008 avail Mem 

   PID USER      PR  NI    VIRT    RES    SHR S  %CPU %MEM     TIME+ COMMAND
182043 tcriss    20   0  164012   3392   1664 R   9.1  0.0   0:00.94 top
182044 tcriss    20   0 12.362g  29252  10968 S   9.1  0.1   0:00.21 java
160222 tcriss    20   0  148320   2944   1176 S   0.0  0.0   0:00.48 sshd
160224 tcriss    20   0  121072   3840   1940 S   0.0  0.0   0:00.92 bash

top - 00:08:29 up 74 days, 15:43, 13 users,  load average: 1.25, 1.11, 1.07
Tasks: 1132 total,   2 running, 1130 sleeping,   0 stopped,   0 zombie
%Cpu(s):  0.6 us,  2.8 sy,  0.0 ni, 96.6 id,  0.0 wa,  0.0 hi,  0.0 si,  0.0 st
KiB Mem : 32531136 total,   536204 free,  3925252 used, 28069680 buff/cache
KiB Swap: 16383996 total, 13667044 free,  2716952 used. 19843008 avail Mem 

   PID USER      PR  NI    VIRT    RES    SHR S  %CPU %MEM     TIME+ COMMAND
182043 tcriss    20   0  164012   3392   1664 R   9.1  0.0   0:00.95 top
160222 tcriss    20   0  148320   2944   1176 S   0.0  0.0   0:00.48 sshd
160224 tcriss    20   0  121072   3840   1940 S   0.0  0.0   0:00.92 bash
182044 tcriss    20   0 12.362g  29252  10968 S   0.0  0.1   0:00.21 java

top - 00:08:29 up 74 days, 15:43, 13 users,  load average: 1.25, 1.11, 1.07
Tasks: 1132 total,   2 running, 1130 sleeping,   0 stopped,   0 zombie
%Cpu(s):  0.8 us,  2.8 sy,  0.0 ni, 96.3 id,  0.0 wa,  0.0 hi,  0.0 si,  0.0 st
KiB Mem : 32531136 total,   536204 free,  3925252 used, 28069680 buff/cache
KiB Swap: 16383996 total, 13667044 free,  2716952 used. 19843008 avail Mem 

   PID USER      PR  NI    VIRT    RES    SHR S  %CPU %MEM     TIME+ COMMAND
182043 tcriss    20   0  164012   3392   1664 R  18.2  0.0   0:00.97 top
182044 tcriss    20   0 12.362g  29252  10968 S   9.1  0.1   0:00.22 java
160222 tcriss    20   0  148320   2944   1176 S   0.0  0.0   0:00.48 sshd
160224 tcriss    20   0  121072   3840   1940 S   0.0  0.0   0:00.92 bash

top - 00:08:29 up 74 days, 15:43, 13 users,  load average: 1.25, 1.11, 1.07
Tasks: 1132 total,   2 running, 1130 sleeping,   0 stopped,   0 zombie
%Cpu(s):  0.6 us,  2.8 sy,  0.0 ni, 96.6 id,  0.0 wa,  0.0 hi,  0.0 si,  0.0 st
KiB Mem : 32531136 total,   536204 free,  3925252 used, 28069680 buff/cache
KiB Swap: 16383996 total, 13667044 free,  2716952 used. 19843008 avail Mem 

   PID USER      PR  NI    VIRT    RES    SHR S  %CPU %MEM     TIME+ COMMAND
160222 tcriss    20   0  148320   2944   1176 S   0.0  0.0   0:00.48 sshd
160224 tcriss    20   0  121072   3840   1940 S   0.0  0.0   0:00.92 bash
182043 tcriss    20   0  164012   3392   1664 R   0.0  0.0   0:00.97 top
182044 tcriss    20   0 12.362g  29252  10968 S   0.0  0.1   0:00.22 java

top - 00:08:30 up 74 days, 15:43, 13 users,  load average: 1.25, 1.11, 1.07
Tasks: 1132 total,   2 running, 1130 sleeping,   0 stopped,   0 zombie
%Cpu(s):  0.8 us,  2.8 sy,  0.0 ni, 96.3 id,  0.0 wa,  0.0 hi,  0.0 si,  0.0 st
KiB Mem : 32531136 total,   536204 free,  3925252 used, 28069680 buff/cache
KiB Swap: 16383996 total, 13667044 free,  2716952 used. 19843008 avail Mem 

   PID USER      PR  NI    VIRT    RES    SHR S  %CPU %MEM     TIME+ COMMAND
182043 tcriss    20   0  164012   3392   1664 R   8.3  0.0   0:00.98 top
160222 tcriss    20   0  148320   2944   1176 S   0.0  0.0   0:00.48 sshd
160224 tcriss    20   0  121072   3840   1940 S   0.0  0.0   0:00.92 bash
182044 tcriss    20   0 12.362g  29252  10968 S   0.0  0.1   0:00.22 java

top - 00:08:30 up 74 days, 15:43, 13 users,  load average: 1.25, 1.11, 1.07
Tasks: 1132 total,   2 running, 1130 sleeping,   0 stopped,   0 zombie
%Cpu(s):  0.6 us,  2.8 sy,  0.0 ni, 96.6 id,  0.0 wa,  0.0 hi,  0.0 si,  0.0 st
KiB Mem : 32531136 total,   536204 free,  3925252 used, 28069680 buff/cache
KiB Swap: 16383996 total, 13667044 free,  2716952 used. 19843008 avail Mem 

   PID USER      PR  NI    VIRT    RES    SHR S  %CPU %MEM     TIME+ COMMAND
182043 tcriss    20   0  164012   3392   1664 R  18.2  0.0   0:01.00 top
160222 tcriss    20   0  148320   2944   1176 S   0.0  0.0   0:00.48 sshd
160224 tcriss    20   0  121072   3840   1940 S   0.0  0.0   0:00.92 bash
182044 tcriss    20   0 12.362g  29252  10968 S   0.0  0.1   0:00.22 java

top - 00:08:30 up 74 days, 15:43, 13 users,  load average: 1.25, 1.11, 1.07
Tasks: 1132 total,   2 running, 1130 sleeping,   0 stopped,   0 zombie
%Cpu(s):  0.6 us,  3.1 sy,  0.0 ni, 96.3 id,  0.0 wa,  0.0 hi,  0.0 si,  0.0 st
KiB Mem : 32531136 total,   536204 free,  3925252 used, 28069680 buff/cache
KiB Swap: 16383996 total, 13667044 free,  2716952 used. 19843008 avail Mem 

   PID USER      PR  NI    VIRT    RES    SHR S  %CPU %MEM     TIME+ COMMAND
160222 tcriss    20   0  148320   2944   1176 S   0.0  0.0   0:00.48 sshd
160224 tcriss    20   0  121072   3840   1940 S   0.0  0.0   0:00.92 bash
182043 tcriss    20   0  164012   3392   1664 R   0.0  0.0   0:01.00 top
182044 tcriss    20   0 12.362g  29252  10968 S   0.0  0.1   0:00.22 java

top - 00:08:30 up 74 days, 15:43, 13 users,  load average: 1.25, 1.11, 1.07
Tasks: 1132 total,   2 running, 1130 sleeping,   0 stopped,   0 zombie
%Cpu(s):  0.6 us,  2.8 sy,  0.0 ni, 96.6 id,  0.0 wa,  0.0 hi,  0.0 si,  0.0 st
KiB Mem : 32531136 total,   536204 free,  3925252 used, 28069680 buff/cache
KiB Swap: 16383996 total, 13667044 free,  2716952 used. 19843008 avail Mem 

   PID USER      PR  NI    VIRT    RES    SHR S  %CPU %MEM     TIME+ COMMAND
182043 tcriss    20   0  164012   3392   1664 R   9.1  0.0   0:01.01 top
160222 tcriss    20   0  148320   2944   1176 S   0.0  0.0   0:00.48 sshd
160224 tcriss    20   0  121072   3840   1940 S   0.0  0.0   0:00.92 bash
182044 tcriss    20   0 12.362g  29252  10968 S   0.0  0.1   0:00.22 java

top - 00:08:30 up 74 days, 15:43, 13 users,  load average: 1.25, 1.11, 1.07
Tasks: 1133 total,   2 running, 1131 sleeping,   0 stopped,   0 zombie
%Cpu(s):  0.6 us,  3.1 sy,  0.0 ni, 96.3 id,  0.0 wa,  0.0 hi,  0.0 si,  0.0 st
KiB Mem : 32531136 total,   536204 free,  3925252 used, 28069680 buff/cache
KiB Swap: 16383996 total, 13667044 free,  2716952 used. 19843008 avail Mem 

   PID USER      PR  NI    VIRT    RES    SHR S  %CPU %MEM     TIME+ COMMAND
182043 tcriss    20   0  164012   3392   1664 R  18.2  0.0   0:01.03 top
160222 tcriss    20   0  148320   2944   1176 S   0.0  0.0   0:00.48 sshd
160224 tcriss    20   0  121072   3840   1940 S   0.0  0.0   0:00.92 bash
182044 tcriss    20   0 12.362g  29252  10968 S   0.0  0.1   0:00.22 java

top - 00:08:30 up 74 days, 15:43, 13 users,  load average: 1.25, 1.11, 1.07
Tasks: 1134 total,   2 running, 1132 sleeping,   0 stopped,   0 zombie
%Cpu(s):  0.8 us,  2.8 sy,  0.0 ni, 96.3 id,  0.0 wa,  0.0 hi,  0.0 si,  0.0 st
KiB Mem : 32531136 total,   536204 free,  3925252 used, 28069680 buff/cache
KiB Swap: 16383996 total, 13667044 free,  2716952 used. 19843008 avail Mem 

   PID USER      PR  NI    VIRT    RES    SHR S  %CPU %MEM     TIME+ COMMAND
182043 tcriss    20   0  164012   3392   1664 R   9.1  0.0   0:01.04 top
182044 tcriss    20   0 12.362g  29252  10968 S   9.1  0.1   0:00.23 java
160222 tcriss    20   0  148320   2944   1176 S   0.0  0.0   0:00.48 sshd
160224 tcriss    20   0  121072   3840   1940 S   0.0  0.0   0:00.92 bash

top - 00:08:30 up 74 days, 15:43, 13 users,  load average: 1.25, 1.11, 1.07
Tasks: 1134 total,   2 running, 1132 sleeping,   0 stopped,   0 zombie
%Cpu(s):  0.6 us,  3.1 sy,  0.0 ni, 96.3 id,  0.0 wa,  0.0 hi,  0.0 si,  0.0 st
KiB Mem : 32531136 total,   536204 free,  3925252 used, 28069680 buff/cache
KiB Swap: 16383996 total, 13667044 free,  2716952 used. 19843008 avail Mem 

   PID USER      PR  NI    VIRT    RES    SHR S  %CPU %MEM     TIME+ COMMAND
182043 tcriss    20   0  164012   3396   1668 R   9.1  0.0   0:01.05 top
160222 tcriss    20   0  148320   2944   1176 S   0.0  0.0   0:00.48 sshd
160224 tcriss    20   0  121072   3840   1940 S   0.0  0.0   0:00.92 bash
182044 tcriss    20   0 12.362g  29252  10968 S   0.0  0.1   0:00.23 java

top - 00:08:30 up 74 days, 15:43, 13 users,  load average: 1.25, 1.11, 1.07
Tasks: 1134 total,   2 running, 1132 sleeping,   0 stopped,   0 zombie
%Cpu(s):  0.8 us,  2.5 sy,  0.0 ni, 96.6 id,  0.0 wa,  0.0 hi,  0.0 si,  0.0 st
KiB Mem : 32531136 total,   536204 free,  3925252 used, 28069680 buff/cache
KiB Swap: 16383996 total, 13667044 free,  2716952 used. 19843008 avail Mem 

   PID USER      PR  NI    VIRT    RES    SHR S  %CPU %MEM     TIME+ COMMAND
182043 tcriss    20   0  164012   3396   1668 R   9.1  0.0   0:01.06 top
160222 tcriss    20   0  148320   2944   1176 S   0.0  0.0   0:00.48 sshd
160224 tcriss    20   0  121072   3840   1940 S   0.0  0.0   0:00.92 bash
182044 tcriss    20   0 12.362g  29252  10968 S   0.0  0.1   0:00.23 java
