182044 tcriss    20   0 12.362g  26020  10484 S  16.7  0.1   0:00.06 java
182044 tcriss    20   0 12.362g  26020  10484 S   0.0  0.1   0:00.06 java
182044 tcriss    20   0 12.362g  28732  10580 S   0.0  0.1   0:00.06 java
182044 tcriss    20   0 12.362g  28732  10580 S   0.0  0.1   0:00.06 java
182044 tcriss    20   0 12.362g  28732  10580 S   0.0  0.1   0:00.06 java
182044 tcriss    20   0 12.362g  28732  10580 S   0.0  0.1   0:00.06 java
182044 tcriss    20   0 12.362g  28732  10580 S   0.0  0.1   0:00.06 java
182044 tcriss    20   0 12.362g  28732  10580 S   0.0  0.1   0:00.06 java
182044 tcriss    20   0 12.362g  28732  10580 S   0.0  0.1   0:00.06 java
182044 tcriss    20   0 12.362g  28732  10580 S   9.1  0.1   0:00.07 java
182044 tcriss    20   0 12.362g  28732  10580 S   9.1  0.1   0:00.08 java
182044 tcriss    20   0 12.362g  28732  10580 S   0.0  0.1   0:00.08 java
182044 tcriss    20   0 12.362g  28732  10580 S   0.0  0.1   0:00.08 java
182044 tcriss    20   0 12.362g  28732  10580 S   0.0  0.1   0:00.08 java
182044 tcriss    20   0 12.362g  28732  10580 S   0.0  0.1   0:00.08 java
182044 tcriss    20   0 12.362g  28732  10580 S   0.0  0.1   0:00.08 java
182044 tcriss    20   0 12.362g  28732  10580 S   0.0  0.1   0:00.08 java
182044 tcriss    20   0 12.362g  28732  10580 S   0.0  0.1   0:00.08 java
182044 tcriss    20   0 12.362g  28732  10580 S   0.0  0.1   0:00.08 java
182044 tcriss    20   0 12.362g  28732  10580 S   0.0  0.1   0:00.08 java
182044 tcriss    20   0 12.362g  28732  10580 S   0.0  0.1   0:00.08 java
182044 tcriss    20   0 12.362g  28732  10580 S   0.0  0.1   0:00.08 java
182044 tcriss    20   0 12.362g  28732  10580 S   0.0  0.1   0:00.08 java
182044 tcriss    20   0 12.362g  28732  10580 S   0.0  0.1   0:00.08 java
182044 tcriss    20   0 12.362g  28732  10580 S   8.3  0.1   0:00.09 java
182044 tcriss    20   0 12.362g  28732  10580 S   0.0  0.1   0:00.09 java
182044 tcriss    20   0 12.362g  28732  10580 S   9.1  0.1   0:00.10 java
182044 tcriss    20   0 12.362g  28732  10580 S   0.0  0.1   0:00.10 java
182044 tcriss    20   0 12.362g  28732  10580 S   0.0  0.1   0:00.10 java
182044 tcriss    20   0 12.362g  28732  10580 S   0.0  0.1   0:00.10 java
182044 tcriss    20   0 12.362g  28732  10580 S   0.0  0.1   0:00.10 java
182044 tcriss    20   0 12.362g  28732  10580 S   0.0  0.1   0:00.10 java
182044 tcriss    20   0 12.362g  28732  10580 S   0.0  0.1   0:00.10 java
182044 tcriss    20   0 12.362g  28732  10580 S   0.0  0.1   0:00.10 java
182044 tcriss    20   0 12.362g  28732  10580 S   9.1  0.1   0:00.11 java
182044 tcriss    20   0 12.362g  28732  10580 S   0.0  0.1   0:00.11 java
182044 tcriss    20   0 12.362g  28732  10580 S   0.0  0.1   0:00.11 java
182044 tcriss    20   0 12.362g  28732  10580 S   8.3  0.1   0:00.12 java
182044 tcriss    20   0 12.362g  28732  10580 S   0.0  0.1   0:00.12 java
182044 tcriss    20   0 12.362g  28732  10580 S   0.0  0.1   0:00.12 java
182044 tcriss    20   0 12.362g  28732  10580 S   0.0  0.1   0:00.12 java
182044 tcriss    20   0 12.362g  28732  10580 S   0.0  0.1   0:00.12 java
182044 tcriss    20   0 12.362g  28732  10580 S   0.0  0.1   0:00.12 java
182044 tcriss    20   0 12.362g  28732  10580 S   0.0  0.1   0:00.12 java
182044 tcriss    20   0 12.362g  28732  10580 S   0.0  0.1   0:00.12 java
182044 tcriss    20   0 12.362g  28732  10580 S   9.1  0.1   0:00.13 java
182044 tcriss    20   0 12.362g  28732  10580 S   0.0  0.1   0:00.13 java
182044 tcriss    20   0 12.362g  28732  10580 S   9.1  0.1   0:00.14 java
182044 tcriss    20   0 12.362g  28732  10580 S   0.0  0.1   0:00.14 java
182044 tcriss    20   0 12.362g  28732  10580 S   0.0  0.1   0:00.14 java
182044 tcriss    20   0 12.362g  28732  10580 S   0.0  0.1   0:00.14 java
182044 tcriss    20   0 12.362g  28732  10580 S   0.0  0.1   0:00.14 java
182044 tcriss    20   0 12.362g  29252  10968 S   9.1  0.1   0:00.15 java
182044 tcriss    20   0 12.362g  29252  10968 S   0.0  0.1   0:00.15 java
182044 tcriss    20   0 12.362g  29252  10968 S   0.0  0.1   0:00.15 java
182044 tcriss    20   0 12.362g  29252  10968 S   0.0  0.1   0:00.15 java
182044 tcriss    20   0 12.362g  29252  10968 S   0.0  0.1   0:00.15 java
182044 tcriss    20   0 12.362g  29252  10968 S   0.0  0.1   0:00.15 java
182044 tcriss    20   0 12.362g  29252  10968 S   9.1  0.1   0:00.16 java
182044 tcriss    20   0 12.362g  29252  10968 S   0.0  0.1   0:00.16 java
182044 tcriss    20   0 12.362g  29252  10968 S   0.0  0.1   0:00.16 java
182044 tcriss    20   0 12.362g  29252  10968 S   9.1  0.1   0:00.17 java
182044 tcriss    20   0 12.362g  29252  10968 S   0.0  0.1   0:00.17 java
182044 tcriss    20   0 12.362g  29252  10968 S   0.0  0.1   0:00.17 java
182044 tcriss    20   0 12.362g  29252  10968 S   0.0  0.1   0:00.17 java
182044 tcriss    20   0 12.362g  29252  10968 S   0.0  0.1   0:00.17 java
182044 tcriss    20   0 12.362g  29252  10968 S   0.0  0.1   0:00.17 java
182044 tcriss    20   0 12.362g  29252  10968 S   0.0  0.1   0:00.17 java
182044 tcriss    20   0 12.362g  29252  10968 S   9.1  0.1   0:00.18 java
182044 tcriss    20   0 12.362g  29252  10968 S   0.0  0.1   0:00.18 java
182044 tcriss    20   0 12.362g  29252  10968 S   0.0  0.1   0:00.18 java
182044 tcriss    20   0 12.362g  29252  10968 S   0.0  0.1   0:00.18 java
182044 tcriss    20   0 12.362g  29252  10968 S   0.0  0.1   0:00.18 java
182044 tcriss    20   0 12.362g  29252  10968 S   0.0  0.1   0:00.18 java
182044 tcriss    20   0 12.362g  29252  10968 S   0.0  0.1   0:00.18 java
182044 tcriss    20   0 12.362g  29252  10968 S   8.3  0.1   0:00.19 java
182044 tcriss    20   0 12.362g  29252  10968 S   0.0  0.1   0:00.19 java
182044 tcriss    20   0 12.362g  29252  10968 S   9.1  0.1   0:00.20 java
182044 tcriss    20   0 12.362g  29252  10968 S   0.0  0.1   0:00.20 java
182044 tcriss    20   0 12.362g  29252  10968 S   0.0  0.1   0:00.20 java
182044 tcriss    20   0 12.362g  29252  10968 S   0.0  0.1   0:00.20 java
182044 tcriss    20   0 12.362g  29252  10968 S   0.0  0.1   0:00.20 java
182044 tcriss    20   0 12.362g  29252  10968 S   0.0  0.1   0:00.20 java
182044 tcriss    20   0 12.362g  29252  10968 S   0.0  0.1   0:00.20 java
182044 tcriss    20   0 12.362g  29252  10968 S   0.0  0.1   0:00.20 java
182044 tcriss    20   0 12.362g  29252  10968 S   0.0  0.1   0:00.20 java
182044 tcriss    20   0 12.362g  29252  10968 S   9.1  0.1   0:00.21 java
182044 tcriss    20   0 12.362g  29252  10968 S   0.0  0.1   0:00.21 java
182044 tcriss    20   0 12.362g  29252  10968 S   9.1  0.1   0:00.22 java
182044 tcriss    20   0 12.362g  29252  10968 S   0.0  0.1   0:00.22 java
182044 tcriss    20   0 12.362g  29252  10968 S   0.0  0.1   0:00.22 java
182044 tcriss    20   0 12.362g  29252  10968 S   0.0  0.1   0:00.22 java
182044 tcriss    20   0 12.362g  29252  10968 S   0.0  0.1   0:00.22 java
182044 tcriss    20   0 12.362g  29252  10968 S   0.0  0.1   0:00.22 java
182044 tcriss    20   0 12.362g  29252  10968 S   0.0  0.1   0:00.22 java
182044 tcriss    20   0 12.362g  29252  10968 S   9.1  0.1   0:00.23 java
182044 tcriss    20   0 12.362g  29252  10968 S   0.0  0.1   0:00.23 java
182044 tcriss    20   0 12.362g  29252  10968 S   0.0  0.1   0:00.23 java
