181225 tcriss    20   0 12.362g  28104  10388 S  16.7  0.1   0:00.06 java
181225 tcriss    20   0 12.362g  28104  10388 S   0.0  0.1   0:00.06 java
181225 tcriss    20   0 12.362g  30812  10484 S   0.0  0.1   0:00.06 java
181225 tcriss    20   0 12.362g  30812  10484 S   0.0  0.1   0:00.06 java
181225 tcriss    20   0 12.362g  30812  10484 S   0.0  0.1   0:00.06 java
181225 tcriss    20   0 12.362g  30812  10484 S   0.0  0.1   0:00.06 java
181225 tcriss    20   0 12.362g  30812  10484 S   0.0  0.1   0:00.06 java
181225 tcriss    20   0 12.362g  30812  10484 S   9.1  0.1   0:00.07 java
181225 tcriss    20   0 12.362g  30812  10484 S   0.0  0.1   0:00.07 java
181225 tcriss    20   0 12.362g  30812  10484 S   0.0  0.1   0:00.07 java
181225 tcriss    20   0 12.362g  30812  10484 S   0.0  0.1   0:00.07 java
181225 tcriss    20   0 12.362g  30812  10484 S   0.0  0.1   0:00.07 java
181225 tcriss    20   0 12.362g  30812  10484 S   0.0  0.1   0:00.07 java
181225 tcriss    20   0 12.362g  30812  10484 S   0.0  0.1   0:00.07 java
181225 tcriss    20   0 12.362g  30812  10484 S   0.0  0.1   0:00.07 java
181225 tcriss    20   0 12.362g  30812  10484 S   0.0  0.1   0:00.07 java
181225 tcriss    20   0 12.362g  30812  10484 S   9.1  0.1   0:00.08 java
181225 tcriss    20   0 12.362g  30812  10484 S   0.0  0.1   0:00.08 java
181225 tcriss    20   0 12.362g  30812  10484 S   0.0  0.1   0:00.08 java
181225 tcriss    20   0 12.362g  30812  10484 S   0.0  0.1   0:00.08 java
181225 tcriss    20   0 12.362g  30812  10484 S   0.0  0.1   0:00.08 java
181225 tcriss    20   0 12.362g  30812  10484 S   9.1  0.1   0:00.09 java
181225 tcriss    20   0 12.362g  30812  10484 S   0.0  0.1   0:00.09 java
181225 tcriss    20   0 12.362g  30812  10484 S   0.0  0.1   0:00.09 java
181225 tcriss    20   0 12.362g  30812  10484 S   0.0  0.1   0:00.09 java
181225 tcriss    20   0 12.362g  30812  10484 S   0.0  0.1   0:00.09 java
181225 tcriss    20   0 12.362g  30812  10484 S   0.0  0.1   0:00.09 java
181225 tcriss    20   0 12.362g  30812  10484 S   0.0  0.1   0:00.09 java
181225 tcriss    20   0 12.362g  30812  10484 S   0.0  0.1   0:00.09 java
181225 tcriss    20   0 12.362g  30812  10484 S   9.1  0.1   0:00.10 java
181225 tcriss    20   0 12.362g  30812  10484 S   0.0  0.1   0:00.10 java
181225 tcriss    20   0 12.362g  30812  10484 S   9.1  0.1   0:00.11 java
181225 tcriss    20   0 12.362g  30812  10484 S   0.0  0.1   0:00.11 java
181225 tcriss    20   0 12.362g  30812  10484 S   0.0  0.1   0:00.11 java
181225 tcriss    20   0 12.362g  30812  10484 S   0.0  0.1   0:00.11 java
181225 tcriss    20   0 12.362g  30812  10484 S   0.0  0.1   0:00.11 java
181225 tcriss    20   0 12.362g  30812  10484 S   0.0  0.1   0:00.11 java
181225 tcriss    20   0 12.362g  30812  10484 S   0.0  0.1   0:00.11 java
181225 tcriss    20   0 12.362g  30812  10484 S   0.0  0.1   0:00.11 java
181225 tcriss    20   0 12.362g  30812  10484 S   9.1  0.1   0:00.12 java
181225 tcriss    20   0 12.362g  30812  10484 S   0.0  0.1   0:00.12 java
181225 tcriss    20   0 12.362g  30812  10484 S   0.0  0.1   0:00.12 java
181225 tcriss    20   0 12.362g  30812  10484 S   0.0  0.1   0:00.12 java
181225 tcriss    20   0 12.362g  30812  10484 S   0.0  0.1   0:00.12 java
181225 tcriss    20   0 12.362g  30812  10484 S   0.0  0.1   0:00.12 java
181225 tcriss    20   0 12.362g  30812  10484 S   0.0  0.1   0:00.12 java
181225 tcriss    20   0 12.362g  30812  10484 S   9.1  0.1   0:00.13 java
181225 tcriss    20   0 12.362g  30812  10484 S   0.0  0.1   0:00.13 java
181225 tcriss    20   0 12.362g  30812  10484 S   0.0  0.1   0:00.13 java
181225 tcriss    20   0 12.362g  30812  10484 S   9.1  0.1   0:00.14 java
181225 tcriss    20   0 12.362g  30812  10484 S   0.0  0.1   0:00.14 java
181225 tcriss    20   0 12.362g  30812  10484 S   0.0  0.1   0:00.14 java
181225 tcriss    20   0 12.362g  30812  10484 S   0.0  0.1   0:00.14 java
181225 tcriss    20   0 12.362g  31332  10864 S   0.0  0.1   0:00.14 java
181225 tcriss    20   0 12.362g  31332  10864 S   0.0  0.1   0:00.14 java
181225 tcriss    20   0 12.362g  31332  10864 S   9.1  0.1   0:00.15 java
181225 tcriss    20   0 12.362g  31332  10864 S   0.0  0.1   0:00.15 java
181225 tcriss    20   0 12.362g  31332  10864 S   0.0  0.1   0:00.15 java
181225 tcriss    20   0 12.362g  31332  10864 S   9.1  0.1   0:00.16 java
181225 tcriss    20   0 12.362g  31332  10864 S   0.0  0.1   0:00.16 java
181225 tcriss    20   0 12.362g  31332  10864 S   0.0  0.1   0:00.16 java
181225 tcriss    20   0 12.362g  31332  10864 S   0.0  0.1   0:00.16 java
181225 tcriss    20   0 12.362g  31332  10864 S   0.0  0.1   0:00.16 java
181225 tcriss    20   0 12.362g  31332  10864 S   0.0  0.1   0:00.16 java
181225 tcriss    20   0 12.362g  31332  10864 S   0.0  0.1   0:00.16 java
181225 tcriss    20   0 12.362g  31332  10864 S   0.0  0.1   0:00.16 java
181225 tcriss    20   0 12.362g  31332  10864 S   9.1  0.1   0:00.17 java
181225 tcriss    20   0 12.362g  31332  10864 S   9.1  0.1   0:00.18 java
181225 tcriss    20   0 12.362g  31332  10864 S   0.0  0.1   0:00.18 java
181225 tcriss    20   0 12.362g  31332  10864 S   0.0  0.1   0:00.18 java
181225 tcriss    20   0 12.362g  31332  10864 S   0.0  0.1   0:00.18 java
181225 tcriss    20   0 12.362g  31332  10864 S   0.0  0.1   0:00.18 java
181225 tcriss    20   0 12.362g  31332  10864 S   0.0  0.1   0:00.18 java
181225 tcriss    20   0 12.362g  31332  10864 S   0.0  0.1   0:00.18 java
181225 tcriss    20   0 12.362g  31332  10864 S   0.0  0.1   0:00.18 java
181225 tcriss    20   0 12.362g  31332  10864 S   9.1  0.1   0:00.19 java
181225 tcriss    20   0 12.362g  31332  10864 S   0.0  0.1   0:00.19 java
181225 tcriss    20   0 12.362g  31332  10864 S   0.0  0.1   0:00.19 java
181225 tcriss    20   0 12.362g  31332  10864 S   9.1  0.1   0:00.20 java
181225 tcriss    20   0 12.362g  31332  10864 S   0.0  0.1   0:00.20 java
181225 tcriss    20   0 12.362g  31332  10864 S   0.0  0.1   0:00.20 java
181225 tcriss    20   0 12.362g  31332  10864 S   0.0  0.1   0:00.20 java
181225 tcriss    20   0 12.362g  31332  10864 S   0.0  0.1   0:00.20 java
181225 tcriss    20   0 12.362g  31332  10864 S   0.0  0.1   0:00.20 java
181225 tcriss    20   0 12.362g  31332  10864 S   0.0  0.1   0:00.20 java
181225 tcriss    20   0 12.362g  31332  10864 S   9.1  0.1   0:00.21 java
181225 tcriss    20   0 12.362g  31332  10864 S   0.0  0.1   0:00.21 java
181225 tcriss    20   0 12.362g  31332  10864 S   0.0  0.1   0:00.21 java
181225 tcriss    20   0 12.362g  31332  10864 S   0.0  0.1   0:00.21 java
181225 tcriss    20   0 12.362g  31332  10864 S   0.0  0.1   0:00.21 java
181225 tcriss    20   0 12.362g  31332  10864 S   0.0  0.1   0:00.21 java
181225 tcriss    20   0 12.362g  31332  10864 S   9.1  0.1   0:00.22 java
181225 tcriss    20   0 12.362g  31332  10864 S   0.0  0.1   0:00.22 java
181225 tcriss    20   0 12.362g  31332  10864 S   0.0  0.1   0:00.22 java
181225 tcriss    20   0 12.362g  31332  10864 S   0.0  0.1   0:00.22 java
181225 tcriss    20   0 12.362g  31332  10864 S   0.0  0.1   0:00.22 java
181225 tcriss    20   0 12.362g  31332  10864 S   0.0  0.1   0:00.22 java
181225 tcriss    20   0 12.362g  31332  10864 S   0.0  0.1   0:00.22 java
181225 tcriss    20   0 12.362g  31332  10864 S   9.1  0.1   0:00.23 java
181225 tcriss    20   0 12.362g  31332  10864 S   0.0  0.1   0:00.23 java
181225 tcriss    20   0 12.362g  31332  10864 S   0.0  0.1   0:00.23 java
181225 tcriss    20   0 12.362g  31332  10864 S   9.1  0.1   0:00.24 java
181225 tcriss    20   0 12.362g  31332  10864 S   0.0  0.1   0:00.24 java
181225 tcriss    20   0 12.362g  31332  10864 S   0.0  0.1   0:00.24 java
181225 tcriss    20   0 12.362g  31332  10864 S   0.0  0.1   0:00.24 java
181225 tcriss    20   0 12.362g  31332  10864 S   0.0  0.1   0:00.24 java
181225 tcriss    20   0 12.362g  31332  10864 S   9.1  0.1   0:00.25 java
181225 tcriss    20   0 12.362g  31332  10864 S   0.0  0.1   0:00.25 java
181225 tcriss    20   0 12.362g  31332  10864 S   0.0  0.1   0:00.25 java
181225 tcriss    20   0 12.362g  31332  10864 S   0.0  0.1   0:00.25 java
181225 tcriss    20   0 12.362g  31332  10864 S   0.0  0.1   0:00.25 java
181225 tcriss    20   0 12.362g  31332  10864 S   0.0  0.1   0:00.25 java
181225 tcriss    20   0 12.362g  31332  10864 S   0.0  0.1   0:00.25 java
181225 tcriss    20   0 12.362g  31332  10864 S   0.0  0.1   0:00.25 java
181225 tcriss    20   0 12.362g  31332  10864 S   9.1  0.1   0:00.26 java
181225 tcriss    20   0 12.362g  31332  10864 S   0.0  0.1   0:00.26 java
181225 tcriss    20   0 12.362g  31332  10864 S   9.1  0.1   0:00.27 java
181225 tcriss    20   0 12.362g  31332  10864 S   0.0  0.1   0:00.27 java
181225 tcriss    20   0 12.362g  31332  10864 S   0.0  0.1   0:00.27 java
181225 tcriss    20   0 12.362g  31332  10864 S   0.0  0.1   0:00.27 java
181225 tcriss    20   0 12.362g  31332  10864 S   0.0  0.1   0:00.27 java
181225 tcriss    20   0 12.362g  31332  10864 S   0.0  0.1   0:00.27 java
181225 tcriss    20   0 12.362g  31332  10864 S   0.0  0.1   0:00.27 java
181225 tcriss    20   0 12.362g  31332  10864 S   0.0  0.1   0:00.27 java
181225 tcriss    20   0 12.362g  31332  10864 S   0.0  0.1   0:00.27 java
181225 tcriss    20   0 12.362g  31332  10864 S   0.0  0.1   0:00.27 java
181225 tcriss    20   0 12.362g  31332  10864 S   0.0  0.1   0:00.27 java
181225 tcriss    20   0 12.362g  31332  10864 S  18.2  0.1   0:00.29 java
181225 tcriss    20   0 12.362g  31332  10864 S   0.0  0.1   0:00.29 java
181225 tcriss    20   0 12.362g  31332  10864 S   0.0  0.1   0:00.29 java
181225 tcriss    20   0 12.362g  31332  10864 S   0.0  0.1   0:00.29 java
181225 tcriss    20   0 12.362g  31332  10864 S   0.0  0.1   0:00.29 java
181225 tcriss    20   0 12.362g  31332  10864 S   0.0  0.1   0:00.29 java
181225 tcriss    20   0 12.362g  31332  10864 S   0.0  0.1   0:00.29 java
181225 tcriss    20   0 12.362g  31332  10864 S   0.0  0.1   0:00.29 java
181225 tcriss    20   0 12.362g  31332  10864 S   0.0  0.1   0:00.29 java
181225 tcriss    20   0 12.362g  31332  10864 S   0.0  0.1   0:00.29 java
181225 tcriss    20   0 12.362g  31332  10864 S   0.0  0.1   0:00.29 java
181225 tcriss    20   0 12.362g  31332  10864 S   9.1  0.1   0:00.30 java
181225 tcriss    20   0 12.362g  31332  10864 S   9.1  0.1   0:00.31 java
181225 tcriss    20   0 12.362g  31332  10864 S   0.0  0.1   0:00.31 java
181225 tcriss    20   0 12.362g  31332  10864 S   0.0  0.1   0:00.31 java
181225 tcriss    20   0 12.362g  31332  10864 S   0.0  0.1   0:00.31 java
181225 tcriss    20   0 12.362g  31332  10864 S   0.0  0.1   0:00.31 java
181225 tcriss    20   0 12.362g  31332  10864 S   0.0  0.1   0:00.31 java
181225 tcriss    20   0 12.362g  31332  10864 S   0.0  0.1   0:00.31 java
181225 tcriss    20   0 12.362g  31332  10864 S   0.0  0.1   0:00.31 java
181225 tcriss    20   0 12.362g  31332  10864 S   0.0  0.1   0:00.31 java
181225 tcriss    20   0 12.362g  31332  10864 S   9.1  0.1   0:00.32 java
181225 tcriss    20   0 12.362g  31332  10864 S   0.0  0.1   0:00.32 java
181225 tcriss    20   0 12.362g  31332  10864 S   0.0  0.1   0:00.32 java
181225 tcriss    20   0 12.362g  31332  10864 S   9.1  0.1   0:00.33 java
181225 tcriss    20   0 12.362g  31332  10864 S   0.0  0.1   0:00.33 java
181225 tcriss    20   0 12.362g  31332  10864 S   0.0  0.1   0:00.33 java
181225 tcriss    20   0 12.362g  31332  10864 S   0.0  0.1   0:00.33 java
181225 tcriss    20   0 12.362g  31332  10864 S   0.0  0.1   0:00.33 java
181225 tcriss    20   0 12.362g  31332  10864 S   0.0  0.1   0:00.33 java
181225 tcriss    20   0 12.362g  31332  10864 S   0.0  0.1   0:00.33 java
181225 tcriss    20   0 12.362g  31332  10864 S   0.0  0.1   0:00.33 java
181225 tcriss    20   0 12.362g  31332  10864 S   9.1  0.1   0:00.34 java
181225 tcriss    20   0 12.362g  31332  10864 S   0.0  0.1   0:00.34 java
181225 tcriss    20   0 12.362g  31332  10864 S   9.1  0.1   0:00.35 java
181225 tcriss    20   0 12.362g  31332  10864 S   0.0  0.1   0:00.35 java
181225 tcriss    20   0 12.362g  31332  10864 S   0.0  0.1   0:00.35 java
181225 tcriss    20   0 12.362g  31332  10864 S   0.0  0.1   0:00.35 java
181225 tcriss    20   0 12.362g  31332  10864 S   0.0  0.1   0:00.35 java
181225 tcriss    20   0 12.362g  31332  10864 S   0.0  0.1   0:00.35 java
181225 tcriss    20   0 12.362g  31332  10864 S   0.0  0.1   0:00.35 java
181225 tcriss    20   0 12.362g  31332  10864 S   0.0  0.1   0:00.35 java
181225 tcriss    20   0 12.362g  31332  10864 S   0.0  0.1   0:00.35 java
181225 tcriss    20   0 12.362g  31332  10864 S   0.0  0.1   0:00.35 java
181225 tcriss    20   0 12.362g  31332  10864 S   9.1  0.1   0:00.36 java
181225 tcriss    20   0 12.362g  31332  10864 S   0.0  0.1   0:00.36 java
181225 tcriss    20   0 12.362g  31332  10864 S   0.0  0.1   0:00.36 java
181225 tcriss    20   0 12.362g  31332  10864 S   9.1  0.1   0:00.37 java
181225 tcriss    20   0 12.362g  31332  10864 S   0.0  0.1   0:00.37 java
181225 tcriss    20   0 12.362g  31332  10864 S   0.0  0.1   0:00.37 java
181225 tcriss    20   0 12.362g  31332  10864 S   0.0  0.1   0:00.37 java
181225 tcriss    20   0 12.362g  31332  10864 S   0.0  0.1   0:00.37 java
181225 tcriss    20   0 12.362g  31332  10864 S   0.0  0.1   0:00.37 java
181225 tcriss    20   0 12.362g  31332  10864 S   0.0  0.1   0:00.37 java
181225 tcriss    20   0 12.362g  31332  10864 S   9.1  0.1   0:00.38 java
181225 tcriss    20   0 12.362g  31332  10864 S   0.0  0.1   0:00.38 java
181225 tcriss    20   0 12.362g  31332  10864 S   0.0  0.1   0:00.38 java
181225 tcriss    20   0 12.362g  31332  10864 S   9.1  0.1   0:00.39 java
181225 tcriss    20   0 12.362g  31332  10864 S   0.0  0.1   0:00.39 java
181225 tcriss    20   0 12.362g  31332  10864 S   0.0  0.1   0:00.39 java
181225 tcriss    20   0 12.362g  31332  10864 S   0.0  0.1   0:00.39 java
181225 tcriss    20   0 12.362g  31332  10864 S   0.0  0.1   0:00.39 java
181225 tcriss    20   0 12.362g  31332  10864 S   0.0  0.1   0:00.39 java
181225 tcriss    20   0 12.362g  31332  10864 S   0.0  0.1   0:00.39 java
181225 tcriss    20   0 12.362g  31332  10864 S   0.0  0.1   0:00.39 java
181225 tcriss    20   0 12.362g  31332  10864 S   0.0  0.1   0:00.39 java
181225 tcriss    20   0 12.362g  31332  10864 S   0.0  0.1   0:00.39 java
181225 tcriss    20   0 12.362g  31332  10864 S   9.1  0.1   0:00.40 java
181225 tcriss    20   0 12.362g  31332  10864 S   9.1  0.1   0:00.41 java
181225 tcriss    20   0 12.362g  31332  10864 S   0.0  0.1   0:00.41 java
181225 tcriss    20   0 12.362g  31332  10864 S   0.0  0.1   0:00.41 java
181225 tcriss    20   0 12.362g  31332  10864 S   0.0  0.1   0:00.41 java
181225 tcriss    20   0 12.362g  31332  10864 S   0.0  0.1   0:00.41 java
181225 tcriss    20   0 12.362g  31332  10864 S   0.0  0.1   0:00.41 java
181225 tcriss    20   0 12.362g  31332  10864 S   0.0  0.1   0:00.41 java
181225 tcriss    20   0 12.362g  31332  10864 S   0.0  0.1   0:00.41 java
181225 tcriss    20   0 12.362g  31332  10864 S   9.1  0.1   0:00.42 java
181225 tcriss    20   0 12.362g  31332  10864 S   0.0  0.1   0:00.42 java
181225 tcriss    20   0 12.362g  31332  10864 S   0.0  0.1   0:00.42 java
181225 tcriss    20   0 12.362g  31332  10864 S   0.0  0.1   0:00.42 java
181225 tcriss    20   0 12.362g  31332  10864 S   0.0  0.1   0:00.42 java
181225 tcriss    20   0 12.362g  31332  10864 S   0.0  0.1   0:00.42 java
181225 tcriss    20   0 12.362g  31332  10864 S   0.0  0.1   0:00.42 java
181225 tcriss    20   0 12.362g  31332  10864 S   9.1  0.1   0:00.43 java
181225 tcriss    20   0 12.362g  31332  10864 S   0.0  0.1   0:00.43 java
181225 tcriss    20   0 12.362g  31332  10864 S   0.0  0.1   0:00.43 java
181225 tcriss    20   0 12.362g  31332  10864 S   9.1  0.1   0:00.44 java
181225 tcriss    20   0 12.362g  31332  10864 S   0.0  0.1   0:00.44 java
181225 tcriss    20   0 12.362g  31332  10864 S   0.0  0.1   0:00.44 java
181225 tcriss    20   0 12.362g  31332  10864 S   0.0  0.1   0:00.44 java
181225 tcriss    20   0 12.362g  31332  10864 S   0.0  0.1   0:00.44 java
181225 tcriss    20   0 12.362g  31332  10864 S   0.0  0.1   0:00.44 java
181225 tcriss    20   0 12.362g  31332  10864 S   0.0  0.1   0:00.44 java
181225 tcriss    20   0 12.362g  31332  10864 S   9.1  0.1   0:00.45 java
181225 tcriss    20   0 12.362g  31332  10864 S   0.0  0.1   0:00.45 java
181225 tcriss    20   0 12.362g  31332  10864 S   0.0  0.1   0:00.45 java
181225 tcriss    20   0 12.362g  31332  10864 S   0.0  0.1   0:00.45 java
181225 tcriss    20   0 12.362g  31332  10864 S   0.0  0.1   0:00.45 java
181225 tcriss    20   0 12.362g  31332  10864 S   0.0  0.1   0:00.45 java
181225 tcriss    20   0 12.362g  31332  10864 S   0.0  0.1   0:00.45 java
181225 tcriss    20   0 12.362g  31332  10864 S   0.0  0.1   0:00.45 java
181225 tcriss    20   0 12.362g  31332  10864 S   0.0  0.1   0:00.45 java
181225 tcriss    20   0 12.362g  31332  10864 S   9.1  0.1   0:00.46 java
181225 tcriss    20   0 12.362g  31332  10864 S   0.0  0.1   0:00.46 java
181225 tcriss    20   0 12.362g  31332  10864 S   9.1  0.1   0:00.47 java
181225 tcriss    20   0 12.362g  31332  10864 S   0.0  0.1   0:00.47 java
181225 tcriss    20   0 12.362g  31332  10864 S   0.0  0.1   0:00.47 java
181225 tcriss    20   0 12.362g  31332  10864 S   0.0  0.1   0:00.47 java
181225 tcriss    20   0 12.362g  31332  10864 S   0.0  0.1   0:00.47 java
181225 tcriss    20   0 12.362g  31332  10864 S   0.0  0.1   0:00.47 java
181225 tcriss    20   0 12.362g  31332  10864 S   0.0  0.1   0:00.47 java
181225 tcriss    20   0 12.362g  31332  10864 S   9.1  0.1   0:00.48 java
181225 tcriss    20   0 12.362g  31332  10864 S   0.0  0.1   0:00.48 java
181225 tcriss    20   0 12.362g  31332  10864 S   0.0  0.1   0:00.48 java
181225 tcriss    20   0 12.362g  31332  10864 S   0.0  0.1   0:00.48 java
181225 tcriss    20   0 12.362g  31332  10864 S   0.0  0.1   0:00.48 java
181225 tcriss    20   0 12.362g  31332  10864 S   0.0  0.1   0:00.48 java
181225 tcriss    20   0 12.362g  31332  10864 S   0.0  0.1   0:00.48 java
181225 tcriss    20   0 12.362g  31332  10864 S   9.1  0.1   0:00.49 java
181225 tcriss    20   0 12.362g  31332  10864 S   0.0  0.1   0:00.49 java
181225 tcriss    20   0 12.362g  31332  10864 S   9.1  0.1   0:00.50 java
181225 tcriss    20   0 12.362g  31332  10864 S   0.0  0.1   0:00.50 java
181225 tcriss    20   0 12.362g  31332  10864 S   0.0  0.1   0:00.50 java
181225 tcriss    20   0 12.362g  31332  10864 S   0.0  0.1   0:00.50 java
181225 tcriss    20   0 12.362g  31332  10864 S   0.0  0.1   0:00.50 java
181225 tcriss    20   0 12.362g  31332  10864 S   0.0  0.1   0:00.50 java
181225 tcriss    20   0 12.362g  31332  10864 S   0.0  0.1   0:00.50 java
181225 tcriss    20   0 12.362g  31332  10864 S   0.0  0.1   0:00.50 java
181225 tcriss    20   0 12.362g  31332  10864 S   9.1  0.1   0:00.51 java
181225 tcriss    20   0 12.362g  31332  10864 S   0.0  0.1   0:00.51 java
181225 tcriss    20   0 12.362g  31332  10864 S   0.0  0.1   0:00.51 java
181225 tcriss    20   0 12.362g  31332  10864 S   0.0  0.1   0:00.51 java
181225 tcriss    20   0 12.362g  31332  10864 S   0.0  0.1   0:00.51 java
181225 tcriss    20   0 12.362g  31332  10864 S   9.1  0.1   0:00.52 java
181225 tcriss    20   0 12.362g  31332  10864 S   0.0  0.1   0:00.52 java
181225 tcriss    20   0 12.362g  31332  10864 S   0.0  0.1   0:00.52 java
181225 tcriss    20   0 12.362g  31332  10864 S   0.0  0.1   0:00.52 java
181225 tcriss    20   0 12.362g  31332  10864 S   0.0  0.1   0:00.52 java
181225 tcriss    20   0 12.362g  31332  10864 S   9.1  0.1   0:00.53 java
181225 tcriss    20   0 12.362g  31332  10864 S   0.0  0.1   0:00.53 java
181225 tcriss    20   0 12.362g  31332  10864 S   0.0  0.1   0:00.53 java
181225 tcriss    20   0 12.362g  31332  10864 S   0.0  0.1   0:00.53 java
181225 tcriss    20   0 12.362g  31332  10864 S   9.1  0.1   0:00.54 java
181225 tcriss    20   0 12.362g  31332  10864 S   0.0  0.1   0:00.54 java
181225 tcriss    20   0 12.362g  31332  10864 S   0.0  0.1   0:00.54 java
181225 tcriss    20   0 12.362g  31332  10864 S   0.0  0.1   0:00.54 java
181225 tcriss    20   0 12.362g  31332  10864 S   0.0  0.1   0:00.54 java
181225 tcriss    20   0 12.362g  31332  10864 S   0.0  0.1   0:00.54 java
181225 tcriss    20   0 12.362g  31332  10864 S   0.0  0.1   0:00.54 java
181225 tcriss    20   0 12.362g  31332  10864 S   9.1  0.1   0:00.55 java
181225 tcriss    20   0 12.362g  31332  10864 S   0.0  0.1   0:00.55 java
181225 tcriss    20   0 12.362g  31332  10864 S   0.0  0.1   0:00.55 java
181225 tcriss    20   0 12.362g  31332  10864 S   0.0  0.1   0:00.55 java
181225 tcriss    20   0 12.362g  31332  10864 S   0.0  0.1   0:00.55 java
181225 tcriss    20   0 12.362g  31332  10864 S   9.1  0.1   0:00.56 java
181225 tcriss    20   0 12.362g  31332  10864 S   0.0  0.1   0:00.56 java
181225 tcriss    20   0 12.362g  31332  10864 S   0.0  0.1   0:00.56 java
181225 tcriss    20   0 12.362g  31332  10864 S   0.0  0.1   0:00.56 java
181225 tcriss    20   0 12.362g  31332  10864 S   0.0  0.1   0:00.56 java
181225 tcriss    20   0 12.362g  31332  10864 S   9.1  0.1   0:00.57 java
181225 tcriss    20   0 12.362g  31332  10864 S   0.0  0.1   0:00.57 java
181225 tcriss    20   0 12.362g  31332  10864 S   0.0  0.1   0:00.57 java
181225 tcriss    20   0 12.362g  31332  10864 S   0.0  0.1   0:00.57 java
181225 tcriss    20   0 12.362g  31332  10864 S   0.0  0.1   0:00.57 java
181225 tcriss    20   0 12.362g  31332  10864 S   0.0  0.1   0:00.57 java
181225 tcriss    20   0 12.362g  31332  10864 S   0.0  0.1   0:00.57 java
181225 tcriss    20   0 12.362g  31332  10864 S   9.1  0.1   0:00.58 java
181225 tcriss    20   0 12.362g  31332  10864 S   0.0  0.1   0:00.58 java
181225 tcriss    20   0 12.362g  31332  10864 S   0.0  0.1   0:00.58 java
181225 tcriss    20   0 12.362g  31332  10864 S   0.0  0.1   0:00.58 java
