180960 tcriss    20   0 12.362g  27936  10624 S  11.8  0.1   0:00.05 java
180960 tcriss    20   0 12.362g  27936  10624 S   0.0  0.1   0:00.05 java
180960 tcriss    20   0 12.362g  30652  10720 S   9.1  0.1   0:00.06 java
180960 tcriss    20   0 12.362g  30652  10720 S   0.0  0.1   0:00.06 java
180960 tcriss    20   0 12.362g  30652  10720 S   9.1  0.1   0:00.07 java
180960 tcriss    20   0 12.362g  30652  10720 S   0.0  0.1   0:00.07 java
180960 tcriss    20   0 12.362g  30652  10720 S   0.0  0.1   0:00.07 java
180960 tcriss    20   0 12.362g  30652  10720 S   0.0  0.1   0:00.07 java
180960 tcriss    20   0 12.362g  30652  10720 S   0.0  0.1   0:00.07 java
180960 tcriss    20   0 12.362g  30652  10720 S   0.0  0.1   0:00.07 java
180960 tcriss    20   0 12.362g  30652  10720 S   9.1  0.1   0:00.08 java
180960 tcriss    20   0 12.362g  30652  10720 S   0.0  0.1   0:00.08 java
180960 tcriss    20   0 12.362g  30652  10720 S   0.0  0.1   0:00.08 java
180960 tcriss    20   0 12.362g  30652  10720 S   9.1  0.1   0:00.09 java
180960 tcriss    20   0 12.362g  30652  10720 S   0.0  0.1   0:00.09 java
180960 tcriss    20   0 12.362g  30652  10720 S   0.0  0.1   0:00.09 java
180960 tcriss    20   0 12.362g  30652  10720 S   0.0  0.1   0:00.09 java
180960 tcriss    20   0 12.362g  30652  10720 S   0.0  0.1   0:00.09 java
180960 tcriss    20   0 12.362g  30652  10720 S   0.0  0.1   0:00.09 java
180960 tcriss    20   0 12.362g  30652  10720 S   9.1  0.1   0:00.10 java
180960 tcriss    20   0 12.362g  30652  10720 S   0.0  0.1   0:00.10 java
180960 tcriss    20   0 12.362g  30652  10720 S   0.0  0.1   0:00.10 java
180960 tcriss    20   0 12.362g  30652  10720 S   0.0  0.1   0:00.10 java
180960 tcriss    20   0 12.362g  30652  10720 S   0.0  0.1   0:00.10 java
180960 tcriss    20   0 12.362g  30652  10720 S   0.0  0.1   0:00.10 java
180960 tcriss    20   0 12.362g  30652  10720 S   0.0  0.1   0:00.10 java
180960 tcriss    20   0 12.362g  30652  10720 S   0.0  0.1   0:00.10 java
180960 tcriss    20   0 12.362g  30652  10720 S   9.1  0.1   0:00.11 java
180960 tcriss    20   0 12.362g  30652  10720 S   0.0  0.1   0:00.11 java
180960 tcriss    20   0 12.362g  30652  10720 S   0.0  0.1   0:00.11 java
180960 tcriss    20   0 12.362g  30652  10720 S   9.1  0.1   0:00.12 java
180960 tcriss    20   0 12.362g  30652  10720 S   0.0  0.1   0:00.12 java
180960 tcriss    20   0 12.362g  30652  10720 S   0.0  0.1   0:00.12 java
180960 tcriss    20   0 12.362g  30652  10720 S   0.0  0.1   0:00.12 java
180960 tcriss    20   0 12.362g  30652  10720 S   0.0  0.1   0:00.12 java
180960 tcriss    20   0 12.362g  30652  10720 S   0.0  0.1   0:00.12 java
180960 tcriss    20   0 12.362g  30652  10720 S   0.0  0.1   0:00.12 java
180960 tcriss    20   0 12.362g  30652  10720 S   0.0  0.1   0:00.12 java
180960 tcriss    20   0 12.362g  30652  10720 S   9.1  0.1   0:00.13 java
180960 tcriss    20   0 12.362g  30652  10720 S   0.0  0.1   0:00.13 java
180960 tcriss    20   0 12.362g  30652  10720 S   9.1  0.1   0:00.14 java
180960 tcriss    20   0 12.362g  30652  10720 S   0.0  0.1   0:00.14 java
180960 tcriss    20   0 12.362g  30652  10720 S   0.0  0.1   0:00.14 java
180960 tcriss    20   0 12.362g  30652  10720 S   0.0  0.1   0:00.14 java
180960 tcriss    20   0 12.362g  30652  10720 S   0.0  0.1   0:00.14 java
180960 tcriss    20   0 12.362g  30652  10720 S   0.0  0.1   0:00.14 java
180960 tcriss    20   0 12.362g  30652  10720 S   0.0  0.1   0:00.14 java
180960 tcriss    20   0 12.362g  30652  10720 S   0.0  0.1   0:00.14 java
180960 tcriss    20   0 12.362g  30652  10720 S   0.0  0.1   0:00.14 java
180960 tcriss    20   0 12.362g  30652  10720 S   9.1  0.1   0:00.15 java
180960 tcriss    20   0 12.362g  30652  10720 S   0.0  0.1   0:00.15 java
180960 tcriss    20   0 12.362g  30652  10720 S   0.0  0.1   0:00.15 java
180960 tcriss    20   0 12.362g  30652  10720 S   0.0  0.1   0:00.15 java
180960 tcriss    20   0 12.362g  31172  11080 S   9.1  0.1   0:00.16 java
180960 tcriss    20   0 12.362g  31172  11080 S   0.0  0.1   0:00.16 java
180960 tcriss    20   0 12.362g  31172  11080 S   9.1  0.1   0:00.17 java
180960 tcriss    20   0 12.362g  31172  11080 S   0.0  0.1   0:00.17 java
180960 tcriss    20   0 12.362g  31172  11080 S   0.0  0.1   0:00.17 java
180960 tcriss    20   0 12.362g  31172  11080 S   0.0  0.1   0:00.17 java
180960 tcriss    20   0 12.362g  31172  11080 S   0.0  0.1   0:00.17 java
180960 tcriss    20   0 12.362g  31172  11080 S   0.0  0.1   0:00.17 java
180960 tcriss    20   0 12.362g  31172  11080 S   0.0  0.1   0:00.17 java
180960 tcriss    20   0 12.362g  31172  11080 S   0.0  0.1   0:00.17 java
180960 tcriss    20   0 12.362g  31172  11080 S  18.2  0.1   0:00.19 java
180960 tcriss    20   0 12.362g  31172  11080 S   0.0  0.1   0:00.19 java
180960 tcriss    20   0 12.362g  31172  11080 S   0.0  0.1   0:00.19 java
180960 tcriss    20   0 12.362g  31172  11080 S   0.0  0.1   0:00.19 java
180960 tcriss    20   0 12.362g  31172  11080 S   0.0  0.1   0:00.19 java
180960 tcriss    20   0 12.362g  31172  11080 S   0.0  0.1   0:00.19 java
180960 tcriss    20   0 12.362g  31172  11080 S   0.0  0.1   0:00.19 java
180960 tcriss    20   0 12.362g  31172  11080 S   0.0  0.1   0:00.19 java
180960 tcriss    20   0 12.362g  31172  11080 S   9.1  0.1   0:00.20 java
180960 tcriss    20   0 12.362g  31172  11080 S   0.0  0.1   0:00.20 java
180960 tcriss    20   0 12.362g  31172  11080 S   0.0  0.1   0:00.20 java
180960 tcriss    20   0 12.362g  31172  11080 S   0.0  0.1   0:00.20 java
180960 tcriss    20   0 12.362g  31172  11080 S   0.0  0.1   0:00.20 java
180960 tcriss    20   0 12.362g  31172  11080 S   9.1  0.1   0:00.21 java
180960 tcriss    20   0 12.362g  31172  11080 S   0.0  0.1   0:00.21 java
180960 tcriss    20   0 12.362g  31172  11080 S   0.0  0.1   0:00.21 java
180960 tcriss    20   0 12.362g  31172  11080 S   0.0  0.1   0:00.21 java
180960 tcriss    20   0 12.362g  31172  11080 S   9.1  0.1   0:00.22 java
180960 tcriss    20   0 12.362g  31172  11080 S   0.0  0.1   0:00.22 java
180960 tcriss    20   0 12.362g  31172  11080 S   0.0  0.1   0:00.22 java
180960 tcriss    20   0 12.362g  31172  11080 S   0.0  0.1   0:00.22 java
180960 tcriss    20   0 12.362g  31172  11080 S   0.0  0.1   0:00.22 java
180960 tcriss    20   0 12.362g  31172  11080 S   0.0  0.1   0:00.22 java
180960 tcriss    20   0 12.362g  31172  11080 S   9.1  0.1   0:00.23 java
180960 tcriss    20   0 12.362g  31172  11080 S   0.0  0.1   0:00.23 java
180960 tcriss    20   0 12.362g  31172  11080 S   0.0  0.1   0:00.23 java
180960 tcriss    20   0 12.362g  31172  11080 S   0.0  0.1   0:00.23 java
180960 tcriss    20   0 12.362g  31172  11080 S   0.0  0.1   0:00.23 java
180960 tcriss    20   0 12.362g  31172  11080 S   0.0  0.1   0:00.23 java
180960 tcriss    20   0 12.362g  31172  11080 S   0.0  0.1   0:00.23 java
180960 tcriss    20   0 12.362g  31172  11080 S   9.1  0.1   0:00.24 java
180960 tcriss    20   0 12.362g  31172  11080 S   0.0  0.1   0:00.24 java
180960 tcriss    20   0 12.362g  31172  11080 S   0.0  0.1   0:00.24 java
180960 tcriss    20   0 12.362g  31172  11080 S   0.0  0.1   0:00.24 java
180960 tcriss    20   0 12.362g  31172  11080 S   0.0  0.1   0:00.24 java
180960 tcriss    20   0 12.362g  31172  11080 S   0.0  0.1   0:00.24 java
180960 tcriss    20   0 12.362g  31172  11080 S   0.0  0.1   0:00.24 java
180960 tcriss    20   0 12.362g  31172  11080 S   9.1  0.1   0:00.25 java
180960 tcriss    20   0 12.362g  31172  11080 S   0.0  0.1   0:00.25 java
180960 tcriss    20   0 12.362g  31172  11080 S   0.0  0.1   0:00.25 java
180960 tcriss    20   0 12.362g  31172  11080 S   0.0  0.1   0:00.25 java
180960 tcriss    20   0 12.362g  31172  11080 S   0.0  0.1   0:00.25 java
180960 tcriss    20   0 12.362g  31172  11080 S   9.1  0.1   0:00.26 java
180960 tcriss    20   0 12.362g  31172  11080 S   0.0  0.1   0:00.26 java
180960 tcriss    20   0 12.362g  31172  11080 S   0.0  0.1   0:00.26 java
180960 tcriss    20   0 12.362g  31172  11080 S   0.0  0.1   0:00.26 java
180960 tcriss    20   0 12.362g  31172  11080 S   9.1  0.1   0:00.27 java
180960 tcriss    20   0 12.362g  31172  11080 S   0.0  0.1   0:00.27 java
180960 tcriss    20   0 12.362g  31172  11080 S   0.0  0.1   0:00.27 java
180960 tcriss    20   0 12.362g  31172  11080 S   0.0  0.1   0:00.27 java
180960 tcriss    20   0 12.362g  31172  11080 S   0.0  0.1   0:00.27 java
180960 tcriss    20   0 12.362g  31172  11080 S   9.1  0.1   0:00.28 java
180960 tcriss    20   0 12.362g  31172  11080 S   0.0  0.1   0:00.28 java
180960 tcriss    20   0 12.362g  31172  11080 S   0.0  0.1   0:00.28 java
180960 tcriss    20   0 12.362g  31172  11080 S   0.0  0.1   0:00.28 java
180960 tcriss    20   0 12.362g  31172  11080 S   0.0  0.1   0:00.28 java
180960 tcriss    20   0 12.362g  31172  11080 S   0.0  0.1   0:00.28 java
180960 tcriss    20   0 12.362g  31172  11080 S   0.0  0.1   0:00.28 java
180960 tcriss    20   0 12.362g  31172  11080 S   0.0  0.1   0:00.28 java
180960 tcriss    20   0 12.362g  31172  11080 S   9.1  0.1   0:00.29 java
180960 tcriss    20   0 12.362g  31172  11080 S   0.0  0.1   0:00.29 java
180960 tcriss    20   0 12.362g  31172  11080 S   0.0  0.1   0:00.29 java
180960 tcriss    20   0 12.362g  31172  11080 S   0.0  0.1   0:00.29 java
180960 tcriss    20   0 12.362g  31172  11080 S   0.0  0.1   0:00.29 java
180960 tcriss    20   0 12.362g  31172  11080 S   0.0  0.1   0:00.29 java
180960 tcriss    20   0 12.362g  31172  11080 S   0.0  0.1   0:00.29 java
180960 tcriss    20   0 12.362g  31172  11080 S   0.0  0.1   0:00.29 java
180960 tcriss    20   0 12.362g  31172  11080 S   0.0  0.1   0:00.29 java
180960 tcriss    20   0 12.362g  31172  11080 S   0.0  0.1   0:00.29 java
180960 tcriss    20   0 12.362g  31172  11080 S   0.0  0.1   0:00.29 java
180960 tcriss    20   0 12.362g  31172  11080 S   0.0  0.1   0:00.29 java
180960 tcriss    20   0 12.362g  31172  11080 S   0.0  0.1   0:00.29 java
180960 tcriss    20   0 12.362g  31172  11080 S   0.0  0.1   0:00.29 java
180960 tcriss    20   0 12.362g  31172  11080 S   0.0  0.1   0:00.29 java
180960 tcriss    20   0 12.362g  31172  11080 S   0.0  0.1   0:00.29 java
180960 tcriss    20   0 12.362g  31172  11080 S   0.0  0.1   0:00.29 java
180960 tcriss    20   0 12.362g  31172  11080 S   0.0  0.1   0:00.29 java
180960 tcriss    20   0 12.362g  31172  11080 S   0.0  0.1   0:00.29 java
180960 tcriss    20   0 12.362g  31172  11080 S   0.0  0.1   0:00.29 java
180960 tcriss    20   0 12.362g  31172  11080 S   0.0  0.1   0:00.29 java
180960 tcriss    20   0 12.362g  31172  11080 S   0.0  0.1   0:00.29 java
180960 tcriss    20   0 12.362g  31172  11080 S   0.0  0.1   0:00.29 java
180960 tcriss    20   0 12.362g  31172  11080 S   9.1  0.1   0:00.30 java
180960 tcriss    20   0 12.362g  31172  11080 S   0.0  0.1   0:00.30 java
180960 tcriss    20   0 12.362g  31172  11080 S   0.0  0.1   0:00.30 java
180960 tcriss    20   0 12.362g  31172  11080 S   0.0  0.1   0:00.30 java
180960 tcriss    20   0 12.362g  31172  11080 S   0.0  0.1   0:00.30 java
180960 tcriss    20   0 12.362g  31172  11080 S   0.0  0.1   0:00.30 java
180960 tcriss    20   0 12.362g  31172  11080 S   0.0  0.1   0:00.30 java
180960 tcriss    20   0 12.362g  31172  11080 S   0.0  0.1   0:00.30 java
180960 tcriss    20   0 12.362g  31172  11080 S   9.1  0.1   0:00.31 java
180960 tcriss    20   0 12.362g  31172  11080 S   0.0  0.1   0:00.31 java
180960 tcriss    20   0 12.362g  31172  11080 S   0.0  0.1   0:00.31 java
180960 tcriss    20   0 12.362g  31172  11080 S   0.0  0.1   0:00.31 java
180960 tcriss    20   0 12.362g  31172  11080 S   0.0  0.1   0:00.31 java
180960 tcriss    20   0 12.362g  31172  11080 S   0.0  0.1   0:00.31 java
180960 tcriss    20   0 12.362g  31172  11080 S   0.0  0.1   0:00.31 java
180960 tcriss    20   0 12.362g  31172  11080 S   0.0  0.1   0:00.31 java
180960 tcriss    20   0 12.362g  31172  11080 S   0.0  0.1   0:00.31 java
180960 tcriss    20   0 12.362g  31172  11080 S   0.0  0.1   0:00.31 java
180960 tcriss    20   0 12.362g  31172  11080 S   0.0  0.1   0:00.31 java
180960 tcriss    20   0 12.362g  31172  11080 S   0.0  0.1   0:00.31 java
180960 tcriss    20   0 12.362g  31172  11080 S   0.0  0.1   0:00.31 java
180960 tcriss    20   0 12.362g  31172  11080 S   0.0  0.1   0:00.31 java
180960 tcriss    20   0 12.362g  31172  11080 S   0.0  0.1   0:00.31 java
180960 tcriss    20   0 12.362g  31172  11080 S   0.0  0.1   0:00.31 java
180960 tcriss    20   0 12.362g  31172  11080 S   0.0  0.1   0:00.31 java
180960 tcriss    20   0 12.362g  31172  11080 S   0.0  0.1   0:00.31 java
180960 tcriss    20   0 12.362g  31172  11080 S   9.1  0.1   0:00.32 java
180960 tcriss    20   0 12.362g  31172  11080 S   0.0  0.1   0:00.32 java
180960 tcriss    20   0 12.362g  31172  11080 S   0.0  0.1   0:00.32 java
180960 tcriss    20   0 12.362g  31172  11080 S   0.0  0.1   0:00.32 java
180960 tcriss    20   0 12.362g  31172  11080 S   0.0  0.1   0:00.32 java
180960 tcriss    20   0 12.362g  31172  11080 S   0.0  0.1   0:00.32 java
180960 tcriss    20   0 12.362g  31172  11080 S   0.0  0.1   0:00.32 java
180960 tcriss    20   0 12.362g  31172  11080 S   0.0  0.1   0:00.32 java
180960 tcriss    20   0 12.362g  31172  11080 S   9.1  0.1   0:00.33 java
180960 tcriss    20   0 12.362g  31172  11080 S   0.0  0.1   0:00.33 java
180960 tcriss    20   0 12.362g  31172  11080 S   0.0  0.1   0:00.33 java
180960 tcriss    20   0 12.362g  31172  11080 S   0.0  0.1   0:00.33 java
180960 tcriss    20   0 12.362g  31172  11080 S   0.0  0.1   0:00.33 java
180960 tcriss    20   0 12.362g  31172  11080 S   0.0  0.1   0:00.33 java
180960 tcriss    20   0 12.362g  31172  11080 S   0.0  0.1   0:00.33 java
180960 tcriss    20   0 12.362g  31172  11080 S   0.0  0.1   0:00.33 java
180960 tcriss    20   0 12.362g  31172  11080 S   0.0  0.1   0:00.33 java
180960 tcriss    20   0 12.362g  31172  11080 S   0.0  0.1   0:00.33 java
180960 tcriss    20   0 12.362g  31172  11080 S   0.0  0.1   0:00.33 java
180960 tcriss    20   0 12.362g  31172  11080 S   0.0  0.1   0:00.33 java
180960 tcriss    20   0 12.362g  31172  11080 S   0.0  0.1   0:00.33 java
180960 tcriss    20   0 12.362g  31172  11080 S   9.1  0.1   0:00.34 java
180960 tcriss    20   0 12.362g  31172  11080 S   0.0  0.1   0:00.34 java
180960 tcriss    20   0 12.362g  31172  11080 S   0.0  0.1   0:00.34 java
180960 tcriss    20   0 12.362g  31172  11080 S   0.0  0.1   0:00.34 java
180960 tcriss    20   0 12.362g  31172  11080 S   0.0  0.1   0:00.34 java
180960 tcriss    20   0 12.362g  31172  11080 S   0.0  0.1   0:00.34 java
180960 tcriss    20   0 12.362g  31172  11080 S   0.0  0.1   0:00.34 java
180960 tcriss    20   0 12.362g  31172  11080 S   0.0  0.1   0:00.34 java
180960 tcriss    20   0 12.362g  31172  11080 S   0.0  0.1   0:00.34 java
180960 tcriss    20   0 12.362g  31172  11080 S   0.0  0.1   0:00.34 java
180960 tcriss    20   0 12.362g  31172  11080 S   0.0  0.1   0:00.34 java
180960 tcriss    20   0 12.362g  31172  11080 S   0.0  0.1   0:00.34 java
180960 tcriss    20   0 12.362g  31172  11080 S   0.0  0.1   0:00.34 java
180960 tcriss    20   0 12.362g  31172  11080 S   0.0  0.1   0:00.34 java
180960 tcriss    20   0 12.362g  31172  11080 S   9.1  0.1   0:00.35 java
180960 tcriss    20   0 12.362g  31172  11080 S   0.0  0.1   0:00.35 java
180960 tcriss    20   0 12.362g  31172  11080 S   0.0  0.1   0:00.35 java
180960 tcriss    20   0 12.362g  31172  11080 S   0.0  0.1   0:00.35 java
180960 tcriss    20   0 12.362g  31172  11080 S   0.0  0.1   0:00.35 java
180960 tcriss    20   0 12.362g  31172  11080 S   0.0  0.1   0:00.35 java
180960 tcriss    20   0 12.362g  31172  11080 S   0.0  0.1   0:00.35 java
180960 tcriss    20   0 12.362g  31172  11080 S   0.0  0.1   0:00.35 java
180960 tcriss    20   0 12.362g  31172  11080 S   0.0  0.1   0:00.35 java
180960 tcriss    20   0 12.362g  31172  11080 S   0.0  0.1   0:00.35 java
180960 tcriss    20   0 12.362g  31172  11080 S   0.0  0.1   0:00.35 java
180960 tcriss    20   0 12.362g  31172  11080 S   0.0  0.1   0:00.35 java
180960 tcriss    20   0 12.362g  31172  11080 S  18.2  0.1   0:00.37 java
180960 tcriss    20   0 12.362g  31172  11080 S   0.0  0.1   0:00.37 java
180960 tcriss    20   0 12.362g  31172  11080 S   0.0  0.1   0:00.37 java
180960 tcriss    20   0 12.362g  31172  11080 S   0.0  0.1   0:00.37 java
180960 tcriss    20   0 12.362g  31172  11080 S   0.0  0.1   0:00.37 java
180960 tcriss    20   0 12.362g  31172  11080 S   0.0  0.1   0:00.37 java
180960 tcriss    20   0 12.362g  31172  11080 S   0.0  0.1   0:00.37 java
180960 tcriss    20   0 12.362g  31172  11080 S   0.0  0.1   0:00.37 java
180960 tcriss    20   0 12.362g  31172  11080 S   0.0  0.1   0:00.37 java
180960 tcriss    20   0 12.362g  31172  11080 S   0.0  0.1   0:00.37 java
180960 tcriss    20   0 12.362g  31172  11080 S   0.0  0.1   0:00.37 java
180960 tcriss    20   0 12.362g  31172  11080 S   0.0  0.1   0:00.37 java
180960 tcriss    20   0 12.362g  31172  11080 S   0.0  0.1   0:00.37 java
180960 tcriss    20   0 12.362g  31172  11080 S   0.0  0.1   0:00.37 java
180960 tcriss    20   0 12.362g  31172  11080 S   0.0  0.1   0:00.37 java
180960 tcriss    20   0 12.362g  31172  11080 S   0.0  0.1   0:00.37 java
180960 tcriss    20   0 12.362g  31172  11080 S   0.0  0.1   0:00.37 java
180960 tcriss    20   0 12.362g  31172  11080 S   0.0  0.1   0:00.37 java
180960 tcriss    20   0 12.362g  31172  11080 S   0.0  0.1   0:00.37 java
180960 tcriss    20   0 12.362g  31172  11080 S   0.0  0.1   0:00.37 java
180960 tcriss    20   0 12.362g  31172  11080 S   9.1  0.1   0:00.38 java
180960 tcriss    20   0 12.362g  31172  11080 S   0.0  0.1   0:00.38 java
180960 tcriss    20   0 12.362g  31172  11080 S   0.0  0.1   0:00.38 java
180960 tcriss    20   0 12.362g  31172  11080 S   0.0  0.1   0:00.38 java
180960 tcriss    20   0 12.362g  31172  11080 S   0.0  0.1   0:00.38 java
180960 tcriss    20   0 12.362g  31172  11080 S   0.0  0.1   0:00.38 java
180960 tcriss    20   0 12.362g  31172  11080 S   9.1  0.1   0:00.39 java
180960 tcriss    20   0 12.362g  31172  11080 S   0.0  0.1   0:00.39 java
180960 tcriss    20   0 12.362g  31172  11080 S   0.0  0.1   0:00.39 java
180960 tcriss    20   0 12.362g  31172  11080 S   0.0  0.1   0:00.39 java
180960 tcriss    20   0 12.362g  31172  11080 S   0.0  0.1   0:00.39 java
180960 tcriss    20   0 12.362g  31172  11080 S   0.0  0.1   0:00.39 java
180960 tcriss    20   0 12.362g  31172  11080 S   0.0  0.1   0:00.39 java
180960 tcriss    20   0 12.362g  31172  11080 S   0.0  0.1   0:00.39 java
180960 tcriss    20   0 12.362g  31172  11080 S   0.0  0.1   0:00.39 java
180960 tcriss    20   0 12.362g  31172  11080 S   0.0  0.1   0:00.39 java
180960 tcriss    20   0 12.362g  31172  11080 S   0.0  0.1   0:00.39 java
180960 tcriss    20   0 12.362g  31172  11080 S   0.0  0.1   0:00.39 java
180960 tcriss    20   0 12.362g  31172  11080 S   0.0  0.1   0:00.39 java
180960 tcriss    20   0 12.362g  31172  11080 S   0.0  0.1   0:00.39 java
180960 tcriss    20   0 12.362g  31172  11080 S   9.1  0.1   0:00.40 java
180960 tcriss    20   0 12.362g  31172  11080 S   0.0  0.1   0:00.40 java
180960 tcriss    20   0 12.362g  31172  11080 S   0.0  0.1   0:00.40 java
180960 tcriss    20   0 12.362g  31172  11080 S   0.0  0.1   0:00.40 java
180960 tcriss    20   0 12.362g  31172  11080 S   0.0  0.1   0:00.40 java
180960 tcriss    20   0 12.362g  31172  11080 S   0.0  0.1   0:00.40 java
180960 tcriss    20   0 12.362g  31172  11080 S   0.0  0.1   0:00.40 java
180960 tcriss    20   0 12.362g  31172  11080 S   0.0  0.1   0:00.40 java
180960 tcriss    20   0 12.362g  31172  11080 S   0.0  0.1   0:00.40 java
180960 tcriss    20   0 12.362g  31172  11080 S   9.1  0.1   0:00.41 java
180960 tcriss    20   0 12.362g  31172  11080 S   0.0  0.1   0:00.41 java
180960 tcriss    20   0 12.362g  31172  11080 S   0.0  0.1   0:00.41 java
180960 tcriss    20   0 12.362g  31172  11080 S   0.0  0.1   0:00.41 java
180960 tcriss    20   0 12.362g  31172  11080 S   0.0  0.1   0:00.41 java
180960 tcriss    20   0 12.362g  31172  11080 S   0.0  0.1   0:00.41 java
180960 tcriss    20   0 12.362g  31172  11080 S   0.0  0.1   0:00.41 java
180960 tcriss    20   0 12.362g  31172  11080 S   0.0  0.1   0:00.41 java
180960 tcriss    20   0 12.362g  31172  11080 S   0.0  0.1   0:00.41 java
180960 tcriss    20   0 12.362g  31172  11080 S   0.0  0.1   0:00.41 java
180960 tcriss    20   0 12.362g  31172  11080 S   0.0  0.1   0:00.41 java
180960 tcriss    20   0 12.362g  31172  11080 S   0.0  0.1   0:00.41 java
180960 tcriss    20   0 12.362g  31172  11080 S   0.0  0.1   0:00.41 java
180960 tcriss    20   0 12.362g  31172  11080 S   0.0  0.1   0:00.41 java
180960 tcriss    20   0 12.362g  31172  11080 S   0.0  0.1   0:00.41 java
180960 tcriss    20   0 12.362g  31172  11080 S   9.1  0.1   0:00.42 java
180960 tcriss    20   0 12.362g  31172  11080 S   0.0  0.1   0:00.42 java
180960 tcriss    20   0 12.362g  31172  11080 S   0.0  0.1   0:00.42 java
180960 tcriss    20   0 12.362g  31172  11080 S   0.0  0.1   0:00.42 java
180960 tcriss    20   0 12.362g  31172  11080 S   0.0  0.1   0:00.42 java
180960 tcriss    20   0 12.362g  31172  11080 S   9.1  0.1   0:00.43 java
180960 tcriss    20   0 12.362g  31172  11080 S   0.0  0.1   0:00.43 java
180960 tcriss    20   0 12.362g  31172  11080 S   0.0  0.1   0:00.43 java
180960 tcriss    20   0 12.362g  31172  11080 S   0.0  0.1   0:00.43 java
180960 tcriss    20   0 12.362g  31172  11080 S   0.0  0.1   0:00.43 java
180960 tcriss    20   0 12.362g  31172  11080 S   0.0  0.1   0:00.43 java
180960 tcriss    20   0 12.362g  31172  11080 S   0.0  0.1   0:00.43 java
