180519 tcriss    20   0 12.362g  26412  10824 S  22.2  0.1   0:00.07 java
180519 tcriss    20   0 12.362g  26412  10824 S   0.0  0.1   0:00.07 java
180519 tcriss    20   0 12.362g  29208  10972 S   9.1  0.1   0:00.08 java
180519 tcriss    20   0 12.362g  29208  10972 S   0.0  0.1   0:00.08 java
180519 tcriss    20   0 12.362g  29208  10972 S   0.0  0.1   0:00.08 java
180519 tcriss    20   0 12.362g  29208  10972 S   9.1  0.1   0:00.09 java
180519 tcriss    20   0 12.362g  29208  10972 S   9.1  0.1   0:00.10 java
180519 tcriss    20   0 12.362g  29208  10972 S   0.0  0.1   0:00.10 java
180519 tcriss    20   0 12.362g  29208  10972 S   0.0  0.1   0:00.10 java
180519 tcriss    20   0 12.362g  29208  10972 S   9.1  0.1   0:00.11 java
180519 tcriss    20   0 12.362g  29208  10972 S   0.0  0.1   0:00.11 java
180519 tcriss    20   0 12.362g  29208  10972 S   0.0  0.1   0:00.11 java
180519 tcriss    20   0 12.362g  29208  10972 S   9.1  0.1   0:00.12 java
180519 tcriss    20   0 12.362g  29208  10972 S   0.0  0.1   0:00.12 java
180519 tcriss    20   0 12.362g  29208  10972 S   0.0  0.1   0:00.12 java
180519 tcriss    20   0 12.362g  29208  10972 S   0.0  0.1   0:00.12 java
180519 tcriss    20   0 12.362g  29208  10972 S   9.1  0.1   0:00.13 java
180519 tcriss    20   0 12.362g  29208  10972 S   0.0  0.1   0:00.13 java
180519 tcriss    20   0 12.362g  29208  10972 S   0.0  0.1   0:00.13 java
180519 tcriss    20   0 12.362g  29208  10972 S   9.1  0.1   0:00.14 java
180519 tcriss    20   0 12.362g  29208  10972 S   0.0  0.1   0:00.14 java
180519 tcriss    20   0 12.362g  29208  10972 S   0.0  0.1   0:00.14 java
180519 tcriss    20   0 12.362g  29208  10972 S   9.1  0.1   0:00.15 java
180519 tcriss    20   0 12.362g  29208  10972 S   0.0  0.1   0:00.15 java
180519 tcriss    20   0 12.362g  29208  10972 S   0.0  0.1   0:00.15 java
180519 tcriss    20   0 12.362g  29208  10972 S   0.0  0.1   0:00.15 java
180519 tcriss    20   0 12.362g  29208  10972 S   9.1  0.1   0:00.16 java
180519 tcriss    20   0 12.362g  29208  10972 S   0.0  0.1   0:00.16 java
180519 tcriss    20   0 12.362g  29208  10972 S   0.0  0.1   0:00.16 java
180519 tcriss    20   0 12.362g  29208  10972 S   0.0  0.1   0:00.16 java
180519 tcriss    20   0 12.362g  29208  10972 S  18.2  0.1   0:00.18 java
180519 tcriss    20   0 12.362g  29208  10972 S   0.0  0.1   0:00.18 java
180519 tcriss    20   0 12.362g  29208  10972 S   0.0  0.1   0:00.18 java
180519 tcriss    20   0 12.362g  29208  10972 S   0.0  0.1   0:00.18 java
180519 tcriss    20   0 12.362g  29208  10972 S   9.1  0.1   0:00.19 java
180519 tcriss    20   0 12.362g  29208  10972 S   0.0  0.1   0:00.19 java
180519 tcriss    20   0 12.362g  29208  10972 S   0.0  0.1   0:00.19 java
180519 tcriss    20   0 12.362g  29208  10972 S   9.1  0.1   0:00.20 java
180519 tcriss    20   0 12.362g  29208  10972 S   0.0  0.1   0:00.20 java
180519 tcriss    20   0 12.362g  29208  10972 S   9.1  0.1   0:00.21 java
180519 tcriss    20   0 12.362g  29208  10972 S   0.0  0.1   0:00.21 java
180519 tcriss    20   0 12.362g  29208  10972 S   9.1  0.1   0:00.22 java
180519 tcriss    20   0 12.362g  29208  10972 S   0.0  0.1   0:00.22 java
180519 tcriss    20   0 12.362g  29208  10972 S   9.1  0.1   0:00.23 java
180519 tcriss    20   0 12.362g  29208  10972 S   9.1  0.1   0:00.24 java
180519 tcriss    20   0 12.362g  29208  10972 S   9.1  0.1   0:00.25 java
180519 tcriss    20   0 12.362g  29208  10972 S   0.0  0.1   0:00.25 java
180519 tcriss    20   0 12.362g  29208  10972 S   9.1  0.1   0:00.26 java
180519 tcriss    20   0 12.362g  29208  10972 S   0.0  0.1   0:00.26 java
180519 tcriss    20   0 12.362g  29208  10972 S   9.1  0.1   0:00.27 java
180519 tcriss    20   0 12.362g  29208  10972 S   9.1  0.1   0:00.28 java
180519 tcriss    20   0 12.362g  29208  10972 S   9.1  0.1   0:00.29 java
180519 tcriss    20   0 12.362g  29208  10972 S   9.1  0.1   0:00.30 java
180519 tcriss    20   0 12.362g  29208  10972 S   0.0  0.1   0:00.30 java
180519 tcriss    20   0 12.362g  29208  10972 S   9.1  0.1   0:00.31 java
180519 tcriss    20   0 12.362g  29208  10972 S   0.0  0.1   0:00.31 java
180519 tcriss    20   0 12.362g  29208  10972 S   9.1  0.1   0:00.32 java
180519 tcriss    20   0 12.362g  29208  10972 S   9.1  0.1   0:00.33 java
180519 tcriss    20   0 12.362g  29208  10972 S   0.0  0.1   0:00.33 java
180519 tcriss    20   0 12.362g  29208  10972 S   9.1  0.1   0:00.34 java
180519 tcriss    20   0 12.362g  29208  10972 S   9.1  0.1   0:00.35 java
180519 tcriss    20   0 12.362g  29208  10972 S   0.0  0.1   0:00.35 java
180519 tcriss    20   0 12.362g  29208  10972 S   9.1  0.1   0:00.36 java
180519 tcriss    20   0 12.362g  29208  10972 S   9.1  0.1   0:00.37 java
180519 tcriss    20   0 12.362g  29208  10972 S   0.0  0.1   0:00.37 java
180519 tcriss    20   0 12.362g  29208  10972 S   9.1  0.1   0:00.38 java
180519 tcriss    20   0 12.362g  29208  10972 S   0.0  0.1   0:00.38 java
180519 tcriss    20   0 12.362g  29208  10972 S   0.0  0.1   0:00.38 java
180519 tcriss    20   0 12.362g  29208  10972 S  16.7  0.1   0:00.40 java
180519 tcriss    20   0 12.362g  29208  10972 S   9.1  0.1   0:00.41 java
180519 tcriss    20   0 12.362g  29208  10972 S   0.0  0.1   0:00.41 java
180519 tcriss    20   0 12.362g  29208  10972 S   9.1  0.1   0:00.42 java
180519 tcriss    20   0 12.362g  29208  10972 S   0.0  0.1   0:00.42 java
180519 tcriss    20   0 12.362g  29208  10972 S   9.1  0.1   0:00.43 java
180519 tcriss    20   0 12.362g  29208  10972 S   9.1  0.1   0:00.44 java
180519 tcriss    20   0 12.362g  29208  10972 S   0.0  0.1   0:00.44 java
180519 tcriss    20   0 12.362g  29208  10972 S   9.1  0.1   0:00.45 java
180519 tcriss    20   0 12.362g  29208  10972 S   0.0  0.1   0:00.45 java
180519 tcriss    20   0 12.362g  29208  10972 S   9.1  0.1   0:00.46 java
180519 tcriss    20   0 12.362g  29208  10972 S   9.1  0.1   0:00.47 java
180519 tcriss    20   0 12.362g  29208  10972 S   0.0  0.1   0:00.47 java
180519 tcriss    20   0 12.362g  29208  10972 S   9.1  0.1   0:00.48 java
180519 tcriss    20   0 12.362g  29208  10972 S   9.1  0.1   0:00.49 java
180519 tcriss    20   0 12.362g  29208  10972 S   0.0  0.1   0:00.49 java
180519 tcriss    20   0 12.362g  29208  10972 S   9.1  0.1   0:00.50 java
180519 tcriss    20   0 12.362g  29208  10972 S   9.1  0.1   0:00.51 java
180519 tcriss    20   0 12.362g  29208  10972 S   0.0  0.1   0:00.51 java
180519 tcriss    20   0 12.362g  29208  10972 S   9.1  0.1   0:00.52 java
180519 tcriss    20   0 12.362g  29208  10972 S   9.1  0.1   0:00.53 java
180519 tcriss    20   0 12.362g  29208  10972 S   9.1  0.1   0:00.54 java
180519 tcriss    20   0 12.362g  29208  10972 S   9.1  0.1   0:00.55 java
180519 tcriss    20   0 12.362g  29208  10972 S   0.0  0.1   0:00.55 java
180519 tcriss    20   0 12.362g  29208  10972 S   9.1  0.1   0:00.56 java
180519 tcriss    20   0 12.362g  29208  10972 S   0.0  0.1   0:00.56 java
180519 tcriss    20   0 12.362g  29208  10972 S   9.1  0.1   0:00.57 java
180519 tcriss    20   0 12.362g  29208  10972 S   0.0  0.1   0:00.57 java
180519 tcriss    20   0 12.362g  29208  10972 S   8.3  0.1   0:00.58 java
180519 tcriss    20   0 12.362g  29208  10972 S   0.0  0.1   0:00.58 java
180519 tcriss    20   0 12.362g  29208  10972 S   9.1  0.1   0:00.59 java
180519 tcriss    20   0 12.362g  29208  10972 S   0.0  0.1   0:00.59 java
180519 tcriss    20   0 12.362g  29208  10972 S   0.0  0.1   0:00.59 java
180519 tcriss    20   0 12.362g  29208  10972 S   9.1  0.1   0:00.60 java
180519 tcriss    20   0 12.362g  29208  10972 S   0.0  0.1   0:00.60 java
180519 tcriss    20   0 12.362g  29208  10972 S   0.0  0.1   0:00.60 java
180519 tcriss    20   0 12.362g  29208  10972 S   0.0  0.1   0:00.60 java
180519 tcriss    20   0 12.362g  29208  10972 S   9.1  0.1   0:00.61 java
180519 tcriss    20   0 12.362g  29208  10972 S   0.0  0.1   0:00.61 java
180519 tcriss    20   0 12.362g  29208  10972 S   9.1  0.1   0:00.62 java
180519 tcriss    20   0 12.362g  29208  10972 S   0.0  0.1   0:00.62 java
180519 tcriss    20   0 12.362g  29208  10972 S   9.1  0.1   0:00.63 java
180519 tcriss    20   0 12.362g  29208  10972 S   0.0  0.1   0:00.63 java
180519 tcriss    20   0 12.362g  29208  10972 S   9.1  0.1   0:00.64 java
180519 tcriss    20   0 12.362g  29208  10972 S   0.0  0.1   0:00.64 java
180519 tcriss    20   0 12.362g  29208  10972 S   0.0  0.1   0:00.64 java
180519 tcriss    20   0 12.362g  29208  10972 S   9.1  0.1   0:00.65 java
180519 tcriss    20   0 12.362g  29208  10972 S   0.0  0.1   0:00.65 java
180519 tcriss    20   0 12.362g  29208  10972 S   0.0  0.1   0:00.65 java
180519 tcriss    20   0 12.362g  29208  10972 S   9.1  0.1   0:00.66 java
180519 tcriss    20   0 12.362g  29208  10972 S   0.0  0.1   0:00.66 java
180519 tcriss    20   0 12.362g  29208  10972 S   0.0  0.1   0:00.66 java
180519 tcriss    20   0 12.362g  29208  10972 S   9.1  0.1   0:00.67 java
180519 tcriss    20   0 12.362g  29208  10972 S   0.0  0.1   0:00.67 java
180519 tcriss    20   0 12.362g  29208  10972 S   0.0  0.1   0:00.67 java
180519 tcriss    20   0 12.362g  29208  10972 S   9.1  0.1   0:00.68 java
180519 tcriss    20   0 12.362g  29208  10972 S   0.0  0.1   0:00.68 java
180519 tcriss    20   0 12.362g  29208  10972 S   0.0  0.1   0:00.68 java
180519 tcriss    20   0 12.362g  29208  10972 S   8.3  0.1   0:00.69 java
180519 tcriss    20   0 12.362g  29208  10972 S   9.1  0.1   0:00.70 java
180519 tcriss    20   0 12.362g  29208  10972 S   0.0  0.1   0:00.70 java
180519 tcriss    20   0 12.362g  29208  10972 S   9.1  0.1   0:00.71 java
180519 tcriss    20   0 12.362g  29208  10972 S   0.0  0.1   0:00.71 java
180519 tcriss    20   0 12.362g  29208  10972 S   0.0  0.1   0:00.71 java
180519 tcriss    20   0 12.362g  29208  10972 S   9.1  0.1   0:00.72 java
180519 tcriss    20   0 12.362g  29208  10972 S   0.0  0.1   0:00.72 java
180519 tcriss    20   0 12.362g  29208  10972 S   9.1  0.1   0:00.73 java
180519 tcriss    20   0 12.362g  29208  10972 S   0.0  0.1   0:00.73 java
180519 tcriss    20   0 12.362g  29208  10972 S   0.0  0.1   0:00.73 java
180519 tcriss    20   0 12.362g  29208  10972 S   9.1  0.1   0:00.74 java
180519 tcriss    20   0 12.362g  29208  10972 S   0.0  0.1   0:00.74 java
180519 tcriss    20   0 12.362g  29208  10972 S   0.0  0.1   0:00.74 java
180519 tcriss    20   0 12.362g  29208  10972 S   9.1  0.1   0:00.75 java
180519 tcriss    20   0 12.362g  29208  10972 S   0.0  0.1   0:00.75 java
180519 tcriss    20   0 12.362g  29208  10972 S   9.1  0.1   0:00.76 java
180519 tcriss    20   0 12.362g  29208  10972 S   0.0  0.1   0:00.76 java
180519 tcriss    20   0 12.362g  29208  10972 S   0.0  0.1   0:00.76 java
180519 tcriss    20   0 12.362g  29208  10972 S   0.0  0.1   0:00.76 java
180519 tcriss    20   0 12.362g  29208  10972 S   9.1  0.1   0:00.77 java
180519 tcriss    20   0 12.362g  29208  10972 S   0.0  0.1   0:00.77 java
180519 tcriss    20   0 12.362g  29208  10972 S   9.1  0.1   0:00.78 java
180519 tcriss    20   0 12.362g  29208  10972 S   0.0  0.1   0:00.78 java
180519 tcriss    20   0 12.362g  29208  10972 S   0.0  0.1   0:00.78 java
180519 tcriss    20   0 12.362g  29208  10972 S   9.1  0.1   0:00.79 java
180519 tcriss    20   0 12.362g  29208  10972 S   0.0  0.1   0:00.79 java
180519 tcriss    20   0 12.362g  29208  10972 S   9.1  0.1   0:00.80 java
180519 tcriss    20   0 12.362g  29208  10972 S   0.0  0.1   0:00.80 java
180519 tcriss    20   0 12.362g  29208  10972 S   0.0  0.1   0:00.80 java
180519 tcriss    20   0 12.362g  29208  10972 S  18.2  0.1   0:00.82 java
180519 tcriss    20   0 12.362g  29208  10972 S   0.0  0.1   0:00.82 java
180519 tcriss    20   0 12.362g  29208  10972 S   0.0  0.1   0:00.82 java
180519 tcriss    20   0 12.362g  29208  10972 S   9.1  0.1   0:00.83 java
180519 tcriss    20   0 12.362g  29208  10972 S   0.0  0.1   0:00.83 java
180519 tcriss    20   0 12.362g  29208  10972 S   0.0  0.1   0:00.83 java
180519 tcriss    20   0 12.362g  29208  10972 S   9.1  0.1   0:00.84 java
180519 tcriss    20   0 12.362g  29208  10972 S   0.0  0.1   0:00.84 java
180519 tcriss    20   0 12.362g  29208  10972 S   9.1  0.1   0:00.85 java
180519 tcriss    20   0 12.362g  29208  10972 S   0.0  0.1   0:00.85 java
180519 tcriss    20   0 12.362g  29208  10972 S   0.0  0.1   0:00.85 java
180519 tcriss    20   0 12.362g  29208  10972 S   9.1  0.1   0:00.86 java
180519 tcriss    20   0 12.362g  29208  10972 S   0.0  0.1   0:00.86 java
180519 tcriss    20   0 12.362g  29208  10972 S   0.0  0.1   0:00.86 java
180519 tcriss    20   0 12.362g  29208  10972 S   9.1  0.1   0:00.87 java
180519 tcriss    20   0 12.362g  29208  10972 S   0.0  0.1   0:00.87 java
180519 tcriss    20   0 12.362g  29208  10972 S   9.1  0.1   0:00.88 java
180519 tcriss    20   0 12.362g  29208  10972 S   0.0  0.1   0:00.88 java
180519 tcriss    20   0 12.362g  29208  10972 S   0.0  0.1   0:00.88 java
180519 tcriss    20   0 12.362g  29208  10972 S   9.1  0.1   0:00.89 java
180519 tcriss    20   0 12.362g  29208  10972 S   0.0  0.1   0:00.89 java
180519 tcriss    20   0 12.362g  29208  10972 S   9.1  0.1   0:00.90 java
180519 tcriss    20   0 12.362g  29208  10972 S   9.1  0.1   0:00.91 java
180519 tcriss    20   0 12.362g  29208  10972 S   0.0  0.1   0:00.91 java
180519 tcriss    20   0 12.362g  29208  10972 S   9.1  0.1   0:00.92 java
180519 tcriss    20   0 12.362g  29208  10972 S   0.0  0.1   0:00.92 java
180519 tcriss    20   0 12.362g  29208  10972 S   0.0  0.1   0:00.92 java
180519 tcriss    20   0 12.362g  29208  10972 S   8.3  0.1   0:00.93 java
180519 tcriss    20   0 12.362g  29208  10972 S   0.0  0.1   0:00.93 java
180519 tcriss    20   0 12.362g  29208  10972 S   0.0  0.1   0:00.93 java
180519 tcriss    20   0 12.362g  29208  10972 S   9.1  0.1   0:00.94 java
180519 tcriss    20   0 12.362g  29208  10972 S   0.0  0.1   0:00.94 java
180519 tcriss    20   0 12.362g  29208  10972 S   9.1  0.1   0:00.95 java
180519 tcriss    20   0 12.362g  29208  10972 S   0.0  0.1   0:00.95 java
180519 tcriss    20   0 12.362g  29208  10972 S   9.1  0.1   0:00.96 java
180519 tcriss    20   0 12.362g  29208  10972 S   0.0  0.1   0:00.96 java
180519 tcriss    20   0 12.362g  29208  10972 S   0.0  0.1   0:00.96 java
180519 tcriss    20   0 12.362g  29208  10972 S   9.1  0.1   0:00.97 java
180519 tcriss    20   0 12.362g  29208  10972 S   0.0  0.1   0:00.97 java
180519 tcriss    20   0 12.362g  29208  10972 S   0.0  0.1   0:00.97 java
180519 tcriss    20   0 12.362g  29208  10972 S   9.1  0.1   0:00.98 java
180519 tcriss    20   0 12.362g  29208  10972 S   0.0  0.1   0:00.98 java
180519 tcriss    20   0 12.362g  29208  10972 S   9.1  0.1   0:00.99 java
180519 tcriss    20   0 12.362g  29208  10972 S   0.0  0.1   0:00.99 java
180519 tcriss    20   0 12.362g  29208  10972 S   0.0  0.1   0:00.99 java
180519 tcriss    20   0 12.362g  29208  10972 S   9.1  0.1   0:01.00 java
180519 tcriss    20   0 12.362g  29208  10972 S   9.1  0.1   0:01.01 java
180519 tcriss    20   0 12.362g  29208  10972 S   9.1  0.1   0:01.02 java
180519 tcriss    20   0 12.362g  29208  10972 S   0.0  0.1   0:01.02 java
180519 tcriss    20   0 12.362g  29208  10972 S   0.0  0.1   0:01.02 java
180519 tcriss    20   0 12.362g  29208  10972 S   9.1  0.1   0:01.03 java
180519 tcriss    20   0 12.362g  29208  10972 S   0.0  0.1   0:01.03 java
180519 tcriss    20   0 12.362g  29468  11168 S   9.1  0.1   0:01.04 java
180519 tcriss    20   0 12.362g  29468  11168 S   0.0  0.1   0:01.04 java
180519 tcriss    20   0 12.362g  29468  11168 S   0.0  0.1   0:01.04 java
180519 tcriss    20   0 12.362g  29468  11168 S   9.1  0.1   0:01.05 java
180519 tcriss    20   0 12.362g  29468  11168 S   0.0  0.1   0:01.05 java
180519 tcriss    20   0 12.362g  29468  11168 S   9.1  0.1   0:01.06 java
180519 tcriss    20   0 12.362g  29468  11168 S   0.0  0.1   0:01.06 java
180519 tcriss    20   0 12.362g  29468  11168 S   0.0  0.1   0:01.06 java
180519 tcriss    20   0 12.362g  29468  11168 S   9.1  0.1   0:01.07 java
180519 tcriss    20   0 12.362g  29468  11168 S   0.0  0.1   0:01.07 java
180519 tcriss    20   0 12.362g  29468  11168 S   9.1  0.1   0:01.08 java
180519 tcriss    20   0 12.362g  29468  11168 S   0.0  0.1   0:01.08 java
180519 tcriss    20   0 12.362g  29468  11168 S   9.1  0.1   0:01.09 java
180519 tcriss    20   0 12.362g  29468  11168 S   0.0  0.1   0:01.09 java
180519 tcriss    20   0 12.362g  29468  11168 S   0.0  0.1   0:01.09 java
180519 tcriss    20   0 12.362g  29468  11168 S   9.1  0.1   0:01.10 java
180519 tcriss    20   0 12.362g  29468  11168 S   0.0  0.1   0:01.10 java
180519 tcriss    20   0 12.362g  29468  11168 S   0.0  0.1   0:01.10 java
180519 tcriss    20   0 12.362g  29468  11168 S   9.1  0.1   0:01.11 java
180519 tcriss    20   0 12.362g  29468  11168 S   0.0  0.1   0:01.11 java
180519 tcriss    20   0 12.362g  29468  11168 S   9.1  0.1   0:01.12 java
180519 tcriss    20   0 12.362g  29468  11168 S   0.0  0.1   0:01.12 java
180519 tcriss    20   0 12.362g  29468  11168 S   9.1  0.1   0:01.13 java
180519 tcriss    20   0 12.362g  29468  11168 S   0.0  0.1   0:01.13 java
180519 tcriss    20   0 12.362g  29468  11168 S   0.0  0.1   0:01.13 java
180519 tcriss    20   0 12.362g  29468  11168 S   9.1  0.1   0:01.14 java
180519 tcriss    20   0 12.362g  29468  11168 S   0.0  0.1   0:01.14 java
180519 tcriss    20   0 12.362g  29468  11168 S   9.1  0.1   0:01.15 java
180519 tcriss    20   0 12.362g  29468  11168 S   0.0  0.1   0:01.15 java
180519 tcriss    20   0 12.362g  29468  11168 S   9.1  0.1   0:01.16 java
180519 tcriss    20   0 12.362g  29468  11168 S   0.0  0.1   0:01.16 java
180519 tcriss    20   0 12.362g  29468  11168 S   0.0  0.1   0:01.16 java
180519 tcriss    20   0 12.362g  29468  11168 S   9.1  0.1   0:01.17 java
180519 tcriss    20   0 12.362g  29468  11168 S   0.0  0.1   0:01.17 java
180519 tcriss    20   0 12.362g  29468  11168 S   9.1  0.1   0:01.18 java
180519 tcriss    20   0 12.362g  29468  11168 S   9.1  0.1   0:01.19 java
180519 tcriss    20   0 12.362g  29468  11168 S   0.0  0.1   0:01.19 java
180519 tcriss    20   0 12.362g  29468  11168 S   9.1  0.1   0:01.20 java
180519 tcriss    20   0 12.362g  29468  11168 S   0.0  0.1   0:01.20 java
180519 tcriss    20   0 12.362g  29468  11168 S   9.1  0.1   0:01.21 java
180519 tcriss    20   0 12.362g  29468  11168 S   0.0  0.1   0:01.21 java
180519 tcriss    20   0 12.362g  29468  11168 S   0.0  0.1   0:01.21 java
180519 tcriss    20   0 12.362g  29468  11168 S   9.1  0.1   0:01.22 java
180519 tcriss    20   0 12.362g  29468  11168 S   0.0  0.1   0:01.22 java
180519 tcriss    20   0 12.362g  29468  11168 S   9.1  0.1   0:01.23 java
180519 tcriss    20   0 12.362g  29468  11168 S   0.0  0.1   0:01.23 java
180519 tcriss    20   0 12.362g  29468  11168 S   9.1  0.1   0:01.24 java
180519 tcriss    20   0 12.362g  29468  11168 S   0.0  0.1   0:01.24 java
180519 tcriss    20   0 12.362g  29468  11168 S   0.0  0.1   0:01.24 java
180519 tcriss    20   0 12.362g  29468  11168 S   9.1  0.1   0:01.25 java
180519 tcriss    20   0 12.362g  29468  11168 S   0.0  0.1   0:01.25 java
180519 tcriss    20   0 12.362g  29468  11168 S   0.0  0.1   0:01.25 java
180519 tcriss    20   0 12.362g  29468  11168 S   9.1  0.1   0:01.26 java
180519 tcriss    20   0 12.362g  29468  11168 S   0.0  0.1   0:01.26 java
180519 tcriss    20   0 12.362g  29468  11168 S   9.1  0.1   0:01.27 java
180519 tcriss    20   0 12.362g  29468  11168 S   9.1  0.1   0:01.28 java
180519 tcriss    20   0 12.362g  29468  11168 S   0.0  0.1   0:01.28 java
180519 tcriss    20   0 12.362g  29468  11168 S   9.1  0.1   0:01.29 java
180519 tcriss    20   0 12.362g  29468  11168 S   0.0  0.1   0:01.29 java
180519 tcriss    20   0 12.362g  29468  11168 S   0.0  0.1   0:01.29 java
180519 tcriss    20   0 12.362g  29468  11168 S   9.1  0.1   0:01.30 java
180519 tcriss    20   0 12.362g  29468  11168 S   0.0  0.1   0:01.30 java
180519 tcriss    20   0 12.362g  29468  11168 S   9.1  0.1   0:01.31 java
180519 tcriss    20   0 12.362g  29468  11168 S   0.0  0.1   0:01.31 java
180519 tcriss    20   0 12.362g  29468  11168 S   9.1  0.1   0:01.32 java
180519 tcriss    20   0 12.362g  29468  11168 S   0.0  0.1   0:01.32 java
180519 tcriss    20   0 12.362g  29468  11168 S   9.1  0.1   0:01.33 java
180519 tcriss    20   0 12.362g  29468  11168 S   0.0  0.1   0:01.33 java
180519 tcriss    20   0 12.362g  29468  11168 S   0.0  0.1   0:01.33 java
180519 tcriss    20   0 12.362g  29468  11168 S   9.1  0.1   0:01.34 java
180519 tcriss    20   0 12.362g  29468  11168 S   0.0  0.1   0:01.34 java
180519 tcriss    20   0 12.362g  29468  11168 S   9.1  0.1   0:01.35 java
180519 tcriss    20   0 12.362g  29468  11168 S   0.0  0.1   0:01.35 java
180519 tcriss    20   0 12.362g  29468  11168 S   0.0  0.1   0:01.35 java
180519 tcriss    20   0 12.362g  29468  11168 S   9.1  0.1   0:01.36 java
180519 tcriss    20   0 12.362g  29468  11168 S   0.0  0.1   0:01.36 java
180519 tcriss    20   0 12.362g  29468  11168 S   9.1  0.1   0:01.37 java
180519 tcriss    20   0 12.362g  29468  11168 S   0.0  0.1   0:01.37 java
180519 tcriss    20   0 12.362g  29468  11168 S   0.0  0.1   0:01.37 java
180519 tcriss    20   0 12.362g  29468  11168 S   9.1  0.1   0:01.38 java
180519 tcriss    20   0 12.362g  29468  11168 S   9.1  0.1   0:01.39 java
180519 tcriss    20   0 12.362g  29468  11168 S   9.1  0.1   0:01.40 java
180519 tcriss    20   0 12.362g  29468  11168 S   0.0  0.1   0:01.40 java
180519 tcriss    20   0 12.362g  29468  11168 S   9.1  0.1   0:01.41 java
180519 tcriss    20   0 12.362g  29468  11168 S   0.0  0.1   0:01.41 java
180519 tcriss    20   0 12.362g  29468  11168 S   0.0  0.1   0:01.41 java
180519 tcriss    20   0 12.362g  29468  11168 S   9.1  0.1   0:01.42 java
180519 tcriss    20   0 12.362g  29468  11168 S   0.0  0.1   0:01.42 java
180519 tcriss    20   0 12.362g  29468  11168 S   9.1  0.1   0:01.43 java
180519 tcriss    20   0 12.362g  29468  11168 S   0.0  0.1   0:01.43 java
180519 tcriss    20   0 12.362g  29468  11168 S   0.0  0.1   0:01.43 java
180519 tcriss    20   0 12.362g  29468  11168 S   9.1  0.1   0:01.44 java
180519 tcriss    20   0 12.362g  29468  11168 S   0.0  0.1   0:01.44 java
180519 tcriss    20   0 12.362g  29468  11168 S   9.1  0.1   0:01.45 java
180519 tcriss    20   0 12.362g  29468  11168 S   0.0  0.1   0:01.45 java
