181599 tcriss    20   0 12.362g  51528  11052 S  44.4  0.2   0:00.11 java
181599 tcriss    20   0 12.362g  51528  11052 S   9.1  0.2   0:00.12 java
181599 tcriss    20   0 12.362g  54328  11208 S   9.1  0.2   0:00.13 java
181599 tcriss    20   0 12.362g  54328  11208 S  16.7  0.2   0:00.15 java
181599 tcriss    20   0 12.362g  54328  11208 S  18.2  0.2   0:00.17 java
181599 tcriss    20   0 12.362g  54328  11208 S   8.3  0.2   0:00.18 java
181599 tcriss    20   0 12.362g  54328  11208 S   9.1  0.2   0:00.19 java
181599 tcriss    20   0 12.362g  54328  11208 S   9.1  0.2   0:00.20 java
181599 tcriss    20   0 12.362g  54328  11208 S  18.2  0.2   0:00.22 java
181599 tcriss    20   0 12.362g  54328  11208 S   9.1  0.2   0:00.23 java
181599 tcriss    20   0 12.362g  56376  11208 S   9.1  0.2   0:00.24 java
181599 tcriss    20   0 12.362g  56376  11208 S   9.1  0.2   0:00.25 java
181599 tcriss    20   0 12.362g  56376  11208 S  18.2  0.2   0:00.27 java
181599 tcriss    20   0 12.362g  56376  11208 S   9.1  0.2   0:00.28 java
181599 tcriss    20   0 12.362g  56376  11208 S  18.2  0.2   0:00.30 java
181599 tcriss    20   0 12.362g  56376  11208 S   9.1  0.2   0:00.31 java
181599 tcriss    20   0 12.362g  56376  11208 S   9.1  0.2   0:00.32 java
181599 tcriss    20   0 12.362g  56376  11208 S  18.2  0.2   0:00.34 java
181599 tcriss    20   0 12.362g  56376  11208 S   9.1  0.2   0:00.35 java
181599 tcriss    20   0 12.362g  56376  11208 S  18.2  0.2   0:00.37 java
181599 tcriss    20   0 12.362g  56376  11208 S   9.1  0.2   0:00.38 java
181599 tcriss    20   0 12.362g  56376  11208 S   9.1  0.2   0:00.39 java
181599 tcriss    20   0 12.362g  56376  11208 S   9.1  0.2   0:00.40 java
181599 tcriss    20   0 12.362g  56376  11208 S  18.2  0.2   0:00.42 java
181599 tcriss    20   0 12.362g  58424  11208 S   9.1  0.2   0:00.43 java
181599 tcriss    20   0 12.362g  58424  11208 S   9.1  0.2   0:00.44 java
181599 tcriss    20   0 12.362g  58424  11208 S  18.2  0.2   0:00.46 java
181599 tcriss    20   0 12.362g  58424  11208 S   9.1  0.2   0:00.47 java
181599 tcriss    20   0 12.362g  58424  11208 S  18.2  0.2   0:00.49 java
181599 tcriss    20   0 12.362g  58424  11208 S   9.1  0.2   0:00.50 java
181599 tcriss    20   0 12.362g  58424  11208 S  18.2  0.2   0:00.52 java
181599 tcriss    20   0 12.362g  58424  11208 S   9.1  0.2   0:00.53 java
181599 tcriss    20   0 12.362g  58424  11208 S   9.1  0.2   0:00.54 java
181599 tcriss    20   0 12.362g  58424  11208 S  18.2  0.2   0:00.56 java
181599 tcriss    20   0 12.362g  58424  11208 S   9.1  0.2   0:00.57 java
181599 tcriss    20   0 12.362g  58424  11208 S   9.1  0.2   0:00.58 java
181599 tcriss    20   0 12.362g  58424  11208 S  27.3  0.2   0:00.61 java
181599 tcriss    20   0 12.362g  58424  11208 S   8.3  0.2   0:00.62 java
181599 tcriss    20   0 12.362g  60472  11208 S   9.1  0.2   0:00.63 java
181599 tcriss    20   0 12.362g  60472  11208 S  18.2  0.2   0:00.65 java
181599 tcriss    20   0 12.362g  60472  11208 S   9.1  0.2   0:00.66 java
181599 tcriss    20   0 12.362g  60472  11208 S   9.1  0.2   0:00.67 java
181599 tcriss    20   0 12.362g  60472  11208 S   9.1  0.2   0:00.68 java
181599 tcriss    20   0 12.362g  60472  11208 S  18.2  0.2   0:00.70 java
181599 tcriss    20   0 12.362g  60472  11208 S  18.2  0.2   0:00.72 java
181599 tcriss    20   0 12.362g  60472  11208 S   9.1  0.2   0:00.73 java
181599 tcriss    20   0 12.362g  60472  11208 S  18.2  0.2   0:00.75 java
181599 tcriss    20   0 12.362g  60472  11208 S   9.1  0.2   0:00.76 java
181599 tcriss    20   0 12.362g  60472  11208 S  18.2  0.2   0:00.78 java
181599 tcriss    20   0 12.362g  60472  11208 S   9.1  0.2   0:00.79 java
181599 tcriss    20   0 12.362g  60472  11208 S   9.1  0.2   0:00.80 java
181599 tcriss    20   0 12.362g  60472  11208 S  18.2  0.2   0:00.82 java
181599 tcriss    20   0 12.362g  60472  11208 S   9.1  0.2   0:00.83 java
181599 tcriss    20   0 12.362g  62520  11208 S  18.2  0.2   0:00.85 java
181599 tcriss    20   0 12.362g  62520  11208 S   9.1  0.2   0:00.86 java
181599 tcriss    20   0 12.362g  62520  11208 S   9.1  0.2   0:00.87 java
181599 tcriss    20   0 12.362g  62520  11208 S  18.2  0.2   0:00.89 java
181599 tcriss    20   0 12.362g  62520  11208 S   9.1  0.2   0:00.90 java
181599 tcriss    20   0 12.362g  62520  11208 S  18.2  0.2   0:00.92 java
181599 tcriss    20   0 12.362g  62520  11208 S   9.1  0.2   0:00.93 java
181599 tcriss    20   0 12.362g  62520  11208 S  16.7  0.2   0:00.95 java
181599 tcriss    20   0 12.362g  62520  11208 S   9.1  0.2   0:00.96 java
181599 tcriss    20   0 12.362g  62520  11208 S  18.2  0.2   0:00.98 java
181599 tcriss    20   0 12.362g  62520  11208 S   9.1  0.2   0:00.99 java
181599 tcriss    20   0 12.362g  62520  11208 S  18.2  0.2   0:01.01 java
181599 tcriss    20   0 12.362g  62520  11208 S   9.1  0.2   0:01.02 java
181599 tcriss    20   0 12.362g  62520  11208 S   9.1  0.2   0:01.03 java
181599 tcriss    20   0 12.362g  64568  11208 S  18.2  0.2   0:01.05 java
181599 tcriss    20   0 12.362g  64568  11208 S  18.2  0.2   0:01.07 java
181599 tcriss    20   0 12.362g  64568  11208 S  18.2  0.2   0:01.09 java
181599 tcriss    20   0 12.362g  64568  11208 S   9.1  0.2   0:01.10 java
181599 tcriss    20   0 12.362g  64568  11208 S  18.2  0.2   0:01.12 java
181599 tcriss    20   0 12.362g  64568  11208 S   9.1  0.2   0:01.13 java
181599 tcriss    20   0 12.362g  64568  11208 S  18.2  0.2   0:01.15 java
181599 tcriss    20   0 12.362g  64568  11208 S   9.1  0.2   0:01.16 java
181599 tcriss    20   0 12.362g  64568  11208 S  18.2  0.2   0:01.18 java
181599 tcriss    20   0 12.362g  64568  11208 S   9.1  0.2   0:01.19 java
181599 tcriss    20   0 12.362g  64568  11208 S  18.2  0.2   0:01.21 java
181599 tcriss    20   0 12.362g  64568  11208 S   9.1  0.2   0:01.22 java
181599 tcriss    20   0 12.362g  64568  11208 S  18.2  0.2   0:01.24 java
181599 tcriss    20   0 12.362g  64568  11208 S   9.1  0.2   0:01.25 java
181599 tcriss    20   0 12.362g  66616  11208 S  27.3  0.2   0:01.28 java
181599 tcriss    20   0 12.362g  66616  11208 S   9.1  0.2   0:01.29 java
181599 tcriss    20   0 12.362g  66616  11208 S   9.1  0.2   0:01.30 java
181599 tcriss    20   0 12.362g  66616  11208 S  18.2  0.2   0:01.32 java
181599 tcriss    20   0 12.362g  66616  11208 S   9.1  0.2   0:01.33 java
181599 tcriss    20   0 12.362g  66616  11208 S  18.2  0.2   0:01.35 java
181599 tcriss    20   0 12.362g  66616  11208 S  16.7  0.2   0:01.37 java
181599 tcriss    20   0 12.362g  66616  11208 S   9.1  0.2   0:01.38 java
181599 tcriss    20   0 12.362g  66616  11208 S   9.1  0.2   0:01.39 java
181599 tcriss    20   0 12.362g  66616  11208 S  18.2  0.2   0:01.41 java
181599 tcriss    20   0 12.362g  66616  11208 S  18.2  0.2   0:01.43 java
181599 tcriss    20   0 12.362g  66616  11208 S  18.2  0.2   0:01.45 java
181599 tcriss    20   0 12.362g  66616  11208 S  18.2  0.2   0:01.47 java
181599 tcriss    20   0 12.362g  66616  11208 S   9.1  0.2   0:01.48 java
181599 tcriss    20   0 12.362g  66616  11208 S  18.2  0.2   0:01.50 java
181599 tcriss    20   0 12.362g  68664  11208 S   9.1  0.2   0:01.51 java
181599 tcriss    20   0 12.362g  68664  11208 S  18.2  0.2   0:01.53 java
181599 tcriss    20   0 12.362g  68664  11208 S   9.1  0.2   0:01.54 java
181599 tcriss    20   0 12.362g  68664  11208 S  18.2  0.2   0:01.56 java
181599 tcriss    20   0 12.362g  68664  11208 S   9.1  0.2   0:01.57 java
181599 tcriss    20   0 12.362g  68664  11208 S  18.2  0.2   0:01.59 java
181599 tcriss    20   0 12.362g  68664  11208 S  18.2  0.2   0:01.61 java
181599 tcriss    20   0 12.362g  68664  11208 S   9.1  0.2   0:01.62 java
181599 tcriss    20   0 12.362g  68664  11208 S  18.2  0.2   0:01.64 java
181599 tcriss    20   0 12.362g  68664  11208 S   9.1  0.2   0:01.65 java
181599 tcriss    20   0 12.362g  68664  11208 S  18.2  0.2   0:01.67 java
181599 tcriss    20   0 12.362g  68664  11208 S  18.2  0.2   0:01.69 java
181599 tcriss    20   0 12.362g  68664  11208 S   9.1  0.2   0:01.70 java
181599 tcriss    20   0 12.362g  68664  11208 S  18.2  0.2   0:01.72 java
181599 tcriss    20   0 12.362g  70712  11208 S   9.1  0.2   0:01.73 java
181599 tcriss    20   0 12.362g  70712  11208 S  27.3  0.2   0:01.76 java
181599 tcriss    20   0 12.362g  70712  11208 S   9.1  0.2   0:01.77 java
181599 tcriss    20   0 12.362g  70712  11208 S  18.2  0.2   0:01.79 java
181599 tcriss    20   0 12.362g  70712  11208 S  18.2  0.2   0:01.81 java
181599 tcriss    20   0 12.362g  70712  11208 S   9.1  0.2   0:01.82 java
181599 tcriss    20   0 12.362g  70712  11208 S  18.2  0.2   0:01.84 java
181599 tcriss    20   0 12.362g  70712  11208 S   9.1  0.2   0:01.85 java
181599 tcriss    20   0 12.362g  70712  11208 S  18.2  0.2   0:01.87 java
181599 tcriss    20   0 12.362g  70712  11208 S  18.2  0.2   0:01.89 java
181599 tcriss    20   0 12.362g  70712  11208 S   9.1  0.2   0:01.90 java
181599 tcriss    20   0 12.362g  70712  11208 S  18.2  0.2   0:01.92 java
181599 tcriss    20   0 12.362g  70712  11208 S  18.2  0.2   0:01.94 java
181599 tcriss    20   0 12.362g  70716  11208 S   9.1  0.2   0:01.95 java
181599 tcriss    20   0 12.362g  70716  11208 S  18.2  0.2   0:01.97 java
181599 tcriss    20   0 12.362g  72764  11208 S   9.1  0.2   0:01.98 java
181599 tcriss    20   0 12.362g  72764  11208 S  18.2  0.2   0:02.00 java
181599 tcriss    20   0 12.362g  72764  11208 S  18.2  0.2   0:02.02 java
181599 tcriss    20   0 12.362g  72764  11208 S   9.1  0.2   0:02.03 java
181599 tcriss    20   0 12.362g  72764  11208 S  18.2  0.2   0:02.05 java
181599 tcriss    20   0 12.362g  72764  11208 S   9.1  0.2   0:02.06 java
181599 tcriss    20   0 12.362g  72764  11208 S  27.3  0.2   0:02.09 java
181599 tcriss    20   0 12.362g  72764  11208 S  18.2  0.2   0:02.11 java
181599 tcriss    20   0 12.362g  72764  11208 S   9.1  0.2   0:02.12 java
181599 tcriss    20   0 12.362g  72764  11208 S  18.2  0.2   0:02.14 java
181599 tcriss    20   0 12.362g  72764  11208 S   9.1  0.2   0:02.15 java
181599 tcriss    20   0 12.362g  72764  11208 S  18.2  0.2   0:02.17 java
181599 tcriss    20   0 12.362g  72764  11208 S  18.2  0.2   0:02.19 java
181599 tcriss    20   0 12.362g  72764  11208 S   8.3  0.2   0:02.20 java
181599 tcriss    20   0 12.362g  72764  11208 S  18.2  0.2   0:02.22 java
181599 tcriss    20   0 12.362g  72836  11208 S  18.2  0.2   0:02.24 java
181599 tcriss    20   0 12.362g  72836  11208 S   9.1  0.2   0:02.25 java
181599 tcriss    20   0 12.362g  73052  11208 S  18.2  0.2   0:02.27 java
181599 tcriss    20   0 12.362g  73052  11208 S  18.2  0.2   0:02.29 java
181599 tcriss    20   0 12.362g  73316  11208 S   9.1  0.2   0:02.30 java
181599 tcriss    20   0 12.362g  73580  11208 S  18.2  0.2   0:02.32 java
181599 tcriss    20   0 12.362g  73580  11208 S  18.2  0.2   0:02.34 java
181599 tcriss    20   0 12.362g  73824  11208 S  18.2  0.2   0:02.36 java
181599 tcriss    20   0 12.362g  73824  11208 S   9.1  0.2   0:02.37 java
181599 tcriss    20   0 12.362g  74088  11208 S  27.3  0.2   0:02.40 java
181599 tcriss    20   0 12.362g  74276  11296 S   9.1  0.2   0:02.41 java
181599 tcriss    20   0 12.362g  74512  11296 S  18.2  0.2   0:02.43 java
181599 tcriss    20   0 12.362g  74512  11296 S  18.2  0.2   0:02.45 java
181599 tcriss    20   0 12.362g  74776  11296 S   9.1  0.2   0:02.46 java
181599 tcriss    20   0 12.362g  74776  11296 S  18.2  0.2   0:02.48 java
181599 tcriss    20   0 12.362g  75036  11296 S  18.2  0.2   0:02.50 java
181599 tcriss    20   0 12.362g  75036  11296 S  18.2  0.2   0:02.52 java
181599 tcriss    20   0 12.362g  75300  11296 S   9.1  0.2   0:02.53 java
181599 tcriss    20   0 12.362g  75564  11296 S  18.2  0.2   0:02.55 java
181599 tcriss    20   0 12.362g  75564  11296 S  18.2  0.2   0:02.57 java
181599 tcriss    20   0 12.362g  75828  11296 S  18.2  0.2   0:02.59 java
181599 tcriss    20   0 12.362g  75828  11296 S  18.2  0.2   0:02.61 java
181599 tcriss    20   0 12.362g  76092  11296 S  18.2  0.2   0:02.63 java
181599 tcriss    20   0 12.362g  76092  11296 S  18.2  0.2   0:02.65 java
181599 tcriss    20   0 12.362g  76356  11296 S  18.2  0.2   0:02.67 java
181599 tcriss    20   0 12.362g  76356  11296 S   9.1  0.2   0:02.68 java
181599 tcriss    20   0 12.362g  76620  11296 S  18.2  0.2   0:02.70 java
181599 tcriss    20   0 12.362g  76620  11296 S  16.7  0.2   0:02.72 java
181599 tcriss    20   0 12.362g  76884  11296 S  18.2  0.2   0:02.74 java
181599 tcriss    20   0 12.362g  78932  11296 S  18.2  0.2   0:02.76 java
181599 tcriss    20   0 12.362g  78932  11296 S   9.1  0.2   0:02.77 java
181599 tcriss    20   0 12.362g  78932  11296 S  18.2  0.2   0:02.79 java
181599 tcriss    20   0 12.362g  78932  11296 S  18.2  0.2   0:02.81 java
181599 tcriss    20   0 12.362g  78932  11296 S  18.2  0.2   0:02.83 java
181599 tcriss    20   0 12.362g  78932  11296 S  18.2  0.2   0:02.85 java
181599 tcriss    20   0 12.362g  78932  11296 S   9.1  0.2   0:02.86 java
181599 tcriss    20   0 12.362g  78932  11296 S  18.2  0.2   0:02.88 java
181599 tcriss    20   0 12.362g  78932  11296 S  18.2  0.2   0:02.90 java
181599 tcriss    20   0 12.362g  78932  11296 S  27.3  0.2   0:02.93 java
181599 tcriss    20   0 12.362g  78932  11296 S   9.1  0.2   0:02.94 java
181599 tcriss    20   0 12.362g  78932  11296 S  18.2  0.2   0:02.96 java
181599 tcriss    20   0 12.362g  78932  11296 S  18.2  0.2   0:02.98 java
181599 tcriss    20   0 12.362g  78948  11296 S  18.2  0.2   0:03.00 java
181599 tcriss    20   0 12.362g  78948  11296 S  18.2  0.2   0:03.02 java
181599 tcriss    20   0 12.362g  79144  11296 S   9.1  0.2   0:03.03 java
181599 tcriss    20   0 12.362g  79144  11296 S  18.2  0.2   0:03.05 java
181599 tcriss    20   0 12.362g  79388  11296 S  18.2  0.2   0:03.07 java
181599 tcriss    20   0 12.362g  79548  11296 S  18.2  0.2   0:03.09 java
181599 tcriss    20   0 12.362g  79548  11296 S  18.2  0.2   0:03.11 java
181599 tcriss    20   0 12.362g  79732  11296 S  18.2  0.2   0:03.13 java
181599 tcriss    20   0 12.362g  79732  11296 S   9.1  0.2   0:03.14 java
181599 tcriss    20   0 12.362g  79996  11296 S  27.3  0.2   0:03.17 java
181599 tcriss    20   0 12.362g  79996  11296 S  18.2  0.2   0:03.19 java
181599 tcriss    20   0 12.362g  80260  11296 S  18.2  0.2   0:03.21 java
181599 tcriss    20   0 12.362g  80524  11296 S  18.2  0.2   0:03.23 java
181599 tcriss    20   0 12.362g  80524  11296 S   9.1  0.2   0:03.24 java
181599 tcriss    20   0 12.362g  80788  11296 S  18.2  0.2   0:03.26 java
181599 tcriss    20   0 12.362g  80788  11296 S  18.2  0.2   0:03.28 java
181599 tcriss    20   0 12.362g  81052  11296 S  18.2  0.2   0:03.30 java
181599 tcriss    20   0 12.362g  81052  11296 S  18.2  0.2   0:03.32 java
181599 tcriss    20   0 12.362g  81312  11296 S  18.2  0.2   0:03.34 java
181599 tcriss    20   0 12.362g  81312  11296 S  18.2  0.2   0:03.36 java
181599 tcriss    20   0 12.362g  81576  11296 S  18.2  0.3   0:03.38 java
181599 tcriss    20   0 12.362g  81576  11296 S  18.2  0.3   0:03.40 java
181599 tcriss    20   0 12.362g  81840  11296 S  16.7  0.3   0:03.42 java
181599 tcriss    20   0 12.362g  81840  11296 S   9.1  0.3   0:03.43 java
181599 tcriss    20   0 12.362g  82104  11296 S  18.2  0.3   0:03.45 java
181599 tcriss    20   0 12.362g  82104  11296 S  18.2  0.3   0:03.47 java
181599 tcriss    20   0 12.362g  82368  11296 S  18.2  0.3   0:03.49 java
181599 tcriss    20   0 12.362g  82368  11296 S  27.3  0.3   0:03.52 java
181599 tcriss    20   0 12.362g  82632  11296 S  18.2  0.3   0:03.54 java
181599 tcriss    20   0 12.362g  82632  11296 S   9.1  0.3   0:03.55 java
181599 tcriss    20   0 12.362g  82896  11296 S  18.2  0.3   0:03.57 java
181599 tcriss    20   0 12.362g  82896  11296 S  18.2  0.3   0:03.59 java
181599 tcriss    20   0 12.362g  83160  11296 S  18.2  0.3   0:03.61 java
181599 tcriss    20   0 12.362g  83160  11296 S  18.2  0.3   0:03.63 java
181599 tcriss    20   0 12.362g  83420  11296 S  18.2  0.3   0:03.65 java
181599 tcriss    20   0 12.362g  83420  11296 S  18.2  0.3   0:03.67 java
181599 tcriss    20   0 12.362g  83684  11296 S  18.2  0.3   0:03.69 java
181599 tcriss    20   0 12.362g  83684  11296 S  18.2  0.3   0:03.71 java
181599 tcriss    20   0 12.362g  83948  11296 S  18.2  0.3   0:03.73 java
181599 tcriss    20   0 12.362g  84124  11296 S  18.2  0.3   0:03.75 java
181599 tcriss    20   0 12.362g  84124  11296 S  27.3  0.3   0:03.78 java
181599 tcriss    20   0 12.362g  84372  11296 S  18.2  0.3   0:03.80 java
181599 tcriss    20   0 12.362g  84592  11296 S   9.1  0.3   0:03.81 java
181599 tcriss    20   0 12.362g  84592  11296 S  18.2  0.3   0:03.83 java
181599 tcriss    20   0 12.362g  84820  11296 S  18.2  0.3   0:03.85 java
181599 tcriss    20   0 12.362g  84820  11296 S  18.2  0.3   0:03.87 java
181599 tcriss    20   0 12.362g  85500  11612 S  18.2  0.3   0:03.89 java
181599 tcriss    20   0 12.362g  85500  11612 S  18.2  0.3   0:03.91 java
181599 tcriss    20   0 12.362g  85760  11612 S  18.2  0.3   0:03.93 java
181599 tcriss    20   0 12.362g  85760  11612 S  18.2  0.3   0:03.95 java
181599 tcriss    20   0 12.362g  86024  11612 S  18.2  0.3   0:03.97 java
181599 tcriss    20   0 12.362g  86024  11612 S  18.2  0.3   0:03.99 java
181599 tcriss    20   0 12.362g  86288  11612 S  18.2  0.3   0:04.01 java
181599 tcriss    20   0 12.362g  86288  11612 S  18.2  0.3   0:04.03 java
181599 tcriss    20   0 12.362g  86552  11612 S  27.3  0.3   0:04.06 java
181599 tcriss    20   0 12.362g  86552  11612 S  18.2  0.3   0:04.08 java
181599 tcriss    20   0 12.362g  86816  11612 S   9.1  0.3   0:04.09 java
181599 tcriss    20   0 12.362g  86816  11612 S  18.2  0.3   0:04.11 java
181599 tcriss    20   0 12.362g  87080  11612 S  18.2  0.3   0:04.13 java
181599 tcriss    20   0 12.362g  87080  11612 S  18.2  0.3   0:04.15 java
181599 tcriss    20   0 12.362g  87344  11612 S  18.2  0.3   0:04.17 java
181599 tcriss    20   0 12.362g  87344  11612 S   9.1  0.3   0:04.18 java
181599 tcriss    20   0 12.362g  87608  11612 S  18.2  0.3   0:04.20 java
181599 tcriss    20   0 12.362g  87868  11612 S   9.1  0.3   0:04.21 java
181599 tcriss    20   0 12.362g  87868  11612 S  18.2  0.3   0:04.23 java
181599 tcriss    20   0 12.362g  88132  11612 S  18.2  0.3   0:04.25 java
181599 tcriss    20   0 12.362g  88132  11612 S   9.1  0.3   0:04.26 java
181599 tcriss    20   0 12.362g  88396  11612 S  18.2  0.3   0:04.28 java
181599 tcriss    20   0 12.362g  88396  11612 S  18.2  0.3   0:04.30 java
181599 tcriss    20   0 12.362g  88660  11612 S  18.2  0.3   0:04.32 java
181599 tcriss    20   0 12.362g  88660  11612 S   9.1  0.3   0:04.33 java
181599 tcriss    20   0 12.362g  88924  11612 S  18.2  0.3   0:04.35 java
181599 tcriss    20   0 12.362g  88924  11612 S   9.1  0.3   0:04.36 java
181599 tcriss    20   0 12.362g  89188  11612 S  18.2  0.3   0:04.38 java
181599 tcriss    20   0 12.362g  89188  11612 S  18.2  0.3   0:04.40 java
181599 tcriss    20   0 12.362g  89452  11612 S   9.1  0.3   0:04.41 java
181599 tcriss    20   0 12.362g  89452  11612 S  18.2  0.3   0:04.43 java
181599 tcriss    20   0 12.362g  89716  11612 S   9.1  0.3   0:04.44 java
181599 tcriss    20   0 12.362g  89976  11612 S  18.2  0.3   0:04.46 java
181599 tcriss    20   0 12.362g  89976  11612 S  18.2  0.3   0:04.48 java
181599 tcriss    20   0 12.362g  90240  11612 S   9.1  0.3   0:04.49 java
181599 tcriss    20   0 12.362g  90240  11612 S  18.2  0.3   0:04.51 java
181599 tcriss    20   0 12.362g  90504  11612 S  18.2  0.3   0:04.53 java
181599 tcriss    20   0 12.362g  90504  11612 S   9.1  0.3   0:04.54 java
181599 tcriss    20   0 12.362g  90768  11612 S  18.2  0.3   0:04.56 java
181599 tcriss    20   0 12.362g  90768  11612 S  18.2  0.3   0:04.58 java
181599 tcriss    20   0 12.362g  91032  11612 S   9.1  0.3   0:04.59 java
181599 tcriss    20   0 12.362g  91032  11612 S  18.2  0.3   0:04.61 java
181599 tcriss    20   0 12.362g  91296  11612 S  18.2  0.3   0:04.63 java
181599 tcriss    20   0 12.362g  91296  11612 S   9.1  0.3   0:04.64 java
181599 tcriss    20   0 12.362g  91560  11612 S  18.2  0.3   0:04.66 java
181599 tcriss    20   0 12.362g  91560  11612 S  18.2  0.3   0:04.68 java
181599 tcriss    20   0 12.362g  91820  11612 S   9.1  0.3   0:04.69 java
181599 tcriss    20   0 12.362g  92084  11612 S  27.3  0.3   0:04.72 java
181599 tcriss    20   0 12.362g  92084  11612 S  18.2  0.3   0:04.74 java
181599 tcriss    20   0 12.362g  92272  11612 S   9.1  0.3   0:04.75 java
181599 tcriss    20   0 12.362g  92440  11612 S  18.2  0.3   0:04.77 java
181599 tcriss    20   0 12.362g  92440  11612 S  18.2  0.3   0:04.79 java
181599 tcriss    20   0 12.362g  92704  11612 S   9.1  0.3   0:04.80 java
181599 tcriss    20   0 12.362g  92704  11612 S  18.2  0.3   0:04.82 java
181599 tcriss    20   0 12.362g  92936  11612 S  18.2  0.3   0:04.84 java
181599 tcriss    20   0 12.362g  93200  11612 S   8.3  0.3   0:04.85 java
181599 tcriss    20   0 12.362g  93200  11612 S  18.2  0.3   0:04.87 java
181599 tcriss    20   0 12.362g  93432  11612 S  18.2  0.3   0:04.89 java
181599 tcriss    20   0 12.362g  93432  11612 S  18.2  0.3   0:04.91 java
181599 tcriss    20   0 12.362g  93696  11612 S  18.2  0.3   0:04.93 java
181599 tcriss    20   0 12.362g  93696  11612 S  18.2  0.3   0:04.95 java
181599 tcriss    20   0 12.362g  93956  11612 S   9.1  0.3   0:04.96 java
181599 tcriss    20   0 12.362g  93956  11612 S  18.2  0.3   0:04.98 java
181599 tcriss    20   0 12.362g  94220  11612 S  18.2  0.3   0:05.00 java
181599 tcriss    20   0 12.362g  94220  11612 S   9.1  0.3   0:05.01 java
181599 tcriss    20   0 12.362g  94484  11612 S  18.2  0.3   0:05.03 java
181599 tcriss    20   0 12.362g  94484  11612 S  18.2  0.3   0:05.05 java
181599 tcriss    20   0 12.362g  94748  11612 S  18.2  0.3   0:05.07 java
181599 tcriss    20   0 12.362g  95012  11612 S   9.1  0.3   0:05.08 java
181599 tcriss    20   0 12.362g  95012  11612 S  18.2  0.3   0:05.10 java
181599 tcriss    20   0 12.362g  95276  11612 S  18.2  0.3   0:05.12 java
181599 tcriss    20   0 12.362g  95276  11612 S  18.2  0.3   0:05.14 java
181599 tcriss    20   0 12.362g  95540  11612 S  18.2  0.3   0:05.16 java
181599 tcriss    20   0 12.362g  95540  11612 S   9.1  0.3   0:05.17 java
181599 tcriss    20   0 12.362g  95804  11612 S  18.2  0.3   0:05.19 java
181599 tcriss    20   0 12.362g  95804  11612 S  18.2  0.3   0:05.21 java
181599 tcriss    20   0 12.362g  96064  11612 S  18.2  0.3   0:05.23 java
181599 tcriss    20   0 12.362g  96064  11612 S  18.2  0.3   0:05.25 java
181599 tcriss    20   0 12.362g  96328  11612 S  10.0  0.3   0:05.26 java
181599 tcriss    20   0 12.362g  96328  11612 S  18.2  0.3   0:05.28 java
181599 tcriss    20   0 12.362g  96592  11612 S  18.2  0.3   0:05.30 java
181599 tcriss    20   0 12.362g  96592  11612 S  18.2  0.3   0:05.32 java
181599 tcriss    20   0 12.362g  96856  11612 S   9.1  0.3   0:05.33 java
181599 tcriss    20   0 12.362g  96856  11612 S  18.2  0.3   0:05.35 java
181599 tcriss    20   0 12.362g  97120  11612 S  18.2  0.3   0:05.37 java
181599 tcriss    20   0 12.362g  97120  11612 S  18.2  0.3   0:05.39 java
181599 tcriss    20   0 12.362g  97384  11612 S  18.2  0.3   0:05.41 java
181599 tcriss    20   0 12.362g  97384  11612 S   9.1  0.3   0:05.42 java
181599 tcriss    20   0 12.362g  97648  11612 S  18.2  0.3   0:05.44 java
181599 tcriss    20   0 12.362g  97648  11612 S  18.2  0.3   0:05.46 java
181599 tcriss    20   0 12.362g  97912  11612 S  18.2  0.3   0:05.48 java
181599 tcriss    20   0 12.362g  98172  11612 S  18.2  0.3   0:05.50 java
181599 tcriss    20   0 12.362g  98172  11612 S  18.2  0.3   0:05.52 java
181599 tcriss    20   0 12.362g  98436  11612 S  18.2  0.3   0:05.54 java
181599 tcriss    20   0 12.362g  98436  11612 S  18.2  0.3   0:05.56 java
181599 tcriss    20   0 12.362g  98700  11612 S  18.2  0.3   0:05.58 java
181599 tcriss    20   0 12.362g  98700  11612 S  18.2  0.3   0:05.60 java
181599 tcriss    20   0 12.362g  98964  11612 S  18.2  0.3   0:05.62 java
181599 tcriss    20   0 12.362g  98964  11612 S  18.2  0.3   0:05.64 java
181599 tcriss    20   0 12.362g  99228  11612 S   9.1  0.3   0:05.65 java
181599 tcriss    20   0 12.362g  99228  11612 S  18.2  0.3   0:05.67 java
181599 tcriss    20   0 12.362g  99492  11612 S  18.2  0.3   0:05.69 java
181599 tcriss    20   0 12.362g  99492  11612 S  18.2  0.3   0:05.71 java
181599 tcriss    20   0 12.362g  99756  11612 S  18.2  0.3   0:05.73 java
181599 tcriss    20   0 12.362g  99756  11612 S   9.1  0.3   0:05.74 java
181599 tcriss    20   0 12.362g 100016  11612 S  18.2  0.3   0:05.76 java
181599 tcriss    20   0 12.362g 100016  11612 S  18.2  0.3   0:05.78 java
181599 tcriss    20   0 12.362g 100280  11612 S  18.2  0.3   0:05.80 java
181599 tcriss    20   0 12.362g 100280  11612 S  18.2  0.3   0:05.82 java
181599 tcriss    20   0 12.362g 100544  11612 S  18.2  0.3   0:05.84 java
181599 tcriss    20   0 12.362g 100544  11612 S   9.1  0.3   0:05.85 java
181599 tcriss    20   0 12.362g 100808  11612 S  18.2  0.3   0:05.87 java
181599 tcriss    20   0 12.362g 100808  11612 S  18.2  0.3   0:05.89 java
181599 tcriss    20   0 12.362g 101072  11612 S  18.2  0.3   0:05.91 java
181599 tcriss    20   0 12.362g 101336  11612 S  18.2  0.3   0:05.93 java
181599 tcriss    20   0 12.362g 101336  11612 S  18.2  0.3   0:05.95 java
