181733 tcriss    20   0 12.362g  52824  11072 S  50.0  0.2   0:00.12 java
181733 tcriss    20   0 12.362g  52824  11072 S   9.1  0.2   0:00.13 java
181733 tcriss    20   0 12.362g  55624  11228 S  15.4  0.2   0:00.15 java
181733 tcriss    20   0 12.362g  55624  11228 S   9.1  0.2   0:00.16 java
181733 tcriss    20   0 12.362g  55624  11228 S  18.2  0.2   0:00.18 java
181733 tcriss    20   0 12.362g  55624  11228 S   9.1  0.2   0:00.19 java
181733 tcriss    20   0 12.362g  55624  11228 S   9.1  0.2   0:00.20 java
181733 tcriss    20   0 12.362g  55624  11228 S   9.1  0.2   0:00.21 java
181733 tcriss    20   0 12.362g  55624  11228 S  18.2  0.2   0:00.23 java
181733 tcriss    20   0 12.362g  55624  11228 S   9.1  0.2   0:00.24 java
181733 tcriss    20   0 12.362g  57672  11228 S   9.1  0.2   0:00.25 java
181733 tcriss    20   0 12.362g  57672  11228 S  18.2  0.2   0:00.27 java
181733 tcriss    20   0 12.362g  57672  11228 S   8.3  0.2   0:00.28 java
181733 tcriss    20   0 12.362g  57672  11228 S  18.2  0.2   0:00.30 java
181733 tcriss    20   0 12.362g  57672  11228 S   9.1  0.2   0:00.31 java
181733 tcriss    20   0 12.362g  57672  11228 S   9.1  0.2   0:00.32 java
181733 tcriss    20   0 12.362g  57672  11228 S   9.1  0.2   0:00.33 java
181733 tcriss    20   0 12.362g  57672  11228 S  18.2  0.2   0:00.35 java
181733 tcriss    20   0 12.362g  57672  11228 S   9.1  0.2   0:00.36 java
181733 tcriss    20   0 12.362g  57672  11228 S   8.3  0.2   0:00.37 java
181733 tcriss    20   0 12.362g  57672  11228 S   9.1  0.2   0:00.38 java
181733 tcriss    20   0 12.362g  57672  11228 S  18.2  0.2   0:00.40 java
181733 tcriss    20   0 12.362g  57672  11228 S   9.1  0.2   0:00.41 java
181733 tcriss    20   0 12.362g  57672  11228 S   9.1  0.2   0:00.42 java
181733 tcriss    20   0 12.362g  59720  11228 S  18.2  0.2   0:00.44 java
181733 tcriss    20   0 12.362g  59720  11228 S   9.1  0.2   0:00.45 java
181733 tcriss    20   0 12.362g  59720  11228 S   9.1  0.2   0:00.46 java
181733 tcriss    20   0 12.362g  59720  11228 S   9.1  0.2   0:00.47 java
181733 tcriss    20   0 12.362g  59720  11228 S  18.2  0.2   0:00.49 java
181733 tcriss    20   0 12.362g  59720  11228 S   9.1  0.2   0:00.50 java
181733 tcriss    20   0 12.362g  59720  11228 S   9.1  0.2   0:00.51 java
181733 tcriss    20   0 12.362g  59720  11228 S  18.2  0.2   0:00.53 java
181733 tcriss    20   0 12.362g  59720  11228 S  18.2  0.2   0:00.55 java
181733 tcriss    20   0 12.362g  59720  11228 S   9.1  0.2   0:00.56 java
181733 tcriss    20   0 12.362g  59720  11228 S   9.1  0.2   0:00.57 java
181733 tcriss    20   0 12.362g  59720  11228 S  18.2  0.2   0:00.59 java
181733 tcriss    20   0 12.362g  59720  11228 S   9.1  0.2   0:00.60 java
181733 tcriss    20   0 12.362g  59720  11228 S  18.2  0.2   0:00.62 java
181733 tcriss    20   0 12.362g  61768  11228 S   9.1  0.2   0:00.63 java
181733 tcriss    20   0 12.362g  61768  11228 S   9.1  0.2   0:00.64 java
181733 tcriss    20   0 12.362g  61768  11228 S  18.2  0.2   0:00.66 java
181733 tcriss    20   0 12.362g  61768  11228 S   9.1  0.2   0:00.67 java
181733 tcriss    20   0 12.362g  61768  11228 S   9.1  0.2   0:00.68 java
181733 tcriss    20   0 12.362g  61768  11228 S  18.2  0.2   0:00.70 java
181733 tcriss    20   0 12.362g  61768  11228 S   9.1  0.2   0:00.71 java
181733 tcriss    20   0 12.362g  61768  11228 S  18.2  0.2   0:00.73 java
181733 tcriss    20   0 12.362g  61768  11228 S   9.1  0.2   0:00.74 java
181733 tcriss    20   0 12.362g  61768  11228 S  18.2  0.2   0:00.76 java
181733 tcriss    20   0 12.362g  61768  11228 S  18.2  0.2   0:00.78 java
181733 tcriss    20   0 12.362g  61768  11228 S   9.1  0.2   0:00.79 java
181733 tcriss    20   0 12.362g  61768  11228 S  18.2  0.2   0:00.81 java
181733 tcriss    20   0 12.362g  61768  11228 S   9.1  0.2   0:00.82 java
181733 tcriss    20   0 12.362g  63816  11228 S  18.2  0.2   0:00.84 java
181733 tcriss    20   0 12.362g  63816  11228 S   9.1  0.2   0:00.85 java
181733 tcriss    20   0 12.362g  63816  11228 S  16.7  0.2   0:00.87 java
181733 tcriss    20   0 12.362g  63816  11228 S   9.1  0.2   0:00.88 java
181733 tcriss    20   0 12.362g  63816  11228 S   9.1  0.2   0:00.89 java
181733 tcriss    20   0 12.362g  63816  11228 S  18.2  0.2   0:00.91 java
181733 tcriss    20   0 12.362g  63816  11228 S   9.1  0.2   0:00.92 java
181733 tcriss    20   0 12.362g  63816  11228 S  18.2  0.2   0:00.94 java
181733 tcriss    20   0 12.362g  63816  11228 S   9.1  0.2   0:00.95 java
181733 tcriss    20   0 12.362g  63816  11228 S  18.2  0.2   0:00.97 java
181733 tcriss    20   0 12.362g  63816  11228 S   9.1  0.2   0:00.98 java
181733 tcriss    20   0 12.362g  63816  11228 S  18.2  0.2   0:01.00 java
181733 tcriss    20   0 12.362g  63816  11228 S   9.1  0.2   0:01.01 java
181733 tcriss    20   0 12.362g  63816  11228 S  18.2  0.2   0:01.03 java
181733 tcriss    20   0 12.362g  63816  11228 S  18.2  0.2   0:01.05 java
181733 tcriss    20   0 12.362g  65864  11228 S   9.1  0.2   0:01.06 java
181733 tcriss    20   0 12.362g  65864  11228 S  18.2  0.2   0:01.08 java
181733 tcriss    20   0 12.362g  65864  11228 S   9.1  0.2   0:01.09 java
181733 tcriss    20   0 12.362g  65864  11228 S   9.1  0.2   0:01.10 java
181733 tcriss    20   0 12.362g  65864  11228 S  18.2  0.2   0:01.12 java
181733 tcriss    20   0 12.362g  65864  11228 S  18.2  0.2   0:01.14 java
181733 tcriss    20   0 12.362g  65864  11228 S  18.2  0.2   0:01.16 java
181733 tcriss    20   0 12.362g  65864  11228 S  18.2  0.2   0:01.18 java
181733 tcriss    20   0 12.362g  65864  11228 S   9.1  0.2   0:01.19 java
181733 tcriss    20   0 12.362g  65864  11228 S  18.2  0.2   0:01.21 java
181733 tcriss    20   0 12.362g  65864  11228 S   9.1  0.2   0:01.22 java
181733 tcriss    20   0 12.362g  65864  11228 S  18.2  0.2   0:01.24 java
181733 tcriss    20   0 12.362g  65864  11228 S   9.1  0.2   0:01.25 java
181733 tcriss    20   0 12.362g  65864  11228 S   9.1  0.2   0:01.26 java
181733 tcriss    20   0 12.362g  67912  11228 S  18.2  0.2   0:01.28 java
181733 tcriss    20   0 12.362g  67912  11228 S   9.1  0.2   0:01.29 java
181733 tcriss    20   0 12.362g  67912  11228 S  18.2  0.2   0:01.31 java
181733 tcriss    20   0 12.362g  67912  11228 S   9.1  0.2   0:01.32 java
181733 tcriss    20   0 12.362g  67912  11228 S  18.2  0.2   0:01.34 java
181733 tcriss    20   0 12.362g  67912  11228 S   9.1  0.2   0:01.35 java
181733 tcriss    20   0 12.362g  67912  11228 S  18.2  0.2   0:01.37 java
181733 tcriss    20   0 12.362g  67912  11228 S  18.2  0.2   0:01.39 java
181733 tcriss    20   0 12.362g  67912  11228 S  20.0  0.2   0:01.41 java
181733 tcriss    20   0 12.362g  67912  11228 S   9.1  0.2   0:01.42 java
181733 tcriss    20   0 12.362g  67912  11228 S  18.2  0.2   0:01.44 java
181733 tcriss    20   0 12.362g  67912  11228 S   9.1  0.2   0:01.45 java
181733 tcriss    20   0 12.362g  67912  11228 S  18.2  0.2   0:01.47 java
181733 tcriss    20   0 12.362g  67912  11228 S   9.1  0.2   0:01.48 java
181733 tcriss    20   0 12.362g  67912  11228 S  18.2  0.2   0:01.50 java
181733 tcriss    20   0 12.362g  69960  11228 S   9.1  0.2   0:01.51 java
181733 tcriss    20   0 12.362g  69960  11228 S  18.2  0.2   0:01.53 java
181733 tcriss    20   0 12.362g  69960  11228 S   9.1  0.2   0:01.54 java
181733 tcriss    20   0 12.362g  69960  11228 S  18.2  0.2   0:01.56 java
181733 tcriss    20   0 12.362g  69960  11228 S  18.2  0.2   0:01.58 java
181733 tcriss    20   0 12.362g  69960  11228 S   9.1  0.2   0:01.59 java
181733 tcriss    20   0 12.362g  69960  11228 S  18.2  0.2   0:01.61 java
181733 tcriss    20   0 12.362g  69960  11228 S   9.1  0.2   0:01.62 java
181733 tcriss    20   0 12.362g  70220  11452 S  18.2  0.2   0:01.64 java
181733 tcriss    20   0 12.362g  70220  11452 S  18.2  0.2   0:01.66 java
181733 tcriss    20   0 12.362g  70220  11452 S  18.2  0.2   0:01.68 java
181733 tcriss    20   0 12.362g  70220  11452 S   9.1  0.2   0:01.69 java
181733 tcriss    20   0 12.362g  70220  11452 S  18.2  0.2   0:01.71 java
181733 tcriss    20   0 12.362g  70220  11452 S   9.1  0.2   0:01.72 java
181733 tcriss    20   0 12.362g  72268  11452 S  18.2  0.2   0:01.74 java
181733 tcriss    20   0 12.362g  72268  11452 S  18.2  0.2   0:01.76 java
181733 tcriss    20   0 12.362g  72268  11452 S   9.1  0.2   0:01.77 java
181733 tcriss    20   0 12.362g  72268  11452 S  18.2  0.2   0:01.79 java
181733 tcriss    20   0 12.362g  72268  11452 S   9.1  0.2   0:01.80 java
181733 tcriss    20   0 12.362g  72268  11452 S  18.2  0.2   0:01.82 java
181733 tcriss    20   0 12.362g  72268  11452 S   9.1  0.2   0:01.83 java
181733 tcriss    20   0 12.362g  72268  11452 S   9.1  0.2   0:01.84 java
181733 tcriss    20   0 12.362g  72268  11452 S   9.1  0.2   0:01.85 java
181733 tcriss    20   0 12.362g  72268  11452 S  18.2  0.2   0:01.87 java
181733 tcriss    20   0 12.362g  72268  11452 S   9.1  0.2   0:01.88 java
181733 tcriss    20   0 12.362g  72268  11452 S   9.1  0.2   0:01.89 java
181733 tcriss    20   0 12.362g  72268  11452 S  18.2  0.2   0:01.91 java
181733 tcriss    20   0 12.362g  72268  11452 S  18.2  0.2   0:01.93 java
181733 tcriss    20   0 12.362g  74316  11452 S   9.1  0.2   0:01.94 java
181733 tcriss    20   0 12.362g  74316  11452 S   9.1  0.2   0:01.95 java
181733 tcriss    20   0 12.362g  74316  11452 S   9.1  0.2   0:01.96 java
181733 tcriss    20   0 12.362g  74316  11452 S   9.1  0.2   0:01.97 java
181733 tcriss    20   0 12.362g  74316  11452 S  18.2  0.2   0:01.99 java
181733 tcriss    20   0 12.362g  74316  11452 S   9.1  0.2   0:02.00 java
181733 tcriss    20   0 12.362g  74316  11452 S   9.1  0.2   0:02.01 java
181733 tcriss    20   0 12.362g  74316  11452 S   9.1  0.2   0:02.02 java
181733 tcriss    20   0 12.362g  74316  11452 S   9.1  0.2   0:02.03 java
181733 tcriss    20   0 12.362g  74316  11452 S  18.2  0.2   0:02.05 java
181733 tcriss    20   0 12.362g  74316  11452 S   9.1  0.2   0:02.06 java
181733 tcriss    20   0 12.362g  74316  11452 S   9.1  0.2   0:02.07 java
181733 tcriss    20   0 12.362g  74316  11452 S  18.2  0.2   0:02.09 java
181733 tcriss    20   0 12.362g  74316  11452 S   9.1  0.2   0:02.10 java
181733 tcriss    20   0 12.362g  74316  11452 S   9.1  0.2   0:02.11 java
181733 tcriss    20   0 12.362g  74360  11452 S   9.1  0.2   0:02.12 java
181733 tcriss    20   0 12.362g  74360  11452 S  18.2  0.2   0:02.14 java
181733 tcriss    20   0 12.362g  74624  11452 S   9.1  0.2   0:02.15 java
181733 tcriss    20   0 12.362g  74888  11452 S  10.0  0.2   0:02.16 java
181733 tcriss    20   0 12.362g  74888  11452 S   9.1  0.2   0:02.17 java
181733 tcriss    20   0 12.362g  75152  11452 S  18.2  0.2   0:02.19 java
181733 tcriss    20   0 12.362g  75308  11452 S  18.2  0.2   0:02.21 java
181733 tcriss    20   0 12.362g  75308  11452 S   9.1  0.2   0:02.22 java
181733 tcriss    20   0 12.362g  75572  11452 S   9.1  0.2   0:02.23 java
181733 tcriss    20   0 12.362g  75572  11452 S  18.2  0.2   0:02.25 java
181733 tcriss    20   0 12.362g  75836  11452 S   9.1  0.2   0:02.26 java
181733 tcriss    20   0 12.362g  75836  11452 S   9.1  0.2   0:02.27 java
181733 tcriss    20   0 12.362g  76064  11452 S   9.1  0.2   0:02.28 java
181733 tcriss    20   0 12.362g  76324  11452 S  18.2  0.2   0:02.30 java
181733 tcriss    20   0 12.362g  78372  11452 S   9.1  0.2   0:02.31 java
181733 tcriss    20   0 12.362g  78372  11452 S   9.1  0.2   0:02.32 java
181733 tcriss    20   0 12.362g  78372  11452 S   9.1  0.2   0:02.33 java
181733 tcriss    20   0 12.362g  78372  11452 S  18.2  0.2   0:02.35 java
181733 tcriss    20   0 12.362g  78372  11452 S   9.1  0.2   0:02.36 java
181733 tcriss    20   0 12.362g  78372  11452 S  18.2  0.2   0:02.38 java
181733 tcriss    20   0 12.362g  78372  11452 S  18.2  0.2   0:02.40 java
181733 tcriss    20   0 12.362g  78372  11452 S   9.1  0.2   0:02.41 java
181733 tcriss    20   0 12.362g  78372  11452 S   9.1  0.2   0:02.42 java
181733 tcriss    20   0 12.362g  78372  11452 S  18.2  0.2   0:02.44 java
181733 tcriss    20   0 12.362g  78372  11452 S   9.1  0.2   0:02.45 java
181733 tcriss    20   0 12.362g  78372  11452 S   9.1  0.2   0:02.46 java
181733 tcriss    20   0 12.362g  78372  11452 S  18.2  0.2   0:02.48 java
181733 tcriss    20   0 12.362g  78372  11452 S   9.1  0.2   0:02.49 java
181733 tcriss    20   0 12.362g  78372  11452 S   9.1  0.2   0:02.50 java
181733 tcriss    20   0 12.362g  78624  11452 S  18.2  0.2   0:02.52 java
181733 tcriss    20   0 12.362g  78624  11452 S   9.1  0.2   0:02.53 java
181733 tcriss    20   0 12.362g  78888  11452 S   9.1  0.2   0:02.54 java
181733 tcriss    20   0 12.362g  78888  11452 S  18.2  0.2   0:02.56 java
181733 tcriss    20   0 12.362g  79152  11452 S   9.1  0.2   0:02.57 java
181733 tcriss    20   0 12.362g  79152  11452 S  18.2  0.2   0:02.59 java
181733 tcriss    20   0 12.362g  79416  11452 S   9.1  0.2   0:02.60 java
181733 tcriss    20   0 12.362g  79416  11452 S  18.2  0.2   0:02.62 java
181733 tcriss    20   0 12.362g  79680  11452 S   9.1  0.2   0:02.63 java
181733 tcriss    20   0 12.362g  79944  11452 S   9.1  0.2   0:02.64 java
181733 tcriss    20   0 12.362g  79944  11452 S  18.2  0.2   0:02.66 java
181733 tcriss    20   0 12.362g  80248  11452 S   9.1  0.2   0:02.67 java
181733 tcriss    20   0 12.362g  80248  11452 S  18.2  0.2   0:02.69 java
181733 tcriss    20   0 12.362g  80452  11452 S   9.1  0.2   0:02.70 java
181733 tcriss    20   0 12.362g  80712  11452 S   9.1  0.2   0:02.71 java
181733 tcriss    20   0 12.362g  80712  11452 S  18.2  0.2   0:02.73 java
181733 tcriss    20   0 12.362g  80976  11452 S   9.1  0.2   0:02.74 java
181733 tcriss    20   0 12.362g  80976  11452 S   9.1  0.2   0:02.75 java
181733 tcriss    20   0 12.362g  81288  11452 S  18.2  0.2   0:02.77 java
181733 tcriss    20   0 12.362g  81396  11452 S   9.1  0.3   0:02.78 java
181733 tcriss    20   0 12.362g  81396  11452 S  27.3  0.3   0:02.81 java
181733 tcriss    20   0 12.362g  81660  11452 S   9.1  0.3   0:02.82 java
181733 tcriss    20   0 12.362g  81660  11452 S  18.2  0.3   0:02.84 java
181733 tcriss    20   0 12.362g  81924  11452 S   9.1  0.3   0:02.85 java
181733 tcriss    20   0 12.362g  81924  11452 S   9.1  0.3   0:02.86 java
181733 tcriss    20   0 12.362g  82188  11452 S  18.2  0.3   0:02.88 java
181733 tcriss    20   0 12.362g  82188  11452 S  10.0  0.3   0:02.89 java
181733 tcriss    20   0 12.362g  82452  11452 S  18.2  0.3   0:02.91 java
181733 tcriss    20   0 12.362g  82708  11452 S   9.1  0.3   0:02.92 java
181733 tcriss    20   0 12.362g  82708  11452 S  18.2  0.3   0:02.94 java
181733 tcriss    20   0 12.362g  82940  11452 S   9.1  0.3   0:02.95 java
181733 tcriss    20   0 12.362g  82940  11452 S  18.2  0.3   0:02.97 java
181733 tcriss    20   0 12.362g  83204  11452 S   9.1  0.3   0:02.98 java
181733 tcriss    20   0 12.362g  83204  11452 S  18.2  0.3   0:03.00 java
181733 tcriss    20   0 12.362g  83468  11452 S   9.1  0.3   0:03.01 java
181733 tcriss    20   0 12.362g  83700  11452 S  18.2  0.3   0:03.03 java
181733 tcriss    20   0 12.362g  83700  11452 S   9.1  0.3   0:03.04 java
181733 tcriss    20   0 12.362g  83964  11452 S  18.2  0.3   0:03.06 java
181733 tcriss    20   0 12.362g  83964  11452 S   9.1  0.3   0:03.07 java
181733 tcriss    20   0 12.362g  84228  11452 S  18.2  0.3   0:03.09 java
181733 tcriss    20   0 12.362g  84228  11452 S   9.1  0.3   0:03.10 java
181733 tcriss    20   0 12.362g  84492  11452 S  16.7  0.3   0:03.12 java
181733 tcriss    20   0 12.362g  84612  11452 S   9.1  0.3   0:03.13 java
181733 tcriss    20   0 12.362g  84756  11452 S  18.2  0.3   0:03.15 java
181733 tcriss    20   0 12.362g  84756  11452 S   9.1  0.3   0:03.16 java
181733 tcriss    20   0 12.362g  85020  11452 S  20.0  0.3   0:03.18 java
181733 tcriss    20   0 12.362g  85284  11452 S   9.1  0.3   0:03.19 java
181733 tcriss    20   0 12.362g  85284  11452 S  18.2  0.3   0:03.21 java
181733 tcriss    20   0 12.362g  85548  11452 S   9.1  0.3   0:03.22 java
181733 tcriss    20   0 12.362g  85548  11452 S  18.2  0.3   0:03.24 java
181733 tcriss    20   0 12.362g  85812  11452 S  18.2  0.3   0:03.26 java
181733 tcriss    20   0 12.362g  85812  11452 S  18.2  0.3   0:03.28 java
181733 tcriss    20   0 12.362g  86040  11452 S   9.1  0.3   0:03.29 java
181733 tcriss    20   0 12.362g  86272  11452 S  18.2  0.3   0:03.31 java
181733 tcriss    20   0 12.362g  86272  11452 S   9.1  0.3   0:03.32 java
181733 tcriss    20   0 12.362g  86536  11452 S  18.2  0.3   0:03.34 java
181733 tcriss    20   0 12.362g  86536  11452 S   9.1  0.3   0:03.35 java
181733 tcriss    20   0 12.362g  86796  11452 S  18.2  0.3   0:03.37 java
181733 tcriss    20   0 12.362g  86796  11452 S  18.2  0.3   0:03.39 java
181733 tcriss    20   0 12.362g  87060  11452 S  18.2  0.3   0:03.41 java
181733 tcriss    20   0 12.362g  87060  11452 S   9.1  0.3   0:03.42 java
181733 tcriss    20   0 12.362g  87324  11452 S  27.3  0.3   0:03.45 java
181733 tcriss    20   0 12.362g  87324  11452 S  18.2  0.3   0:03.47 java
181733 tcriss    20   0 12.362g  87588  11452 S  27.3  0.3   0:03.50 java
181733 tcriss    20   0 12.362g  87588  11452 S  18.2  0.3   0:03.52 java
181733 tcriss    20   0 12.362g  87852  11452 S  18.2  0.3   0:03.54 java
181733 tcriss    20   0 12.362g  87852  11452 S   9.1  0.3   0:03.55 java
181733 tcriss    20   0 12.362g  88116  11452 S  18.2  0.3   0:03.57 java
181733 tcriss    20   0 12.362g  88116  11452 S  18.2  0.3   0:03.59 java
181733 tcriss    20   0 12.362g  88380  11452 S  18.2  0.3   0:03.61 java
181733 tcriss    20   0 12.362g  88380  11452 S  18.2  0.3   0:03.63 java
181733 tcriss    20   0 12.362g  88644  11452 S  18.2  0.3   0:03.65 java
181733 tcriss    20   0 12.362g  88644  11452 S  18.2  0.3   0:03.67 java
181733 tcriss    20   0 12.362g  88904  11452 S  25.0  0.3   0:03.70 java
181733 tcriss    20   0 12.362g  88904  11452 S  18.2  0.3   0:03.72 java
181733 tcriss    20   0 12.362g  89168  11452 S  18.2  0.3   0:03.74 java
181733 tcriss    20   0 12.362g  89168  11452 S  18.2  0.3   0:03.76 java
181733 tcriss    20   0 12.362g  89432  11452 S  18.2  0.3   0:03.78 java
181733 tcriss    20   0 12.362g  89432  11452 S  18.2  0.3   0:03.80 java
181733 tcriss    20   0 12.362g  89740  11452 S  18.2  0.3   0:03.82 java
181733 tcriss    20   0 12.362g  89856  11452 S  18.2  0.3   0:03.84 java
181733 tcriss    20   0 12.362g  89856  11452 S  18.2  0.3   0:03.86 java
181733 tcriss    20   0 12.362g  90120  11452 S  27.3  0.3   0:03.89 java
181733 tcriss    20   0 12.362g  90120  11452 S   9.1  0.3   0:03.90 java
181733 tcriss    20   0 12.362g  90384  11452 S  27.3  0.3   0:03.93 java
181733 tcriss    20   0 12.362g  90384  11452 S  18.2  0.3   0:03.95 java
181733 tcriss    20   0 12.362g  90648  11452 S  18.2  0.3   0:03.97 java
181733 tcriss    20   0 12.362g  90648  11452 S   9.1  0.3   0:03.98 java
181733 tcriss    20   0 12.362g  90908  11452 S  18.2  0.3   0:04.00 java
181733 tcriss    20   0 12.362g  91136  11452 S   9.1  0.3   0:04.01 java
181733 tcriss    20   0 12.362g  91136  11452 S  18.2  0.3   0:04.03 java
181733 tcriss    20   0 12.362g  91368  11452 S  18.2  0.3   0:04.05 java
181733 tcriss    20   0 12.362g  91368  11452 S   9.1  0.3   0:04.06 java
181733 tcriss    20   0 12.362g  91632  11452 S  27.3  0.3   0:04.09 java
181733 tcriss    20   0 12.362g  91632  11452 S  18.2  0.3   0:04.11 java
181733 tcriss    20   0 12.362g  91896  11452 S  18.2  0.3   0:04.13 java
181733 tcriss    20   0 12.362g  91896  11452 S  18.2  0.3   0:04.15 java
181733 tcriss    20   0 12.362g  92160  11452 S  18.2  0.3   0:04.17 java
181733 tcriss    20   0 12.362g  92160  11452 S  18.2  0.3   0:04.19 java
181733 tcriss    20   0 12.362g  92424  11452 S  18.2  0.3   0:04.21 java
181733 tcriss    20   0 12.362g  92424  11452 S  18.2  0.3   0:04.23 java
181733 tcriss    20   0 12.362g  92688  11452 S  27.3  0.3   0:04.26 java
181733 tcriss    20   0 12.362g  92812  11464 S  18.2  0.3   0:04.28 java
181733 tcriss    20   0 12.362g  93072  11464 S  27.3  0.3   0:04.31 java
181733 tcriss    20   0 12.362g  93072  11464 S  18.2  0.3   0:04.33 java
181733 tcriss    20   0 12.362g  93336  11464 S  18.2  0.3   0:04.35 java
181733 tcriss    20   0 12.362g  93336  11464 S  18.2  0.3   0:04.37 java
181733 tcriss    20   0 12.362g  93600  11464 S  18.2  0.3   0:04.39 java
181733 tcriss    20   0 12.362g  93600  11464 S  18.2  0.3   0:04.41 java
181733 tcriss    20   0 12.362g  93864  11464 S  18.2  0.3   0:04.43 java
181733 tcriss    20   0 12.362g  93864  11464 S  18.2  0.3   0:04.45 java
181733 tcriss    20   0 12.362g  94128  11464 S  18.2  0.3   0:04.47 java
181733 tcriss    20   0 12.362g  94128  11464 S  27.3  0.3   0:04.50 java
181733 tcriss    20   0 12.362g  94392  11464 S  18.2  0.3   0:04.52 java
181733 tcriss    20   0 12.362g  94392  11464 S  18.2  0.3   0:04.54 java
181733 tcriss    20   0 12.362g  94656  11464 S  18.2  0.3   0:04.56 java
181733 tcriss    20   0 12.362g  94656  11464 S  18.2  0.3   0:04.58 java
181733 tcriss    20   0 12.362g  94920  11464 S  18.2  0.3   0:04.60 java
181733 tcriss    20   0 12.362g  94920  11464 S  27.3  0.3   0:04.63 java
181733 tcriss    20   0 12.362g  95180  11464 S  18.2  0.3   0:04.65 java
181733 tcriss    20   0 12.362g  95180  11464 S  27.3  0.3   0:04.68 java
181733 tcriss    20   0 12.362g  95444  11464 S  18.2  0.3   0:04.70 java
181733 tcriss    20   0 12.362g  95444  11464 S  18.2  0.3   0:04.72 java
181733 tcriss    20   0 12.362g  95708  11464 S  18.2  0.3   0:04.74 java
181733 tcriss    20   0 12.362g  95708  11464 S  18.2  0.3   0:04.76 java
181733 tcriss    20   0 12.362g  95972  11464 S  27.3  0.3   0:04.79 java
181733 tcriss    20   0 12.362g  95972  11464 S  18.2  0.3   0:04.81 java
181733 tcriss    20   0 12.362g  96236  11464 S  18.2  0.3   0:04.83 java
181733 tcriss    20   0 12.362g  96236  11464 S  18.2  0.3   0:04.85 java
181733 tcriss    20   0 12.362g  96500  11464 S  18.2  0.3   0:04.87 java
181733 tcriss    20   0 12.362g  96500  11464 S  18.2  0.3   0:04.89 java
181733 tcriss    20   0 12.362g  96764  11464 S  18.2  0.3   0:04.91 java
181733 tcriss    20   0 12.362g  96764  11464 S  18.2  0.3   0:04.93 java
181733 tcriss    20   0 12.362g  97024  11464 S  27.3  0.3   0:04.96 java
181733 tcriss    20   0 12.362g  97024  11464 S  27.3  0.3   0:04.99 java
181733 tcriss    20   0 12.362g  97288  11464 S  18.2  0.3   0:05.01 java
181733 tcriss    20   0 12.362g  97288  11464 S  18.2  0.3   0:05.03 java
181733 tcriss    20   0 12.362g  97552  11464 S  18.2  0.3   0:05.05 java
181733 tcriss    20   0 12.362g  97552  11464 S  18.2  0.3   0:05.07 java
181733 tcriss    20   0 12.362g  97816  11464 S  18.2  0.3   0:05.09 java
181733 tcriss    20   0 12.362g  97816  11464 S  18.2  0.3   0:05.11 java
181733 tcriss    20   0 12.362g  98080  11464 S  27.3  0.3   0:05.14 java
181733 tcriss    20   0 12.362g  98080  11464 S  18.2  0.3   0:05.16 java
181733 tcriss    20   0 12.362g  98344  11464 S  18.2  0.3   0:05.18 java
181733 tcriss    20   0 12.362g  98344  11464 S  18.2  0.3   0:05.20 java
181733 tcriss    20   0 12.362g  98608  11464 S  27.3  0.3   0:05.23 java
181733 tcriss    20   0 12.362g  98608  11464 S  18.2  0.3   0:05.25 java
181733 tcriss    20   0 12.362g  98872  11464 S  18.2  0.3   0:05.27 java
181733 tcriss    20   0 12.362g  98872  11464 S  18.2  0.3   0:05.29 java
181733 tcriss    20   0 12.362g  99132  11464 S  27.3  0.3   0:05.32 java
181733 tcriss    20   0 12.362g  99132  11464 S  18.2  0.3   0:05.34 java
181733 tcriss    20   0 12.362g  99396  11464 S  27.3  0.3   0:05.37 java
181733 tcriss    20   0 12.362g  99396  11464 S  18.2  0.3   0:05.39 java
181733 tcriss    20   0 12.362g  99660  11464 S  18.2  0.3   0:05.41 java
181733 tcriss    20   0 12.362g  99660  11464 S  18.2  0.3   0:05.43 java
181733 tcriss    20   0 12.362g  99924  11464 S  18.2  0.3   0:05.45 java
181733 tcriss    20   0 12.362g  99924  11464 S  18.2  0.3   0:05.47 java
181733 tcriss    20   0 12.362g 100188  11464 S  18.2  0.3   0:05.49 java
181733 tcriss    20   0 12.362g 100188  11464 S  27.3  0.3   0:05.52 java
181733 tcriss    20   0 12.362g 100452  11464 S  18.2  0.3   0:05.54 java
181733 tcriss    20   0 12.362g 100452  11464 S  27.3  0.3   0:05.57 java
181733 tcriss    20   0 12.362g 100716  11464 S  18.2  0.3   0:05.59 java
181733 tcriss    20   0 12.362g 100716  11464 S  18.2  0.3   0:05.61 java
181733 tcriss    20   0 12.362g 100980  11464 S  27.3  0.3   0:05.64 java
181733 tcriss    20   0 12.362g 100980  11464 S  18.2  0.3   0:05.66 java
181733 tcriss    20   0 12.362g 101240  11464 S  18.2  0.3   0:05.68 java
181733 tcriss    20   0 12.362g 101240  11464 S  18.2  0.3   0:05.70 java
181733 tcriss    20   0 12.362g 101504  11464 S  27.3  0.3   0:05.73 java
181733 tcriss    20   0 12.362g 101504  11464 S  18.2  0.3   0:05.75 java
181733 tcriss    20   0 12.362g 101768  11464 S  18.2  0.3   0:05.77 java
181733 tcriss    20   0 12.362g 101768  11464 S  18.2  0.3   0:05.79 java
181733 tcriss    20   0 12.362g 102032  11464 S  27.3  0.3   0:05.82 java
181733 tcriss    20   0 12.362g 102032  11464 S  18.2  0.3   0:05.84 java
181733 tcriss    20   0 12.362g 102296  11464 S  18.2  0.3   0:05.86 java
181733 tcriss    20   0 12.362g 102296  11464 S  27.3  0.3   0:05.89 java
181733 tcriss    20   0 12.362g 102560  11464 S  27.3  0.3   0:05.92 java
